[2023-12-19T17:32:33.133+0300] {processor.py:161} INFO - Started process (PID=4027) to work on /home/hp/.local/lib/python3.10/site-packages/airflow/example_dags/example_branch_datetime_operator.py
[2023-12-19T17:32:33.135+0300] {processor.py:830} INFO - Processing file /home/hp/.local/lib/python3.10/site-packages/airflow/example_dags/example_branch_datetime_operator.py for tasks to queue
[2023-12-19T17:32:33.136+0300] {logging_mixin.py:188} INFO - [2023-12-19T17:32:33.135+0300] {dagbag.py:538} INFO - Filling up the DagBag from /home/hp/.local/lib/python3.10/site-packages/airflow/example_dags/example_branch_datetime_operator.py
[2023-12-19T17:32:33.147+0300] {processor.py:840} INFO - DAG(s) 'example_branch_datetime_operator_2', 'example_branch_datetime_operator', 'example_branch_datetime_operator_3' retrieved from /home/hp/.local/lib/python3.10/site-packages/airflow/example_dags/example_branch_datetime_operator.py
[2023-12-19T17:32:33.467+0300] {logging_mixin.py:188} INFO - [2023-12-19T17:32:33.464+0300] {override.py:1769} INFO - Created Permission View: can read on DAG:example_branch_datetime_operator_2
[2023-12-19T17:32:33.598+0300] {logging_mixin.py:188} INFO - [2023-12-19T17:32:33.597+0300] {override.py:1769} INFO - Created Permission View: can delete on DAG:example_branch_datetime_operator_2
[2023-12-19T17:32:33.710+0300] {logging_mixin.py:188} INFO - [2023-12-19T17:32:33.709+0300] {override.py:1769} INFO - Created Permission View: can edit on DAG:example_branch_datetime_operator_2
[2023-12-19T17:32:33.977+0300] {logging_mixin.py:188} INFO - [2023-12-19T17:32:33.975+0300] {override.py:1769} INFO - Created Permission View: can read on DAG:example_branch_datetime_operator
[2023-12-19T17:32:34.099+0300] {logging_mixin.py:188} INFO - [2023-12-19T17:32:34.098+0300] {override.py:1769} INFO - Created Permission View: can delete on DAG:example_branch_datetime_operator
[2023-12-19T17:32:34.221+0300] {logging_mixin.py:188} INFO - [2023-12-19T17:32:34.219+0300] {override.py:1769} INFO - Created Permission View: can edit on DAG:example_branch_datetime_operator
[2023-12-19T17:32:34.477+0300] {logging_mixin.py:188} INFO - [2023-12-19T17:32:34.475+0300] {override.py:1769} INFO - Created Permission View: can read on DAG:example_branch_datetime_operator_3
[2023-12-19T17:32:34.597+0300] {logging_mixin.py:188} INFO - [2023-12-19T17:32:34.596+0300] {override.py:1769} INFO - Created Permission View: can delete on DAG:example_branch_datetime_operator_3
[2023-12-19T17:32:34.687+0300] {logging_mixin.py:188} INFO - [2023-12-19T17:32:34.686+0300] {override.py:1769} INFO - Created Permission View: can edit on DAG:example_branch_datetime_operator_3
[2023-12-19T17:32:34.689+0300] {logging_mixin.py:188} INFO - [2023-12-19T17:32:34.688+0300] {dag.py:3033} INFO - Sync 3 DAGs
[2023-12-19T17:32:34.726+0300] {logging_mixin.py:188} INFO - [2023-12-19T17:32:34.725+0300] {dag.py:3055} INFO - Creating ORM DAG for example_branch_datetime_operator
[2023-12-19T17:32:34.727+0300] {logging_mixin.py:188} INFO - [2023-12-19T17:32:34.726+0300] {dag.py:3055} INFO - Creating ORM DAG for example_branch_datetime_operator_3
[2023-12-19T17:32:34.727+0300] {logging_mixin.py:188} INFO - [2023-12-19T17:32:34.727+0300] {dag.py:3055} INFO - Creating ORM DAG for example_branch_datetime_operator_2
[2023-12-19T17:32:34.739+0300] {logging_mixin.py:188} INFO - [2023-12-19T17:32:34.739+0300] {dag.py:3820} INFO - Setting next_dagrun for example_branch_datetime_operator to 2023-12-18T00:00:00+00:00, run_after=2023-12-19T00:00:00+00:00
[2023-12-19T17:32:34.741+0300] {logging_mixin.py:188} INFO - [2023-12-19T17:32:34.741+0300] {dag.py:3820} INFO - Setting next_dagrun for example_branch_datetime_operator_2 to 2023-12-18T00:00:00+00:00, run_after=2023-12-19T00:00:00+00:00
[2023-12-19T17:32:34.743+0300] {logging_mixin.py:188} INFO - [2023-12-19T17:32:34.743+0300] {dag.py:3820} INFO - Setting next_dagrun for example_branch_datetime_operator_3 to 2023-12-18T00:00:00+00:00, run_after=2023-12-19T00:00:00+00:00
[2023-12-19T17:32:35.048+0300] {processor.py:183} INFO - Processing /home/hp/.local/lib/python3.10/site-packages/airflow/example_dags/example_branch_datetime_operator.py took 1.920 seconds
[2023-12-19T17:33:45.957+0300] {processor.py:161} INFO - Started process (PID=4238) to work on /home/hp/.local/lib/python3.10/site-packages/airflow/example_dags/example_branch_datetime_operator.py
[2023-12-19T17:33:45.976+0300] {processor.py:830} INFO - Processing file /home/hp/.local/lib/python3.10/site-packages/airflow/example_dags/example_branch_datetime_operator.py for tasks to queue
[2023-12-19T17:33:45.977+0300] {logging_mixin.py:188} INFO - [2023-12-19T17:33:45.977+0300] {dagbag.py:538} INFO - Filling up the DagBag from /home/hp/.local/lib/python3.10/site-packages/airflow/example_dags/example_branch_datetime_operator.py
[2023-12-19T17:33:45.988+0300] {processor.py:840} INFO - DAG(s) 'example_branch_datetime_operator_2', 'example_branch_datetime_operator', 'example_branch_datetime_operator_3' retrieved from /home/hp/.local/lib/python3.10/site-packages/airflow/example_dags/example_branch_datetime_operator.py
[2023-12-19T17:33:46.011+0300] {logging_mixin.py:188} INFO - [2023-12-19T17:33:46.011+0300] {dag.py:3033} INFO - Sync 3 DAGs
[2023-12-19T17:33:46.032+0300] {logging_mixin.py:188} INFO - [2023-12-19T17:33:46.032+0300] {dag.py:3820} INFO - Setting next_dagrun for example_branch_datetime_operator to 2023-12-18T00:00:00+00:00, run_after=2023-12-19T00:00:00+00:00
[2023-12-19T17:33:46.037+0300] {logging_mixin.py:188} INFO - [2023-12-19T17:33:46.036+0300] {dag.py:3820} INFO - Setting next_dagrun for example_branch_datetime_operator_2 to 2023-12-18T00:00:00+00:00, run_after=2023-12-19T00:00:00+00:00
[2023-12-19T17:33:46.039+0300] {logging_mixin.py:188} INFO - [2023-12-19T17:33:46.039+0300] {dag.py:3820} INFO - Setting next_dagrun for example_branch_datetime_operator_3 to 2023-12-18T00:00:00+00:00, run_after=2023-12-19T00:00:00+00:00
[2023-12-19T17:33:46.166+0300] {processor.py:183} INFO - Processing /home/hp/.local/lib/python3.10/site-packages/airflow/example_dags/example_branch_datetime_operator.py took 0.213 seconds
[2023-12-19T17:34:45.681+0300] {processor.py:161} INFO - Started process (PID=4338) to work on /home/hp/.local/lib/python3.10/site-packages/airflow/example_dags/example_branch_datetime_operator.py
[2023-12-19T17:34:45.702+0300] {processor.py:830} INFO - Processing file /home/hp/.local/lib/python3.10/site-packages/airflow/example_dags/example_branch_datetime_operator.py for tasks to queue
[2023-12-19T17:34:45.704+0300] {logging_mixin.py:188} INFO - [2023-12-19T17:34:45.703+0300] {dagbag.py:538} INFO - Filling up the DagBag from /home/hp/.local/lib/python3.10/site-packages/airflow/example_dags/example_branch_datetime_operator.py
[2023-12-19T17:34:45.725+0300] {processor.py:840} INFO - DAG(s) 'example_branch_datetime_operator_2', 'example_branch_datetime_operator', 'example_branch_datetime_operator_3' retrieved from /home/hp/.local/lib/python3.10/site-packages/airflow/example_dags/example_branch_datetime_operator.py
[2023-12-19T17:34:45.753+0300] {logging_mixin.py:188} INFO - [2023-12-19T17:34:45.753+0300] {dag.py:3033} INFO - Sync 3 DAGs
[2023-12-19T17:34:45.774+0300] {logging_mixin.py:188} INFO - [2023-12-19T17:34:45.773+0300] {dag.py:3820} INFO - Setting next_dagrun for example_branch_datetime_operator to 2023-12-18T00:00:00+00:00, run_after=2023-12-19T00:00:00+00:00
[2023-12-19T17:34:45.779+0300] {logging_mixin.py:188} INFO - [2023-12-19T17:34:45.779+0300] {dag.py:3820} INFO - Setting next_dagrun for example_branch_datetime_operator_2 to 2023-12-18T00:00:00+00:00, run_after=2023-12-19T00:00:00+00:00
[2023-12-19T17:34:45.781+0300] {logging_mixin.py:188} INFO - [2023-12-19T17:34:45.781+0300] {dag.py:3820} INFO - Setting next_dagrun for example_branch_datetime_operator_3 to 2023-12-18T00:00:00+00:00, run_after=2023-12-19T00:00:00+00:00
[2023-12-19T17:34:45.926+0300] {processor.py:183} INFO - Processing /home/hp/.local/lib/python3.10/site-packages/airflow/example_dags/example_branch_datetime_operator.py took 0.248 seconds
[2023-12-19T17:35:47.261+0300] {processor.py:161} INFO - Started process (PID=4402) to work on /home/hp/.local/lib/python3.10/site-packages/airflow/example_dags/example_branch_datetime_operator.py
[2023-12-19T17:35:47.278+0300] {processor.py:830} INFO - Processing file /home/hp/.local/lib/python3.10/site-packages/airflow/example_dags/example_branch_datetime_operator.py for tasks to queue
[2023-12-19T17:35:47.279+0300] {logging_mixin.py:188} INFO - [2023-12-19T17:35:47.279+0300] {dagbag.py:538} INFO - Filling up the DagBag from /home/hp/.local/lib/python3.10/site-packages/airflow/example_dags/example_branch_datetime_operator.py
[2023-12-19T17:35:47.290+0300] {processor.py:840} INFO - DAG(s) 'example_branch_datetime_operator_2', 'example_branch_datetime_operator_3', 'example_branch_datetime_operator' retrieved from /home/hp/.local/lib/python3.10/site-packages/airflow/example_dags/example_branch_datetime_operator.py
[2023-12-19T17:35:47.311+0300] {logging_mixin.py:188} INFO - [2023-12-19T17:35:47.311+0300] {dag.py:3033} INFO - Sync 3 DAGs
[2023-12-19T17:35:47.331+0300] {logging_mixin.py:188} INFO - [2023-12-19T17:35:47.331+0300] {dag.py:3820} INFO - Setting next_dagrun for example_branch_datetime_operator to 2023-12-18T00:00:00+00:00, run_after=2023-12-19T00:00:00+00:00
[2023-12-19T17:35:47.336+0300] {logging_mixin.py:188} INFO - [2023-12-19T17:35:47.336+0300] {dag.py:3820} INFO - Setting next_dagrun for example_branch_datetime_operator_2 to 2023-12-18T00:00:00+00:00, run_after=2023-12-19T00:00:00+00:00
[2023-12-19T17:35:47.338+0300] {logging_mixin.py:188} INFO - [2023-12-19T17:35:47.338+0300] {dag.py:3820} INFO - Setting next_dagrun for example_branch_datetime_operator_3 to 2023-12-18T00:00:00+00:00, run_after=2023-12-19T00:00:00+00:00
[2023-12-19T17:35:47.446+0300] {processor.py:183} INFO - Processing /home/hp/.local/lib/python3.10/site-packages/airflow/example_dags/example_branch_datetime_operator.py took 0.188 seconds
[2023-12-19T17:36:46.681+0300] {processor.py:161} INFO - Started process (PID=4500) to work on /home/hp/.local/lib/python3.10/site-packages/airflow/example_dags/example_branch_datetime_operator.py
[2023-12-19T17:36:46.697+0300] {processor.py:830} INFO - Processing file /home/hp/.local/lib/python3.10/site-packages/airflow/example_dags/example_branch_datetime_operator.py for tasks to queue
[2023-12-19T17:36:46.699+0300] {logging_mixin.py:188} INFO - [2023-12-19T17:36:46.698+0300] {dagbag.py:538} INFO - Filling up the DagBag from /home/hp/.local/lib/python3.10/site-packages/airflow/example_dags/example_branch_datetime_operator.py
[2023-12-19T17:36:46.718+0300] {processor.py:840} INFO - DAG(s) 'example_branch_datetime_operator', 'example_branch_datetime_operator_2', 'example_branch_datetime_operator_3' retrieved from /home/hp/.local/lib/python3.10/site-packages/airflow/example_dags/example_branch_datetime_operator.py
[2023-12-19T17:36:46.743+0300] {logging_mixin.py:188} INFO - [2023-12-19T17:36:46.742+0300] {dag.py:3033} INFO - Sync 3 DAGs
[2023-12-19T17:36:46.763+0300] {logging_mixin.py:188} INFO - [2023-12-19T17:36:46.763+0300] {dag.py:3820} INFO - Setting next_dagrun for example_branch_datetime_operator to 2023-12-18T00:00:00+00:00, run_after=2023-12-19T00:00:00+00:00
[2023-12-19T17:36:46.767+0300] {logging_mixin.py:188} INFO - [2023-12-19T17:36:46.767+0300] {dag.py:3820} INFO - Setting next_dagrun for example_branch_datetime_operator_2 to 2023-12-18T00:00:00+00:00, run_after=2023-12-19T00:00:00+00:00
[2023-12-19T17:36:46.770+0300] {logging_mixin.py:188} INFO - [2023-12-19T17:36:46.769+0300] {dag.py:3820} INFO - Setting next_dagrun for example_branch_datetime_operator_3 to 2023-12-18T00:00:00+00:00, run_after=2023-12-19T00:00:00+00:00
[2023-12-19T17:36:46.897+0300] {processor.py:183} INFO - Processing /home/hp/.local/lib/python3.10/site-packages/airflow/example_dags/example_branch_datetime_operator.py took 0.222 seconds
[2023-12-19T17:38:09.330+0300] {processor.py:161} INFO - Started process (PID=4588) to work on /home/hp/.local/lib/python3.10/site-packages/airflow/example_dags/example_branch_datetime_operator.py
[2023-12-19T17:38:09.334+0300] {processor.py:830} INFO - Processing file /home/hp/.local/lib/python3.10/site-packages/airflow/example_dags/example_branch_datetime_operator.py for tasks to queue
[2023-12-19T17:38:09.335+0300] {logging_mixin.py:188} INFO - [2023-12-19T17:38:09.335+0300] {dagbag.py:538} INFO - Filling up the DagBag from /home/hp/.local/lib/python3.10/site-packages/airflow/example_dags/example_branch_datetime_operator.py
[2023-12-19T17:38:09.348+0300] {processor.py:840} INFO - DAG(s) 'example_branch_datetime_operator', 'example_branch_datetime_operator_3', 'example_branch_datetime_operator_2' retrieved from /home/hp/.local/lib/python3.10/site-packages/airflow/example_dags/example_branch_datetime_operator.py
[2023-12-19T17:38:09.375+0300] {logging_mixin.py:188} INFO - [2023-12-19T17:38:09.374+0300] {dag.py:3033} INFO - Sync 3 DAGs
[2023-12-19T17:38:09.399+0300] {logging_mixin.py:188} INFO - [2023-12-19T17:38:09.399+0300] {dag.py:3820} INFO - Setting next_dagrun for example_branch_datetime_operator to 2023-12-18T00:00:00+00:00, run_after=2023-12-19T00:00:00+00:00
[2023-12-19T17:38:09.404+0300] {logging_mixin.py:188} INFO - [2023-12-19T17:38:09.404+0300] {dag.py:3820} INFO - Setting next_dagrun for example_branch_datetime_operator_2 to 2023-12-18T00:00:00+00:00, run_after=2023-12-19T00:00:00+00:00
[2023-12-19T17:38:09.407+0300] {logging_mixin.py:188} INFO - [2023-12-19T17:38:09.407+0300] {dag.py:3820} INFO - Setting next_dagrun for example_branch_datetime_operator_3 to 2023-12-18T00:00:00+00:00, run_after=2023-12-19T00:00:00+00:00
[2023-12-19T17:38:09.522+0300] {processor.py:183} INFO - Processing /home/hp/.local/lib/python3.10/site-packages/airflow/example_dags/example_branch_datetime_operator.py took 0.198 seconds
[2023-12-20T00:08:54.160+0300] {processor.py:161} INFO - Started process (PID=19730) to work on /home/hp/.local/lib/python3.10/site-packages/airflow/example_dags/example_branch_datetime_operator.py
[2023-12-20T00:08:54.184+0300] {processor.py:830} INFO - Processing file /home/hp/.local/lib/python3.10/site-packages/airflow/example_dags/example_branch_datetime_operator.py for tasks to queue
[2023-12-20T00:08:54.187+0300] {logging_mixin.py:188} INFO - [2023-12-20T00:08:54.186+0300] {dagbag.py:538} INFO - Filling up the DagBag from /home/hp/.local/lib/python3.10/site-packages/airflow/example_dags/example_branch_datetime_operator.py
[2023-12-20T00:08:54.212+0300] {processor.py:840} INFO - DAG(s) 'example_branch_datetime_operator_2', 'example_branch_datetime_operator', 'example_branch_datetime_operator_3' retrieved from /home/hp/.local/lib/python3.10/site-packages/airflow/example_dags/example_branch_datetime_operator.py
[2023-12-20T00:08:54.238+0300] {logging_mixin.py:188} INFO - [2023-12-20T00:08:54.238+0300] {dag.py:3033} INFO - Sync 3 DAGs
[2023-12-20T00:08:54.261+0300] {logging_mixin.py:188} INFO - [2023-12-20T00:08:54.261+0300] {dag.py:3820} INFO - Setting next_dagrun for example_branch_datetime_operator to 2023-12-18T00:00:00+00:00, run_after=2023-12-19T00:00:00+00:00
[2023-12-20T00:08:54.265+0300] {logging_mixin.py:188} INFO - [2023-12-20T00:08:54.265+0300] {dag.py:3820} INFO - Setting next_dagrun for example_branch_datetime_operator_2 to 2023-12-18T00:00:00+00:00, run_after=2023-12-19T00:00:00+00:00
[2023-12-20T00:08:54.267+0300] {logging_mixin.py:188} INFO - [2023-12-20T00:08:54.267+0300] {dag.py:3820} INFO - Setting next_dagrun for example_branch_datetime_operator_3 to 2023-12-18T00:00:00+00:00, run_after=2023-12-19T00:00:00+00:00
[2023-12-20T00:08:54.479+0300] {processor.py:183} INFO - Processing /home/hp/.local/lib/python3.10/site-packages/airflow/example_dags/example_branch_datetime_operator.py took 0.327 seconds
[2023-12-20T00:09:55.461+0300] {processor.py:161} INFO - Started process (PID=19796) to work on /home/hp/.local/lib/python3.10/site-packages/airflow/example_dags/example_branch_datetime_operator.py
[2023-12-20T00:09:55.494+0300] {processor.py:830} INFO - Processing file /home/hp/.local/lib/python3.10/site-packages/airflow/example_dags/example_branch_datetime_operator.py for tasks to queue
[2023-12-20T00:09:55.496+0300] {logging_mixin.py:188} INFO - [2023-12-20T00:09:55.495+0300] {dagbag.py:538} INFO - Filling up the DagBag from /home/hp/.local/lib/python3.10/site-packages/airflow/example_dags/example_branch_datetime_operator.py
[2023-12-20T00:09:55.531+0300] {processor.py:840} INFO - DAG(s) 'example_branch_datetime_operator_3', 'example_branch_datetime_operator_2', 'example_branch_datetime_operator' retrieved from /home/hp/.local/lib/python3.10/site-packages/airflow/example_dags/example_branch_datetime_operator.py
[2023-12-20T00:09:55.556+0300] {logging_mixin.py:188} INFO - [2023-12-20T00:09:55.556+0300] {dag.py:3033} INFO - Sync 3 DAGs
[2023-12-20T00:09:55.577+0300] {logging_mixin.py:188} INFO - [2023-12-20T00:09:55.577+0300] {dag.py:3820} INFO - Setting next_dagrun for example_branch_datetime_operator to 2023-12-18T00:00:00+00:00, run_after=2023-12-19T00:00:00+00:00
[2023-12-20T00:09:55.582+0300] {logging_mixin.py:188} INFO - [2023-12-20T00:09:55.581+0300] {dag.py:3820} INFO - Setting next_dagrun for example_branch_datetime_operator_2 to 2023-12-18T00:00:00+00:00, run_after=2023-12-19T00:00:00+00:00
[2023-12-20T00:09:55.584+0300] {logging_mixin.py:188} INFO - [2023-12-20T00:09:55.584+0300] {dag.py:3820} INFO - Setting next_dagrun for example_branch_datetime_operator_3 to 2023-12-18T00:00:00+00:00, run_after=2023-12-19T00:00:00+00:00
[2023-12-20T00:09:55.715+0300] {processor.py:183} INFO - Processing /home/hp/.local/lib/python3.10/site-packages/airflow/example_dags/example_branch_datetime_operator.py took 0.257 seconds
[2023-12-20T00:10:55.303+0300] {processor.py:161} INFO - Started process (PID=19859) to work on /home/hp/.local/lib/python3.10/site-packages/airflow/example_dags/example_branch_datetime_operator.py
[2023-12-20T00:10:55.342+0300] {processor.py:830} INFO - Processing file /home/hp/.local/lib/python3.10/site-packages/airflow/example_dags/example_branch_datetime_operator.py for tasks to queue
[2023-12-20T00:10:55.344+0300] {logging_mixin.py:188} INFO - [2023-12-20T00:10:55.343+0300] {dagbag.py:538} INFO - Filling up the DagBag from /home/hp/.local/lib/python3.10/site-packages/airflow/example_dags/example_branch_datetime_operator.py
[2023-12-20T00:10:55.376+0300] {processor.py:840} INFO - DAG(s) 'example_branch_datetime_operator_3', 'example_branch_datetime_operator_2', 'example_branch_datetime_operator' retrieved from /home/hp/.local/lib/python3.10/site-packages/airflow/example_dags/example_branch_datetime_operator.py
[2023-12-20T00:10:55.402+0300] {logging_mixin.py:188} INFO - [2023-12-20T00:10:55.402+0300] {dag.py:3033} INFO - Sync 3 DAGs
[2023-12-20T00:10:55.422+0300] {logging_mixin.py:188} INFO - [2023-12-20T00:10:55.422+0300] {dag.py:3820} INFO - Setting next_dagrun for example_branch_datetime_operator to 2023-12-18T00:00:00+00:00, run_after=2023-12-19T00:00:00+00:00
[2023-12-20T00:10:55.427+0300] {logging_mixin.py:188} INFO - [2023-12-20T00:10:55.427+0300] {dag.py:3820} INFO - Setting next_dagrun for example_branch_datetime_operator_2 to 2023-12-18T00:00:00+00:00, run_after=2023-12-19T00:00:00+00:00
[2023-12-20T00:10:55.429+0300] {logging_mixin.py:188} INFO - [2023-12-20T00:10:55.429+0300] {dag.py:3820} INFO - Setting next_dagrun for example_branch_datetime_operator_3 to 2023-12-18T00:00:00+00:00, run_after=2023-12-19T00:00:00+00:00
[2023-12-20T00:10:55.562+0300] {processor.py:183} INFO - Processing /home/hp/.local/lib/python3.10/site-packages/airflow/example_dags/example_branch_datetime_operator.py took 0.263 seconds
[2023-12-20T00:11:56.545+0300] {processor.py:161} INFO - Started process (PID=19919) to work on /home/hp/.local/lib/python3.10/site-packages/airflow/example_dags/example_branch_datetime_operator.py
[2023-12-20T00:11:56.546+0300] {processor.py:830} INFO - Processing file /home/hp/.local/lib/python3.10/site-packages/airflow/example_dags/example_branch_datetime_operator.py for tasks to queue
[2023-12-20T00:11:56.547+0300] {logging_mixin.py:188} INFO - [2023-12-20T00:11:56.547+0300] {dagbag.py:538} INFO - Filling up the DagBag from /home/hp/.local/lib/python3.10/site-packages/airflow/example_dags/example_branch_datetime_operator.py
[2023-12-20T00:11:56.557+0300] {processor.py:840} INFO - DAG(s) 'example_branch_datetime_operator_2', 'example_branch_datetime_operator', 'example_branch_datetime_operator_3' retrieved from /home/hp/.local/lib/python3.10/site-packages/airflow/example_dags/example_branch_datetime_operator.py
[2023-12-20T00:11:56.579+0300] {logging_mixin.py:188} INFO - [2023-12-20T00:11:56.579+0300] {dag.py:3033} INFO - Sync 3 DAGs
[2023-12-20T00:11:56.599+0300] {logging_mixin.py:188} INFO - [2023-12-20T00:11:56.599+0300] {dag.py:3820} INFO - Setting next_dagrun for example_branch_datetime_operator to 2023-12-18T00:00:00+00:00, run_after=2023-12-19T00:00:00+00:00
[2023-12-20T00:11:56.604+0300] {logging_mixin.py:188} INFO - [2023-12-20T00:11:56.603+0300] {dag.py:3820} INFO - Setting next_dagrun for example_branch_datetime_operator_2 to 2023-12-18T00:00:00+00:00, run_after=2023-12-19T00:00:00+00:00
[2023-12-20T00:11:56.606+0300] {logging_mixin.py:188} INFO - [2023-12-20T00:11:56.606+0300] {dag.py:3820} INFO - Setting next_dagrun for example_branch_datetime_operator_3 to 2023-12-18T00:00:00+00:00, run_after=2023-12-19T00:00:00+00:00
[2023-12-20T00:11:56.928+0300] {processor.py:183} INFO - Processing /home/hp/.local/lib/python3.10/site-packages/airflow/example_dags/example_branch_datetime_operator.py took 0.387 seconds
[2023-12-20T00:12:55.601+0300] {processor.py:161} INFO - Started process (PID=20000) to work on /home/hp/.local/lib/python3.10/site-packages/airflow/example_dags/example_branch_datetime_operator.py
[2023-12-20T00:12:55.602+0300] {processor.py:830} INFO - Processing file /home/hp/.local/lib/python3.10/site-packages/airflow/example_dags/example_branch_datetime_operator.py for tasks to queue
[2023-12-20T00:12:55.603+0300] {logging_mixin.py:188} INFO - [2023-12-20T00:12:55.603+0300] {dagbag.py:538} INFO - Filling up the DagBag from /home/hp/.local/lib/python3.10/site-packages/airflow/example_dags/example_branch_datetime_operator.py
[2023-12-20T00:12:55.615+0300] {processor.py:840} INFO - DAG(s) 'example_branch_datetime_operator_2', 'example_branch_datetime_operator', 'example_branch_datetime_operator_3' retrieved from /home/hp/.local/lib/python3.10/site-packages/airflow/example_dags/example_branch_datetime_operator.py
[2023-12-20T00:12:55.639+0300] {logging_mixin.py:188} INFO - [2023-12-20T00:12:55.639+0300] {dag.py:3033} INFO - Sync 3 DAGs
[2023-12-20T00:12:55.660+0300] {logging_mixin.py:188} INFO - [2023-12-20T00:12:55.660+0300] {dag.py:3820} INFO - Setting next_dagrun for example_branch_datetime_operator to 2023-12-18T00:00:00+00:00, run_after=2023-12-19T00:00:00+00:00
[2023-12-20T00:12:55.665+0300] {logging_mixin.py:188} INFO - [2023-12-20T00:12:55.665+0300] {dag.py:3820} INFO - Setting next_dagrun for example_branch_datetime_operator_2 to 2023-12-18T00:00:00+00:00, run_after=2023-12-19T00:00:00+00:00
[2023-12-20T00:12:55.668+0300] {logging_mixin.py:188} INFO - [2023-12-20T00:12:55.668+0300] {dag.py:3820} INFO - Setting next_dagrun for example_branch_datetime_operator_3 to 2023-12-18T00:00:00+00:00, run_after=2023-12-19T00:00:00+00:00
[2023-12-20T00:12:55.805+0300] {processor.py:183} INFO - Processing /home/hp/.local/lib/python3.10/site-packages/airflow/example_dags/example_branch_datetime_operator.py took 0.208 seconds
