[2023-12-19T17:31:29.631+0300] {processor.py:161} INFO - Started process (PID=3985) to work on /home/hp/.local/lib/python3.10/site-packages/airflow/example_dags/example_sla_dag.py
[2023-12-19T17:31:29.632+0300] {processor.py:830} INFO - Processing file /home/hp/.local/lib/python3.10/site-packages/airflow/example_dags/example_sla_dag.py for tasks to queue
[2023-12-19T17:31:29.634+0300] {logging_mixin.py:188} INFO - [2023-12-19T17:31:29.633+0300] {dagbag.py:538} INFO - Filling up the DagBag from /home/hp/.local/lib/python3.10/site-packages/airflow/example_dags/example_sla_dag.py
[2023-12-19T17:31:29.668+0300] {processor.py:840} INFO - DAG(s) 'example_sla_dag' retrieved from /home/hp/.local/lib/python3.10/site-packages/airflow/example_dags/example_sla_dag.py
[2023-12-19T17:31:29.975+0300] {logging_mixin.py:188} INFO - [2023-12-19T17:31:29.972+0300] {override.py:1769} INFO - Created Permission View: can read on DAG:example_sla_dag
[2023-12-19T17:31:30.095+0300] {logging_mixin.py:188} INFO - [2023-12-19T17:31:30.094+0300] {override.py:1769} INFO - Created Permission View: can delete on DAG:example_sla_dag
[2023-12-19T17:31:30.207+0300] {logging_mixin.py:188} INFO - [2023-12-19T17:31:30.206+0300] {override.py:1769} INFO - Created Permission View: can edit on DAG:example_sla_dag
[2023-12-19T17:31:30.209+0300] {logging_mixin.py:188} INFO - [2023-12-19T17:31:30.208+0300] {dag.py:3033} INFO - Sync 1 DAGs
[2023-12-19T17:31:30.255+0300] {logging_mixin.py:188} INFO - [2023-12-19T17:31:30.255+0300] {dag.py:3055} INFO - Creating ORM DAG for example_sla_dag
[2023-12-19T17:31:30.272+0300] {logging_mixin.py:188} INFO - [2023-12-19T17:31:30.272+0300] {dag.py:3820} INFO - Setting next_dagrun for example_sla_dag to 2023-12-19T14:28:00+00:00, run_after=2023-12-19T14:30:00+00:00
[2023-12-19T17:31:30.529+0300] {processor.py:183} INFO - Processing /home/hp/.local/lib/python3.10/site-packages/airflow/example_dags/example_sla_dag.py took 0.902 seconds
[2023-12-19T17:32:53.882+0300] {processor.py:161} INFO - Started process (PID=4050) to work on /home/hp/.local/lib/python3.10/site-packages/airflow/example_dags/example_sla_dag.py
[2023-12-19T17:32:53.906+0300] {processor.py:830} INFO - Processing file /home/hp/.local/lib/python3.10/site-packages/airflow/example_dags/example_sla_dag.py for tasks to queue
[2023-12-19T17:32:53.907+0300] {logging_mixin.py:188} INFO - [2023-12-19T17:32:53.906+0300] {dagbag.py:538} INFO - Filling up the DagBag from /home/hp/.local/lib/python3.10/site-packages/airflow/example_dags/example_sla_dag.py
[2023-12-19T17:32:53.921+0300] {processor.py:840} INFO - DAG(s) 'example_sla_dag' retrieved from /home/hp/.local/lib/python3.10/site-packages/airflow/example_dags/example_sla_dag.py
[2023-12-19T17:32:53.941+0300] {logging_mixin.py:188} INFO - [2023-12-19T17:32:53.941+0300] {dag.py:3033} INFO - Sync 1 DAGs
[2023-12-19T17:32:53.964+0300] {logging_mixin.py:188} INFO - [2023-12-19T17:32:53.964+0300] {dag.py:3820} INFO - Setting next_dagrun for example_sla_dag to 2023-12-19T14:30:00+00:00, run_after=2023-12-19T14:32:00+00:00
[2023-12-19T17:32:54.089+0300] {processor.py:183} INFO - Processing /home/hp/.local/lib/python3.10/site-packages/airflow/example_dags/example_sla_dag.py took 0.213 seconds
[2023-12-19T17:33:52.817+0300] {processor.py:161} INFO - Started process (PID=4248) to work on /home/hp/.local/lib/python3.10/site-packages/airflow/example_dags/example_sla_dag.py
[2023-12-19T17:33:52.831+0300] {processor.py:830} INFO - Processing file /home/hp/.local/lib/python3.10/site-packages/airflow/example_dags/example_sla_dag.py for tasks to queue
[2023-12-19T17:33:52.832+0300] {logging_mixin.py:188} INFO - [2023-12-19T17:33:52.832+0300] {dagbag.py:538} INFO - Filling up the DagBag from /home/hp/.local/lib/python3.10/site-packages/airflow/example_dags/example_sla_dag.py
[2023-12-19T17:33:52.845+0300] {processor.py:840} INFO - DAG(s) 'example_sla_dag' retrieved from /home/hp/.local/lib/python3.10/site-packages/airflow/example_dags/example_sla_dag.py
[2023-12-19T17:33:52.865+0300] {logging_mixin.py:188} INFO - [2023-12-19T17:33:52.865+0300] {dag.py:3033} INFO - Sync 1 DAGs
[2023-12-19T17:33:52.887+0300] {logging_mixin.py:188} INFO - [2023-12-19T17:33:52.887+0300] {dag.py:3820} INFO - Setting next_dagrun for example_sla_dag to 2023-12-19T14:30:00+00:00, run_after=2023-12-19T14:32:00+00:00
[2023-12-19T17:33:53.007+0300] {processor.py:183} INFO - Processing /home/hp/.local/lib/python3.10/site-packages/airflow/example_dags/example_sla_dag.py took 0.193 seconds
[2023-12-19T17:34:52.658+0300] {processor.py:161} INFO - Started process (PID=4348) to work on /home/hp/.local/lib/python3.10/site-packages/airflow/example_dags/example_sla_dag.py
[2023-12-19T17:34:52.677+0300] {processor.py:830} INFO - Processing file /home/hp/.local/lib/python3.10/site-packages/airflow/example_dags/example_sla_dag.py for tasks to queue
[2023-12-19T17:34:52.680+0300] {logging_mixin.py:188} INFO - [2023-12-19T17:34:52.678+0300] {dagbag.py:538} INFO - Filling up the DagBag from /home/hp/.local/lib/python3.10/site-packages/airflow/example_dags/example_sla_dag.py
[2023-12-19T17:34:52.710+0300] {processor.py:840} INFO - DAG(s) 'example_sla_dag' retrieved from /home/hp/.local/lib/python3.10/site-packages/airflow/example_dags/example_sla_dag.py
[2023-12-19T17:34:52.728+0300] {logging_mixin.py:188} INFO - [2023-12-19T17:34:52.728+0300] {dag.py:3033} INFO - Sync 1 DAGs
[2023-12-19T17:34:52.751+0300] {logging_mixin.py:188} INFO - [2023-12-19T17:34:52.751+0300] {dag.py:3820} INFO - Setting next_dagrun for example_sla_dag to 2023-12-19T14:32:00+00:00, run_after=2023-12-19T14:34:00+00:00
[2023-12-19T17:34:52.882+0300] {processor.py:183} INFO - Processing /home/hp/.local/lib/python3.10/site-packages/airflow/example_dags/example_sla_dag.py took 0.228 seconds
[2023-12-19T17:35:54.021+0300] {processor.py:161} INFO - Started process (PID=4411) to work on /home/hp/.local/lib/python3.10/site-packages/airflow/example_dags/example_sla_dag.py
[2023-12-19T17:35:54.040+0300] {processor.py:830} INFO - Processing file /home/hp/.local/lib/python3.10/site-packages/airflow/example_dags/example_sla_dag.py for tasks to queue
[2023-12-19T17:35:54.042+0300] {logging_mixin.py:188} INFO - [2023-12-19T17:35:54.041+0300] {dagbag.py:538} INFO - Filling up the DagBag from /home/hp/.local/lib/python3.10/site-packages/airflow/example_dags/example_sla_dag.py
[2023-12-19T17:35:54.056+0300] {processor.py:840} INFO - DAG(s) 'example_sla_dag' retrieved from /home/hp/.local/lib/python3.10/site-packages/airflow/example_dags/example_sla_dag.py
[2023-12-19T17:35:54.077+0300] {logging_mixin.py:188} INFO - [2023-12-19T17:35:54.077+0300] {dag.py:3033} INFO - Sync 1 DAGs
[2023-12-19T17:35:54.100+0300] {logging_mixin.py:188} INFO - [2023-12-19T17:35:54.099+0300] {dag.py:3820} INFO - Setting next_dagrun for example_sla_dag to 2023-12-19T14:32:00+00:00, run_after=2023-12-19T14:34:00+00:00
[2023-12-19T17:35:54.225+0300] {processor.py:183} INFO - Processing /home/hp/.local/lib/python3.10/site-packages/airflow/example_dags/example_sla_dag.py took 0.209 seconds
[2023-12-19T17:36:52.561+0300] {processor.py:161} INFO - Started process (PID=4509) to work on /home/hp/.local/lib/python3.10/site-packages/airflow/example_dags/example_sla_dag.py
[2023-12-19T17:36:52.577+0300] {processor.py:830} INFO - Processing file /home/hp/.local/lib/python3.10/site-packages/airflow/example_dags/example_sla_dag.py for tasks to queue
[2023-12-19T17:36:52.579+0300] {logging_mixin.py:188} INFO - [2023-12-19T17:36:52.578+0300] {dagbag.py:538} INFO - Filling up the DagBag from /home/hp/.local/lib/python3.10/site-packages/airflow/example_dags/example_sla_dag.py
[2023-12-19T17:36:52.599+0300] {processor.py:840} INFO - DAG(s) 'example_sla_dag' retrieved from /home/hp/.local/lib/python3.10/site-packages/airflow/example_dags/example_sla_dag.py
[2023-12-19T17:36:52.622+0300] {logging_mixin.py:188} INFO - [2023-12-19T17:36:52.622+0300] {dag.py:3033} INFO - Sync 1 DAGs
[2023-12-19T17:36:52.643+0300] {logging_mixin.py:188} INFO - [2023-12-19T17:36:52.643+0300] {dag.py:3820} INFO - Setting next_dagrun for example_sla_dag to 2023-12-19T14:34:00+00:00, run_after=2023-12-19T14:36:00+00:00
[2023-12-19T17:36:52.772+0300] {processor.py:183} INFO - Processing /home/hp/.local/lib/python3.10/site-packages/airflow/example_dags/example_sla_dag.py took 0.215 seconds
[2023-12-19T17:37:47.728+0300] {processor.py:161} INFO - Started process (PID=4568) to work on /home/hp/.local/lib/python3.10/site-packages/airflow/example_dags/example_sla_dag.py
[2023-12-19T17:37:47.744+0300] {processor.py:830} INFO - Processing file /home/hp/.local/lib/python3.10/site-packages/airflow/example_dags/example_sla_dag.py for tasks to queue
[2023-12-19T17:37:47.745+0300] {logging_mixin.py:188} INFO - [2023-12-19T17:37:47.745+0300] {dagbag.py:538} INFO - Filling up the DagBag from /home/hp/.local/lib/python3.10/site-packages/airflow/example_dags/example_sla_dag.py
[2023-12-19T17:37:47.756+0300] {processor.py:840} INFO - DAG(s) 'example_sla_dag' retrieved from /home/hp/.local/lib/python3.10/site-packages/airflow/example_dags/example_sla_dag.py
[2023-12-19T17:37:47.778+0300] {logging_mixin.py:188} INFO - [2023-12-19T17:37:47.777+0300] {dag.py:3033} INFO - Sync 1 DAGs
[2023-12-19T17:37:47.806+0300] {logging_mixin.py:188} INFO - [2023-12-19T17:37:47.806+0300] {dag.py:3820} INFO - Setting next_dagrun for example_sla_dag to 2023-12-19T14:34:00+00:00, run_after=2023-12-19T14:36:00+00:00
[2023-12-19T17:37:47.915+0300] {processor.py:183} INFO - Processing /home/hp/.local/lib/python3.10/site-packages/airflow/example_dags/example_sla_dag.py took 0.191 seconds
[2023-12-20T00:08:09.984+0300] {processor.py:161} INFO - Started process (PID=19690) to work on /home/hp/.local/lib/python3.10/site-packages/airflow/example_dags/example_sla_dag.py
[2023-12-20T00:08:09.999+0300] {processor.py:830} INFO - Processing file /home/hp/.local/lib/python3.10/site-packages/airflow/example_dags/example_sla_dag.py for tasks to queue
[2023-12-20T00:08:10.001+0300] {logging_mixin.py:188} INFO - [2023-12-20T00:08:10.000+0300] {dagbag.py:538} INFO - Filling up the DagBag from /home/hp/.local/lib/python3.10/site-packages/airflow/example_dags/example_sla_dag.py
[2023-12-20T00:08:10.039+0300] {processor.py:840} INFO - DAG(s) 'example_sla_dag' retrieved from /home/hp/.local/lib/python3.10/site-packages/airflow/example_dags/example_sla_dag.py
[2023-12-20T00:08:10.068+0300] {logging_mixin.py:188} INFO - [2023-12-20T00:08:10.068+0300] {dag.py:3033} INFO - Sync 1 DAGs
[2023-12-20T00:08:10.090+0300] {logging_mixin.py:188} INFO - [2023-12-20T00:08:10.089+0300] {dag.py:3820} INFO - Setting next_dagrun for example_sla_dag to 2023-12-19T21:06:00+00:00, run_after=2023-12-19T21:08:00+00:00
[2023-12-20T00:08:10.324+0300] {processor.py:183} INFO - Processing /home/hp/.local/lib/python3.10/site-packages/airflow/example_dags/example_sla_dag.py took 0.343 seconds
[2023-12-20T00:09:12.687+0300] {processor.py:161} INFO - Started process (PID=19751) to work on /home/hp/.local/lib/python3.10/site-packages/airflow/example_dags/example_sla_dag.py
[2023-12-20T00:09:12.689+0300] {processor.py:830} INFO - Processing file /home/hp/.local/lib/python3.10/site-packages/airflow/example_dags/example_sla_dag.py for tasks to queue
[2023-12-20T00:09:12.690+0300] {logging_mixin.py:188} INFO - [2023-12-20T00:09:12.689+0300] {dagbag.py:538} INFO - Filling up the DagBag from /home/hp/.local/lib/python3.10/site-packages/airflow/example_dags/example_sla_dag.py
[2023-12-20T00:09:12.701+0300] {processor.py:840} INFO - DAG(s) 'example_sla_dag' retrieved from /home/hp/.local/lib/python3.10/site-packages/airflow/example_dags/example_sla_dag.py
[2023-12-20T00:09:12.718+0300] {logging_mixin.py:188} INFO - [2023-12-20T00:09:12.718+0300] {dag.py:3033} INFO - Sync 1 DAGs
[2023-12-20T00:09:12.740+0300] {logging_mixin.py:188} INFO - [2023-12-20T00:09:12.739+0300] {dag.py:3820} INFO - Setting next_dagrun for example_sla_dag to 2023-12-19T21:06:00+00:00, run_after=2023-12-19T21:08:00+00:00
[2023-12-20T00:09:12.894+0300] {processor.py:183} INFO - Processing /home/hp/.local/lib/python3.10/site-packages/airflow/example_dags/example_sla_dag.py took 0.210 seconds
[2023-12-20T00:10:13.668+0300] {processor.py:161} INFO - Started process (PID=19816) to work on /home/hp/.local/lib/python3.10/site-packages/airflow/example_dags/example_sla_dag.py
[2023-12-20T00:10:13.698+0300] {processor.py:830} INFO - Processing file /home/hp/.local/lib/python3.10/site-packages/airflow/example_dags/example_sla_dag.py for tasks to queue
[2023-12-20T00:10:13.701+0300] {logging_mixin.py:188} INFO - [2023-12-20T00:10:13.700+0300] {dagbag.py:538} INFO - Filling up the DagBag from /home/hp/.local/lib/python3.10/site-packages/airflow/example_dags/example_sla_dag.py
[2023-12-20T00:10:13.734+0300] {processor.py:840} INFO - DAG(s) 'example_sla_dag' retrieved from /home/hp/.local/lib/python3.10/site-packages/airflow/example_dags/example_sla_dag.py
[2023-12-20T00:10:13.753+0300] {logging_mixin.py:188} INFO - [2023-12-20T00:10:13.753+0300] {dag.py:3033} INFO - Sync 1 DAGs
[2023-12-20T00:10:13.775+0300] {logging_mixin.py:188} INFO - [2023-12-20T00:10:13.775+0300] {dag.py:3820} INFO - Setting next_dagrun for example_sla_dag to 2023-12-19T21:08:00+00:00, run_after=2023-12-19T21:10:00+00:00
[2023-12-20T00:10:13.913+0300] {processor.py:183} INFO - Processing /home/hp/.local/lib/python3.10/site-packages/airflow/example_dags/example_sla_dag.py took 0.248 seconds
[2023-12-20T00:11:11.412+0300] {processor.py:161} INFO - Started process (PID=19877) to work on /home/hp/.local/lib/python3.10/site-packages/airflow/example_dags/example_sla_dag.py
[2023-12-20T00:11:11.453+0300] {processor.py:830} INFO - Processing file /home/hp/.local/lib/python3.10/site-packages/airflow/example_dags/example_sla_dag.py for tasks to queue
[2023-12-20T00:11:11.457+0300] {logging_mixin.py:188} INFO - [2023-12-20T00:11:11.455+0300] {dagbag.py:538} INFO - Filling up the DagBag from /home/hp/.local/lib/python3.10/site-packages/airflow/example_dags/example_sla_dag.py
[2023-12-20T00:11:11.491+0300] {processor.py:840} INFO - DAG(s) 'example_sla_dag' retrieved from /home/hp/.local/lib/python3.10/site-packages/airflow/example_dags/example_sla_dag.py
[2023-12-20T00:11:11.510+0300] {logging_mixin.py:188} INFO - [2023-12-20T00:11:11.510+0300] {dag.py:3033} INFO - Sync 1 DAGs
[2023-12-20T00:11:11.531+0300] {logging_mixin.py:188} INFO - [2023-12-20T00:11:11.531+0300] {dag.py:3820} INFO - Setting next_dagrun for example_sla_dag to 2023-12-19T21:08:00+00:00, run_after=2023-12-19T21:10:00+00:00
[2023-12-20T00:11:11.671+0300] {processor.py:183} INFO - Processing /home/hp/.local/lib/python3.10/site-packages/airflow/example_dags/example_sla_dag.py took 0.262 seconds
[2023-12-20T00:12:15.641+0300] {processor.py:161} INFO - Started process (PID=19945) to work on /home/hp/.local/lib/python3.10/site-packages/airflow/example_dags/example_sla_dag.py
[2023-12-20T00:12:15.664+0300] {processor.py:830} INFO - Processing file /home/hp/.local/lib/python3.10/site-packages/airflow/example_dags/example_sla_dag.py for tasks to queue
[2023-12-20T00:12:15.665+0300] {logging_mixin.py:188} INFO - [2023-12-20T00:12:15.665+0300] {dagbag.py:538} INFO - Filling up the DagBag from /home/hp/.local/lib/python3.10/site-packages/airflow/example_dags/example_sla_dag.py
[2023-12-20T00:12:15.677+0300] {processor.py:840} INFO - DAG(s) 'example_sla_dag' retrieved from /home/hp/.local/lib/python3.10/site-packages/airflow/example_dags/example_sla_dag.py
[2023-12-20T00:12:15.695+0300] {logging_mixin.py:188} INFO - [2023-12-20T00:12:15.694+0300] {dag.py:3033} INFO - Sync 1 DAGs
[2023-12-20T00:12:15.716+0300] {logging_mixin.py:188} INFO - [2023-12-20T00:12:15.716+0300] {dag.py:3820} INFO - Setting next_dagrun for example_sla_dag to 2023-12-19T21:10:00+00:00, run_after=2023-12-19T21:12:00+00:00
[2023-12-20T00:12:15.858+0300] {processor.py:183} INFO - Processing /home/hp/.local/lib/python3.10/site-packages/airflow/example_dags/example_sla_dag.py took 0.220 seconds
[2023-12-20T00:13:13.561+0300] {processor.py:161} INFO - Started process (PID=20022) to work on /home/hp/.local/lib/python3.10/site-packages/airflow/example_dags/example_sla_dag.py
[2023-12-20T00:13:13.577+0300] {processor.py:830} INFO - Processing file /home/hp/.local/lib/python3.10/site-packages/airflow/example_dags/example_sla_dag.py for tasks to queue
[2023-12-20T00:13:13.578+0300] {logging_mixin.py:188} INFO - [2023-12-20T00:13:13.577+0300] {dagbag.py:538} INFO - Filling up the DagBag from /home/hp/.local/lib/python3.10/site-packages/airflow/example_dags/example_sla_dag.py
[2023-12-20T00:13:13.587+0300] {processor.py:840} INFO - DAG(s) 'example_sla_dag' retrieved from /home/hp/.local/lib/python3.10/site-packages/airflow/example_dags/example_sla_dag.py
[2023-12-20T00:13:13.603+0300] {logging_mixin.py:188} INFO - [2023-12-20T00:13:13.603+0300] {dag.py:3033} INFO - Sync 1 DAGs
[2023-12-20T00:13:13.626+0300] {logging_mixin.py:188} INFO - [2023-12-20T00:13:13.626+0300] {dag.py:3820} INFO - Setting next_dagrun for example_sla_dag to 2023-12-19T21:10:00+00:00, run_after=2023-12-19T21:12:00+00:00
[2023-12-20T00:13:13.761+0300] {processor.py:183} INFO - Processing /home/hp/.local/lib/python3.10/site-packages/airflow/example_dags/example_sla_dag.py took 0.204 seconds
