[2023-12-19T17:31:33.821+0300] {processor.py:161} INFO - Started process (PID=3987) to work on /home/hp/.local/lib/python3.10/site-packages/airflow/example_dags/example_sensor_decorator.py
[2023-12-19T17:31:33.822+0300] {processor.py:830} INFO - Processing file /home/hp/.local/lib/python3.10/site-packages/airflow/example_dags/example_sensor_decorator.py for tasks to queue
[2023-12-19T17:31:33.824+0300] {logging_mixin.py:188} INFO - [2023-12-19T17:31:33.823+0300] {dagbag.py:538} INFO - Filling up the DagBag from /home/hp/.local/lib/python3.10/site-packages/airflow/example_dags/example_sensor_decorator.py
[2023-12-19T17:31:33.834+0300] {processor.py:840} INFO - DAG(s) 'example_sensor_decorator' retrieved from /home/hp/.local/lib/python3.10/site-packages/airflow/example_dags/example_sensor_decorator.py
[2023-12-19T17:31:34.172+0300] {logging_mixin.py:188} INFO - [2023-12-19T17:31:34.171+0300] {override.py:1769} INFO - Created Permission View: can read on DAG:example_sensor_decorator
[2023-12-19T17:31:34.273+0300] {logging_mixin.py:188} INFO - [2023-12-19T17:31:34.272+0300] {override.py:1769} INFO - Created Permission View: can delete on DAG:example_sensor_decorator
[2023-12-19T17:31:34.385+0300] {logging_mixin.py:188} INFO - [2023-12-19T17:31:34.383+0300] {override.py:1769} INFO - Created Permission View: can edit on DAG:example_sensor_decorator
[2023-12-19T17:31:34.386+0300] {logging_mixin.py:188} INFO - [2023-12-19T17:31:34.386+0300] {dag.py:3033} INFO - Sync 1 DAGs
[2023-12-19T17:31:34.414+0300] {logging_mixin.py:188} INFO - [2023-12-19T17:31:34.413+0300] {dag.py:3055} INFO - Creating ORM DAG for example_sensor_decorator
[2023-12-19T17:31:34.414+0300] {logging_mixin.py:188} INFO - [2023-12-19T17:31:34.414+0300] {dag.py:3820} INFO - Setting next_dagrun for example_sensor_decorator to None, run_after=None
[2023-12-19T17:31:34.662+0300] {processor.py:183} INFO - Processing /home/hp/.local/lib/python3.10/site-packages/airflow/example_dags/example_sensor_decorator.py took 0.845 seconds
[2023-12-19T17:32:56.525+0300] {processor.py:161} INFO - Started process (PID=4052) to work on /home/hp/.local/lib/python3.10/site-packages/airflow/example_dags/example_sensor_decorator.py
[2023-12-19T17:32:56.535+0300] {processor.py:830} INFO - Processing file /home/hp/.local/lib/python3.10/site-packages/airflow/example_dags/example_sensor_decorator.py for tasks to queue
[2023-12-19T17:32:56.537+0300] {logging_mixin.py:188} INFO - [2023-12-19T17:32:56.536+0300] {dagbag.py:538} INFO - Filling up the DagBag from /home/hp/.local/lib/python3.10/site-packages/airflow/example_dags/example_sensor_decorator.py
[2023-12-19T17:32:56.547+0300] {processor.py:840} INFO - DAG(s) 'example_sensor_decorator' retrieved from /home/hp/.local/lib/python3.10/site-packages/airflow/example_dags/example_sensor_decorator.py
[2023-12-19T17:32:56.565+0300] {logging_mixin.py:188} INFO - [2023-12-19T17:32:56.564+0300] {dag.py:3033} INFO - Sync 1 DAGs
[2023-12-19T17:32:56.577+0300] {logging_mixin.py:188} INFO - [2023-12-19T17:32:56.576+0300] {dag.py:3820} INFO - Setting next_dagrun for example_sensor_decorator to None, run_after=None
[2023-12-19T17:32:56.710+0300] {processor.py:183} INFO - Processing /home/hp/.local/lib/python3.10/site-packages/airflow/example_dags/example_sensor_decorator.py took 0.190 seconds
[2023-12-19T17:33:55.415+0300] {processor.py:161} INFO - Started process (PID=4250) to work on /home/hp/.local/lib/python3.10/site-packages/airflow/example_dags/example_sensor_decorator.py
[2023-12-19T17:33:55.427+0300] {processor.py:830} INFO - Processing file /home/hp/.local/lib/python3.10/site-packages/airflow/example_dags/example_sensor_decorator.py for tasks to queue
[2023-12-19T17:33:55.428+0300] {logging_mixin.py:188} INFO - [2023-12-19T17:33:55.428+0300] {dagbag.py:538} INFO - Filling up the DagBag from /home/hp/.local/lib/python3.10/site-packages/airflow/example_dags/example_sensor_decorator.py
[2023-12-19T17:33:55.439+0300] {processor.py:840} INFO - DAG(s) 'example_sensor_decorator' retrieved from /home/hp/.local/lib/python3.10/site-packages/airflow/example_dags/example_sensor_decorator.py
[2023-12-19T17:33:55.463+0300] {logging_mixin.py:188} INFO - [2023-12-19T17:33:55.463+0300] {dag.py:3033} INFO - Sync 1 DAGs
[2023-12-19T17:33:55.475+0300] {logging_mixin.py:188} INFO - [2023-12-19T17:33:55.474+0300] {dag.py:3820} INFO - Setting next_dagrun for example_sensor_decorator to None, run_after=None
[2023-12-19T17:33:55.607+0300] {processor.py:183} INFO - Processing /home/hp/.local/lib/python3.10/site-packages/airflow/example_dags/example_sensor_decorator.py took 0.195 seconds
[2023-12-19T17:34:54.472+0300] {processor.py:161} INFO - Started process (PID=4350) to work on /home/hp/.local/lib/python3.10/site-packages/airflow/example_dags/example_sensor_decorator.py
[2023-12-19T17:34:54.487+0300] {processor.py:830} INFO - Processing file /home/hp/.local/lib/python3.10/site-packages/airflow/example_dags/example_sensor_decorator.py for tasks to queue
[2023-12-19T17:34:54.488+0300] {logging_mixin.py:188} INFO - [2023-12-19T17:34:54.488+0300] {dagbag.py:538} INFO - Filling up the DagBag from /home/hp/.local/lib/python3.10/site-packages/airflow/example_dags/example_sensor_decorator.py
[2023-12-19T17:34:54.495+0300] {processor.py:840} INFO - DAG(s) 'example_sensor_decorator' retrieved from /home/hp/.local/lib/python3.10/site-packages/airflow/example_dags/example_sensor_decorator.py
[2023-12-19T17:34:54.511+0300] {logging_mixin.py:188} INFO - [2023-12-19T17:34:54.511+0300] {dag.py:3033} INFO - Sync 1 DAGs
[2023-12-19T17:34:54.523+0300] {logging_mixin.py:188} INFO - [2023-12-19T17:34:54.523+0300] {dag.py:3820} INFO - Setting next_dagrun for example_sensor_decorator to None, run_after=None
[2023-12-19T17:34:54.664+0300] {processor.py:183} INFO - Processing /home/hp/.local/lib/python3.10/site-packages/airflow/example_dags/example_sensor_decorator.py took 0.196 seconds
[2023-12-19T17:35:56.234+0300] {processor.py:161} INFO - Started process (PID=4441) to work on /home/hp/.local/lib/python3.10/site-packages/airflow/example_dags/example_sensor_decorator.py
[2023-12-19T17:35:56.236+0300] {processor.py:830} INFO - Processing file /home/hp/.local/lib/python3.10/site-packages/airflow/example_dags/example_sensor_decorator.py for tasks to queue
[2023-12-19T17:35:56.237+0300] {logging_mixin.py:188} INFO - [2023-12-19T17:35:56.236+0300] {dagbag.py:538} INFO - Filling up the DagBag from /home/hp/.local/lib/python3.10/site-packages/airflow/example_dags/example_sensor_decorator.py
[2023-12-19T17:35:56.244+0300] {processor.py:840} INFO - DAG(s) 'example_sensor_decorator' retrieved from /home/hp/.local/lib/python3.10/site-packages/airflow/example_dags/example_sensor_decorator.py
[2023-12-19T17:35:56.261+0300] {logging_mixin.py:188} INFO - [2023-12-19T17:35:56.261+0300] {dag.py:3033} INFO - Sync 1 DAGs
[2023-12-19T17:35:56.274+0300] {logging_mixin.py:188} INFO - [2023-12-19T17:35:56.274+0300] {dag.py:3820} INFO - Setting next_dagrun for example_sensor_decorator to None, run_after=None
[2023-12-19T17:35:56.404+0300] {processor.py:183} INFO - Processing /home/hp/.local/lib/python3.10/site-packages/airflow/example_dags/example_sensor_decorator.py took 0.175 seconds
[2023-12-19T17:36:55.017+0300] {processor.py:161} INFO - Started process (PID=4511) to work on /home/hp/.local/lib/python3.10/site-packages/airflow/example_dags/example_sensor_decorator.py
[2023-12-19T17:36:55.032+0300] {processor.py:830} INFO - Processing file /home/hp/.local/lib/python3.10/site-packages/airflow/example_dags/example_sensor_decorator.py for tasks to queue
[2023-12-19T17:36:55.034+0300] {logging_mixin.py:188} INFO - [2023-12-19T17:36:55.033+0300] {dagbag.py:538} INFO - Filling up the DagBag from /home/hp/.local/lib/python3.10/site-packages/airflow/example_dags/example_sensor_decorator.py
[2023-12-19T17:36:55.047+0300] {processor.py:840} INFO - DAG(s) 'example_sensor_decorator' retrieved from /home/hp/.local/lib/python3.10/site-packages/airflow/example_dags/example_sensor_decorator.py
[2023-12-19T17:36:55.074+0300] {logging_mixin.py:188} INFO - [2023-12-19T17:36:55.073+0300] {dag.py:3033} INFO - Sync 1 DAGs
[2023-12-19T17:36:55.085+0300] {logging_mixin.py:188} INFO - [2023-12-19T17:36:55.085+0300] {dag.py:3820} INFO - Setting next_dagrun for example_sensor_decorator to None, run_after=None
[2023-12-19T17:36:55.222+0300] {processor.py:183} INFO - Processing /home/hp/.local/lib/python3.10/site-packages/airflow/example_dags/example_sensor_decorator.py took 0.208 seconds
[2023-12-19T17:37:49.836+0300] {processor.py:161} INFO - Started process (PID=4570) to work on /home/hp/.local/lib/python3.10/site-packages/airflow/example_dags/example_sensor_decorator.py
[2023-12-19T17:37:49.855+0300] {processor.py:830} INFO - Processing file /home/hp/.local/lib/python3.10/site-packages/airflow/example_dags/example_sensor_decorator.py for tasks to queue
[2023-12-19T17:37:49.856+0300] {logging_mixin.py:188} INFO - [2023-12-19T17:37:49.856+0300] {dagbag.py:538} INFO - Filling up the DagBag from /home/hp/.local/lib/python3.10/site-packages/airflow/example_dags/example_sensor_decorator.py
[2023-12-19T17:37:49.863+0300] {processor.py:840} INFO - DAG(s) 'example_sensor_decorator' retrieved from /home/hp/.local/lib/python3.10/site-packages/airflow/example_dags/example_sensor_decorator.py
[2023-12-19T17:37:49.883+0300] {logging_mixin.py:188} INFO - [2023-12-19T17:37:49.882+0300] {dag.py:3033} INFO - Sync 1 DAGs
[2023-12-19T17:37:49.900+0300] {logging_mixin.py:188} INFO - [2023-12-19T17:37:49.899+0300] {dag.py:3820} INFO - Setting next_dagrun for example_sensor_decorator to None, run_after=None
[2023-12-19T17:37:49.999+0300] {processor.py:183} INFO - Processing /home/hp/.local/lib/python3.10/site-packages/airflow/example_dags/example_sensor_decorator.py took 0.167 seconds
[2023-12-20T00:08:12.391+0300] {processor.py:161} INFO - Started process (PID=19692) to work on /home/hp/.local/lib/python3.10/site-packages/airflow/example_dags/example_sensor_decorator.py
[2023-12-20T00:08:12.392+0300] {processor.py:830} INFO - Processing file /home/hp/.local/lib/python3.10/site-packages/airflow/example_dags/example_sensor_decorator.py for tasks to queue
[2023-12-20T00:08:12.393+0300] {logging_mixin.py:188} INFO - [2023-12-20T00:08:12.392+0300] {dagbag.py:538} INFO - Filling up the DagBag from /home/hp/.local/lib/python3.10/site-packages/airflow/example_dags/example_sensor_decorator.py
[2023-12-20T00:08:12.402+0300] {processor.py:840} INFO - DAG(s) 'example_sensor_decorator' retrieved from /home/hp/.local/lib/python3.10/site-packages/airflow/example_dags/example_sensor_decorator.py
[2023-12-20T00:08:12.424+0300] {logging_mixin.py:188} INFO - [2023-12-20T00:08:12.424+0300] {dag.py:3033} INFO - Sync 1 DAGs
[2023-12-20T00:08:12.435+0300] {logging_mixin.py:188} INFO - [2023-12-20T00:08:12.435+0300] {dag.py:3820} INFO - Setting next_dagrun for example_sensor_decorator to None, run_after=None
[2023-12-20T00:08:12.668+0300] {processor.py:183} INFO - Processing /home/hp/.local/lib/python3.10/site-packages/airflow/example_dags/example_sensor_decorator.py took 0.281 seconds
[2023-12-20T00:09:15.637+0300] {processor.py:161} INFO - Started process (PID=19753) to work on /home/hp/.local/lib/python3.10/site-packages/airflow/example_dags/example_sensor_decorator.py
[2023-12-20T00:09:15.639+0300] {processor.py:830} INFO - Processing file /home/hp/.local/lib/python3.10/site-packages/airflow/example_dags/example_sensor_decorator.py for tasks to queue
[2023-12-20T00:09:15.640+0300] {logging_mixin.py:188} INFO - [2023-12-20T00:09:15.639+0300] {dagbag.py:538} INFO - Filling up the DagBag from /home/hp/.local/lib/python3.10/site-packages/airflow/example_dags/example_sensor_decorator.py
[2023-12-20T00:09:15.650+0300] {processor.py:840} INFO - DAG(s) 'example_sensor_decorator' retrieved from /home/hp/.local/lib/python3.10/site-packages/airflow/example_dags/example_sensor_decorator.py
[2023-12-20T00:09:15.669+0300] {logging_mixin.py:188} INFO - [2023-12-20T00:09:15.669+0300] {dag.py:3033} INFO - Sync 1 DAGs
[2023-12-20T00:09:15.681+0300] {logging_mixin.py:188} INFO - [2023-12-20T00:09:15.681+0300] {dag.py:3820} INFO - Setting next_dagrun for example_sensor_decorator to None, run_after=None
[2023-12-20T00:09:15.825+0300] {processor.py:183} INFO - Processing /home/hp/.local/lib/python3.10/site-packages/airflow/example_dags/example_sensor_decorator.py took 0.194 seconds
[2023-12-20T00:10:16.409+0300] {processor.py:161} INFO - Started process (PID=19819) to work on /home/hp/.local/lib/python3.10/site-packages/airflow/example_dags/example_sensor_decorator.py
[2023-12-20T00:10:16.461+0300] {processor.py:830} INFO - Processing file /home/hp/.local/lib/python3.10/site-packages/airflow/example_dags/example_sensor_decorator.py for tasks to queue
[2023-12-20T00:10:16.463+0300] {logging_mixin.py:188} INFO - [2023-12-20T00:10:16.462+0300] {dagbag.py:538} INFO - Filling up the DagBag from /home/hp/.local/lib/python3.10/site-packages/airflow/example_dags/example_sensor_decorator.py
[2023-12-20T00:10:16.478+0300] {processor.py:840} INFO - DAG(s) 'example_sensor_decorator' retrieved from /home/hp/.local/lib/python3.10/site-packages/airflow/example_dags/example_sensor_decorator.py
[2023-12-20T00:10:16.509+0300] {logging_mixin.py:188} INFO - [2023-12-20T00:10:16.509+0300] {dag.py:3033} INFO - Sync 1 DAGs
[2023-12-20T00:10:16.520+0300] {logging_mixin.py:188} INFO - [2023-12-20T00:10:16.520+0300] {dag.py:3820} INFO - Setting next_dagrun for example_sensor_decorator to None, run_after=None
[2023-12-20T00:10:16.667+0300] {processor.py:183} INFO - Processing /home/hp/.local/lib/python3.10/site-packages/airflow/example_dags/example_sensor_decorator.py took 0.262 seconds
[2023-12-20T00:11:14.220+0300] {processor.py:161} INFO - Started process (PID=19879) to work on /home/hp/.local/lib/python3.10/site-packages/airflow/example_dags/example_sensor_decorator.py
[2023-12-20T00:11:14.222+0300] {processor.py:830} INFO - Processing file /home/hp/.local/lib/python3.10/site-packages/airflow/example_dags/example_sensor_decorator.py for tasks to queue
[2023-12-20T00:11:14.223+0300] {logging_mixin.py:188} INFO - [2023-12-20T00:11:14.222+0300] {dagbag.py:538} INFO - Filling up the DagBag from /home/hp/.local/lib/python3.10/site-packages/airflow/example_dags/example_sensor_decorator.py
[2023-12-20T00:11:14.229+0300] {processor.py:840} INFO - DAG(s) 'example_sensor_decorator' retrieved from /home/hp/.local/lib/python3.10/site-packages/airflow/example_dags/example_sensor_decorator.py
[2023-12-20T00:11:14.245+0300] {logging_mixin.py:188} INFO - [2023-12-20T00:11:14.244+0300] {dag.py:3033} INFO - Sync 1 DAGs
[2023-12-20T00:11:14.255+0300] {logging_mixin.py:188} INFO - [2023-12-20T00:11:14.255+0300] {dag.py:3820} INFO - Setting next_dagrun for example_sensor_decorator to None, run_after=None
[2023-12-20T00:11:14.414+0300] {processor.py:183} INFO - Processing /home/hp/.local/lib/python3.10/site-packages/airflow/example_dags/example_sensor_decorator.py took 0.197 seconds
[2023-12-20T00:12:18.472+0300] {processor.py:161} INFO - Started process (PID=19949) to work on /home/hp/.local/lib/python3.10/site-packages/airflow/example_dags/example_sensor_decorator.py
[2023-12-20T00:12:18.508+0300] {processor.py:830} INFO - Processing file /home/hp/.local/lib/python3.10/site-packages/airflow/example_dags/example_sensor_decorator.py for tasks to queue
[2023-12-20T00:12:18.510+0300] {logging_mixin.py:188} INFO - [2023-12-20T00:12:18.509+0300] {dagbag.py:538} INFO - Filling up the DagBag from /home/hp/.local/lib/python3.10/site-packages/airflow/example_dags/example_sensor_decorator.py
[2023-12-20T00:12:18.541+0300] {processor.py:840} INFO - DAG(s) 'example_sensor_decorator' retrieved from /home/hp/.local/lib/python3.10/site-packages/airflow/example_dags/example_sensor_decorator.py
[2023-12-20T00:12:18.564+0300] {logging_mixin.py:188} INFO - [2023-12-20T00:12:18.564+0300] {dag.py:3033} INFO - Sync 1 DAGs
[2023-12-20T00:12:18.575+0300] {logging_mixin.py:188} INFO - [2023-12-20T00:12:18.575+0300] {dag.py:3820} INFO - Setting next_dagrun for example_sensor_decorator to None, run_after=None
[2023-12-20T00:12:18.717+0300] {processor.py:183} INFO - Processing /home/hp/.local/lib/python3.10/site-packages/airflow/example_dags/example_sensor_decorator.py took 0.248 seconds
[2023-12-20T00:13:16.067+0300] {processor.py:161} INFO - Started process (PID=20027) to work on /home/hp/.local/lib/python3.10/site-packages/airflow/example_dags/example_sensor_decorator.py
[2023-12-20T00:13:16.098+0300] {processor.py:830} INFO - Processing file /home/hp/.local/lib/python3.10/site-packages/airflow/example_dags/example_sensor_decorator.py for tasks to queue
[2023-12-20T00:13:16.099+0300] {logging_mixin.py:188} INFO - [2023-12-20T00:13:16.099+0300] {dagbag.py:538} INFO - Filling up the DagBag from /home/hp/.local/lib/python3.10/site-packages/airflow/example_dags/example_sensor_decorator.py
[2023-12-20T00:13:16.110+0300] {processor.py:840} INFO - DAG(s) 'example_sensor_decorator' retrieved from /home/hp/.local/lib/python3.10/site-packages/airflow/example_dags/example_sensor_decorator.py
[2023-12-20T00:13:16.132+0300] {logging_mixin.py:188} INFO - [2023-12-20T00:13:16.131+0300] {dag.py:3033} INFO - Sync 1 DAGs
[2023-12-20T00:13:16.143+0300] {logging_mixin.py:188} INFO - [2023-12-20T00:13:16.143+0300] {dag.py:3820} INFO - Setting next_dagrun for example_sensor_decorator to None, run_after=None
[2023-12-20T00:13:16.317+0300] {processor.py:183} INFO - Processing /home/hp/.local/lib/python3.10/site-packages/airflow/example_dags/example_sensor_decorator.py took 0.255 seconds
