[2023-12-19T17:32:21.049+0300] {processor.py:161} INFO - Started process (PID=4021) to work on /home/hp/.local/lib/python3.10/site-packages/airflow/example_dags/example_dag_decorator.py
[2023-12-19T17:32:21.051+0300] {processor.py:830} INFO - Processing file /home/hp/.local/lib/python3.10/site-packages/airflow/example_dags/example_dag_decorator.py for tasks to queue
[2023-12-19T17:32:21.053+0300] {logging_mixin.py:188} INFO - [2023-12-19T17:32:21.052+0300] {dagbag.py:538} INFO - Filling up the DagBag from /home/hp/.local/lib/python3.10/site-packages/airflow/example_dags/example_dag_decorator.py
[2023-12-19T17:32:21.374+0300] {processor.py:840} INFO - DAG(s) 'example_dag_decorator' retrieved from /home/hp/.local/lib/python3.10/site-packages/airflow/example_dags/example_dag_decorator.py
[2023-12-19T17:32:21.677+0300] {logging_mixin.py:188} INFO - [2023-12-19T17:32:21.674+0300] {override.py:1769} INFO - Created Permission View: can read on DAG:example_dag_decorator
[2023-12-19T17:32:21.799+0300] {logging_mixin.py:188} INFO - [2023-12-19T17:32:21.797+0300] {override.py:1769} INFO - Created Permission View: can delete on DAG:example_dag_decorator
[2023-12-19T17:32:21.909+0300] {logging_mixin.py:188} INFO - [2023-12-19T17:32:21.908+0300] {override.py:1769} INFO - Created Permission View: can edit on DAG:example_dag_decorator
[2023-12-19T17:32:21.911+0300] {logging_mixin.py:188} INFO - [2023-12-19T17:32:21.910+0300] {dag.py:3033} INFO - Sync 1 DAGs
[2023-12-19T17:32:21.947+0300] {logging_mixin.py:188} INFO - [2023-12-19T17:32:21.946+0300] {dag.py:3055} INFO - Creating ORM DAG for example_dag_decorator
[2023-12-19T17:32:21.947+0300] {logging_mixin.py:188} INFO - [2023-12-19T17:32:21.947+0300] {dag.py:3820} INFO - Setting next_dagrun for example_dag_decorator to None, run_after=None
[2023-12-19T17:32:22.197+0300] {processor.py:183} INFO - Processing /home/hp/.local/lib/python3.10/site-packages/airflow/example_dags/example_dag_decorator.py took 1.154 seconds
[2023-12-19T17:33:40.453+0300] {processor.py:161} INFO - Started process (PID=4233) to work on /home/hp/.local/lib/python3.10/site-packages/airflow/example_dags/example_dag_decorator.py
[2023-12-19T17:33:40.468+0300] {processor.py:830} INFO - Processing file /home/hp/.local/lib/python3.10/site-packages/airflow/example_dags/example_dag_decorator.py for tasks to queue
[2023-12-19T17:33:40.469+0300] {logging_mixin.py:188} INFO - [2023-12-19T17:33:40.469+0300] {dagbag.py:538} INFO - Filling up the DagBag from /home/hp/.local/lib/python3.10/site-packages/airflow/example_dags/example_dag_decorator.py
[2023-12-19T17:33:40.553+0300] {processor.py:840} INFO - DAG(s) 'example_dag_decorator' retrieved from /home/hp/.local/lib/python3.10/site-packages/airflow/example_dags/example_dag_decorator.py
[2023-12-19T17:33:40.644+0300] {logging_mixin.py:188} INFO - [2023-12-19T17:33:40.644+0300] {dag.py:3033} INFO - Sync 1 DAGs
[2023-12-19T17:33:40.653+0300] {logging_mixin.py:188} INFO - [2023-12-19T17:33:40.653+0300] {dag.py:3820} INFO - Setting next_dagrun for example_dag_decorator to None, run_after=None
[2023-12-19T17:33:40.781+0300] {processor.py:183} INFO - Processing /home/hp/.local/lib/python3.10/site-packages/airflow/example_dags/example_dag_decorator.py took 0.331 seconds
[2023-12-19T17:34:39.982+0300] {processor.py:161} INFO - Started process (PID=4333) to work on /home/hp/.local/lib/python3.10/site-packages/airflow/example_dags/example_dag_decorator.py
[2023-12-19T17:34:40.005+0300] {processor.py:830} INFO - Processing file /home/hp/.local/lib/python3.10/site-packages/airflow/example_dags/example_dag_decorator.py for tasks to queue
[2023-12-19T17:34:40.006+0300] {logging_mixin.py:188} INFO - [2023-12-19T17:34:40.005+0300] {dagbag.py:538} INFO - Filling up the DagBag from /home/hp/.local/lib/python3.10/site-packages/airflow/example_dags/example_dag_decorator.py
[2023-12-19T17:34:40.094+0300] {processor.py:840} INFO - DAG(s) 'example_dag_decorator' retrieved from /home/hp/.local/lib/python3.10/site-packages/airflow/example_dags/example_dag_decorator.py
[2023-12-19T17:34:40.182+0300] {logging_mixin.py:188} INFO - [2023-12-19T17:34:40.182+0300] {dag.py:3033} INFO - Sync 1 DAGs
[2023-12-19T17:34:40.192+0300] {logging_mixin.py:188} INFO - [2023-12-19T17:34:40.192+0300] {dag.py:3820} INFO - Setting next_dagrun for example_dag_decorator to None, run_after=None
[2023-12-19T17:34:40.337+0300] {processor.py:183} INFO - Processing /home/hp/.local/lib/python3.10/site-packages/airflow/example_dags/example_dag_decorator.py took 0.358 seconds
[2023-12-19T17:35:40.422+0300] {processor.py:161} INFO - Started process (PID=4396) to work on /home/hp/.local/lib/python3.10/site-packages/airflow/example_dags/example_dag_decorator.py
[2023-12-19T17:35:40.436+0300] {processor.py:830} INFO - Processing file /home/hp/.local/lib/python3.10/site-packages/airflow/example_dags/example_dag_decorator.py for tasks to queue
[2023-12-19T17:35:40.438+0300] {logging_mixin.py:188} INFO - [2023-12-19T17:35:40.437+0300] {dagbag.py:538} INFO - Filling up the DagBag from /home/hp/.local/lib/python3.10/site-packages/airflow/example_dags/example_dag_decorator.py
[2023-12-19T17:35:40.534+0300] {processor.py:840} INFO - DAG(s) 'example_dag_decorator' retrieved from /home/hp/.local/lib/python3.10/site-packages/airflow/example_dags/example_dag_decorator.py
[2023-12-19T17:35:40.623+0300] {logging_mixin.py:188} INFO - [2023-12-19T17:35:40.623+0300] {dag.py:3033} INFO - Sync 1 DAGs
[2023-12-19T17:35:40.632+0300] {logging_mixin.py:188} INFO - [2023-12-19T17:35:40.632+0300] {dag.py:3820} INFO - Setting next_dagrun for example_dag_decorator to None, run_after=None
[2023-12-19T17:35:40.778+0300] {processor.py:183} INFO - Processing /home/hp/.local/lib/python3.10/site-packages/airflow/example_dags/example_dag_decorator.py took 0.360 seconds
[2023-12-19T17:36:39.945+0300] {processor.py:161} INFO - Started process (PID=4492) to work on /home/hp/.local/lib/python3.10/site-packages/airflow/example_dags/example_dag_decorator.py
[2023-12-19T17:36:39.962+0300] {processor.py:830} INFO - Processing file /home/hp/.local/lib/python3.10/site-packages/airflow/example_dags/example_dag_decorator.py for tasks to queue
[2023-12-19T17:36:39.963+0300] {logging_mixin.py:188} INFO - [2023-12-19T17:36:39.963+0300] {dagbag.py:538} INFO - Filling up the DagBag from /home/hp/.local/lib/python3.10/site-packages/airflow/example_dags/example_dag_decorator.py
[2023-12-19T17:36:40.058+0300] {processor.py:840} INFO - DAG(s) 'example_dag_decorator' retrieved from /home/hp/.local/lib/python3.10/site-packages/airflow/example_dags/example_dag_decorator.py
[2023-12-19T17:36:40.146+0300] {logging_mixin.py:188} INFO - [2023-12-19T17:36:40.146+0300] {dag.py:3033} INFO - Sync 1 DAGs
[2023-12-19T17:36:40.155+0300] {logging_mixin.py:188} INFO - [2023-12-19T17:36:40.155+0300] {dag.py:3820} INFO - Setting next_dagrun for example_dag_decorator to None, run_after=None
[2023-12-19T17:36:40.249+0300] {processor.py:183} INFO - Processing /home/hp/.local/lib/python3.10/site-packages/airflow/example_dags/example_dag_decorator.py took 0.307 seconds
[2023-12-19T17:37:37.315+0300] {processor.py:161} INFO - Started process (PID=4552) to work on /home/hp/.local/lib/python3.10/site-packages/airflow/example_dags/example_dag_decorator.py
[2023-12-19T17:37:37.334+0300] {processor.py:830} INFO - Processing file /home/hp/.local/lib/python3.10/site-packages/airflow/example_dags/example_dag_decorator.py for tasks to queue
[2023-12-19T17:37:37.335+0300] {logging_mixin.py:188} INFO - [2023-12-19T17:37:37.335+0300] {dagbag.py:538} INFO - Filling up the DagBag from /home/hp/.local/lib/python3.10/site-packages/airflow/example_dags/example_dag_decorator.py
[2023-12-19T17:37:37.435+0300] {processor.py:840} INFO - DAG(s) 'example_dag_decorator' retrieved from /home/hp/.local/lib/python3.10/site-packages/airflow/example_dags/example_dag_decorator.py
[2023-12-19T17:37:37.524+0300] {logging_mixin.py:188} INFO - [2023-12-19T17:37:37.524+0300] {dag.py:3033} INFO - Sync 1 DAGs
[2023-12-19T17:37:37.533+0300] {logging_mixin.py:188} INFO - [2023-12-19T17:37:37.532+0300] {dag.py:3820} INFO - Setting next_dagrun for example_dag_decorator to None, run_after=None
[2023-12-19T17:37:37.642+0300] {processor.py:183} INFO - Processing /home/hp/.local/lib/python3.10/site-packages/airflow/example_dags/example_dag_decorator.py took 0.331 seconds
[2023-12-20T00:08:47.354+0300] {processor.py:161} INFO - Started process (PID=19724) to work on /home/hp/.local/lib/python3.10/site-packages/airflow/example_dags/example_dag_decorator.py
[2023-12-20T00:08:47.356+0300] {processor.py:830} INFO - Processing file /home/hp/.local/lib/python3.10/site-packages/airflow/example_dags/example_dag_decorator.py for tasks to queue
[2023-12-20T00:08:47.358+0300] {logging_mixin.py:188} INFO - [2023-12-20T00:08:47.358+0300] {dagbag.py:538} INFO - Filling up the DagBag from /home/hp/.local/lib/python3.10/site-packages/airflow/example_dags/example_dag_decorator.py
[2023-12-20T00:08:47.695+0300] {processor.py:840} INFO - DAG(s) 'example_dag_decorator' retrieved from /home/hp/.local/lib/python3.10/site-packages/airflow/example_dags/example_dag_decorator.py
[2023-12-20T00:08:47.790+0300] {logging_mixin.py:188} INFO - [2023-12-20T00:08:47.790+0300] {dag.py:3033} INFO - Sync 1 DAGs
[2023-12-20T00:08:47.799+0300] {logging_mixin.py:188} INFO - [2023-12-20T00:08:47.799+0300] {dag.py:3820} INFO - Setting next_dagrun for example_dag_decorator to None, run_after=None
[2023-12-20T00:08:48.012+0300] {processor.py:183} INFO - Processing /home/hp/.local/lib/python3.10/site-packages/airflow/example_dags/example_dag_decorator.py took 0.665 seconds
[2023-12-20T00:09:50.157+0300] {processor.py:161} INFO - Started process (PID=19787) to work on /home/hp/.local/lib/python3.10/site-packages/airflow/example_dags/example_dag_decorator.py
[2023-12-20T00:09:50.159+0300] {processor.py:830} INFO - Processing file /home/hp/.local/lib/python3.10/site-packages/airflow/example_dags/example_dag_decorator.py for tasks to queue
[2023-12-20T00:09:50.160+0300] {logging_mixin.py:188} INFO - [2023-12-20T00:09:50.159+0300] {dagbag.py:538} INFO - Filling up the DagBag from /home/hp/.local/lib/python3.10/site-packages/airflow/example_dags/example_dag_decorator.py
[2023-12-20T00:09:50.244+0300] {processor.py:840} INFO - DAG(s) 'example_dag_decorator' retrieved from /home/hp/.local/lib/python3.10/site-packages/airflow/example_dags/example_dag_decorator.py
[2023-12-20T00:09:50.334+0300] {logging_mixin.py:188} INFO - [2023-12-20T00:09:50.334+0300] {dag.py:3033} INFO - Sync 1 DAGs
[2023-12-20T00:09:50.343+0300] {logging_mixin.py:188} INFO - [2023-12-20T00:09:50.343+0300] {dag.py:3820} INFO - Setting next_dagrun for example_dag_decorator to None, run_after=None
[2023-12-20T00:09:50.504+0300] {processor.py:183} INFO - Processing /home/hp/.local/lib/python3.10/site-packages/airflow/example_dags/example_dag_decorator.py took 0.351 seconds
[2023-12-20T00:10:48.539+0300] {processor.py:161} INFO - Started process (PID=19853) to work on /home/hp/.local/lib/python3.10/site-packages/airflow/example_dags/example_dag_decorator.py
[2023-12-20T00:10:48.575+0300] {processor.py:830} INFO - Processing file /home/hp/.local/lib/python3.10/site-packages/airflow/example_dags/example_dag_decorator.py for tasks to queue
[2023-12-20T00:10:48.580+0300] {logging_mixin.py:188} INFO - [2023-12-20T00:10:48.578+0300] {dagbag.py:538} INFO - Filling up the DagBag from /home/hp/.local/lib/python3.10/site-packages/airflow/example_dags/example_dag_decorator.py
[2023-12-20T00:10:48.687+0300] {processor.py:840} INFO - DAG(s) 'example_dag_decorator' retrieved from /home/hp/.local/lib/python3.10/site-packages/airflow/example_dags/example_dag_decorator.py
[2023-12-20T00:10:48.778+0300] {logging_mixin.py:188} INFO - [2023-12-20T00:10:48.777+0300] {dag.py:3033} INFO - Sync 1 DAGs
[2023-12-20T00:10:48.787+0300] {logging_mixin.py:188} INFO - [2023-12-20T00:10:48.787+0300] {dag.py:3820} INFO - Setting next_dagrun for example_dag_decorator to None, run_after=None
[2023-12-20T00:10:48.972+0300] {processor.py:183} INFO - Processing /home/hp/.local/lib/python3.10/site-packages/airflow/example_dags/example_dag_decorator.py took 0.442 seconds
[2023-12-20T00:11:49.958+0300] {processor.py:161} INFO - Started process (PID=19913) to work on /home/hp/.local/lib/python3.10/site-packages/airflow/example_dags/example_dag_decorator.py
[2023-12-20T00:11:49.986+0300] {processor.py:830} INFO - Processing file /home/hp/.local/lib/python3.10/site-packages/airflow/example_dags/example_dag_decorator.py for tasks to queue
[2023-12-20T00:11:49.988+0300] {logging_mixin.py:188} INFO - [2023-12-20T00:11:49.988+0300] {dagbag.py:538} INFO - Filling up the DagBag from /home/hp/.local/lib/python3.10/site-packages/airflow/example_dags/example_dag_decorator.py
[2023-12-20T00:11:50.093+0300] {processor.py:840} INFO - DAG(s) 'example_dag_decorator' retrieved from /home/hp/.local/lib/python3.10/site-packages/airflow/example_dags/example_dag_decorator.py
[2023-12-20T00:11:50.182+0300] {logging_mixin.py:188} INFO - [2023-12-20T00:11:50.182+0300] {dag.py:3033} INFO - Sync 1 DAGs
[2023-12-20T00:11:50.191+0300] {logging_mixin.py:188} INFO - [2023-12-20T00:11:50.191+0300] {dag.py:3820} INFO - Setting next_dagrun for example_dag_decorator to None, run_after=None
[2023-12-20T00:11:50.319+0300] {processor.py:183} INFO - Processing /home/hp/.local/lib/python3.10/site-packages/airflow/example_dags/example_dag_decorator.py took 0.365 seconds
[2023-12-20T00:12:50.386+0300] {processor.py:161} INFO - Started process (PID=19993) to work on /home/hp/.local/lib/python3.10/site-packages/airflow/example_dags/example_dag_decorator.py
[2023-12-20T00:12:50.422+0300] {processor.py:830} INFO - Processing file /home/hp/.local/lib/python3.10/site-packages/airflow/example_dags/example_dag_decorator.py for tasks to queue
[2023-12-20T00:12:50.424+0300] {logging_mixin.py:188} INFO - [2023-12-20T00:12:50.423+0300] {dagbag.py:538} INFO - Filling up the DagBag from /home/hp/.local/lib/python3.10/site-packages/airflow/example_dags/example_dag_decorator.py
[2023-12-20T00:12:50.526+0300] {processor.py:840} INFO - DAG(s) 'example_dag_decorator' retrieved from /home/hp/.local/lib/python3.10/site-packages/airflow/example_dags/example_dag_decorator.py
[2023-12-20T00:12:50.619+0300] {logging_mixin.py:188} INFO - [2023-12-20T00:12:50.619+0300] {dag.py:3033} INFO - Sync 1 DAGs
[2023-12-20T00:12:50.628+0300] {logging_mixin.py:188} INFO - [2023-12-20T00:12:50.628+0300] {dag.py:3820} INFO - Setting next_dagrun for example_dag_decorator to None, run_after=None
[2023-12-20T00:12:50.762+0300] {processor.py:183} INFO - Processing /home/hp/.local/lib/python3.10/site-packages/airflow/example_dags/example_dag_decorator.py took 0.380 seconds
