[2023-12-19T17:31:35.814+0300] {processor.py:161} INFO - Started process (PID=3991) to work on /home/hp/.local/lib/python3.10/site-packages/airflow/example_dags/example_python_operator.py
[2023-12-19T17:31:35.815+0300] {processor.py:830} INFO - Processing file /home/hp/.local/lib/python3.10/site-packages/airflow/example_dags/example_python_operator.py for tasks to queue
[2023-12-19T17:31:35.816+0300] {logging_mixin.py:188} INFO - [2023-12-19T17:31:35.816+0300] {dagbag.py:538} INFO - Filling up the DagBag from /home/hp/.local/lib/python3.10/site-packages/airflow/example_dags/example_python_operator.py
[2023-12-19T17:31:35.831+0300] {processor.py:840} INFO - DAG(s) 'example_python_operator' retrieved from /home/hp/.local/lib/python3.10/site-packages/airflow/example_dags/example_python_operator.py
[2023-12-19T17:31:36.142+0300] {logging_mixin.py:188} INFO - [2023-12-19T17:31:36.139+0300] {override.py:1769} INFO - Created Permission View: can read on DAG:example_python_operator
[2023-12-19T17:31:36.263+0300] {logging_mixin.py:188} INFO - [2023-12-19T17:31:36.261+0300] {override.py:1769} INFO - Created Permission View: can delete on DAG:example_python_operator
[2023-12-19T17:31:36.374+0300] {logging_mixin.py:188} INFO - [2023-12-19T17:31:36.373+0300] {override.py:1769} INFO - Created Permission View: can edit on DAG:example_python_operator
[2023-12-19T17:31:36.375+0300] {logging_mixin.py:188} INFO - [2023-12-19T17:31:36.375+0300] {dag.py:3033} INFO - Sync 1 DAGs
[2023-12-19T17:31:36.407+0300] {logging_mixin.py:188} INFO - [2023-12-19T17:31:36.407+0300] {dag.py:3055} INFO - Creating ORM DAG for example_python_operator
[2023-12-19T17:31:36.408+0300] {logging_mixin.py:188} INFO - [2023-12-19T17:31:36.408+0300] {dag.py:3820} INFO - Setting next_dagrun for example_python_operator to None, run_after=None
[2023-12-19T17:31:36.663+0300] {processor.py:183} INFO - Processing /home/hp/.local/lib/python3.10/site-packages/airflow/example_dags/example_python_operator.py took 0.853 seconds
[2023-12-19T17:32:57.910+0300] {processor.py:161} INFO - Started process (PID=4053) to work on /home/hp/.local/lib/python3.10/site-packages/airflow/example_dags/example_python_operator.py
[2023-12-19T17:32:57.924+0300] {processor.py:830} INFO - Processing file /home/hp/.local/lib/python3.10/site-packages/airflow/example_dags/example_python_operator.py for tasks to queue
[2023-12-19T17:32:57.925+0300] {logging_mixin.py:188} INFO - [2023-12-19T17:32:57.925+0300] {dagbag.py:538} INFO - Filling up the DagBag from /home/hp/.local/lib/python3.10/site-packages/airflow/example_dags/example_python_operator.py
[2023-12-19T17:32:57.937+0300] {processor.py:840} INFO - DAG(s) 'example_python_operator' retrieved from /home/hp/.local/lib/python3.10/site-packages/airflow/example_dags/example_python_operator.py
[2023-12-19T17:32:57.954+0300] {logging_mixin.py:188} INFO - [2023-12-19T17:32:57.954+0300] {dag.py:3033} INFO - Sync 1 DAGs
[2023-12-19T17:32:57.966+0300] {logging_mixin.py:188} INFO - [2023-12-19T17:32:57.965+0300] {dag.py:3820} INFO - Setting next_dagrun for example_python_operator to None, run_after=None
[2023-12-19T17:32:58.105+0300] {processor.py:183} INFO - Processing /home/hp/.local/lib/python3.10/site-packages/airflow/example_dags/example_python_operator.py took 0.199 seconds
[2023-12-19T17:33:56.757+0300] {processor.py:161} INFO - Started process (PID=4251) to work on /home/hp/.local/lib/python3.10/site-packages/airflow/example_dags/example_python_operator.py
[2023-12-19T17:33:56.772+0300] {processor.py:830} INFO - Processing file /home/hp/.local/lib/python3.10/site-packages/airflow/example_dags/example_python_operator.py for tasks to queue
[2023-12-19T17:33:56.773+0300] {logging_mixin.py:188} INFO - [2023-12-19T17:33:56.772+0300] {dagbag.py:538} INFO - Filling up the DagBag from /home/hp/.local/lib/python3.10/site-packages/airflow/example_dags/example_python_operator.py
[2023-12-19T17:33:56.792+0300] {processor.py:840} INFO - DAG(s) 'example_python_operator' retrieved from /home/hp/.local/lib/python3.10/site-packages/airflow/example_dags/example_python_operator.py
[2023-12-19T17:33:56.815+0300] {logging_mixin.py:188} INFO - [2023-12-19T17:33:56.815+0300] {dag.py:3033} INFO - Sync 1 DAGs
[2023-12-19T17:33:56.826+0300] {logging_mixin.py:188} INFO - [2023-12-19T17:33:56.826+0300] {dag.py:3820} INFO - Setting next_dagrun for example_python_operator to None, run_after=None
[2023-12-19T17:33:56.953+0300] {processor.py:183} INFO - Processing /home/hp/.local/lib/python3.10/site-packages/airflow/example_dags/example_python_operator.py took 0.199 seconds
[2023-12-19T17:34:55.327+0300] {processor.py:161} INFO - Started process (PID=4351) to work on /home/hp/.local/lib/python3.10/site-packages/airflow/example_dags/example_python_operator.py
[2023-12-19T17:34:55.343+0300] {processor.py:830} INFO - Processing file /home/hp/.local/lib/python3.10/site-packages/airflow/example_dags/example_python_operator.py for tasks to queue
[2023-12-19T17:34:55.344+0300] {logging_mixin.py:188} INFO - [2023-12-19T17:34:55.344+0300] {dagbag.py:538} INFO - Filling up the DagBag from /home/hp/.local/lib/python3.10/site-packages/airflow/example_dags/example_python_operator.py
[2023-12-19T17:34:55.355+0300] {processor.py:840} INFO - DAG(s) 'example_python_operator' retrieved from /home/hp/.local/lib/python3.10/site-packages/airflow/example_dags/example_python_operator.py
[2023-12-19T17:34:55.373+0300] {logging_mixin.py:188} INFO - [2023-12-19T17:34:55.373+0300] {dag.py:3033} INFO - Sync 1 DAGs
[2023-12-19T17:34:55.385+0300] {logging_mixin.py:188} INFO - [2023-12-19T17:34:55.385+0300] {dag.py:3820} INFO - Setting next_dagrun for example_python_operator to None, run_after=None
[2023-12-19T17:34:55.520+0300] {processor.py:183} INFO - Processing /home/hp/.local/lib/python3.10/site-packages/airflow/example_dags/example_python_operator.py took 0.197 seconds
[2023-12-19T17:35:57.509+0300] {processor.py:161} INFO - Started process (PID=4442) to work on /home/hp/.local/lib/python3.10/site-packages/airflow/example_dags/example_python_operator.py
[2023-12-19T17:35:57.517+0300] {processor.py:830} INFO - Processing file /home/hp/.local/lib/python3.10/site-packages/airflow/example_dags/example_python_operator.py for tasks to queue
[2023-12-19T17:35:57.518+0300] {logging_mixin.py:188} INFO - [2023-12-19T17:35:57.518+0300] {dagbag.py:538} INFO - Filling up the DagBag from /home/hp/.local/lib/python3.10/site-packages/airflow/example_dags/example_python_operator.py
[2023-12-19T17:35:57.534+0300] {processor.py:840} INFO - DAG(s) 'example_python_operator' retrieved from /home/hp/.local/lib/python3.10/site-packages/airflow/example_dags/example_python_operator.py
[2023-12-19T17:35:57.554+0300] {logging_mixin.py:188} INFO - [2023-12-19T17:35:57.554+0300] {dag.py:3033} INFO - Sync 1 DAGs
[2023-12-19T17:35:57.567+0300] {logging_mixin.py:188} INFO - [2023-12-19T17:35:57.567+0300] {dag.py:3820} INFO - Setting next_dagrun for example_python_operator to None, run_after=None
[2023-12-19T17:35:57.673+0300] {processor.py:183} INFO - Processing /home/hp/.local/lib/python3.10/site-packages/airflow/example_dags/example_python_operator.py took 0.169 seconds
[2023-12-19T17:36:55.403+0300] {processor.py:161} INFO - Started process (PID=4512) to work on /home/hp/.local/lib/python3.10/site-packages/airflow/example_dags/example_python_operator.py
[2023-12-19T17:36:55.404+0300] {processor.py:830} INFO - Processing file /home/hp/.local/lib/python3.10/site-packages/airflow/example_dags/example_python_operator.py for tasks to queue
[2023-12-19T17:36:55.406+0300] {logging_mixin.py:188} INFO - [2023-12-19T17:36:55.405+0300] {dagbag.py:538} INFO - Filling up the DagBag from /home/hp/.local/lib/python3.10/site-packages/airflow/example_dags/example_python_operator.py
[2023-12-19T17:36:55.420+0300] {processor.py:840} INFO - DAG(s) 'example_python_operator' retrieved from /home/hp/.local/lib/python3.10/site-packages/airflow/example_dags/example_python_operator.py
[2023-12-19T17:36:55.438+0300] {logging_mixin.py:188} INFO - [2023-12-19T17:36:55.437+0300] {dag.py:3033} INFO - Sync 1 DAGs
[2023-12-19T17:36:55.448+0300] {logging_mixin.py:188} INFO - [2023-12-19T17:36:55.448+0300] {dag.py:3820} INFO - Setting next_dagrun for example_python_operator to None, run_after=None
[2023-12-19T17:36:55.598+0300] {processor.py:183} INFO - Processing /home/hp/.local/lib/python3.10/site-packages/airflow/example_dags/example_python_operator.py took 0.200 seconds
[2023-12-19T17:37:51.078+0300] {processor.py:161} INFO - Started process (PID=4571) to work on /home/hp/.local/lib/python3.10/site-packages/airflow/example_dags/example_python_operator.py
[2023-12-19T17:37:51.088+0300] {processor.py:830} INFO - Processing file /home/hp/.local/lib/python3.10/site-packages/airflow/example_dags/example_python_operator.py for tasks to queue
[2023-12-19T17:37:51.089+0300] {logging_mixin.py:188} INFO - [2023-12-19T17:37:51.089+0300] {dagbag.py:538} INFO - Filling up the DagBag from /home/hp/.local/lib/python3.10/site-packages/airflow/example_dags/example_python_operator.py
[2023-12-19T17:37:51.101+0300] {processor.py:840} INFO - DAG(s) 'example_python_operator' retrieved from /home/hp/.local/lib/python3.10/site-packages/airflow/example_dags/example_python_operator.py
[2023-12-19T17:37:51.118+0300] {logging_mixin.py:188} INFO - [2023-12-19T17:37:51.118+0300] {dag.py:3033} INFO - Sync 1 DAGs
[2023-12-19T17:37:51.130+0300] {logging_mixin.py:188} INFO - [2023-12-19T17:37:51.130+0300] {dag.py:3820} INFO - Setting next_dagrun for example_python_operator to None, run_after=None
[2023-12-19T17:37:51.245+0300] {processor.py:183} INFO - Processing /home/hp/.local/lib/python3.10/site-packages/airflow/example_dags/example_python_operator.py took 0.170 seconds
[2023-12-20T00:08:13.880+0300] {processor.py:161} INFO - Started process (PID=19693) to work on /home/hp/.local/lib/python3.10/site-packages/airflow/example_dags/example_python_operator.py
[2023-12-20T00:08:13.933+0300] {processor.py:830} INFO - Processing file /home/hp/.local/lib/python3.10/site-packages/airflow/example_dags/example_python_operator.py for tasks to queue
[2023-12-20T00:08:13.935+0300] {logging_mixin.py:188} INFO - [2023-12-20T00:08:13.934+0300] {dagbag.py:538} INFO - Filling up the DagBag from /home/hp/.local/lib/python3.10/site-packages/airflow/example_dags/example_python_operator.py
[2023-12-20T00:08:13.977+0300] {processor.py:840} INFO - DAG(s) 'example_python_operator' retrieved from /home/hp/.local/lib/python3.10/site-packages/airflow/example_dags/example_python_operator.py
[2023-12-20T00:08:14.359+0300] {logging_mixin.py:188} INFO - [2023-12-20T00:08:14.359+0300] {dag.py:3033} INFO - Sync 1 DAGs
[2023-12-20T00:08:14.368+0300] {logging_mixin.py:188} INFO - [2023-12-20T00:08:14.368+0300] {dag.py:3820} INFO - Setting next_dagrun for example_python_operator to None, run_after=None
[2023-12-20T00:08:14.624+0300] {processor.py:183} INFO - Processing /home/hp/.local/lib/python3.10/site-packages/airflow/example_dags/example_python_operator.py took 0.748 seconds
[2023-12-20T00:09:16.707+0300] {processor.py:161} INFO - Started process (PID=19755) to work on /home/hp/.local/lib/python3.10/site-packages/airflow/example_dags/example_python_operator.py
[2023-12-20T00:09:16.708+0300] {processor.py:830} INFO - Processing file /home/hp/.local/lib/python3.10/site-packages/airflow/example_dags/example_python_operator.py for tasks to queue
[2023-12-20T00:09:16.709+0300] {logging_mixin.py:188} INFO - [2023-12-20T00:09:16.709+0300] {dagbag.py:538} INFO - Filling up the DagBag from /home/hp/.local/lib/python3.10/site-packages/airflow/example_dags/example_python_operator.py
[2023-12-20T00:09:16.720+0300] {processor.py:840} INFO - DAG(s) 'example_python_operator' retrieved from /home/hp/.local/lib/python3.10/site-packages/airflow/example_dags/example_python_operator.py
[2023-12-20T00:09:16.738+0300] {logging_mixin.py:188} INFO - [2023-12-20T00:09:16.738+0300] {dag.py:3033} INFO - Sync 1 DAGs
[2023-12-20T00:09:16.749+0300] {logging_mixin.py:188} INFO - [2023-12-20T00:09:16.748+0300] {dag.py:3820} INFO - Setting next_dagrun for example_python_operator to None, run_after=None
[2023-12-20T00:09:16.902+0300] {processor.py:183} INFO - Processing /home/hp/.local/lib/python3.10/site-packages/airflow/example_dags/example_python_operator.py took 0.199 seconds
[2023-12-20T00:10:17.665+0300] {processor.py:161} INFO - Started process (PID=19820) to work on /home/hp/.local/lib/python3.10/site-packages/airflow/example_dags/example_python_operator.py
[2023-12-20T00:10:17.667+0300] {processor.py:830} INFO - Processing file /home/hp/.local/lib/python3.10/site-packages/airflow/example_dags/example_python_operator.py for tasks to queue
[2023-12-20T00:10:17.668+0300] {logging_mixin.py:188} INFO - [2023-12-20T00:10:17.667+0300] {dagbag.py:538} INFO - Filling up the DagBag from /home/hp/.local/lib/python3.10/site-packages/airflow/example_dags/example_python_operator.py
[2023-12-20T00:10:17.680+0300] {processor.py:840} INFO - DAG(s) 'example_python_operator' retrieved from /home/hp/.local/lib/python3.10/site-packages/airflow/example_dags/example_python_operator.py
[2023-12-20T00:10:17.698+0300] {logging_mixin.py:188} INFO - [2023-12-20T00:10:17.698+0300] {dag.py:3033} INFO - Sync 1 DAGs
[2023-12-20T00:10:17.709+0300] {logging_mixin.py:188} INFO - [2023-12-20T00:10:17.709+0300] {dag.py:3820} INFO - Setting next_dagrun for example_python_operator to None, run_after=None
[2023-12-20T00:10:17.871+0300] {processor.py:183} INFO - Processing /home/hp/.local/lib/python3.10/site-packages/airflow/example_dags/example_python_operator.py took 0.209 seconds
[2023-12-20T00:11:15.473+0300] {processor.py:161} INFO - Started process (PID=19880) to work on /home/hp/.local/lib/python3.10/site-packages/airflow/example_dags/example_python_operator.py
[2023-12-20T00:11:15.475+0300] {processor.py:830} INFO - Processing file /home/hp/.local/lib/python3.10/site-packages/airflow/example_dags/example_python_operator.py for tasks to queue
[2023-12-20T00:11:15.476+0300] {logging_mixin.py:188} INFO - [2023-12-20T00:11:15.475+0300] {dagbag.py:538} INFO - Filling up the DagBag from /home/hp/.local/lib/python3.10/site-packages/airflow/example_dags/example_python_operator.py
[2023-12-20T00:11:15.486+0300] {processor.py:840} INFO - DAG(s) 'example_python_operator' retrieved from /home/hp/.local/lib/python3.10/site-packages/airflow/example_dags/example_python_operator.py
[2023-12-20T00:11:15.504+0300] {logging_mixin.py:188} INFO - [2023-12-20T00:11:15.504+0300] {dag.py:3033} INFO - Sync 1 DAGs
[2023-12-20T00:11:15.515+0300] {logging_mixin.py:188} INFO - [2023-12-20T00:11:15.514+0300] {dag.py:3820} INFO - Setting next_dagrun for example_python_operator to None, run_after=None
[2023-12-20T00:11:15.670+0300] {processor.py:183} INFO - Processing /home/hp/.local/lib/python3.10/site-packages/airflow/example_dags/example_python_operator.py took 0.200 seconds
[2023-12-20T00:12:19.830+0300] {processor.py:161} INFO - Started process (PID=19950) to work on /home/hp/.local/lib/python3.10/site-packages/airflow/example_dags/example_python_operator.py
[2023-12-20T00:12:19.831+0300] {processor.py:830} INFO - Processing file /home/hp/.local/lib/python3.10/site-packages/airflow/example_dags/example_python_operator.py for tasks to queue
[2023-12-20T00:12:19.832+0300] {logging_mixin.py:188} INFO - [2023-12-20T00:12:19.832+0300] {dagbag.py:538} INFO - Filling up the DagBag from /home/hp/.local/lib/python3.10/site-packages/airflow/example_dags/example_python_operator.py
[2023-12-20T00:12:19.843+0300] {processor.py:840} INFO - DAG(s) 'example_python_operator' retrieved from /home/hp/.local/lib/python3.10/site-packages/airflow/example_dags/example_python_operator.py
[2023-12-20T00:12:19.861+0300] {logging_mixin.py:188} INFO - [2023-12-20T00:12:19.860+0300] {dag.py:3033} INFO - Sync 1 DAGs
[2023-12-20T00:12:19.871+0300] {logging_mixin.py:188} INFO - [2023-12-20T00:12:19.871+0300] {dag.py:3820} INFO - Setting next_dagrun for example_python_operator to None, run_after=None
[2023-12-20T00:12:20.036+0300] {processor.py:183} INFO - Processing /home/hp/.local/lib/python3.10/site-packages/airflow/example_dags/example_python_operator.py took 0.210 seconds
[2023-12-20T00:13:17.411+0300] {processor.py:161} INFO - Started process (PID=20029) to work on /home/hp/.local/lib/python3.10/site-packages/airflow/example_dags/example_python_operator.py
[2023-12-20T00:13:17.454+0300] {processor.py:830} INFO - Processing file /home/hp/.local/lib/python3.10/site-packages/airflow/example_dags/example_python_operator.py for tasks to queue
[2023-12-20T00:13:17.456+0300] {logging_mixin.py:188} INFO - [2023-12-20T00:13:17.455+0300] {dagbag.py:538} INFO - Filling up the DagBag from /home/hp/.local/lib/python3.10/site-packages/airflow/example_dags/example_python_operator.py
[2023-12-20T00:13:17.493+0300] {processor.py:840} INFO - DAG(s) 'example_python_operator' retrieved from /home/hp/.local/lib/python3.10/site-packages/airflow/example_dags/example_python_operator.py
[2023-12-20T00:13:17.513+0300] {logging_mixin.py:188} INFO - [2023-12-20T00:13:17.513+0300] {dag.py:3033} INFO - Sync 1 DAGs
[2023-12-20T00:13:17.524+0300] {logging_mixin.py:188} INFO - [2023-12-20T00:13:17.524+0300] {dag.py:3820} INFO - Setting next_dagrun for example_python_operator to None, run_after=None
[2023-12-20T00:13:17.672+0300] {processor.py:183} INFO - Processing /home/hp/.local/lib/python3.10/site-packages/airflow/example_dags/example_python_operator.py took 0.265 seconds
