[2023-12-19T17:32:24.988+0300] {processor.py:161} INFO - Started process (PID=4024) to work on /home/hp/.local/lib/python3.10/site-packages/airflow/example_dags/example_datasets.py
[2023-12-19T17:32:24.989+0300] {processor.py:830} INFO - Processing file /home/hp/.local/lib/python3.10/site-packages/airflow/example_dags/example_datasets.py for tasks to queue
[2023-12-19T17:32:24.990+0300] {logging_mixin.py:188} INFO - [2023-12-19T17:32:24.990+0300] {dagbag.py:538} INFO - Filling up the DagBag from /home/hp/.local/lib/python3.10/site-packages/airflow/example_dags/example_datasets.py
[2023-12-19T17:32:25.000+0300] {processor.py:840} INFO - DAG(s) 'dataset_produces_2', 'dataset_consumes_1', 'dataset_consumes_1_and_2', 'dataset_consumes_unknown_never_scheduled', 'dataset_produces_1', 'dataset_consumes_1_never_scheduled' retrieved from /home/hp/.local/lib/python3.10/site-packages/airflow/example_dags/example_datasets.py
[2023-12-19T17:32:25.319+0300] {logging_mixin.py:188} INFO - [2023-12-19T17:32:25.318+0300] {override.py:1769} INFO - Created Permission View: can read on DAG:dataset_produces_2
[2023-12-19T17:32:25.420+0300] {logging_mixin.py:188} INFO - [2023-12-19T17:32:25.419+0300] {override.py:1769} INFO - Created Permission View: can delete on DAG:dataset_produces_2
[2023-12-19T17:32:25.531+0300] {logging_mixin.py:188} INFO - [2023-12-19T17:32:25.530+0300] {override.py:1769} INFO - Created Permission View: can edit on DAG:dataset_produces_2
[2023-12-19T17:32:25.731+0300] {logging_mixin.py:188} INFO - [2023-12-19T17:32:25.730+0300] {override.py:1769} INFO - Created Permission View: can read on DAG:dataset_consumes_1
[2023-12-19T17:32:25.831+0300] {logging_mixin.py:188} INFO - [2023-12-19T17:32:25.830+0300] {override.py:1769} INFO - Created Permission View: can delete on DAG:dataset_consumes_1
[2023-12-19T17:32:25.943+0300] {logging_mixin.py:188} INFO - [2023-12-19T17:32:25.942+0300] {override.py:1769} INFO - Created Permission View: can edit on DAG:dataset_consumes_1
[2023-12-19T17:32:26.187+0300] {logging_mixin.py:188} INFO - [2023-12-19T17:32:26.186+0300] {override.py:1769} INFO - Created Permission View: can read on DAG:dataset_consumes_1_and_2
[2023-12-19T17:32:26.299+0300] {logging_mixin.py:188} INFO - [2023-12-19T17:32:26.297+0300] {override.py:1769} INFO - Created Permission View: can delete on DAG:dataset_consumes_1_and_2
[2023-12-19T17:32:26.409+0300] {logging_mixin.py:188} INFO - [2023-12-19T17:32:26.408+0300] {override.py:1769} INFO - Created Permission View: can edit on DAG:dataset_consumes_1_and_2
[2023-12-19T17:32:26.654+0300] {logging_mixin.py:188} INFO - [2023-12-19T17:32:26.653+0300] {override.py:1769} INFO - Created Permission View: can read on DAG:dataset_consumes_unknown_never_scheduled
[2023-12-19T17:32:26.776+0300] {logging_mixin.py:188} INFO - [2023-12-19T17:32:26.775+0300] {override.py:1769} INFO - Created Permission View: can delete on DAG:dataset_consumes_unknown_never_scheduled
[2023-12-19T17:32:26.899+0300] {logging_mixin.py:188} INFO - [2023-12-19T17:32:26.897+0300] {override.py:1769} INFO - Created Permission View: can edit on DAG:dataset_consumes_unknown_never_scheduled
[2023-12-19T17:32:27.121+0300] {logging_mixin.py:188} INFO - [2023-12-19T17:32:27.119+0300] {override.py:1769} INFO - Created Permission View: can read on DAG:dataset_produces_1
[2023-12-19T17:32:27.243+0300] {logging_mixin.py:188} INFO - [2023-12-19T17:32:27.242+0300] {override.py:1769} INFO - Created Permission View: can delete on DAG:dataset_produces_1
[2023-12-19T17:32:27.363+0300] {logging_mixin.py:188} INFO - [2023-12-19T17:32:27.363+0300] {override.py:1769} INFO - Created Permission View: can edit on DAG:dataset_produces_1
[2023-12-19T17:32:27.599+0300] {logging_mixin.py:188} INFO - [2023-12-19T17:32:27.597+0300] {override.py:1769} INFO - Created Permission View: can read on DAG:dataset_consumes_1_never_scheduled
[2023-12-19T17:32:27.720+0300] {logging_mixin.py:188} INFO - [2023-12-19T17:32:27.719+0300] {override.py:1769} INFO - Created Permission View: can delete on DAG:dataset_consumes_1_never_scheduled
[2023-12-19T17:32:27.832+0300] {logging_mixin.py:188} INFO - [2023-12-19T17:32:27.831+0300] {override.py:1769} INFO - Created Permission View: can edit on DAG:dataset_consumes_1_never_scheduled
[2023-12-19T17:32:27.835+0300] {logging_mixin.py:188} INFO - [2023-12-19T17:32:27.834+0300] {dag.py:3033} INFO - Sync 6 DAGs
[2023-12-19T17:32:27.867+0300] {logging_mixin.py:188} INFO - [2023-12-19T17:32:27.866+0300] {dag.py:3055} INFO - Creating ORM DAG for dataset_produces_1
[2023-12-19T17:32:27.867+0300] {logging_mixin.py:188} INFO - [2023-12-19T17:32:27.867+0300] {dag.py:3055} INFO - Creating ORM DAG for dataset_consumes_unknown_never_scheduled
[2023-12-19T17:32:27.868+0300] {logging_mixin.py:188} INFO - [2023-12-19T17:32:27.868+0300] {dag.py:3055} INFO - Creating ORM DAG for dataset_consumes_1
[2023-12-19T17:32:27.868+0300] {logging_mixin.py:188} INFO - [2023-12-19T17:32:27.868+0300] {dag.py:3055} INFO - Creating ORM DAG for dataset_consumes_1_and_2
[2023-12-19T17:32:27.869+0300] {logging_mixin.py:188} INFO - [2023-12-19T17:32:27.869+0300] {dag.py:3055} INFO - Creating ORM DAG for dataset_consumes_1_never_scheduled
[2023-12-19T17:32:27.870+0300] {logging_mixin.py:188} INFO - [2023-12-19T17:32:27.869+0300] {dag.py:3055} INFO - Creating ORM DAG for dataset_produces_2
[2023-12-19T17:32:27.878+0300] {logging_mixin.py:188} INFO - [2023-12-19T17:32:27.878+0300] {dag.py:3820} INFO - Setting next_dagrun for dataset_consumes_1 to None, run_after=None
[2023-12-19T17:32:27.879+0300] {logging_mixin.py:188} INFO - [2023-12-19T17:32:27.879+0300] {dag.py:3820} INFO - Setting next_dagrun for dataset_consumes_1_and_2 to None, run_after=None
[2023-12-19T17:32:27.880+0300] {logging_mixin.py:188} INFO - [2023-12-19T17:32:27.880+0300] {dag.py:3820} INFO - Setting next_dagrun for dataset_consumes_1_never_scheduled to None, run_after=None
[2023-12-19T17:32:27.880+0300] {logging_mixin.py:188} INFO - [2023-12-19T17:32:27.880+0300] {dag.py:3820} INFO - Setting next_dagrun for dataset_consumes_unknown_never_scheduled to None, run_after=None
[2023-12-19T17:32:27.882+0300] {logging_mixin.py:188} INFO - [2023-12-19T17:32:27.882+0300] {dag.py:3820} INFO - Setting next_dagrun for dataset_produces_1 to 2023-12-18T00:00:00+00:00, run_after=2023-12-19T00:00:00+00:00
[2023-12-19T17:32:27.883+0300] {logging_mixin.py:188} INFO - [2023-12-19T17:32:27.883+0300] {dag.py:3820} INFO - Setting next_dagrun for dataset_produces_2 to None, run_after=None
[2023-12-19T17:32:28.176+0300] {processor.py:183} INFO - Processing /home/hp/.local/lib/python3.10/site-packages/airflow/example_dags/example_datasets.py took 3.191 seconds
[2023-12-19T17:33:42.597+0300] {processor.py:161} INFO - Started process (PID=4235) to work on /home/hp/.local/lib/python3.10/site-packages/airflow/example_dags/example_datasets.py
[2023-12-19T17:33:42.621+0300] {processor.py:830} INFO - Processing file /home/hp/.local/lib/python3.10/site-packages/airflow/example_dags/example_datasets.py for tasks to queue
[2023-12-19T17:33:42.622+0300] {logging_mixin.py:188} INFO - [2023-12-19T17:33:42.621+0300] {dagbag.py:538} INFO - Filling up the DagBag from /home/hp/.local/lib/python3.10/site-packages/airflow/example_dags/example_datasets.py
[2023-12-19T17:33:42.636+0300] {processor.py:840} INFO - DAG(s) 'dataset_consumes_1_and_2', 'dataset_produces_1', 'dataset_consumes_1', 'dataset_consumes_1_never_scheduled', 'dataset_consumes_unknown_never_scheduled', 'dataset_produces_2' retrieved from /home/hp/.local/lib/python3.10/site-packages/airflow/example_dags/example_datasets.py
[2023-12-19T17:33:42.668+0300] {logging_mixin.py:188} INFO - [2023-12-19T17:33:42.668+0300] {dag.py:3033} INFO - Sync 6 DAGs
[2023-12-19T17:33:42.688+0300] {logging_mixin.py:188} INFO - [2023-12-19T17:33:42.688+0300] {dag.py:3820} INFO - Setting next_dagrun for dataset_consumes_1 to None, run_after=None
[2023-12-19T17:33:42.691+0300] {logging_mixin.py:188} INFO - [2023-12-19T17:33:42.691+0300] {dag.py:3820} INFO - Setting next_dagrun for dataset_consumes_1_and_2 to None, run_after=None
[2023-12-19T17:33:42.692+0300] {logging_mixin.py:188} INFO - [2023-12-19T17:33:42.692+0300] {dag.py:3820} INFO - Setting next_dagrun for dataset_consumes_1_never_scheduled to None, run_after=None
[2023-12-19T17:33:42.693+0300] {logging_mixin.py:188} INFO - [2023-12-19T17:33:42.693+0300] {dag.py:3820} INFO - Setting next_dagrun for dataset_consumes_unknown_never_scheduled to None, run_after=None
[2023-12-19T17:33:42.695+0300] {logging_mixin.py:188} INFO - [2023-12-19T17:33:42.695+0300] {dag.py:3820} INFO - Setting next_dagrun for dataset_produces_1 to 2023-12-18T00:00:00+00:00, run_after=2023-12-19T00:00:00+00:00
[2023-12-19T17:33:42.697+0300] {logging_mixin.py:188} INFO - [2023-12-19T17:33:42.696+0300] {dag.py:3820} INFO - Setting next_dagrun for dataset_produces_2 to None, run_after=None
[2023-12-19T17:33:42.822+0300] {processor.py:183} INFO - Processing /home/hp/.local/lib/python3.10/site-packages/airflow/example_dags/example_datasets.py took 0.229 seconds
[2023-12-19T17:34:42.784+0300] {processor.py:161} INFO - Started process (PID=4335) to work on /home/hp/.local/lib/python3.10/site-packages/airflow/example_dags/example_datasets.py
[2023-12-19T17:34:42.797+0300] {processor.py:830} INFO - Processing file /home/hp/.local/lib/python3.10/site-packages/airflow/example_dags/example_datasets.py for tasks to queue
[2023-12-19T17:34:42.799+0300] {logging_mixin.py:188} INFO - [2023-12-19T17:34:42.798+0300] {dagbag.py:538} INFO - Filling up the DagBag from /home/hp/.local/lib/python3.10/site-packages/airflow/example_dags/example_datasets.py
[2023-12-19T17:34:42.813+0300] {processor.py:840} INFO - DAG(s) 'dataset_produces_2', 'dataset_produces_1', 'dataset_consumes_unknown_never_scheduled', 'dataset_consumes_1', 'dataset_consumes_1_never_scheduled', 'dataset_consumes_1_and_2' retrieved from /home/hp/.local/lib/python3.10/site-packages/airflow/example_dags/example_datasets.py
[2023-12-19T17:34:42.845+0300] {logging_mixin.py:188} INFO - [2023-12-19T17:34:42.844+0300] {dag.py:3033} INFO - Sync 6 DAGs
[2023-12-19T17:34:42.865+0300] {logging_mixin.py:188} INFO - [2023-12-19T17:34:42.864+0300] {dag.py:3820} INFO - Setting next_dagrun for dataset_consumes_1 to None, run_after=None
[2023-12-19T17:34:42.867+0300] {logging_mixin.py:188} INFO - [2023-12-19T17:34:42.867+0300] {dag.py:3820} INFO - Setting next_dagrun for dataset_consumes_1_and_2 to None, run_after=None
[2023-12-19T17:34:42.868+0300] {logging_mixin.py:188} INFO - [2023-12-19T17:34:42.868+0300] {dag.py:3820} INFO - Setting next_dagrun for dataset_consumes_1_never_scheduled to None, run_after=None
[2023-12-19T17:34:42.869+0300] {logging_mixin.py:188} INFO - [2023-12-19T17:34:42.869+0300] {dag.py:3820} INFO - Setting next_dagrun for dataset_consumes_unknown_never_scheduled to None, run_after=None
[2023-12-19T17:34:42.871+0300] {logging_mixin.py:188} INFO - [2023-12-19T17:34:42.871+0300] {dag.py:3820} INFO - Setting next_dagrun for dataset_produces_1 to 2023-12-18T00:00:00+00:00, run_after=2023-12-19T00:00:00+00:00
[2023-12-19T17:34:42.872+0300] {logging_mixin.py:188} INFO - [2023-12-19T17:34:42.872+0300] {dag.py:3820} INFO - Setting next_dagrun for dataset_produces_2 to None, run_after=None
[2023-12-19T17:34:42.993+0300] {processor.py:183} INFO - Processing /home/hp/.local/lib/python3.10/site-packages/airflow/example_dags/example_datasets.py took 0.212 seconds
[2023-12-19T17:35:43.136+0300] {processor.py:161} INFO - Started process (PID=4398) to work on /home/hp/.local/lib/python3.10/site-packages/airflow/example_dags/example_datasets.py
[2023-12-19T17:35:43.152+0300] {processor.py:830} INFO - Processing file /home/hp/.local/lib/python3.10/site-packages/airflow/example_dags/example_datasets.py for tasks to queue
[2023-12-19T17:35:43.153+0300] {logging_mixin.py:188} INFO - [2023-12-19T17:35:43.153+0300] {dagbag.py:538} INFO - Filling up the DagBag from /home/hp/.local/lib/python3.10/site-packages/airflow/example_dags/example_datasets.py
[2023-12-19T17:35:43.164+0300] {processor.py:840} INFO - DAG(s) 'dataset_produces_1', 'dataset_consumes_1_never_scheduled', 'dataset_consumes_unknown_never_scheduled', 'dataset_produces_2', 'dataset_consumes_1', 'dataset_consumes_1_and_2' retrieved from /home/hp/.local/lib/python3.10/site-packages/airflow/example_dags/example_datasets.py
[2023-12-19T17:35:43.193+0300] {logging_mixin.py:188} INFO - [2023-12-19T17:35:43.192+0300] {dag.py:3033} INFO - Sync 6 DAGs
[2023-12-19T17:35:43.212+0300] {logging_mixin.py:188} INFO - [2023-12-19T17:35:43.212+0300] {dag.py:3820} INFO - Setting next_dagrun for dataset_consumes_1 to None, run_after=None
[2023-12-19T17:35:43.215+0300] {logging_mixin.py:188} INFO - [2023-12-19T17:35:43.215+0300] {dag.py:3820} INFO - Setting next_dagrun for dataset_consumes_1_and_2 to None, run_after=None
[2023-12-19T17:35:43.216+0300] {logging_mixin.py:188} INFO - [2023-12-19T17:35:43.216+0300] {dag.py:3820} INFO - Setting next_dagrun for dataset_consumes_1_never_scheduled to None, run_after=None
[2023-12-19T17:35:43.217+0300] {logging_mixin.py:188} INFO - [2023-12-19T17:35:43.217+0300] {dag.py:3820} INFO - Setting next_dagrun for dataset_consumes_unknown_never_scheduled to None, run_after=None
[2023-12-19T17:35:43.219+0300] {logging_mixin.py:188} INFO - [2023-12-19T17:35:43.219+0300] {dag.py:3820} INFO - Setting next_dagrun for dataset_produces_1 to 2023-12-18T00:00:00+00:00, run_after=2023-12-19T00:00:00+00:00
[2023-12-19T17:35:43.220+0300] {logging_mixin.py:188} INFO - [2023-12-19T17:35:43.220+0300] {dag.py:3820} INFO - Setting next_dagrun for dataset_produces_2 to None, run_after=None
[2023-12-19T17:35:43.369+0300] {processor.py:183} INFO - Processing /home/hp/.local/lib/python3.10/site-packages/airflow/example_dags/example_datasets.py took 0.236 seconds
[2023-12-19T17:36:42.572+0300] {processor.py:161} INFO - Started process (PID=4494) to work on /home/hp/.local/lib/python3.10/site-packages/airflow/example_dags/example_datasets.py
[2023-12-19T17:36:42.582+0300] {processor.py:830} INFO - Processing file /home/hp/.local/lib/python3.10/site-packages/airflow/example_dags/example_datasets.py for tasks to queue
[2023-12-19T17:36:42.583+0300] {logging_mixin.py:188} INFO - [2023-12-19T17:36:42.582+0300] {dagbag.py:538} INFO - Filling up the DagBag from /home/hp/.local/lib/python3.10/site-packages/airflow/example_dags/example_datasets.py
[2023-12-19T17:36:42.596+0300] {processor.py:840} INFO - DAG(s) 'dataset_consumes_1_never_scheduled', 'dataset_consumes_1_and_2', 'dataset_produces_1', 'dataset_consumes_unknown_never_scheduled', 'dataset_consumes_1', 'dataset_produces_2' retrieved from /home/hp/.local/lib/python3.10/site-packages/airflow/example_dags/example_datasets.py
[2023-12-19T17:36:42.626+0300] {logging_mixin.py:188} INFO - [2023-12-19T17:36:42.626+0300] {dag.py:3033} INFO - Sync 6 DAGs
[2023-12-19T17:36:42.646+0300] {logging_mixin.py:188} INFO - [2023-12-19T17:36:42.646+0300] {dag.py:3820} INFO - Setting next_dagrun for dataset_consumes_1 to None, run_after=None
[2023-12-19T17:36:42.649+0300] {logging_mixin.py:188} INFO - [2023-12-19T17:36:42.649+0300] {dag.py:3820} INFO - Setting next_dagrun for dataset_consumes_1_and_2 to None, run_after=None
[2023-12-19T17:36:42.650+0300] {logging_mixin.py:188} INFO - [2023-12-19T17:36:42.650+0300] {dag.py:3820} INFO - Setting next_dagrun for dataset_consumes_1_never_scheduled to None, run_after=None
[2023-12-19T17:36:42.651+0300] {logging_mixin.py:188} INFO - [2023-12-19T17:36:42.650+0300] {dag.py:3820} INFO - Setting next_dagrun for dataset_consumes_unknown_never_scheduled to None, run_after=None
[2023-12-19T17:36:42.653+0300] {logging_mixin.py:188} INFO - [2023-12-19T17:36:42.653+0300] {dag.py:3820} INFO - Setting next_dagrun for dataset_produces_1 to 2023-12-18T00:00:00+00:00, run_after=2023-12-19T00:00:00+00:00
[2023-12-19T17:36:42.654+0300] {logging_mixin.py:188} INFO - [2023-12-19T17:36:42.654+0300] {dag.py:3820} INFO - Setting next_dagrun for dataset_produces_2 to None, run_after=None
[2023-12-19T17:36:42.783+0300] {processor.py:183} INFO - Processing /home/hp/.local/lib/python3.10/site-packages/airflow/example_dags/example_datasets.py took 0.214 seconds
[2023-12-19T17:37:39.484+0300] {processor.py:161} INFO - Started process (PID=4554) to work on /home/hp/.local/lib/python3.10/site-packages/airflow/example_dags/example_datasets.py
[2023-12-19T17:37:39.509+0300] {processor.py:830} INFO - Processing file /home/hp/.local/lib/python3.10/site-packages/airflow/example_dags/example_datasets.py for tasks to queue
[2023-12-19T17:37:39.511+0300] {logging_mixin.py:188} INFO - [2023-12-19T17:37:39.510+0300] {dagbag.py:538} INFO - Filling up the DagBag from /home/hp/.local/lib/python3.10/site-packages/airflow/example_dags/example_datasets.py
[2023-12-19T17:37:39.524+0300] {processor.py:840} INFO - DAG(s) 'dataset_produces_1', 'dataset_consumes_1_and_2', 'dataset_consumes_1_never_scheduled', 'dataset_consumes_1', 'dataset_consumes_unknown_never_scheduled', 'dataset_produces_2' retrieved from /home/hp/.local/lib/python3.10/site-packages/airflow/example_dags/example_datasets.py
[2023-12-19T17:37:39.557+0300] {logging_mixin.py:188} INFO - [2023-12-19T17:37:39.557+0300] {dag.py:3033} INFO - Sync 6 DAGs
[2023-12-19T17:37:39.577+0300] {logging_mixin.py:188} INFO - [2023-12-19T17:37:39.577+0300] {dag.py:3820} INFO - Setting next_dagrun for dataset_consumes_1 to None, run_after=None
[2023-12-19T17:37:39.580+0300] {logging_mixin.py:188} INFO - [2023-12-19T17:37:39.580+0300] {dag.py:3820} INFO - Setting next_dagrun for dataset_consumes_1_and_2 to None, run_after=None
[2023-12-19T17:37:39.581+0300] {logging_mixin.py:188} INFO - [2023-12-19T17:37:39.581+0300] {dag.py:3820} INFO - Setting next_dagrun for dataset_consumes_1_never_scheduled to None, run_after=None
[2023-12-19T17:37:39.582+0300] {logging_mixin.py:188} INFO - [2023-12-19T17:37:39.582+0300] {dag.py:3820} INFO - Setting next_dagrun for dataset_consumes_unknown_never_scheduled to None, run_after=None
[2023-12-19T17:37:39.584+0300] {logging_mixin.py:188} INFO - [2023-12-19T17:37:39.584+0300] {dag.py:3820} INFO - Setting next_dagrun for dataset_produces_1 to 2023-12-18T00:00:00+00:00, run_after=2023-12-19T00:00:00+00:00
[2023-12-19T17:37:39.585+0300] {logging_mixin.py:188} INFO - [2023-12-19T17:37:39.585+0300] {dag.py:3820} INFO - Setting next_dagrun for dataset_produces_2 to None, run_after=None
[2023-12-19T17:37:39.733+0300] {processor.py:183} INFO - Processing /home/hp/.local/lib/python3.10/site-packages/airflow/example_dags/example_datasets.py took 0.253 seconds
[2023-12-20T00:08:50.113+0300] {processor.py:161} INFO - Started process (PID=19726) to work on /home/hp/.local/lib/python3.10/site-packages/airflow/example_dags/example_datasets.py
[2023-12-20T00:08:50.167+0300] {processor.py:830} INFO - Processing file /home/hp/.local/lib/python3.10/site-packages/airflow/example_dags/example_datasets.py for tasks to queue
[2023-12-20T00:08:50.172+0300] {logging_mixin.py:188} INFO - [2023-12-20T00:08:50.169+0300] {dagbag.py:538} INFO - Filling up the DagBag from /home/hp/.local/lib/python3.10/site-packages/airflow/example_dags/example_datasets.py
[2023-12-20T00:08:50.202+0300] {processor.py:840} INFO - DAG(s) 'dataset_consumes_1', 'dataset_consumes_1_and_2', 'dataset_consumes_unknown_never_scheduled', 'dataset_consumes_1_never_scheduled', 'dataset_produces_1', 'dataset_produces_2' retrieved from /home/hp/.local/lib/python3.10/site-packages/airflow/example_dags/example_datasets.py
[2023-12-20T00:08:50.233+0300] {logging_mixin.py:188} INFO - [2023-12-20T00:08:50.233+0300] {dag.py:3033} INFO - Sync 6 DAGs
[2023-12-20T00:08:50.255+0300] {logging_mixin.py:188} INFO - [2023-12-20T00:08:50.255+0300] {dag.py:3820} INFO - Setting next_dagrun for dataset_consumes_1 to None, run_after=None
[2023-12-20T00:08:50.258+0300] {logging_mixin.py:188} INFO - [2023-12-20T00:08:50.258+0300] {dag.py:3820} INFO - Setting next_dagrun for dataset_consumes_1_and_2 to None, run_after=None
[2023-12-20T00:08:50.259+0300] {logging_mixin.py:188} INFO - [2023-12-20T00:08:50.259+0300] {dag.py:3820} INFO - Setting next_dagrun for dataset_consumes_1_never_scheduled to None, run_after=None
[2023-12-20T00:08:50.260+0300] {logging_mixin.py:188} INFO - [2023-12-20T00:08:50.260+0300] {dag.py:3820} INFO - Setting next_dagrun for dataset_consumes_unknown_never_scheduled to None, run_after=None
[2023-12-20T00:08:50.263+0300] {logging_mixin.py:188} INFO - [2023-12-20T00:08:50.263+0300] {dag.py:3820} INFO - Setting next_dagrun for dataset_produces_1 to 2023-12-18T00:00:00+00:00, run_after=2023-12-19T00:00:00+00:00
[2023-12-20T00:08:50.264+0300] {logging_mixin.py:188} INFO - [2023-12-20T00:08:50.264+0300] {dag.py:3820} INFO - Setting next_dagrun for dataset_produces_2 to None, run_after=None
[2023-12-20T00:08:50.479+0300] {processor.py:183} INFO - Processing /home/hp/.local/lib/python3.10/site-packages/airflow/example_dags/example_datasets.py took 0.371 seconds
[2023-12-20T00:09:51.457+0300] {processor.py:161} INFO - Started process (PID=19789) to work on /home/hp/.local/lib/python3.10/site-packages/airflow/example_dags/example_datasets.py
[2023-12-20T00:09:51.482+0300] {processor.py:830} INFO - Processing file /home/hp/.local/lib/python3.10/site-packages/airflow/example_dags/example_datasets.py for tasks to queue
[2023-12-20T00:09:51.484+0300] {logging_mixin.py:188} INFO - [2023-12-20T00:09:51.483+0300] {dagbag.py:538} INFO - Filling up the DagBag from /home/hp/.local/lib/python3.10/site-packages/airflow/example_dags/example_datasets.py
[2023-12-20T00:09:51.496+0300] {processor.py:840} INFO - DAG(s) 'dataset_produces_2', 'dataset_consumes_1_never_scheduled', 'dataset_consumes_1_and_2', 'dataset_consumes_1', 'dataset_produces_1', 'dataset_consumes_unknown_never_scheduled' retrieved from /home/hp/.local/lib/python3.10/site-packages/airflow/example_dags/example_datasets.py
[2023-12-20T00:09:51.526+0300] {logging_mixin.py:188} INFO - [2023-12-20T00:09:51.526+0300] {dag.py:3033} INFO - Sync 6 DAGs
[2023-12-20T00:09:51.547+0300] {logging_mixin.py:188} INFO - [2023-12-20T00:09:51.546+0300] {dag.py:3820} INFO - Setting next_dagrun for dataset_consumes_1 to None, run_after=None
[2023-12-20T00:09:51.550+0300] {logging_mixin.py:188} INFO - [2023-12-20T00:09:51.550+0300] {dag.py:3820} INFO - Setting next_dagrun for dataset_consumes_1_and_2 to None, run_after=None
[2023-12-20T00:09:51.551+0300] {logging_mixin.py:188} INFO - [2023-12-20T00:09:51.551+0300] {dag.py:3820} INFO - Setting next_dagrun for dataset_consumes_1_never_scheduled to None, run_after=None
[2023-12-20T00:09:51.552+0300] {logging_mixin.py:188} INFO - [2023-12-20T00:09:51.552+0300] {dag.py:3820} INFO - Setting next_dagrun for dataset_consumes_unknown_never_scheduled to None, run_after=None
[2023-12-20T00:09:51.554+0300] {logging_mixin.py:188} INFO - [2023-12-20T00:09:51.554+0300] {dag.py:3820} INFO - Setting next_dagrun for dataset_produces_1 to 2023-12-18T00:00:00+00:00, run_after=2023-12-19T00:00:00+00:00
[2023-12-20T00:09:51.555+0300] {logging_mixin.py:188} INFO - [2023-12-20T00:09:51.555+0300] {dag.py:3820} INFO - Setting next_dagrun for dataset_produces_2 to None, run_after=None
[2023-12-20T00:09:51.693+0300] {processor.py:183} INFO - Processing /home/hp/.local/lib/python3.10/site-packages/airflow/example_dags/example_datasets.py took 0.239 seconds
[2023-12-20T00:10:51.425+0300] {processor.py:161} INFO - Started process (PID=19855) to work on /home/hp/.local/lib/python3.10/site-packages/airflow/example_dags/example_datasets.py
[2023-12-20T00:10:51.438+0300] {processor.py:830} INFO - Processing file /home/hp/.local/lib/python3.10/site-packages/airflow/example_dags/example_datasets.py for tasks to queue
[2023-12-20T00:10:51.439+0300] {logging_mixin.py:188} INFO - [2023-12-20T00:10:51.439+0300] {dagbag.py:538} INFO - Filling up the DagBag from /home/hp/.local/lib/python3.10/site-packages/airflow/example_dags/example_datasets.py
[2023-12-20T00:10:51.453+0300] {processor.py:840} INFO - DAG(s) 'dataset_consumes_unknown_never_scheduled', 'dataset_produces_2', 'dataset_consumes_1_and_2', 'dataset_consumes_1', 'dataset_produces_1', 'dataset_consumes_1_never_scheduled' retrieved from /home/hp/.local/lib/python3.10/site-packages/airflow/example_dags/example_datasets.py
[2023-12-20T00:10:51.485+0300] {logging_mixin.py:188} INFO - [2023-12-20T00:10:51.485+0300] {dag.py:3033} INFO - Sync 6 DAGs
[2023-12-20T00:10:51.505+0300] {logging_mixin.py:188} INFO - [2023-12-20T00:10:51.505+0300] {dag.py:3820} INFO - Setting next_dagrun for dataset_consumes_1 to None, run_after=None
[2023-12-20T00:10:51.508+0300] {logging_mixin.py:188} INFO - [2023-12-20T00:10:51.508+0300] {dag.py:3820} INFO - Setting next_dagrun for dataset_consumes_1_and_2 to None, run_after=None
[2023-12-20T00:10:51.509+0300] {logging_mixin.py:188} INFO - [2023-12-20T00:10:51.509+0300] {dag.py:3820} INFO - Setting next_dagrun for dataset_consumes_1_never_scheduled to None, run_after=None
[2023-12-20T00:10:51.510+0300] {logging_mixin.py:188} INFO - [2023-12-20T00:10:51.510+0300] {dag.py:3820} INFO - Setting next_dagrun for dataset_consumes_unknown_never_scheduled to None, run_after=None
[2023-12-20T00:10:51.512+0300] {logging_mixin.py:188} INFO - [2023-12-20T00:10:51.512+0300] {dag.py:3820} INFO - Setting next_dagrun for dataset_produces_1 to 2023-12-18T00:00:00+00:00, run_after=2023-12-19T00:00:00+00:00
[2023-12-20T00:10:51.513+0300] {logging_mixin.py:188} INFO - [2023-12-20T00:10:51.513+0300] {dag.py:3820} INFO - Setting next_dagrun for dataset_produces_2 to None, run_after=None
[2023-12-20T00:10:51.674+0300] {processor.py:183} INFO - Processing /home/hp/.local/lib/python3.10/site-packages/airflow/example_dags/example_datasets.py took 0.253 seconds
[2023-12-20T00:11:52.776+0300] {processor.py:161} INFO - Started process (PID=19916) to work on /home/hp/.local/lib/python3.10/site-packages/airflow/example_dags/example_datasets.py
[2023-12-20T00:11:52.807+0300] {processor.py:830} INFO - Processing file /home/hp/.local/lib/python3.10/site-packages/airflow/example_dags/example_datasets.py for tasks to queue
[2023-12-20T00:11:52.809+0300] {logging_mixin.py:188} INFO - [2023-12-20T00:11:52.808+0300] {dagbag.py:538} INFO - Filling up the DagBag from /home/hp/.local/lib/python3.10/site-packages/airflow/example_dags/example_datasets.py
[2023-12-20T00:11:52.842+0300] {processor.py:840} INFO - DAG(s) 'dataset_consumes_1_never_scheduled', 'dataset_consumes_unknown_never_scheduled', 'dataset_consumes_1', 'dataset_produces_2', 'dataset_produces_1', 'dataset_consumes_1_and_2' retrieved from /home/hp/.local/lib/python3.10/site-packages/airflow/example_dags/example_datasets.py
[2023-12-20T00:11:52.873+0300] {logging_mixin.py:188} INFO - [2023-12-20T00:11:52.873+0300] {dag.py:3033} INFO - Sync 6 DAGs
[2023-12-20T00:11:52.892+0300] {logging_mixin.py:188} INFO - [2023-12-20T00:11:52.892+0300] {dag.py:3820} INFO - Setting next_dagrun for dataset_consumes_1 to None, run_after=None
[2023-12-20T00:11:52.895+0300] {logging_mixin.py:188} INFO - [2023-12-20T00:11:52.895+0300] {dag.py:3820} INFO - Setting next_dagrun for dataset_consumes_1_and_2 to None, run_after=None
[2023-12-20T00:11:52.896+0300] {logging_mixin.py:188} INFO - [2023-12-20T00:11:52.896+0300] {dag.py:3820} INFO - Setting next_dagrun for dataset_consumes_1_never_scheduled to None, run_after=None
[2023-12-20T00:11:52.897+0300] {logging_mixin.py:188} INFO - [2023-12-20T00:11:52.897+0300] {dag.py:3820} INFO - Setting next_dagrun for dataset_consumes_unknown_never_scheduled to None, run_after=None
[2023-12-20T00:11:52.899+0300] {logging_mixin.py:188} INFO - [2023-12-20T00:11:52.899+0300] {dag.py:3820} INFO - Setting next_dagrun for dataset_produces_1 to 2023-12-18T00:00:00+00:00, run_after=2023-12-19T00:00:00+00:00
[2023-12-20T00:11:52.900+0300] {logging_mixin.py:188} INFO - [2023-12-20T00:11:52.900+0300] {dag.py:3820} INFO - Setting next_dagrun for dataset_produces_2 to None, run_after=None
[2023-12-20T00:11:53.052+0300] {processor.py:183} INFO - Processing /home/hp/.local/lib/python3.10/site-packages/airflow/example_dags/example_datasets.py took 0.279 seconds
[2023-12-20T00:12:52.522+0300] {processor.py:161} INFO - Started process (PID=19997) to work on /home/hp/.local/lib/python3.10/site-packages/airflow/example_dags/example_datasets.py
[2023-12-20T00:12:52.552+0300] {processor.py:830} INFO - Processing file /home/hp/.local/lib/python3.10/site-packages/airflow/example_dags/example_datasets.py for tasks to queue
[2023-12-20T00:12:52.554+0300] {logging_mixin.py:188} INFO - [2023-12-20T00:12:52.553+0300] {dagbag.py:538} INFO - Filling up the DagBag from /home/hp/.local/lib/python3.10/site-packages/airflow/example_dags/example_datasets.py
[2023-12-20T00:12:52.572+0300] {processor.py:840} INFO - DAG(s) 'dataset_consumes_1_never_scheduled', 'dataset_produces_2', 'dataset_consumes_1', 'dataset_produces_1', 'dataset_consumes_1_and_2', 'dataset_consumes_unknown_never_scheduled' retrieved from /home/hp/.local/lib/python3.10/site-packages/airflow/example_dags/example_datasets.py
[2023-12-20T00:12:52.603+0300] {logging_mixin.py:188} INFO - [2023-12-20T00:12:52.602+0300] {dag.py:3033} INFO - Sync 6 DAGs
[2023-12-20T00:12:52.622+0300] {logging_mixin.py:188} INFO - [2023-12-20T00:12:52.622+0300] {dag.py:3820} INFO - Setting next_dagrun for dataset_consumes_1 to None, run_after=None
[2023-12-20T00:12:52.625+0300] {logging_mixin.py:188} INFO - [2023-12-20T00:12:52.625+0300] {dag.py:3820} INFO - Setting next_dagrun for dataset_consumes_1_and_2 to None, run_after=None
[2023-12-20T00:12:52.626+0300] {logging_mixin.py:188} INFO - [2023-12-20T00:12:52.626+0300] {dag.py:3820} INFO - Setting next_dagrun for dataset_consumes_1_never_scheduled to None, run_after=None
[2023-12-20T00:12:52.627+0300] {logging_mixin.py:188} INFO - [2023-12-20T00:12:52.627+0300] {dag.py:3820} INFO - Setting next_dagrun for dataset_consumes_unknown_never_scheduled to None, run_after=None
[2023-12-20T00:12:52.629+0300] {logging_mixin.py:188} INFO - [2023-12-20T00:12:52.629+0300] {dag.py:3820} INFO - Setting next_dagrun for dataset_produces_1 to 2023-12-18T00:00:00+00:00, run_after=2023-12-19T00:00:00+00:00
[2023-12-20T00:12:52.630+0300] {logging_mixin.py:188} INFO - [2023-12-20T00:12:52.630+0300] {dag.py:3820} INFO - Setting next_dagrun for dataset_produces_2 to None, run_after=None
[2023-12-20T00:12:52.778+0300] {processor.py:183} INFO - Processing /home/hp/.local/lib/python3.10/site-packages/airflow/example_dags/example_datasets.py took 0.261 seconds
