[2023-12-19T17:31:50.396+0300] {processor.py:161} INFO - Started process (PID=4002) to work on /home/hp/.local/lib/python3.10/site-packages/airflow/example_dags/example_subdag_operator.py
[2023-12-19T17:31:50.397+0300] {processor.py:830} INFO - Processing file /home/hp/.local/lib/python3.10/site-packages/airflow/example_dags/example_subdag_operator.py for tasks to queue
[2023-12-19T17:31:50.398+0300] {logging_mixin.py:188} INFO - [2023-12-19T17:31:50.397+0300] {dagbag.py:538} INFO - Filling up the DagBag from /home/hp/.local/lib/python3.10/site-packages/airflow/example_dags/example_subdag_operator.py
[2023-12-19T17:31:50.419+0300] {processor.py:840} INFO - DAG(s) 'example_subdag_operator.section-1', 'example_subdag_operator.section-2', 'example_subdag_operator' retrieved from /home/hp/.local/lib/python3.10/site-packages/airflow/example_dags/example_subdag_operator.py
[2023-12-19T17:31:50.742+0300] {logging_mixin.py:188} INFO - [2023-12-19T17:31:50.740+0300] {override.py:1769} INFO - Created Permission View: can read on DAG:example_subdag_operator
[2023-12-19T17:31:50.852+0300] {logging_mixin.py:188} INFO - [2023-12-19T17:31:50.851+0300] {override.py:1769} INFO - Created Permission View: can delete on DAG:example_subdag_operator
[2023-12-19T17:31:50.964+0300] {logging_mixin.py:188} INFO - [2023-12-19T17:31:50.962+0300] {override.py:1769} INFO - Created Permission View: can edit on DAG:example_subdag_operator
[2023-12-19T17:31:50.966+0300] {logging_mixin.py:188} INFO - [2023-12-19T17:31:50.966+0300] {dag.py:3033} INFO - Sync 3 DAGs
[2023-12-19T17:31:50.999+0300] {logging_mixin.py:188} INFO - [2023-12-19T17:31:50.999+0300] {dag.py:3055} INFO - Creating ORM DAG for example_subdag_operator.section-2
[2023-12-19T17:31:50.999+0300] {logging_mixin.py:188} INFO - [2023-12-19T17:31:50.999+0300] {dag.py:3055} INFO - Creating ORM DAG for example_subdag_operator.section-1
[2023-12-19T17:31:51.000+0300] {logging_mixin.py:188} INFO - [2023-12-19T17:31:51.000+0300] {dag.py:3055} INFO - Creating ORM DAG for example_subdag_operator
[2023-12-19T17:31:51.009+0300] {logging_mixin.py:188} INFO - [2023-12-19T17:31:51.009+0300] {dag.py:3820} INFO - Setting next_dagrun for example_subdag_operator to 2022-01-01T00:00:00+00:00, run_after=2022-01-01T00:00:00+00:00
[2023-12-19T17:31:51.012+0300] {logging_mixin.py:188} INFO - [2023-12-19T17:31:51.011+0300] {dag.py:3820} INFO - Setting next_dagrun for example_subdag_operator.section-1 to None, run_after=None
[2023-12-19T17:31:51.012+0300] {logging_mixin.py:188} INFO - [2023-12-19T17:31:51.012+0300] {dag.py:3820} INFO - Setting next_dagrun for example_subdag_operator.section-2 to None, run_after=None
[2023-12-19T17:31:51.018+0300] {logging_mixin.py:188} INFO - [2023-12-19T17:31:51.018+0300] {dag.py:3033} INFO - Sync 2 DAGs
[2023-12-19T17:31:51.022+0300] {logging_mixin.py:188} INFO - [2023-12-19T17:31:51.022+0300] {dag.py:3820} INFO - Setting next_dagrun for example_subdag_operator.section-1 to None, run_after=None
[2023-12-19T17:31:51.025+0300] {logging_mixin.py:188} INFO - [2023-12-19T17:31:51.024+0300] {dag.py:3820} INFO - Setting next_dagrun for example_subdag_operator.section-2 to None, run_after=None
[2023-12-19T17:31:51.274+0300] {processor.py:183} INFO - Processing /home/hp/.local/lib/python3.10/site-packages/airflow/example_dags/example_subdag_operator.py took 0.883 seconds
[2023-12-19T17:33:06.829+0300] {processor.py:161} INFO - Started process (PID=4064) to work on /home/hp/.local/lib/python3.10/site-packages/airflow/example_dags/example_subdag_operator.py
[2023-12-19T17:33:06.846+0300] {processor.py:830} INFO - Processing file /home/hp/.local/lib/python3.10/site-packages/airflow/example_dags/example_subdag_operator.py for tasks to queue
[2023-12-19T17:33:06.848+0300] {logging_mixin.py:188} INFO - [2023-12-19T17:33:06.847+0300] {dagbag.py:538} INFO - Filling up the DagBag from /home/hp/.local/lib/python3.10/site-packages/airflow/example_dags/example_subdag_operator.py
[2023-12-19T17:33:06.880+0300] {processor.py:840} INFO - DAG(s) 'example_subdag_operator.section-1', 'example_subdag_operator.section-2', 'example_subdag_operator' retrieved from /home/hp/.local/lib/python3.10/site-packages/airflow/example_dags/example_subdag_operator.py
[2023-12-19T17:33:06.896+0300] {logging_mixin.py:188} INFO - [2023-12-19T17:33:06.895+0300] {dag.py:3033} INFO - Sync 3 DAGs
[2023-12-19T17:33:06.914+0300] {logging_mixin.py:188} INFO - [2023-12-19T17:33:06.914+0300] {dag.py:3820} INFO - Setting next_dagrun for example_subdag_operator to 2022-01-01T00:00:00+00:00, run_after=2022-01-01T00:00:00+00:00
[2023-12-19T17:33:06.917+0300] {logging_mixin.py:188} INFO - [2023-12-19T17:33:06.917+0300] {dag.py:3820} INFO - Setting next_dagrun for example_subdag_operator.section-1 to None, run_after=None
[2023-12-19T17:33:06.918+0300] {logging_mixin.py:188} INFO - [2023-12-19T17:33:06.918+0300] {dag.py:3820} INFO - Setting next_dagrun for example_subdag_operator.section-2 to None, run_after=None
[2023-12-19T17:33:06.923+0300] {logging_mixin.py:188} INFO - [2023-12-19T17:33:06.923+0300] {dag.py:3033} INFO - Sync 2 DAGs
[2023-12-19T17:33:06.927+0300] {logging_mixin.py:188} INFO - [2023-12-19T17:33:06.927+0300] {dag.py:3820} INFO - Setting next_dagrun for example_subdag_operator.section-1 to None, run_after=None
[2023-12-19T17:33:06.928+0300] {logging_mixin.py:188} INFO - [2023-12-19T17:33:06.928+0300] {dag.py:3820} INFO - Setting next_dagrun for example_subdag_operator.section-2 to None, run_after=None
[2023-12-19T17:33:07.032+0300] {processor.py:183} INFO - Processing /home/hp/.local/lib/python3.10/site-packages/airflow/example_dags/example_subdag_operator.py took 0.208 seconds
[2023-12-19T17:34:06.853+0300] {processor.py:161} INFO - Started process (PID=4260) to work on /home/hp/.local/lib/python3.10/site-packages/airflow/example_dags/example_subdag_operator.py
[2023-12-19T17:34:06.854+0300] {processor.py:830} INFO - Processing file /home/hp/.local/lib/python3.10/site-packages/airflow/example_dags/example_subdag_operator.py for tasks to queue
[2023-12-19T17:34:06.856+0300] {logging_mixin.py:188} INFO - [2023-12-19T17:34:06.855+0300] {dagbag.py:538} INFO - Filling up the DagBag from /home/hp/.local/lib/python3.10/site-packages/airflow/example_dags/example_subdag_operator.py
[2023-12-19T17:34:06.881+0300] {processor.py:840} INFO - DAG(s) 'example_subdag_operator.section-1', 'example_subdag_operator.section-2', 'example_subdag_operator' retrieved from /home/hp/.local/lib/python3.10/site-packages/airflow/example_dags/example_subdag_operator.py
[2023-12-19T17:34:06.901+0300] {logging_mixin.py:188} INFO - [2023-12-19T17:34:06.901+0300] {dag.py:3033} INFO - Sync 3 DAGs
[2023-12-19T17:34:06.923+0300] {logging_mixin.py:188} INFO - [2023-12-19T17:34:06.923+0300] {dag.py:3820} INFO - Setting next_dagrun for example_subdag_operator to 2022-01-01T00:00:00+00:00, run_after=2022-01-01T00:00:00+00:00
[2023-12-19T17:34:06.927+0300] {logging_mixin.py:188} INFO - [2023-12-19T17:34:06.927+0300] {dag.py:3820} INFO - Setting next_dagrun for example_subdag_operator.section-1 to None, run_after=None
[2023-12-19T17:34:06.928+0300] {logging_mixin.py:188} INFO - [2023-12-19T17:34:06.928+0300] {dag.py:3820} INFO - Setting next_dagrun for example_subdag_operator.section-2 to None, run_after=None
[2023-12-19T17:34:06.935+0300] {logging_mixin.py:188} INFO - [2023-12-19T17:34:06.934+0300] {dag.py:3033} INFO - Sync 2 DAGs
[2023-12-19T17:34:06.939+0300] {logging_mixin.py:188} INFO - [2023-12-19T17:34:06.939+0300] {dag.py:3820} INFO - Setting next_dagrun for example_subdag_operator.section-1 to None, run_after=None
[2023-12-19T17:34:06.940+0300] {logging_mixin.py:188} INFO - [2023-12-19T17:34:06.939+0300] {dag.py:3820} INFO - Setting next_dagrun for example_subdag_operator.section-2 to None, run_after=None
[2023-12-19T17:34:07.057+0300] {processor.py:183} INFO - Processing /home/hp/.local/lib/python3.10/site-packages/airflow/example_dags/example_subdag_operator.py took 0.210 seconds
[2023-12-19T17:35:05.734+0300] {processor.py:161} INFO - Started process (PID=4365) to work on /home/hp/.local/lib/python3.10/site-packages/airflow/example_dags/example_subdag_operator.py
[2023-12-19T17:35:05.753+0300] {processor.py:830} INFO - Processing file /home/hp/.local/lib/python3.10/site-packages/airflow/example_dags/example_subdag_operator.py for tasks to queue
[2023-12-19T17:35:05.757+0300] {logging_mixin.py:188} INFO - [2023-12-19T17:35:05.755+0300] {dagbag.py:538} INFO - Filling up the DagBag from /home/hp/.local/lib/python3.10/site-packages/airflow/example_dags/example_subdag_operator.py
[2023-12-19T17:35:05.799+0300] {processor.py:840} INFO - DAG(s) 'example_subdag_operator.section-1', 'example_subdag_operator.section-2', 'example_subdag_operator' retrieved from /home/hp/.local/lib/python3.10/site-packages/airflow/example_dags/example_subdag_operator.py
[2023-12-19T17:35:05.816+0300] {logging_mixin.py:188} INFO - [2023-12-19T17:35:05.816+0300] {dag.py:3033} INFO - Sync 3 DAGs
[2023-12-19T17:35:05.838+0300] {logging_mixin.py:188} INFO - [2023-12-19T17:35:05.838+0300] {dag.py:3820} INFO - Setting next_dagrun for example_subdag_operator to 2022-01-01T00:00:00+00:00, run_after=2022-01-01T00:00:00+00:00
[2023-12-19T17:35:05.842+0300] {logging_mixin.py:188} INFO - [2023-12-19T17:35:05.842+0300] {dag.py:3820} INFO - Setting next_dagrun for example_subdag_operator.section-1 to None, run_after=None
[2023-12-19T17:35:05.843+0300] {logging_mixin.py:188} INFO - [2023-12-19T17:35:05.843+0300] {dag.py:3820} INFO - Setting next_dagrun for example_subdag_operator.section-2 to None, run_after=None
[2023-12-19T17:35:05.849+0300] {logging_mixin.py:188} INFO - [2023-12-19T17:35:05.849+0300] {dag.py:3033} INFO - Sync 2 DAGs
[2023-12-19T17:35:05.853+0300] {logging_mixin.py:188} INFO - [2023-12-19T17:35:05.853+0300] {dag.py:3820} INFO - Setting next_dagrun for example_subdag_operator.section-1 to None, run_after=None
[2023-12-19T17:35:05.854+0300] {logging_mixin.py:188} INFO - [2023-12-19T17:35:05.853+0300] {dag.py:3820} INFO - Setting next_dagrun for example_subdag_operator.section-2 to None, run_after=None
[2023-12-19T17:35:05.976+0300] {processor.py:183} INFO - Processing /home/hp/.local/lib/python3.10/site-packages/airflow/example_dags/example_subdag_operator.py took 0.245 seconds
[2023-12-19T17:36:07.546+0300] {processor.py:161} INFO - Started process (PID=4455) to work on /home/hp/.local/lib/python3.10/site-packages/airflow/example_dags/example_subdag_operator.py
[2023-12-19T17:36:07.563+0300] {processor.py:830} INFO - Processing file /home/hp/.local/lib/python3.10/site-packages/airflow/example_dags/example_subdag_operator.py for tasks to queue
[2023-12-19T17:36:07.564+0300] {logging_mixin.py:188} INFO - [2023-12-19T17:36:07.564+0300] {dagbag.py:538} INFO - Filling up the DagBag from /home/hp/.local/lib/python3.10/site-packages/airflow/example_dags/example_subdag_operator.py
[2023-12-19T17:36:07.584+0300] {processor.py:840} INFO - DAG(s) 'example_subdag_operator.section-1', 'example_subdag_operator.section-2', 'example_subdag_operator' retrieved from /home/hp/.local/lib/python3.10/site-packages/airflow/example_dags/example_subdag_operator.py
[2023-12-19T17:36:07.599+0300] {logging_mixin.py:188} INFO - [2023-12-19T17:36:07.598+0300] {dag.py:3033} INFO - Sync 3 DAGs
[2023-12-19T17:36:07.618+0300] {logging_mixin.py:188} INFO - [2023-12-19T17:36:07.617+0300] {dag.py:3820} INFO - Setting next_dagrun for example_subdag_operator to 2022-01-01T00:00:00+00:00, run_after=2022-01-01T00:00:00+00:00
[2023-12-19T17:36:07.621+0300] {logging_mixin.py:188} INFO - [2023-12-19T17:36:07.621+0300] {dag.py:3820} INFO - Setting next_dagrun for example_subdag_operator.section-1 to None, run_after=None
[2023-12-19T17:36:07.622+0300] {logging_mixin.py:188} INFO - [2023-12-19T17:36:07.622+0300] {dag.py:3820} INFO - Setting next_dagrun for example_subdag_operator.section-2 to None, run_after=None
[2023-12-19T17:36:07.627+0300] {logging_mixin.py:188} INFO - [2023-12-19T17:36:07.627+0300] {dag.py:3033} INFO - Sync 2 DAGs
[2023-12-19T17:36:07.631+0300] {logging_mixin.py:188} INFO - [2023-12-19T17:36:07.631+0300] {dag.py:3820} INFO - Setting next_dagrun for example_subdag_operator.section-1 to None, run_after=None
[2023-12-19T17:36:07.631+0300] {logging_mixin.py:188} INFO - [2023-12-19T17:36:07.631+0300] {dag.py:3820} INFO - Setting next_dagrun for example_subdag_operator.section-2 to None, run_after=None
[2023-12-19T17:36:07.749+0300] {processor.py:183} INFO - Processing /home/hp/.local/lib/python3.10/site-packages/airflow/example_dags/example_subdag_operator.py took 0.207 seconds
[2023-12-19T17:37:04.534+0300] {processor.py:161} INFO - Started process (PID=4522) to work on /home/hp/.local/lib/python3.10/site-packages/airflow/example_dags/example_subdag_operator.py
[2023-12-19T17:37:04.559+0300] {processor.py:830} INFO - Processing file /home/hp/.local/lib/python3.10/site-packages/airflow/example_dags/example_subdag_operator.py for tasks to queue
[2023-12-19T17:37:04.561+0300] {logging_mixin.py:188} INFO - [2023-12-19T17:37:04.560+0300] {dagbag.py:538} INFO - Filling up the DagBag from /home/hp/.local/lib/python3.10/site-packages/airflow/example_dags/example_subdag_operator.py
[2023-12-19T17:37:04.598+0300] {processor.py:840} INFO - DAG(s) 'example_subdag_operator.section-1', 'example_subdag_operator.section-2', 'example_subdag_operator' retrieved from /home/hp/.local/lib/python3.10/site-packages/airflow/example_dags/example_subdag_operator.py
[2023-12-19T17:37:04.613+0300] {logging_mixin.py:188} INFO - [2023-12-19T17:37:04.613+0300] {dag.py:3033} INFO - Sync 3 DAGs
[2023-12-19T17:37:04.632+0300] {logging_mixin.py:188} INFO - [2023-12-19T17:37:04.632+0300] {dag.py:3820} INFO - Setting next_dagrun for example_subdag_operator to 2022-01-01T00:00:00+00:00, run_after=2022-01-01T00:00:00+00:00
[2023-12-19T17:37:04.635+0300] {logging_mixin.py:188} INFO - [2023-12-19T17:37:04.635+0300] {dag.py:3820} INFO - Setting next_dagrun for example_subdag_operator.section-1 to None, run_after=None
[2023-12-19T17:37:04.636+0300] {logging_mixin.py:188} INFO - [2023-12-19T17:37:04.635+0300] {dag.py:3820} INFO - Setting next_dagrun for example_subdag_operator.section-2 to None, run_after=None
[2023-12-19T17:37:04.642+0300] {logging_mixin.py:188} INFO - [2023-12-19T17:37:04.642+0300] {dag.py:3033} INFO - Sync 2 DAGs
[2023-12-19T17:37:04.646+0300] {logging_mixin.py:188} INFO - [2023-12-19T17:37:04.646+0300] {dag.py:3820} INFO - Setting next_dagrun for example_subdag_operator.section-1 to None, run_after=None
[2023-12-19T17:37:04.647+0300] {logging_mixin.py:188} INFO - [2023-12-19T17:37:04.647+0300] {dag.py:3820} INFO - Setting next_dagrun for example_subdag_operator.section-2 to None, run_after=None
[2023-12-19T17:37:04.754+0300] {processor.py:183} INFO - Processing /home/hp/.local/lib/python3.10/site-packages/airflow/example_dags/example_subdag_operator.py took 0.225 seconds
[2023-12-19T17:37:59.893+0300] {processor.py:161} INFO - Started process (PID=4580) to work on /home/hp/.local/lib/python3.10/site-packages/airflow/example_dags/example_subdag_operator.py
[2023-12-19T17:37:59.910+0300] {processor.py:830} INFO - Processing file /home/hp/.local/lib/python3.10/site-packages/airflow/example_dags/example_subdag_operator.py for tasks to queue
[2023-12-19T17:37:59.911+0300] {logging_mixin.py:188} INFO - [2023-12-19T17:37:59.910+0300] {dagbag.py:538} INFO - Filling up the DagBag from /home/hp/.local/lib/python3.10/site-packages/airflow/example_dags/example_subdag_operator.py
[2023-12-19T17:37:59.935+0300] {processor.py:840} INFO - DAG(s) 'example_subdag_operator.section-1', 'example_subdag_operator.section-2', 'example_subdag_operator' retrieved from /home/hp/.local/lib/python3.10/site-packages/airflow/example_dags/example_subdag_operator.py
[2023-12-19T17:37:59.959+0300] {logging_mixin.py:188} INFO - [2023-12-19T17:37:59.959+0300] {dag.py:3033} INFO - Sync 3 DAGs
[2023-12-19T17:37:59.979+0300] {logging_mixin.py:188} INFO - [2023-12-19T17:37:59.979+0300] {dag.py:3820} INFO - Setting next_dagrun for example_subdag_operator to 2022-01-01T00:00:00+00:00, run_after=2022-01-01T00:00:00+00:00
[2023-12-19T17:37:59.982+0300] {logging_mixin.py:188} INFO - [2023-12-19T17:37:59.982+0300] {dag.py:3820} INFO - Setting next_dagrun for example_subdag_operator.section-1 to None, run_after=None
[2023-12-19T17:37:59.983+0300] {logging_mixin.py:188} INFO - [2023-12-19T17:37:59.983+0300] {dag.py:3820} INFO - Setting next_dagrun for example_subdag_operator.section-2 to None, run_after=None
[2023-12-19T17:37:59.989+0300] {logging_mixin.py:188} INFO - [2023-12-19T17:37:59.989+0300] {dag.py:3033} INFO - Sync 2 DAGs
[2023-12-19T17:37:59.993+0300] {logging_mixin.py:188} INFO - [2023-12-19T17:37:59.993+0300] {dag.py:3820} INFO - Setting next_dagrun for example_subdag_operator.section-1 to None, run_after=None
[2023-12-19T17:37:59.994+0300] {logging_mixin.py:188} INFO - [2023-12-19T17:37:59.993+0300] {dag.py:3820} INFO - Setting next_dagrun for example_subdag_operator.section-2 to None, run_after=None
[2023-12-19T17:38:00.120+0300] {processor.py:183} INFO - Processing /home/hp/.local/lib/python3.10/site-packages/airflow/example_dags/example_subdag_operator.py took 0.231 seconds
[2023-12-20T00:08:25.022+0300] {processor.py:161} INFO - Started process (PID=19705) to work on /home/hp/.local/lib/python3.10/site-packages/airflow/example_dags/example_subdag_operator.py
[2023-12-20T00:08:25.049+0300] {processor.py:830} INFO - Processing file /home/hp/.local/lib/python3.10/site-packages/airflow/example_dags/example_subdag_operator.py for tasks to queue
[2023-12-20T00:08:25.050+0300] {logging_mixin.py:188} INFO - [2023-12-20T00:08:25.049+0300] {dagbag.py:538} INFO - Filling up the DagBag from /home/hp/.local/lib/python3.10/site-packages/airflow/example_dags/example_subdag_operator.py
[2023-12-20T00:08:25.078+0300] {processor.py:840} INFO - DAG(s) 'example_subdag_operator.section-1', 'example_subdag_operator.section-2', 'example_subdag_operator' retrieved from /home/hp/.local/lib/python3.10/site-packages/airflow/example_dags/example_subdag_operator.py
[2023-12-20T00:08:25.100+0300] {logging_mixin.py:188} INFO - [2023-12-20T00:08:25.100+0300] {dag.py:3033} INFO - Sync 3 DAGs
[2023-12-20T00:08:25.119+0300] {logging_mixin.py:188} INFO - [2023-12-20T00:08:25.119+0300] {dag.py:3820} INFO - Setting next_dagrun for example_subdag_operator to 2022-01-01T00:00:00+00:00, run_after=2022-01-01T00:00:00+00:00
[2023-12-20T00:08:25.122+0300] {logging_mixin.py:188} INFO - [2023-12-20T00:08:25.122+0300] {dag.py:3820} INFO - Setting next_dagrun for example_subdag_operator.section-1 to None, run_after=None
[2023-12-20T00:08:25.123+0300] {logging_mixin.py:188} INFO - [2023-12-20T00:08:25.123+0300] {dag.py:3820} INFO - Setting next_dagrun for example_subdag_operator.section-2 to None, run_after=None
[2023-12-20T00:08:25.128+0300] {logging_mixin.py:188} INFO - [2023-12-20T00:08:25.128+0300] {dag.py:3033} INFO - Sync 2 DAGs
[2023-12-20T00:08:25.132+0300] {logging_mixin.py:188} INFO - [2023-12-20T00:08:25.132+0300] {dag.py:3820} INFO - Setting next_dagrun for example_subdag_operator.section-1 to None, run_after=None
[2023-12-20T00:08:25.132+0300] {logging_mixin.py:188} INFO - [2023-12-20T00:08:25.132+0300] {dag.py:3820} INFO - Setting next_dagrun for example_subdag_operator.section-2 to None, run_after=None
[2023-12-20T00:08:25.347+0300] {processor.py:183} INFO - Processing /home/hp/.local/lib/python3.10/site-packages/airflow/example_dags/example_subdag_operator.py took 0.329 seconds
[2023-12-20T00:09:26.479+0300] {processor.py:161} INFO - Started process (PID=19763) to work on /home/hp/.local/lib/python3.10/site-packages/airflow/example_dags/example_subdag_operator.py
[2023-12-20T00:09:26.480+0300] {processor.py:830} INFO - Processing file /home/hp/.local/lib/python3.10/site-packages/airflow/example_dags/example_subdag_operator.py for tasks to queue
[2023-12-20T00:09:26.481+0300] {logging_mixin.py:188} INFO - [2023-12-20T00:09:26.481+0300] {dagbag.py:538} INFO - Filling up the DagBag from /home/hp/.local/lib/python3.10/site-packages/airflow/example_dags/example_subdag_operator.py
[2023-12-20T00:09:26.505+0300] {processor.py:840} INFO - DAG(s) 'example_subdag_operator.section-1', 'example_subdag_operator.section-2', 'example_subdag_operator' retrieved from /home/hp/.local/lib/python3.10/site-packages/airflow/example_dags/example_subdag_operator.py
[2023-12-20T00:09:26.522+0300] {logging_mixin.py:188} INFO - [2023-12-20T00:09:26.522+0300] {dag.py:3033} INFO - Sync 3 DAGs
[2023-12-20T00:09:26.543+0300] {logging_mixin.py:188} INFO - [2023-12-20T00:09:26.543+0300] {dag.py:3820} INFO - Setting next_dagrun for example_subdag_operator to 2022-01-01T00:00:00+00:00, run_after=2022-01-01T00:00:00+00:00
[2023-12-20T00:09:26.547+0300] {logging_mixin.py:188} INFO - [2023-12-20T00:09:26.547+0300] {dag.py:3820} INFO - Setting next_dagrun for example_subdag_operator.section-1 to None, run_after=None
[2023-12-20T00:09:26.548+0300] {logging_mixin.py:188} INFO - [2023-12-20T00:09:26.548+0300] {dag.py:3820} INFO - Setting next_dagrun for example_subdag_operator.section-2 to None, run_after=None
[2023-12-20T00:09:26.554+0300] {logging_mixin.py:188} INFO - [2023-12-20T00:09:26.554+0300] {dag.py:3033} INFO - Sync 2 DAGs
[2023-12-20T00:09:26.558+0300] {logging_mixin.py:188} INFO - [2023-12-20T00:09:26.558+0300] {dag.py:3820} INFO - Setting next_dagrun for example_subdag_operator.section-1 to None, run_after=None
[2023-12-20T00:09:26.558+0300] {logging_mixin.py:188} INFO - [2023-12-20T00:09:26.558+0300] {dag.py:3820} INFO - Setting next_dagrun for example_subdag_operator.section-2 to None, run_after=None
[2023-12-20T00:09:26.696+0300] {processor.py:183} INFO - Processing /home/hp/.local/lib/python3.10/site-packages/airflow/example_dags/example_subdag_operator.py took 0.221 seconds
[2023-12-20T00:10:26.947+0300] {processor.py:161} INFO - Started process (PID=19829) to work on /home/hp/.local/lib/python3.10/site-packages/airflow/example_dags/example_subdag_operator.py
[2023-12-20T00:10:26.948+0300] {processor.py:830} INFO - Processing file /home/hp/.local/lib/python3.10/site-packages/airflow/example_dags/example_subdag_operator.py for tasks to queue
[2023-12-20T00:10:26.949+0300] {logging_mixin.py:188} INFO - [2023-12-20T00:10:26.949+0300] {dagbag.py:538} INFO - Filling up the DagBag from /home/hp/.local/lib/python3.10/site-packages/airflow/example_dags/example_subdag_operator.py
[2023-12-20T00:10:26.968+0300] {processor.py:840} INFO - DAG(s) 'example_subdag_operator.section-1', 'example_subdag_operator.section-2', 'example_subdag_operator' retrieved from /home/hp/.local/lib/python3.10/site-packages/airflow/example_dags/example_subdag_operator.py
[2023-12-20T00:10:26.983+0300] {logging_mixin.py:188} INFO - [2023-12-20T00:10:26.983+0300] {dag.py:3033} INFO - Sync 3 DAGs
[2023-12-20T00:10:27.002+0300] {logging_mixin.py:188} INFO - [2023-12-20T00:10:27.002+0300] {dag.py:3820} INFO - Setting next_dagrun for example_subdag_operator to 2022-01-01T00:00:00+00:00, run_after=2022-01-01T00:00:00+00:00
[2023-12-20T00:10:27.005+0300] {logging_mixin.py:188} INFO - [2023-12-20T00:10:27.005+0300] {dag.py:3820} INFO - Setting next_dagrun for example_subdag_operator.section-1 to None, run_after=None
[2023-12-20T00:10:27.006+0300] {logging_mixin.py:188} INFO - [2023-12-20T00:10:27.006+0300] {dag.py:3820} INFO - Setting next_dagrun for example_subdag_operator.section-2 to None, run_after=None
[2023-12-20T00:10:27.011+0300] {logging_mixin.py:188} INFO - [2023-12-20T00:10:27.011+0300] {dag.py:3033} INFO - Sync 2 DAGs
[2023-12-20T00:10:27.015+0300] {logging_mixin.py:188} INFO - [2023-12-20T00:10:27.015+0300] {dag.py:3820} INFO - Setting next_dagrun for example_subdag_operator.section-1 to None, run_after=None
[2023-12-20T00:10:27.016+0300] {logging_mixin.py:188} INFO - [2023-12-20T00:10:27.016+0300] {dag.py:3820} INFO - Setting next_dagrun for example_subdag_operator.section-2 to None, run_after=None
[2023-12-20T00:10:27.167+0300] {processor.py:183} INFO - Processing /home/hp/.local/lib/python3.10/site-packages/airflow/example_dags/example_subdag_operator.py took 0.223 seconds
[2023-12-20T00:11:25.836+0300] {processor.py:161} INFO - Started process (PID=19889) to work on /home/hp/.local/lib/python3.10/site-packages/airflow/example_dags/example_subdag_operator.py
[2023-12-20T00:11:25.837+0300] {processor.py:830} INFO - Processing file /home/hp/.local/lib/python3.10/site-packages/airflow/example_dags/example_subdag_operator.py for tasks to queue
[2023-12-20T00:11:25.838+0300] {logging_mixin.py:188} INFO - [2023-12-20T00:11:25.838+0300] {dagbag.py:538} INFO - Filling up the DagBag from /home/hp/.local/lib/python3.10/site-packages/airflow/example_dags/example_subdag_operator.py
[2023-12-20T00:11:25.857+0300] {processor.py:840} INFO - DAG(s) 'example_subdag_operator.section-1', 'example_subdag_operator.section-2', 'example_subdag_operator' retrieved from /home/hp/.local/lib/python3.10/site-packages/airflow/example_dags/example_subdag_operator.py
[2023-12-20T00:11:25.872+0300] {logging_mixin.py:188} INFO - [2023-12-20T00:11:25.872+0300] {dag.py:3033} INFO - Sync 3 DAGs
[2023-12-20T00:11:25.891+0300] {logging_mixin.py:188} INFO - [2023-12-20T00:11:25.891+0300] {dag.py:3820} INFO - Setting next_dagrun for example_subdag_operator to 2022-01-01T00:00:00+00:00, run_after=2022-01-01T00:00:00+00:00
[2023-12-20T00:11:25.895+0300] {logging_mixin.py:188} INFO - [2023-12-20T00:11:25.894+0300] {dag.py:3820} INFO - Setting next_dagrun for example_subdag_operator.section-1 to None, run_after=None
[2023-12-20T00:11:25.896+0300] {logging_mixin.py:188} INFO - [2023-12-20T00:11:25.895+0300] {dag.py:3820} INFO - Setting next_dagrun for example_subdag_operator.section-2 to None, run_after=None
[2023-12-20T00:11:25.901+0300] {logging_mixin.py:188} INFO - [2023-12-20T00:11:25.901+0300] {dag.py:3033} INFO - Sync 2 DAGs
[2023-12-20T00:11:25.905+0300] {logging_mixin.py:188} INFO - [2023-12-20T00:11:25.905+0300] {dag.py:3820} INFO - Setting next_dagrun for example_subdag_operator.section-1 to None, run_after=None
[2023-12-20T00:11:25.905+0300] {logging_mixin.py:188} INFO - [2023-12-20T00:11:25.905+0300] {dag.py:3820} INFO - Setting next_dagrun for example_subdag_operator.section-2 to None, run_after=None
[2023-12-20T00:11:26.059+0300] {processor.py:183} INFO - Processing /home/hp/.local/lib/python3.10/site-packages/airflow/example_dags/example_subdag_operator.py took 0.226 seconds
[2023-12-20T00:12:29.072+0300] {processor.py:161} INFO - Started process (PID=19962) to work on /home/hp/.local/lib/python3.10/site-packages/airflow/example_dags/example_subdag_operator.py
[2023-12-20T00:12:29.109+0300] {processor.py:830} INFO - Processing file /home/hp/.local/lib/python3.10/site-packages/airflow/example_dags/example_subdag_operator.py for tasks to queue
[2023-12-20T00:12:29.112+0300] {logging_mixin.py:188} INFO - [2023-12-20T00:12:29.111+0300] {dagbag.py:538} INFO - Filling up the DagBag from /home/hp/.local/lib/python3.10/site-packages/airflow/example_dags/example_subdag_operator.py
[2023-12-20T00:12:29.160+0300] {processor.py:840} INFO - DAG(s) 'example_subdag_operator.section-1', 'example_subdag_operator.section-2', 'example_subdag_operator' retrieved from /home/hp/.local/lib/python3.10/site-packages/airflow/example_dags/example_subdag_operator.py
[2023-12-20T00:12:29.175+0300] {logging_mixin.py:188} INFO - [2023-12-20T00:12:29.175+0300] {dag.py:3033} INFO - Sync 3 DAGs
[2023-12-20T00:12:29.194+0300] {logging_mixin.py:188} INFO - [2023-12-20T00:12:29.193+0300] {dag.py:3820} INFO - Setting next_dagrun for example_subdag_operator to 2022-01-01T00:00:00+00:00, run_after=2022-01-01T00:00:00+00:00
[2023-12-20T00:12:29.197+0300] {logging_mixin.py:188} INFO - [2023-12-20T00:12:29.197+0300] {dag.py:3820} INFO - Setting next_dagrun for example_subdag_operator.section-1 to None, run_after=None
[2023-12-20T00:12:29.198+0300] {logging_mixin.py:188} INFO - [2023-12-20T00:12:29.198+0300] {dag.py:3820} INFO - Setting next_dagrun for example_subdag_operator.section-2 to None, run_after=None
[2023-12-20T00:12:29.203+0300] {logging_mixin.py:188} INFO - [2023-12-20T00:12:29.203+0300] {dag.py:3033} INFO - Sync 2 DAGs
[2023-12-20T00:12:29.207+0300] {logging_mixin.py:188} INFO - [2023-12-20T00:12:29.207+0300] {dag.py:3820} INFO - Setting next_dagrun for example_subdag_operator.section-1 to None, run_after=None
[2023-12-20T00:12:29.207+0300] {logging_mixin.py:188} INFO - [2023-12-20T00:12:29.207+0300] {dag.py:3820} INFO - Setting next_dagrun for example_subdag_operator.section-2 to None, run_after=None
[2023-12-20T00:12:29.324+0300] {processor.py:183} INFO - Processing /home/hp/.local/lib/python3.10/site-packages/airflow/example_dags/example_subdag_operator.py took 0.256 seconds
