[2023-12-19T17:32:18.904+0300] {processor.py:161} INFO - Started process (PID=4020) to work on /home/hp/.local/lib/python3.10/site-packages/airflow/example_dags/example_branch_python_dop_operator_3.py
[2023-12-19T17:32:18.905+0300] {processor.py:830} INFO - Processing file /home/hp/.local/lib/python3.10/site-packages/airflow/example_dags/example_branch_python_dop_operator_3.py for tasks to queue
[2023-12-19T17:32:18.906+0300] {logging_mixin.py:188} INFO - [2023-12-19T17:32:18.906+0300] {dagbag.py:538} INFO - Filling up the DagBag from /home/hp/.local/lib/python3.10/site-packages/airflow/example_dags/example_branch_python_dop_operator_3.py
[2023-12-19T17:32:18.917+0300] {processor.py:840} INFO - DAG(s) 'example_branch_dop_operator_v3' retrieved from /home/hp/.local/lib/python3.10/site-packages/airflow/example_dags/example_branch_python_dop_operator_3.py
[2023-12-19T17:32:19.233+0300] {logging_mixin.py:188} INFO - [2023-12-19T17:32:19.230+0300] {override.py:1769} INFO - Created Permission View: can read on DAG:example_branch_dop_operator_v3
[2023-12-19T17:32:19.354+0300] {logging_mixin.py:188} INFO - [2023-12-19T17:32:19.352+0300] {override.py:1769} INFO - Created Permission View: can delete on DAG:example_branch_dop_operator_v3
[2023-12-19T17:32:19.464+0300] {logging_mixin.py:188} INFO - [2023-12-19T17:32:19.463+0300] {override.py:1769} INFO - Created Permission View: can edit on DAG:example_branch_dop_operator_v3
[2023-12-19T17:32:19.466+0300] {logging_mixin.py:188} INFO - [2023-12-19T17:32:19.465+0300] {dag.py:3033} INFO - Sync 1 DAGs
[2023-12-19T17:32:19.503+0300] {logging_mixin.py:188} INFO - [2023-12-19T17:32:19.503+0300] {dag.py:3055} INFO - Creating ORM DAG for example_branch_dop_operator_v3
[2023-12-19T17:32:19.517+0300] {logging_mixin.py:188} INFO - [2023-12-19T17:32:19.517+0300] {dag.py:3820} INFO - Setting next_dagrun for example_branch_dop_operator_v3 to 2023-12-19T14:31:00+00:00, run_after=2023-12-19T14:32:00+00:00
[2023-12-19T17:32:19.798+0300] {processor.py:183} INFO - Processing /home/hp/.local/lib/python3.10/site-packages/airflow/example_dags/example_branch_python_dop_operator_3.py took 0.898 seconds
[2023-12-19T17:33:38.953+0300] {processor.py:161} INFO - Started process (PID=4232) to work on /home/hp/.local/lib/python3.10/site-packages/airflow/example_dags/example_branch_python_dop_operator_3.py
[2023-12-19T17:33:38.968+0300] {processor.py:830} INFO - Processing file /home/hp/.local/lib/python3.10/site-packages/airflow/example_dags/example_branch_python_dop_operator_3.py for tasks to queue
[2023-12-19T17:33:38.969+0300] {logging_mixin.py:188} INFO - [2023-12-19T17:33:38.969+0300] {dagbag.py:538} INFO - Filling up the DagBag from /home/hp/.local/lib/python3.10/site-packages/airflow/example_dags/example_branch_python_dop_operator_3.py
[2023-12-19T17:33:38.978+0300] {processor.py:840} INFO - DAG(s) 'example_branch_dop_operator_v3' retrieved from /home/hp/.local/lib/python3.10/site-packages/airflow/example_dags/example_branch_python_dop_operator_3.py
[2023-12-19T17:33:38.995+0300] {logging_mixin.py:188} INFO - [2023-12-19T17:33:38.995+0300] {dag.py:3033} INFO - Sync 1 DAGs
[2023-12-19T17:33:39.019+0300] {logging_mixin.py:188} INFO - [2023-12-19T17:33:39.019+0300] {dag.py:3820} INFO - Setting next_dagrun for example_branch_dop_operator_v3 to 2023-12-19T14:32:00+00:00, run_after=2023-12-19T14:33:00+00:00
[2023-12-19T17:33:39.156+0300] {processor.py:183} INFO - Processing /home/hp/.local/lib/python3.10/site-packages/airflow/example_dags/example_branch_python_dop_operator_3.py took 0.207 seconds
[2023-12-19T17:34:38.497+0300] {processor.py:161} INFO - Started process (PID=4332) to work on /home/hp/.local/lib/python3.10/site-packages/airflow/example_dags/example_branch_python_dop_operator_3.py
[2023-12-19T17:34:38.516+0300] {processor.py:830} INFO - Processing file /home/hp/.local/lib/python3.10/site-packages/airflow/example_dags/example_branch_python_dop_operator_3.py for tasks to queue
[2023-12-19T17:34:38.517+0300] {logging_mixin.py:188} INFO - [2023-12-19T17:34:38.517+0300] {dagbag.py:538} INFO - Filling up the DagBag from /home/hp/.local/lib/python3.10/site-packages/airflow/example_dags/example_branch_python_dop_operator_3.py
[2023-12-19T17:34:38.535+0300] {processor.py:840} INFO - DAG(s) 'example_branch_dop_operator_v3' retrieved from /home/hp/.local/lib/python3.10/site-packages/airflow/example_dags/example_branch_python_dop_operator_3.py
[2023-12-19T17:34:38.558+0300] {logging_mixin.py:188} INFO - [2023-12-19T17:34:38.558+0300] {dag.py:3033} INFO - Sync 1 DAGs
[2023-12-19T17:34:38.581+0300] {logging_mixin.py:188} INFO - [2023-12-19T17:34:38.580+0300] {dag.py:3820} INFO - Setting next_dagrun for example_branch_dop_operator_v3 to 2023-12-19T14:33:00+00:00, run_after=2023-12-19T14:34:00+00:00
[2023-12-19T17:34:38.724+0300] {processor.py:183} INFO - Processing /home/hp/.local/lib/python3.10/site-packages/airflow/example_dags/example_branch_python_dop_operator_3.py took 0.231 seconds
[2023-12-19T17:35:39.162+0300] {processor.py:161} INFO - Started process (PID=4395) to work on /home/hp/.local/lib/python3.10/site-packages/airflow/example_dags/example_branch_python_dop_operator_3.py
[2023-12-19T17:35:39.170+0300] {processor.py:830} INFO - Processing file /home/hp/.local/lib/python3.10/site-packages/airflow/example_dags/example_branch_python_dop_operator_3.py for tasks to queue
[2023-12-19T17:35:39.171+0300] {logging_mixin.py:188} INFO - [2023-12-19T17:35:39.170+0300] {dagbag.py:538} INFO - Filling up the DagBag from /home/hp/.local/lib/python3.10/site-packages/airflow/example_dags/example_branch_python_dop_operator_3.py
[2023-12-19T17:35:39.180+0300] {processor.py:840} INFO - DAG(s) 'example_branch_dop_operator_v3' retrieved from /home/hp/.local/lib/python3.10/site-packages/airflow/example_dags/example_branch_python_dop_operator_3.py
[2023-12-19T17:35:39.195+0300] {logging_mixin.py:188} INFO - [2023-12-19T17:35:39.195+0300] {dag.py:3033} INFO - Sync 1 DAGs
[2023-12-19T17:35:39.218+0300] {logging_mixin.py:188} INFO - [2023-12-19T17:35:39.218+0300] {dag.py:3820} INFO - Setting next_dagrun for example_branch_dop_operator_v3 to 2023-12-19T14:34:00+00:00, run_after=2023-12-19T14:35:00+00:00
[2023-12-19T17:35:39.355+0300] {processor.py:183} INFO - Processing /home/hp/.local/lib/python3.10/site-packages/airflow/example_dags/example_branch_python_dop_operator_3.py took 0.196 seconds
[2023-12-19T17:36:38.585+0300] {processor.py:161} INFO - Started process (PID=4489) to work on /home/hp/.local/lib/python3.10/site-packages/airflow/example_dags/example_branch_python_dop_operator_3.py
[2023-12-19T17:36:38.606+0300] {processor.py:830} INFO - Processing file /home/hp/.local/lib/python3.10/site-packages/airflow/example_dags/example_branch_python_dop_operator_3.py for tasks to queue
[2023-12-19T17:36:38.607+0300] {logging_mixin.py:188} INFO - [2023-12-19T17:36:38.607+0300] {dagbag.py:538} INFO - Filling up the DagBag from /home/hp/.local/lib/python3.10/site-packages/airflow/example_dags/example_branch_python_dop_operator_3.py
[2023-12-19T17:36:38.618+0300] {processor.py:840} INFO - DAG(s) 'example_branch_dop_operator_v3' retrieved from /home/hp/.local/lib/python3.10/site-packages/airflow/example_dags/example_branch_python_dop_operator_3.py
[2023-12-19T17:36:38.634+0300] {logging_mixin.py:188} INFO - [2023-12-19T17:36:38.633+0300] {dag.py:3033} INFO - Sync 1 DAGs
[2023-12-19T17:36:38.656+0300] {logging_mixin.py:188} INFO - [2023-12-19T17:36:38.656+0300] {dag.py:3820} INFO - Setting next_dagrun for example_branch_dop_operator_v3 to 2023-12-19T14:35:00+00:00, run_after=2023-12-19T14:36:00+00:00
[2023-12-19T17:36:38.780+0300] {processor.py:183} INFO - Processing /home/hp/.local/lib/python3.10/site-packages/airflow/example_dags/example_branch_python_dop_operator_3.py took 0.201 seconds
[2023-12-19T17:37:35.859+0300] {processor.py:161} INFO - Started process (PID=4551) to work on /home/hp/.local/lib/python3.10/site-packages/airflow/example_dags/example_branch_python_dop_operator_3.py
[2023-12-19T17:37:35.879+0300] {processor.py:830} INFO - Processing file /home/hp/.local/lib/python3.10/site-packages/airflow/example_dags/example_branch_python_dop_operator_3.py for tasks to queue
[2023-12-19T17:37:35.880+0300] {logging_mixin.py:188} INFO - [2023-12-19T17:37:35.879+0300] {dagbag.py:538} INFO - Filling up the DagBag from /home/hp/.local/lib/python3.10/site-packages/airflow/example_dags/example_branch_python_dop_operator_3.py
[2023-12-19T17:37:35.899+0300] {processor.py:840} INFO - DAG(s) 'example_branch_dop_operator_v3' retrieved from /home/hp/.local/lib/python3.10/site-packages/airflow/example_dags/example_branch_python_dop_operator_3.py
[2023-12-19T17:37:35.923+0300] {logging_mixin.py:188} INFO - [2023-12-19T17:37:35.923+0300] {dag.py:3033} INFO - Sync 1 DAGs
[2023-12-19T17:37:35.945+0300] {logging_mixin.py:188} INFO - [2023-12-19T17:37:35.945+0300] {dag.py:3820} INFO - Setting next_dagrun for example_branch_dop_operator_v3 to 2023-12-19T14:36:00+00:00, run_after=2023-12-19T14:37:00+00:00
[2023-12-19T17:37:36.076+0300] {processor.py:183} INFO - Processing /home/hp/.local/lib/python3.10/site-packages/airflow/example_dags/example_branch_python_dop_operator_3.py took 0.220 seconds
[2023-12-19T17:38:33.398+0300] {processor.py:161} INFO - Started process (PID=4623) to work on /home/hp/.local/lib/python3.10/site-packages/airflow/example_dags/example_branch_python_dop_operator_3.py
[2023-12-19T17:38:33.417+0300] {processor.py:830} INFO - Processing file /home/hp/.local/lib/python3.10/site-packages/airflow/example_dags/example_branch_python_dop_operator_3.py for tasks to queue
[2023-12-19T17:38:33.418+0300] {logging_mixin.py:188} INFO - [2023-12-19T17:38:33.417+0300] {dagbag.py:538} INFO - Filling up the DagBag from /home/hp/.local/lib/python3.10/site-packages/airflow/example_dags/example_branch_python_dop_operator_3.py
[2023-12-19T17:38:33.428+0300] {processor.py:840} INFO - DAG(s) 'example_branch_dop_operator_v3' retrieved from /home/hp/.local/lib/python3.10/site-packages/airflow/example_dags/example_branch_python_dop_operator_3.py
[2023-12-19T17:38:33.445+0300] {logging_mixin.py:188} INFO - [2023-12-19T17:38:33.444+0300] {dag.py:3033} INFO - Sync 1 DAGs
[2023-12-19T17:38:33.468+0300] {logging_mixin.py:188} INFO - [2023-12-19T17:38:33.468+0300] {dag.py:3820} INFO - Setting next_dagrun for example_branch_dop_operator_v3 to 2023-12-19T14:37:00+00:00, run_after=2023-12-19T14:38:00+00:00
[2023-12-19T17:38:33.699+0300] {processor.py:183} INFO - Processing /home/hp/.local/lib/python3.10/site-packages/airflow/example_dags/example_branch_python_dop_operator_3.py took 0.305 seconds
[2023-12-20T00:08:45.653+0300] {processor.py:161} INFO - Started process (PID=19723) to work on /home/hp/.local/lib/python3.10/site-packages/airflow/example_dags/example_branch_python_dop_operator_3.py
[2023-12-20T00:08:45.655+0300] {processor.py:830} INFO - Processing file /home/hp/.local/lib/python3.10/site-packages/airflow/example_dags/example_branch_python_dop_operator_3.py for tasks to queue
[2023-12-20T00:08:45.656+0300] {logging_mixin.py:188} INFO - [2023-12-20T00:08:45.655+0300] {dagbag.py:538} INFO - Filling up the DagBag from /home/hp/.local/lib/python3.10/site-packages/airflow/example_dags/example_branch_python_dop_operator_3.py
[2023-12-20T00:08:45.665+0300] {processor.py:840} INFO - DAG(s) 'example_branch_dop_operator_v3' retrieved from /home/hp/.local/lib/python3.10/site-packages/airflow/example_dags/example_branch_python_dop_operator_3.py
[2023-12-20T00:08:45.681+0300] {logging_mixin.py:188} INFO - [2023-12-20T00:08:45.681+0300] {dag.py:3033} INFO - Sync 1 DAGs
[2023-12-20T00:08:45.704+0300] {logging_mixin.py:188} INFO - [2023-12-20T00:08:45.704+0300] {dag.py:3820} INFO - Setting next_dagrun for example_branch_dop_operator_v3 to 2023-12-19T21:07:00+00:00, run_after=2023-12-19T21:08:00+00:00
[2023-12-20T00:08:45.968+0300] {processor.py:183} INFO - Processing /home/hp/.local/lib/python3.10/site-packages/airflow/example_dags/example_branch_python_dop_operator_3.py took 0.318 seconds
[2023-12-20T00:09:48.803+0300] {processor.py:161} INFO - Started process (PID=19786) to work on /home/hp/.local/lib/python3.10/site-packages/airflow/example_dags/example_branch_python_dop_operator_3.py
[2023-12-20T00:09:48.841+0300] {processor.py:830} INFO - Processing file /home/hp/.local/lib/python3.10/site-packages/airflow/example_dags/example_branch_python_dop_operator_3.py for tasks to queue
[2023-12-20T00:09:48.843+0300] {logging_mixin.py:188} INFO - [2023-12-20T00:09:48.842+0300] {dagbag.py:538} INFO - Filling up the DagBag from /home/hp/.local/lib/python3.10/site-packages/airflow/example_dags/example_branch_python_dop_operator_3.py
[2023-12-20T00:09:48.877+0300] {processor.py:840} INFO - DAG(s) 'example_branch_dop_operator_v3' retrieved from /home/hp/.local/lib/python3.10/site-packages/airflow/example_dags/example_branch_python_dop_operator_3.py
[2023-12-20T00:09:48.898+0300] {logging_mixin.py:188} INFO - [2023-12-20T00:09:48.898+0300] {dag.py:3033} INFO - Sync 1 DAGs
[2023-12-20T00:09:48.921+0300] {logging_mixin.py:188} INFO - [2023-12-20T00:09:48.920+0300] {dag.py:3820} INFO - Setting next_dagrun for example_branch_dop_operator_v3 to 2023-12-19T21:08:00+00:00, run_after=2023-12-19T21:09:00+00:00
[2023-12-20T00:09:49.076+0300] {processor.py:183} INFO - Processing /home/hp/.local/lib/python3.10/site-packages/airflow/example_dags/example_branch_python_dop_operator_3.py took 0.276 seconds
[2023-12-20T00:10:48.098+0300] {processor.py:161} INFO - Started process (PID=19852) to work on /home/hp/.local/lib/python3.10/site-packages/airflow/example_dags/example_branch_python_dop_operator_3.py
[2023-12-20T00:10:48.099+0300] {processor.py:830} INFO - Processing file /home/hp/.local/lib/python3.10/site-packages/airflow/example_dags/example_branch_python_dop_operator_3.py for tasks to queue
[2023-12-20T00:10:48.100+0300] {logging_mixin.py:188} INFO - [2023-12-20T00:10:48.100+0300] {dagbag.py:538} INFO - Filling up the DagBag from /home/hp/.local/lib/python3.10/site-packages/airflow/example_dags/example_branch_python_dop_operator_3.py
[2023-12-20T00:10:48.110+0300] {processor.py:840} INFO - DAG(s) 'example_branch_dop_operator_v3' retrieved from /home/hp/.local/lib/python3.10/site-packages/airflow/example_dags/example_branch_python_dop_operator_3.py
[2023-12-20T00:10:48.126+0300] {logging_mixin.py:188} INFO - [2023-12-20T00:10:48.126+0300] {dag.py:3033} INFO - Sync 1 DAGs
[2023-12-20T00:10:48.148+0300] {logging_mixin.py:188} INFO - [2023-12-20T00:10:48.148+0300] {dag.py:3820} INFO - Setting next_dagrun for example_branch_dop_operator_v3 to 2023-12-19T21:09:00+00:00, run_after=2023-12-19T21:10:00+00:00
[2023-12-20T00:10:48.311+0300] {processor.py:183} INFO - Processing /home/hp/.local/lib/python3.10/site-packages/airflow/example_dags/example_branch_python_dop_operator_3.py took 0.216 seconds
[2023-12-20T00:11:48.479+0300] {processor.py:161} INFO - Started process (PID=19912) to work on /home/hp/.local/lib/python3.10/site-packages/airflow/example_dags/example_branch_python_dop_operator_3.py
[2023-12-20T00:11:48.480+0300] {processor.py:830} INFO - Processing file /home/hp/.local/lib/python3.10/site-packages/airflow/example_dags/example_branch_python_dop_operator_3.py for tasks to queue
[2023-12-20T00:11:48.481+0300] {logging_mixin.py:188} INFO - [2023-12-20T00:11:48.481+0300] {dagbag.py:538} INFO - Filling up the DagBag from /home/hp/.local/lib/python3.10/site-packages/airflow/example_dags/example_branch_python_dop_operator_3.py
[2023-12-20T00:11:48.491+0300] {processor.py:840} INFO - DAG(s) 'example_branch_dop_operator_v3' retrieved from /home/hp/.local/lib/python3.10/site-packages/airflow/example_dags/example_branch_python_dop_operator_3.py
[2023-12-20T00:11:48.508+0300] {logging_mixin.py:188} INFO - [2023-12-20T00:11:48.507+0300] {dag.py:3033} INFO - Sync 1 DAGs
[2023-12-20T00:11:48.530+0300] {logging_mixin.py:188} INFO - [2023-12-20T00:11:48.530+0300] {dag.py:3820} INFO - Setting next_dagrun for example_branch_dop_operator_v3 to 2023-12-19T21:10:00+00:00, run_after=2023-12-19T21:11:00+00:00
[2023-12-20T00:11:48.677+0300] {processor.py:183} INFO - Processing /home/hp/.local/lib/python3.10/site-packages/airflow/example_dags/example_branch_python_dop_operator_3.py took 0.201 seconds
[2023-12-20T00:12:48.987+0300] {processor.py:161} INFO - Started process (PID=19990) to work on /home/hp/.local/lib/python3.10/site-packages/airflow/example_dags/example_branch_python_dop_operator_3.py
[2023-12-20T00:12:48.989+0300] {processor.py:830} INFO - Processing file /home/hp/.local/lib/python3.10/site-packages/airflow/example_dags/example_branch_python_dop_operator_3.py for tasks to queue
[2023-12-20T00:12:48.990+0300] {logging_mixin.py:188} INFO - [2023-12-20T00:12:48.989+0300] {dagbag.py:538} INFO - Filling up the DagBag from /home/hp/.local/lib/python3.10/site-packages/airflow/example_dags/example_branch_python_dop_operator_3.py
[2023-12-20T00:12:49.001+0300] {processor.py:840} INFO - DAG(s) 'example_branch_dop_operator_v3' retrieved from /home/hp/.local/lib/python3.10/site-packages/airflow/example_dags/example_branch_python_dop_operator_3.py
[2023-12-20T00:12:49.018+0300] {logging_mixin.py:188} INFO - [2023-12-20T00:12:49.018+0300] {dag.py:3033} INFO - Sync 1 DAGs
[2023-12-20T00:12:49.040+0300] {logging_mixin.py:188} INFO - [2023-12-20T00:12:49.040+0300] {dag.py:3820} INFO - Setting next_dagrun for example_branch_dop_operator_v3 to 2023-12-19T21:11:00+00:00, run_after=2023-12-19T21:12:00+00:00
[2023-12-20T00:12:49.200+0300] {processor.py:183} INFO - Processing /home/hp/.local/lib/python3.10/site-packages/airflow/example_dags/example_branch_python_dop_operator_3.py took 0.217 seconds
