[2023-12-19T17:32:14.881+0300] {processor.py:161} INFO - Started process (PID=4018) to work on /home/hp/.local/lib/python3.10/site-packages/airflow/example_dags/example_branch_operator_decorator.py
[2023-12-19T17:32:14.882+0300] {processor.py:830} INFO - Processing file /home/hp/.local/lib/python3.10/site-packages/airflow/example_dags/example_branch_operator_decorator.py for tasks to queue
[2023-12-19T17:32:14.883+0300] {logging_mixin.py:188} INFO - [2023-12-19T17:32:14.883+0300] {dagbag.py:538} INFO - Filling up the DagBag from /home/hp/.local/lib/python3.10/site-packages/airflow/example_dags/example_branch_operator_decorator.py
[2023-12-19T17:32:14.903+0300] {processor.py:840} INFO - DAG(s) 'example_branch_python_operator_decorator' retrieved from /home/hp/.local/lib/python3.10/site-packages/airflow/example_dags/example_branch_operator_decorator.py
[2023-12-19T17:32:15.232+0300] {logging_mixin.py:188} INFO - [2023-12-19T17:32:15.230+0300] {override.py:1769} INFO - Created Permission View: can read on DAG:example_branch_python_operator_decorator
[2023-12-19T17:32:15.353+0300] {logging_mixin.py:188} INFO - [2023-12-19T17:32:15.352+0300] {override.py:1769} INFO - Created Permission View: can delete on DAG:example_branch_python_operator_decorator
[2023-12-19T17:32:15.464+0300] {logging_mixin.py:188} INFO - [2023-12-19T17:32:15.463+0300] {override.py:1769} INFO - Created Permission View: can edit on DAG:example_branch_python_operator_decorator
[2023-12-19T17:32:15.466+0300] {logging_mixin.py:188} INFO - [2023-12-19T17:32:15.465+0300] {dag.py:3033} INFO - Sync 1 DAGs
[2023-12-19T17:32:15.504+0300] {logging_mixin.py:188} INFO - [2023-12-19T17:32:15.504+0300] {dag.py:3055} INFO - Creating ORM DAG for example_branch_python_operator_decorator
[2023-12-19T17:32:15.517+0300] {logging_mixin.py:188} INFO - [2023-12-19T17:32:15.517+0300] {dag.py:3820} INFO - Setting next_dagrun for example_branch_python_operator_decorator to 2023-12-18T00:00:00+00:00, run_after=2023-12-19T00:00:00+00:00
[2023-12-19T17:32:15.787+0300] {processor.py:183} INFO - Processing /home/hp/.local/lib/python3.10/site-packages/airflow/example_dags/example_branch_operator_decorator.py took 0.909 seconds
[2023-12-19T17:33:36.188+0300] {processor.py:161} INFO - Started process (PID=4230) to work on /home/hp/.local/lib/python3.10/site-packages/airflow/example_dags/example_branch_operator_decorator.py
[2023-12-19T17:33:36.199+0300] {processor.py:830} INFO - Processing file /home/hp/.local/lib/python3.10/site-packages/airflow/example_dags/example_branch_operator_decorator.py for tasks to queue
[2023-12-19T17:33:36.201+0300] {logging_mixin.py:188} INFO - [2023-12-19T17:33:36.200+0300] {dagbag.py:538} INFO - Filling up the DagBag from /home/hp/.local/lib/python3.10/site-packages/airflow/example_dags/example_branch_operator_decorator.py
[2023-12-19T17:33:36.226+0300] {processor.py:840} INFO - DAG(s) 'example_branch_python_operator_decorator' retrieved from /home/hp/.local/lib/python3.10/site-packages/airflow/example_dags/example_branch_operator_decorator.py
[2023-12-19T17:33:36.250+0300] {logging_mixin.py:188} INFO - [2023-12-19T17:33:36.250+0300] {dag.py:3033} INFO - Sync 1 DAGs
[2023-12-19T17:33:36.278+0300] {logging_mixin.py:188} INFO - [2023-12-19T17:33:36.278+0300] {dag.py:3820} INFO - Setting next_dagrun for example_branch_python_operator_decorator to 2023-12-18T00:00:00+00:00, run_after=2023-12-19T00:00:00+00:00
[2023-12-19T17:33:36.418+0300] {processor.py:183} INFO - Processing /home/hp/.local/lib/python3.10/site-packages/airflow/example_dags/example_branch_operator_decorator.py took 0.234 seconds
[2023-12-19T17:34:36.788+0300] {processor.py:161} INFO - Started process (PID=4330) to work on /home/hp/.local/lib/python3.10/site-packages/airflow/example_dags/example_branch_operator_decorator.py
[2023-12-19T17:34:36.791+0300] {processor.py:830} INFO - Processing file /home/hp/.local/lib/python3.10/site-packages/airflow/example_dags/example_branch_operator_decorator.py for tasks to queue
[2023-12-19T17:34:36.792+0300] {logging_mixin.py:188} INFO - [2023-12-19T17:34:36.792+0300] {dagbag.py:538} INFO - Filling up the DagBag from /home/hp/.local/lib/python3.10/site-packages/airflow/example_dags/example_branch_operator_decorator.py
[2023-12-19T17:34:36.811+0300] {processor.py:840} INFO - DAG(s) 'example_branch_python_operator_decorator' retrieved from /home/hp/.local/lib/python3.10/site-packages/airflow/example_dags/example_branch_operator_decorator.py
[2023-12-19T17:34:36.833+0300] {logging_mixin.py:188} INFO - [2023-12-19T17:34:36.833+0300] {dag.py:3033} INFO - Sync 1 DAGs
[2023-12-19T17:34:36.856+0300] {logging_mixin.py:188} INFO - [2023-12-19T17:34:36.856+0300] {dag.py:3820} INFO - Setting next_dagrun for example_branch_python_operator_decorator to 2023-12-18T00:00:00+00:00, run_after=2023-12-19T00:00:00+00:00
[2023-12-19T17:34:36.995+0300] {processor.py:183} INFO - Processing /home/hp/.local/lib/python3.10/site-packages/airflow/example_dags/example_branch_operator_decorator.py took 0.210 seconds
[2023-12-19T17:35:36.907+0300] {processor.py:161} INFO - Started process (PID=4393) to work on /home/hp/.local/lib/python3.10/site-packages/airflow/example_dags/example_branch_operator_decorator.py
[2023-12-19T17:35:36.923+0300] {processor.py:830} INFO - Processing file /home/hp/.local/lib/python3.10/site-packages/airflow/example_dags/example_branch_operator_decorator.py for tasks to queue
[2023-12-19T17:35:36.925+0300] {logging_mixin.py:188} INFO - [2023-12-19T17:35:36.924+0300] {dagbag.py:538} INFO - Filling up the DagBag from /home/hp/.local/lib/python3.10/site-packages/airflow/example_dags/example_branch_operator_decorator.py
[2023-12-19T17:35:36.959+0300] {processor.py:840} INFO - DAG(s) 'example_branch_python_operator_decorator' retrieved from /home/hp/.local/lib/python3.10/site-packages/airflow/example_dags/example_branch_operator_decorator.py
[2023-12-19T17:35:36.981+0300] {logging_mixin.py:188} INFO - [2023-12-19T17:35:36.981+0300] {dag.py:3033} INFO - Sync 1 DAGs
[2023-12-19T17:35:37.001+0300] {logging_mixin.py:188} INFO - [2023-12-19T17:35:37.000+0300] {dag.py:3820} INFO - Setting next_dagrun for example_branch_python_operator_decorator to 2023-12-18T00:00:00+00:00, run_after=2023-12-19T00:00:00+00:00
[2023-12-19T17:35:37.145+0300] {processor.py:183} INFO - Processing /home/hp/.local/lib/python3.10/site-packages/airflow/example_dags/example_branch_operator_decorator.py took 0.245 seconds
[2023-12-19T17:36:35.721+0300] {processor.py:161} INFO - Started process (PID=4487) to work on /home/hp/.local/lib/python3.10/site-packages/airflow/example_dags/example_branch_operator_decorator.py
[2023-12-19T17:36:35.737+0300] {processor.py:830} INFO - Processing file /home/hp/.local/lib/python3.10/site-packages/airflow/example_dags/example_branch_operator_decorator.py for tasks to queue
[2023-12-19T17:36:35.738+0300] {logging_mixin.py:188} INFO - [2023-12-19T17:36:35.738+0300] {dagbag.py:538} INFO - Filling up the DagBag from /home/hp/.local/lib/python3.10/site-packages/airflow/example_dags/example_branch_operator_decorator.py
[2023-12-19T17:36:35.769+0300] {processor.py:840} INFO - DAG(s) 'example_branch_python_operator_decorator' retrieved from /home/hp/.local/lib/python3.10/site-packages/airflow/example_dags/example_branch_operator_decorator.py
[2023-12-19T17:36:35.792+0300] {logging_mixin.py:188} INFO - [2023-12-19T17:36:35.791+0300] {dag.py:3033} INFO - Sync 1 DAGs
[2023-12-19T17:36:35.811+0300] {logging_mixin.py:188} INFO - [2023-12-19T17:36:35.811+0300] {dag.py:3820} INFO - Setting next_dagrun for example_branch_python_operator_decorator to 2023-12-18T00:00:00+00:00, run_after=2023-12-19T00:00:00+00:00
[2023-12-19T17:36:35.933+0300] {processor.py:183} INFO - Processing /home/hp/.local/lib/python3.10/site-packages/airflow/example_dags/example_branch_operator_decorator.py took 0.216 seconds
[2023-12-19T17:37:33.189+0300] {processor.py:161} INFO - Started process (PID=4548) to work on /home/hp/.local/lib/python3.10/site-packages/airflow/example_dags/example_branch_operator_decorator.py
[2023-12-19T17:37:33.209+0300] {processor.py:830} INFO - Processing file /home/hp/.local/lib/python3.10/site-packages/airflow/example_dags/example_branch_operator_decorator.py for tasks to queue
[2023-12-19T17:37:33.210+0300] {logging_mixin.py:188} INFO - [2023-12-19T17:37:33.210+0300] {dagbag.py:538} INFO - Filling up the DagBag from /home/hp/.local/lib/python3.10/site-packages/airflow/example_dags/example_branch_operator_decorator.py
[2023-12-19T17:37:33.236+0300] {processor.py:840} INFO - DAG(s) 'example_branch_python_operator_decorator' retrieved from /home/hp/.local/lib/python3.10/site-packages/airflow/example_dags/example_branch_operator_decorator.py
[2023-12-19T17:37:33.274+0300] {logging_mixin.py:188} INFO - [2023-12-19T17:37:33.274+0300] {dag.py:3033} INFO - Sync 1 DAGs
[2023-12-19T17:37:33.299+0300] {logging_mixin.py:188} INFO - [2023-12-19T17:37:33.298+0300] {dag.py:3820} INFO - Setting next_dagrun for example_branch_python_operator_decorator to 2023-12-18T00:00:00+00:00, run_after=2023-12-19T00:00:00+00:00
[2023-12-19T17:37:33.436+0300] {processor.py:183} INFO - Processing /home/hp/.local/lib/python3.10/site-packages/airflow/example_dags/example_branch_operator_decorator.py took 0.256 seconds
[2023-12-19T17:38:30.492+0300] {processor.py:161} INFO - Started process (PID=4617) to work on /home/hp/.local/lib/python3.10/site-packages/airflow/example_dags/example_branch_operator_decorator.py
[2023-12-19T17:38:30.510+0300] {processor.py:830} INFO - Processing file /home/hp/.local/lib/python3.10/site-packages/airflow/example_dags/example_branch_operator_decorator.py for tasks to queue
[2023-12-19T17:38:30.511+0300] {logging_mixin.py:188} INFO - [2023-12-19T17:38:30.511+0300] {dagbag.py:538} INFO - Filling up the DagBag from /home/hp/.local/lib/python3.10/site-packages/airflow/example_dags/example_branch_operator_decorator.py
[2023-12-19T17:38:30.531+0300] {processor.py:840} INFO - DAG(s) 'example_branch_python_operator_decorator' retrieved from /home/hp/.local/lib/python3.10/site-packages/airflow/example_dags/example_branch_operator_decorator.py
[2023-12-19T17:38:30.554+0300] {logging_mixin.py:188} INFO - [2023-12-19T17:38:30.553+0300] {dag.py:3033} INFO - Sync 1 DAGs
[2023-12-19T17:38:30.574+0300] {logging_mixin.py:188} INFO - [2023-12-19T17:38:30.574+0300] {dag.py:3820} INFO - Setting next_dagrun for example_branch_python_operator_decorator to 2023-12-18T00:00:00+00:00, run_after=2023-12-19T00:00:00+00:00
[2023-12-19T17:38:30.702+0300] {processor.py:183} INFO - Processing /home/hp/.local/lib/python3.10/site-packages/airflow/example_dags/example_branch_operator_decorator.py took 0.214 seconds
[2023-12-20T00:08:43.151+0300] {processor.py:161} INFO - Started process (PID=19721) to work on /home/hp/.local/lib/python3.10/site-packages/airflow/example_dags/example_branch_operator_decorator.py
[2023-12-20T00:08:43.152+0300] {processor.py:830} INFO - Processing file /home/hp/.local/lib/python3.10/site-packages/airflow/example_dags/example_branch_operator_decorator.py for tasks to queue
[2023-12-20T00:08:43.153+0300] {logging_mixin.py:188} INFO - [2023-12-20T00:08:43.153+0300] {dagbag.py:538} INFO - Filling up the DagBag from /home/hp/.local/lib/python3.10/site-packages/airflow/example_dags/example_branch_operator_decorator.py
[2023-12-20T00:08:43.222+0300] {processor.py:840} INFO - DAG(s) 'example_branch_python_operator_decorator' retrieved from /home/hp/.local/lib/python3.10/site-packages/airflow/example_dags/example_branch_operator_decorator.py
[2023-12-20T00:08:43.258+0300] {logging_mixin.py:188} INFO - [2023-12-20T00:08:43.258+0300] {dag.py:3033} INFO - Sync 1 DAGs
[2023-12-20T00:08:43.279+0300] {logging_mixin.py:188} INFO - [2023-12-20T00:08:43.279+0300] {dag.py:3820} INFO - Setting next_dagrun for example_branch_python_operator_decorator to 2023-12-18T00:00:00+00:00, run_after=2023-12-19T00:00:00+00:00
[2023-12-20T00:08:43.513+0300] {processor.py:183} INFO - Processing /home/hp/.local/lib/python3.10/site-packages/airflow/example_dags/example_branch_operator_decorator.py took 0.365 seconds
[2023-12-20T00:09:46.245+0300] {processor.py:161} INFO - Started process (PID=19784) to work on /home/hp/.local/lib/python3.10/site-packages/airflow/example_dags/example_branch_operator_decorator.py
[2023-12-20T00:09:46.281+0300] {processor.py:830} INFO - Processing file /home/hp/.local/lib/python3.10/site-packages/airflow/example_dags/example_branch_operator_decorator.py for tasks to queue
[2023-12-20T00:09:46.282+0300] {logging_mixin.py:188} INFO - [2023-12-20T00:09:46.282+0300] {dagbag.py:538} INFO - Filling up the DagBag from /home/hp/.local/lib/python3.10/site-packages/airflow/example_dags/example_branch_operator_decorator.py
[2023-12-20T00:09:46.319+0300] {processor.py:840} INFO - DAG(s) 'example_branch_python_operator_decorator' retrieved from /home/hp/.local/lib/python3.10/site-packages/airflow/example_dags/example_branch_operator_decorator.py
[2023-12-20T00:09:46.342+0300] {logging_mixin.py:188} INFO - [2023-12-20T00:09:46.341+0300] {dag.py:3033} INFO - Sync 1 DAGs
[2023-12-20T00:09:46.362+0300] {logging_mixin.py:188} INFO - [2023-12-20T00:09:46.362+0300] {dag.py:3820} INFO - Setting next_dagrun for example_branch_python_operator_decorator to 2023-12-18T00:00:00+00:00, run_after=2023-12-19T00:00:00+00:00
[2023-12-20T00:09:46.550+0300] {processor.py:183} INFO - Processing /home/hp/.local/lib/python3.10/site-packages/airflow/example_dags/example_branch_operator_decorator.py took 0.309 seconds
[2023-12-20T00:10:45.925+0300] {processor.py:161} INFO - Started process (PID=19850) to work on /home/hp/.local/lib/python3.10/site-packages/airflow/example_dags/example_branch_operator_decorator.py
[2023-12-20T00:10:45.940+0300] {processor.py:830} INFO - Processing file /home/hp/.local/lib/python3.10/site-packages/airflow/example_dags/example_branch_operator_decorator.py for tasks to queue
[2023-12-20T00:10:45.941+0300] {logging_mixin.py:188} INFO - [2023-12-20T00:10:45.941+0300] {dagbag.py:538} INFO - Filling up the DagBag from /home/hp/.local/lib/python3.10/site-packages/airflow/example_dags/example_branch_operator_decorator.py
[2023-12-20T00:10:45.968+0300] {processor.py:840} INFO - DAG(s) 'example_branch_python_operator_decorator' retrieved from /home/hp/.local/lib/python3.10/site-packages/airflow/example_dags/example_branch_operator_decorator.py
[2023-12-20T00:10:45.991+0300] {logging_mixin.py:188} INFO - [2023-12-20T00:10:45.991+0300] {dag.py:3033} INFO - Sync 1 DAGs
[2023-12-20T00:10:46.011+0300] {logging_mixin.py:188} INFO - [2023-12-20T00:10:46.011+0300] {dag.py:3820} INFO - Setting next_dagrun for example_branch_python_operator_decorator to 2023-12-18T00:00:00+00:00, run_after=2023-12-19T00:00:00+00:00
[2023-12-20T00:10:46.160+0300] {processor.py:183} INFO - Processing /home/hp/.local/lib/python3.10/site-packages/airflow/example_dags/example_branch_operator_decorator.py took 0.239 seconds
[2023-12-20T00:11:45.817+0300] {processor.py:161} INFO - Started process (PID=19910) to work on /home/hp/.local/lib/python3.10/site-packages/airflow/example_dags/example_branch_operator_decorator.py
[2023-12-20T00:11:45.818+0300] {processor.py:830} INFO - Processing file /home/hp/.local/lib/python3.10/site-packages/airflow/example_dags/example_branch_operator_decorator.py for tasks to queue
[2023-12-20T00:11:45.819+0300] {logging_mixin.py:188} INFO - [2023-12-20T00:11:45.819+0300] {dagbag.py:538} INFO - Filling up the DagBag from /home/hp/.local/lib/python3.10/site-packages/airflow/example_dags/example_branch_operator_decorator.py
[2023-12-20T00:11:45.838+0300] {processor.py:840} INFO - DAG(s) 'example_branch_python_operator_decorator' retrieved from /home/hp/.local/lib/python3.10/site-packages/airflow/example_dags/example_branch_operator_decorator.py
[2023-12-20T00:11:45.860+0300] {logging_mixin.py:188} INFO - [2023-12-20T00:11:45.860+0300] {dag.py:3033} INFO - Sync 1 DAGs
[2023-12-20T00:11:45.880+0300] {logging_mixin.py:188} INFO - [2023-12-20T00:11:45.879+0300] {dag.py:3820} INFO - Setting next_dagrun for example_branch_python_operator_decorator to 2023-12-18T00:00:00+00:00, run_after=2023-12-19T00:00:00+00:00
[2023-12-20T00:11:46.032+0300] {processor.py:183} INFO - Processing /home/hp/.local/lib/python3.10/site-packages/airflow/example_dags/example_branch_operator_decorator.py took 0.219 seconds
[2023-12-20T00:12:46.820+0300] {processor.py:161} INFO - Started process (PID=19988) to work on /home/hp/.local/lib/python3.10/site-packages/airflow/example_dags/example_branch_operator_decorator.py
[2023-12-20T00:12:46.856+0300] {processor.py:830} INFO - Processing file /home/hp/.local/lib/python3.10/site-packages/airflow/example_dags/example_branch_operator_decorator.py for tasks to queue
[2023-12-20T00:12:46.858+0300] {logging_mixin.py:188} INFO - [2023-12-20T00:12:46.857+0300] {dagbag.py:538} INFO - Filling up the DagBag from /home/hp/.local/lib/python3.10/site-packages/airflow/example_dags/example_branch_operator_decorator.py
[2023-12-20T00:12:46.901+0300] {processor.py:840} INFO - DAG(s) 'example_branch_python_operator_decorator' retrieved from /home/hp/.local/lib/python3.10/site-packages/airflow/example_dags/example_branch_operator_decorator.py
[2023-12-20T00:12:46.924+0300] {logging_mixin.py:188} INFO - [2023-12-20T00:12:46.924+0300] {dag.py:3033} INFO - Sync 1 DAGs
[2023-12-20T00:12:46.944+0300] {logging_mixin.py:188} INFO - [2023-12-20T00:12:46.944+0300] {dag.py:3820} INFO - Setting next_dagrun for example_branch_python_operator_decorator to 2023-12-18T00:00:00+00:00, run_after=2023-12-19T00:00:00+00:00
[2023-12-20T00:12:47.084+0300] {processor.py:183} INFO - Processing /home/hp/.local/lib/python3.10/site-packages/airflow/example_dags/example_branch_operator_decorator.py took 0.270 seconds
