[2023-12-19T17:32:03.817+0300] {processor.py:161} INFO - Started process (PID=4011) to work on /home/hp/.local/lib/python3.10/site-packages/airflow/example_dags/example_nested_branch_dag.py
[2023-12-19T17:32:03.818+0300] {processor.py:830} INFO - Processing file /home/hp/.local/lib/python3.10/site-packages/airflow/example_dags/example_nested_branch_dag.py for tasks to queue
[2023-12-19T17:32:03.819+0300] {logging_mixin.py:188} INFO - [2023-12-19T17:32:03.819+0300] {dagbag.py:538} INFO - Filling up the DagBag from /home/hp/.local/lib/python3.10/site-packages/airflow/example_dags/example_nested_branch_dag.py
[2023-12-19T17:32:03.832+0300] {processor.py:840} INFO - DAG(s) 'example_nested_branch_dag' retrieved from /home/hp/.local/lib/python3.10/site-packages/airflow/example_dags/example_nested_branch_dag.py
[2023-12-19T17:32:04.152+0300] {logging_mixin.py:188} INFO - [2023-12-19T17:32:04.151+0300] {override.py:1769} INFO - Created Permission View: can read on DAG:example_nested_branch_dag
[2023-12-19T17:32:04.265+0300] {logging_mixin.py:188} INFO - [2023-12-19T17:32:04.263+0300] {override.py:1769} INFO - Created Permission View: can delete on DAG:example_nested_branch_dag
[2023-12-19T17:32:04.430+0300] {logging_mixin.py:188} INFO - [2023-12-19T17:32:04.429+0300] {override.py:1769} INFO - Created Permission View: can edit on DAG:example_nested_branch_dag
[2023-12-19T17:32:04.431+0300] {logging_mixin.py:188} INFO - [2023-12-19T17:32:04.431+0300] {dag.py:3033} INFO - Sync 1 DAGs
[2023-12-19T17:32:04.459+0300] {logging_mixin.py:188} INFO - [2023-12-19T17:32:04.459+0300] {dag.py:3055} INFO - Creating ORM DAG for example_nested_branch_dag
[2023-12-19T17:32:04.471+0300] {logging_mixin.py:188} INFO - [2023-12-19T17:32:04.471+0300] {dag.py:3820} INFO - Setting next_dagrun for example_nested_branch_dag to 2023-12-18T00:00:00+00:00, run_after=2023-12-19T00:00:00+00:00
[2023-12-19T17:32:04.708+0300] {processor.py:183} INFO - Processing /home/hp/.local/lib/python3.10/site-packages/airflow/example_dags/example_nested_branch_dag.py took 0.896 seconds
[2023-12-19T17:33:16.277+0300] {processor.py:161} INFO - Started process (PID=4073) to work on /home/hp/.local/lib/python3.10/site-packages/airflow/example_dags/example_nested_branch_dag.py
[2023-12-19T17:33:16.297+0300] {processor.py:830} INFO - Processing file /home/hp/.local/lib/python3.10/site-packages/airflow/example_dags/example_nested_branch_dag.py for tasks to queue
[2023-12-19T17:33:16.299+0300] {logging_mixin.py:188} INFO - [2023-12-19T17:33:16.298+0300] {dagbag.py:538} INFO - Filling up the DagBag from /home/hp/.local/lib/python3.10/site-packages/airflow/example_dags/example_nested_branch_dag.py
[2023-12-19T17:33:16.317+0300] {processor.py:840} INFO - DAG(s) 'example_nested_branch_dag' retrieved from /home/hp/.local/lib/python3.10/site-packages/airflow/example_dags/example_nested_branch_dag.py
[2023-12-19T17:33:16.339+0300] {logging_mixin.py:188} INFO - [2023-12-19T17:33:16.338+0300] {dag.py:3033} INFO - Sync 1 DAGs
[2023-12-19T17:33:16.359+0300] {logging_mixin.py:188} INFO - [2023-12-19T17:33:16.358+0300] {dag.py:3820} INFO - Setting next_dagrun for example_nested_branch_dag to 2023-12-18T00:00:00+00:00, run_after=2023-12-19T00:00:00+00:00
[2023-12-19T17:33:16.479+0300] {processor.py:183} INFO - Processing /home/hp/.local/lib/python3.10/site-packages/airflow/example_dags/example_nested_branch_dag.py took 0.206 seconds
[2023-12-19T17:34:16.347+0300] {processor.py:161} INFO - Started process (PID=4303) to work on /home/hp/.local/lib/python3.10/site-packages/airflow/example_dags/example_nested_branch_dag.py
[2023-12-19T17:34:16.356+0300] {processor.py:830} INFO - Processing file /home/hp/.local/lib/python3.10/site-packages/airflow/example_dags/example_nested_branch_dag.py for tasks to queue
[2023-12-19T17:34:16.357+0300] {logging_mixin.py:188} INFO - [2023-12-19T17:34:16.356+0300] {dagbag.py:538} INFO - Filling up the DagBag from /home/hp/.local/lib/python3.10/site-packages/airflow/example_dags/example_nested_branch_dag.py
[2023-12-19T17:34:16.369+0300] {processor.py:840} INFO - DAG(s) 'example_nested_branch_dag' retrieved from /home/hp/.local/lib/python3.10/site-packages/airflow/example_dags/example_nested_branch_dag.py
[2023-12-19T17:34:16.388+0300] {logging_mixin.py:188} INFO - [2023-12-19T17:34:16.388+0300] {dag.py:3033} INFO - Sync 1 DAGs
[2023-12-19T17:34:16.412+0300] {logging_mixin.py:188} INFO - [2023-12-19T17:34:16.412+0300] {dag.py:3820} INFO - Setting next_dagrun for example_nested_branch_dag to 2023-12-18T00:00:00+00:00, run_after=2023-12-19T00:00:00+00:00
[2023-12-19T17:34:16.543+0300] {processor.py:183} INFO - Processing /home/hp/.local/lib/python3.10/site-packages/airflow/example_dags/example_nested_branch_dag.py took 0.200 seconds
[2023-12-19T17:35:16.192+0300] {processor.py:161} INFO - Started process (PID=4374) to work on /home/hp/.local/lib/python3.10/site-packages/airflow/example_dags/example_nested_branch_dag.py
[2023-12-19T17:35:16.215+0300] {processor.py:830} INFO - Processing file /home/hp/.local/lib/python3.10/site-packages/airflow/example_dags/example_nested_branch_dag.py for tasks to queue
[2023-12-19T17:35:16.217+0300] {logging_mixin.py:188} INFO - [2023-12-19T17:35:16.216+0300] {dagbag.py:538} INFO - Filling up the DagBag from /home/hp/.local/lib/python3.10/site-packages/airflow/example_dags/example_nested_branch_dag.py
[2023-12-19T17:35:16.235+0300] {processor.py:840} INFO - DAG(s) 'example_nested_branch_dag' retrieved from /home/hp/.local/lib/python3.10/site-packages/airflow/example_dags/example_nested_branch_dag.py
[2023-12-19T17:35:16.258+0300] {logging_mixin.py:188} INFO - [2023-12-19T17:35:16.258+0300] {dag.py:3033} INFO - Sync 1 DAGs
[2023-12-19T17:35:16.278+0300] {logging_mixin.py:188} INFO - [2023-12-19T17:35:16.278+0300] {dag.py:3820} INFO - Setting next_dagrun for example_nested_branch_dag to 2023-12-18T00:00:00+00:00, run_after=2023-12-19T00:00:00+00:00
[2023-12-19T17:35:16.412+0300] {processor.py:183} INFO - Processing /home/hp/.local/lib/python3.10/site-packages/airflow/example_dags/example_nested_branch_dag.py took 0.225 seconds
[2023-12-19T17:36:16.547+0300] {processor.py:161} INFO - Started process (PID=4464) to work on /home/hp/.local/lib/python3.10/site-packages/airflow/example_dags/example_nested_branch_dag.py
[2023-12-19T17:36:16.564+0300] {processor.py:830} INFO - Processing file /home/hp/.local/lib/python3.10/site-packages/airflow/example_dags/example_nested_branch_dag.py for tasks to queue
[2023-12-19T17:36:16.565+0300] {logging_mixin.py:188} INFO - [2023-12-19T17:36:16.564+0300] {dagbag.py:538} INFO - Filling up the DagBag from /home/hp/.local/lib/python3.10/site-packages/airflow/example_dags/example_nested_branch_dag.py
[2023-12-19T17:36:16.578+0300] {processor.py:840} INFO - DAG(s) 'example_nested_branch_dag' retrieved from /home/hp/.local/lib/python3.10/site-packages/airflow/example_dags/example_nested_branch_dag.py
[2023-12-19T17:36:16.597+0300] {logging_mixin.py:188} INFO - [2023-12-19T17:36:16.597+0300] {dag.py:3033} INFO - Sync 1 DAGs
[2023-12-19T17:36:16.617+0300] {logging_mixin.py:188} INFO - [2023-12-19T17:36:16.617+0300] {dag.py:3820} INFO - Setting next_dagrun for example_nested_branch_dag to 2023-12-18T00:00:00+00:00, run_after=2023-12-19T00:00:00+00:00
[2023-12-19T17:36:16.760+0300] {processor.py:183} INFO - Processing /home/hp/.local/lib/python3.10/site-packages/airflow/example_dags/example_nested_branch_dag.py took 0.217 seconds
[2023-12-19T17:37:14.744+0300] {processor.py:161} INFO - Started process (PID=4531) to work on /home/hp/.local/lib/python3.10/site-packages/airflow/example_dags/example_nested_branch_dag.py
[2023-12-19T17:37:14.757+0300] {processor.py:830} INFO - Processing file /home/hp/.local/lib/python3.10/site-packages/airflow/example_dags/example_nested_branch_dag.py for tasks to queue
[2023-12-19T17:37:14.758+0300] {logging_mixin.py:188} INFO - [2023-12-19T17:37:14.758+0300] {dagbag.py:538} INFO - Filling up the DagBag from /home/hp/.local/lib/python3.10/site-packages/airflow/example_dags/example_nested_branch_dag.py
[2023-12-19T17:37:14.774+0300] {processor.py:840} INFO - DAG(s) 'example_nested_branch_dag' retrieved from /home/hp/.local/lib/python3.10/site-packages/airflow/example_dags/example_nested_branch_dag.py
[2023-12-19T17:37:14.796+0300] {logging_mixin.py:188} INFO - [2023-12-19T17:37:14.796+0300] {dag.py:3033} INFO - Sync 1 DAGs
[2023-12-19T17:37:14.817+0300] {logging_mixin.py:188} INFO - [2023-12-19T17:37:14.817+0300] {dag.py:3820} INFO - Setting next_dagrun for example_nested_branch_dag to 2023-12-18T00:00:00+00:00, run_after=2023-12-19T00:00:00+00:00
[2023-12-19T17:37:14.954+0300] {processor.py:183} INFO - Processing /home/hp/.local/lib/python3.10/site-packages/airflow/example_dags/example_nested_branch_dag.py took 0.214 seconds
[2023-12-19T17:38:23.505+0300] {processor.py:161} INFO - Started process (PID=4602) to work on /home/hp/.local/lib/python3.10/site-packages/airflow/example_dags/example_nested_branch_dag.py
[2023-12-19T17:38:23.529+0300] {processor.py:830} INFO - Processing file /home/hp/.local/lib/python3.10/site-packages/airflow/example_dags/example_nested_branch_dag.py for tasks to queue
[2023-12-19T17:38:23.530+0300] {logging_mixin.py:188} INFO - [2023-12-19T17:38:23.530+0300] {dagbag.py:538} INFO - Filling up the DagBag from /home/hp/.local/lib/python3.10/site-packages/airflow/example_dags/example_nested_branch_dag.py
[2023-12-19T17:38:23.544+0300] {processor.py:840} INFO - DAG(s) 'example_nested_branch_dag' retrieved from /home/hp/.local/lib/python3.10/site-packages/airflow/example_dags/example_nested_branch_dag.py
[2023-12-19T17:38:23.568+0300] {logging_mixin.py:188} INFO - [2023-12-19T17:38:23.567+0300] {dag.py:3033} INFO - Sync 1 DAGs
[2023-12-19T17:38:23.596+0300] {logging_mixin.py:188} INFO - [2023-12-19T17:38:23.596+0300] {dag.py:3820} INFO - Setting next_dagrun for example_nested_branch_dag to 2023-12-18T00:00:00+00:00, run_after=2023-12-19T00:00:00+00:00
[2023-12-19T17:38:23.710+0300] {processor.py:183} INFO - Processing /home/hp/.local/lib/python3.10/site-packages/airflow/example_dags/example_nested_branch_dag.py took 0.211 seconds
[2023-12-20T00:08:36.280+0300] {processor.py:161} INFO - Started process (PID=19714) to work on /home/hp/.local/lib/python3.10/site-packages/airflow/example_dags/example_nested_branch_dag.py
[2023-12-20T00:08:36.282+0300] {processor.py:830} INFO - Processing file /home/hp/.local/lib/python3.10/site-packages/airflow/example_dags/example_nested_branch_dag.py for tasks to queue
[2023-12-20T00:08:36.283+0300] {logging_mixin.py:188} INFO - [2023-12-20T00:08:36.282+0300] {dagbag.py:538} INFO - Filling up the DagBag from /home/hp/.local/lib/python3.10/site-packages/airflow/example_dags/example_nested_branch_dag.py
[2023-12-20T00:08:36.294+0300] {processor.py:840} INFO - DAG(s) 'example_nested_branch_dag' retrieved from /home/hp/.local/lib/python3.10/site-packages/airflow/example_dags/example_nested_branch_dag.py
[2023-12-20T00:08:36.313+0300] {logging_mixin.py:188} INFO - [2023-12-20T00:08:36.313+0300] {dag.py:3033} INFO - Sync 1 DAGs
[2023-12-20T00:08:36.334+0300] {logging_mixin.py:188} INFO - [2023-12-20T00:08:36.334+0300] {dag.py:3820} INFO - Setting next_dagrun for example_nested_branch_dag to 2023-12-18T00:00:00+00:00, run_after=2023-12-19T00:00:00+00:00
[2023-12-20T00:08:36.546+0300] {processor.py:183} INFO - Processing /home/hp/.local/lib/python3.10/site-packages/airflow/example_dags/example_nested_branch_dag.py took 0.270 seconds
[2023-12-20T00:09:38.512+0300] {processor.py:161} INFO - Started process (PID=19773) to work on /home/hp/.local/lib/python3.10/site-packages/airflow/example_dags/example_nested_branch_dag.py
[2023-12-20T00:09:38.514+0300] {processor.py:830} INFO - Processing file /home/hp/.local/lib/python3.10/site-packages/airflow/example_dags/example_nested_branch_dag.py for tasks to queue
[2023-12-20T00:09:38.515+0300] {logging_mixin.py:188} INFO - [2023-12-20T00:09:38.514+0300] {dagbag.py:538} INFO - Filling up the DagBag from /home/hp/.local/lib/python3.10/site-packages/airflow/example_dags/example_nested_branch_dag.py
[2023-12-20T00:09:38.528+0300] {processor.py:840} INFO - DAG(s) 'example_nested_branch_dag' retrieved from /home/hp/.local/lib/python3.10/site-packages/airflow/example_dags/example_nested_branch_dag.py
[2023-12-20T00:09:38.545+0300] {logging_mixin.py:188} INFO - [2023-12-20T00:09:38.545+0300] {dag.py:3033} INFO - Sync 1 DAGs
[2023-12-20T00:09:38.569+0300] {logging_mixin.py:188} INFO - [2023-12-20T00:09:38.568+0300] {dag.py:3820} INFO - Setting next_dagrun for example_nested_branch_dag to 2023-12-18T00:00:00+00:00, run_after=2023-12-19T00:00:00+00:00
[2023-12-20T00:09:38.713+0300] {processor.py:183} INFO - Processing /home/hp/.local/lib/python3.10/site-packages/airflow/example_dags/example_nested_branch_dag.py took 0.205 seconds
[2023-12-20T00:10:39.019+0300] {processor.py:161} INFO - Started process (PID=19841) to work on /home/hp/.local/lib/python3.10/site-packages/airflow/example_dags/example_nested_branch_dag.py
[2023-12-20T00:10:39.021+0300] {processor.py:830} INFO - Processing file /home/hp/.local/lib/python3.10/site-packages/airflow/example_dags/example_nested_branch_dag.py for tasks to queue
[2023-12-20T00:10:39.021+0300] {logging_mixin.py:188} INFO - [2023-12-20T00:10:39.021+0300] {dagbag.py:538} INFO - Filling up the DagBag from /home/hp/.local/lib/python3.10/site-packages/airflow/example_dags/example_nested_branch_dag.py
[2023-12-20T00:10:39.032+0300] {processor.py:840} INFO - DAG(s) 'example_nested_branch_dag' retrieved from /home/hp/.local/lib/python3.10/site-packages/airflow/example_dags/example_nested_branch_dag.py
[2023-12-20T00:10:39.049+0300] {logging_mixin.py:188} INFO - [2023-12-20T00:10:39.049+0300] {dag.py:3033} INFO - Sync 1 DAGs
[2023-12-20T00:10:39.069+0300] {logging_mixin.py:188} INFO - [2023-12-20T00:10:39.069+0300] {dag.py:3820} INFO - Setting next_dagrun for example_nested_branch_dag to 2023-12-18T00:00:00+00:00, run_after=2023-12-19T00:00:00+00:00
[2023-12-20T00:10:39.281+0300] {processor.py:183} INFO - Processing /home/hp/.local/lib/python3.10/site-packages/airflow/example_dags/example_nested_branch_dag.py took 0.265 seconds
[2023-12-20T00:11:38.047+0300] {processor.py:161} INFO - Started process (PID=19901) to work on /home/hp/.local/lib/python3.10/site-packages/airflow/example_dags/example_nested_branch_dag.py
[2023-12-20T00:11:38.110+0300] {processor.py:830} INFO - Processing file /home/hp/.local/lib/python3.10/site-packages/airflow/example_dags/example_nested_branch_dag.py for tasks to queue
[2023-12-20T00:11:38.115+0300] {logging_mixin.py:188} INFO - [2023-12-20T00:11:38.113+0300] {dagbag.py:538} INFO - Filling up the DagBag from /home/hp/.local/lib/python3.10/site-packages/airflow/example_dags/example_nested_branch_dag.py
[2023-12-20T00:11:38.150+0300] {processor.py:840} INFO - DAG(s) 'example_nested_branch_dag' retrieved from /home/hp/.local/lib/python3.10/site-packages/airflow/example_dags/example_nested_branch_dag.py
[2023-12-20T00:11:38.170+0300] {logging_mixin.py:188} INFO - [2023-12-20T00:11:38.170+0300] {dag.py:3033} INFO - Sync 1 DAGs
[2023-12-20T00:11:38.190+0300] {logging_mixin.py:188} INFO - [2023-12-20T00:11:38.190+0300] {dag.py:3820} INFO - Setting next_dagrun for example_nested_branch_dag to 2023-12-18T00:00:00+00:00, run_after=2023-12-19T00:00:00+00:00
[2023-12-20T00:11:38.300+0300] {processor.py:183} INFO - Processing /home/hp/.local/lib/python3.10/site-packages/airflow/example_dags/example_nested_branch_dag.py took 0.256 seconds
[2023-12-20T00:12:39.878+0300] {processor.py:161} INFO - Started process (PID=19976) to work on /home/hp/.local/lib/python3.10/site-packages/airflow/example_dags/example_nested_branch_dag.py
[2023-12-20T00:12:39.908+0300] {processor.py:830} INFO - Processing file /home/hp/.local/lib/python3.10/site-packages/airflow/example_dags/example_nested_branch_dag.py for tasks to queue
[2023-12-20T00:12:39.910+0300] {logging_mixin.py:188} INFO - [2023-12-20T00:12:39.909+0300] {dagbag.py:538} INFO - Filling up the DagBag from /home/hp/.local/lib/python3.10/site-packages/airflow/example_dags/example_nested_branch_dag.py
[2023-12-20T00:12:39.934+0300] {processor.py:840} INFO - DAG(s) 'example_nested_branch_dag' retrieved from /home/hp/.local/lib/python3.10/site-packages/airflow/example_dags/example_nested_branch_dag.py
[2023-12-20T00:12:39.961+0300] {logging_mixin.py:188} INFO - [2023-12-20T00:12:39.961+0300] {dag.py:3033} INFO - Sync 1 DAGs
[2023-12-20T00:12:39.989+0300] {logging_mixin.py:188} INFO - [2023-12-20T00:12:39.989+0300] {dag.py:3820} INFO - Setting next_dagrun for example_nested_branch_dag to 2023-12-18T00:00:00+00:00, run_after=2023-12-19T00:00:00+00:00
[2023-12-20T00:12:40.115+0300] {processor.py:183} INFO - Processing /home/hp/.local/lib/python3.10/site-packages/airflow/example_dags/example_nested_branch_dag.py took 0.241 seconds
