[2023-12-19T17:31:45.708+0300] {processor.py:161} INFO - Started process (PID=3998) to work on /home/hp/.local/lib/python3.10/site-packages/airflow/example_dags/example_python_decorator.py
[2023-12-19T17:31:45.708+0300] {processor.py:830} INFO - Processing file /home/hp/.local/lib/python3.10/site-packages/airflow/example_dags/example_python_decorator.py for tasks to queue
[2023-12-19T17:31:45.709+0300] {logging_mixin.py:188} INFO - [2023-12-19T17:31:45.709+0300] {dagbag.py:538} INFO - Filling up the DagBag from /home/hp/.local/lib/python3.10/site-packages/airflow/example_dags/example_python_decorator.py
[2023-12-19T17:31:45.722+0300] {processor.py:840} INFO - DAG(s) 'example_python_decorator' retrieved from /home/hp/.local/lib/python3.10/site-packages/airflow/example_dags/example_python_decorator.py
[2023-12-19T17:31:46.053+0300] {logging_mixin.py:188} INFO - [2023-12-19T17:31:46.051+0300] {override.py:1769} INFO - Created Permission View: can read on DAG:example_python_decorator
[2023-12-19T17:31:46.174+0300] {logging_mixin.py:188} INFO - [2023-12-19T17:31:46.173+0300] {override.py:1769} INFO - Created Permission View: can delete on DAG:example_python_decorator
[2023-12-19T17:31:46.286+0300] {logging_mixin.py:188} INFO - [2023-12-19T17:31:46.284+0300] {override.py:1769} INFO - Created Permission View: can edit on DAG:example_python_decorator
[2023-12-19T17:31:46.289+0300] {logging_mixin.py:188} INFO - [2023-12-19T17:31:46.288+0300] {dag.py:3033} INFO - Sync 1 DAGs
[2023-12-19T17:31:46.322+0300] {logging_mixin.py:188} INFO - [2023-12-19T17:31:46.321+0300] {dag.py:3055} INFO - Creating ORM DAG for example_python_decorator
[2023-12-19T17:31:46.322+0300] {logging_mixin.py:188} INFO - [2023-12-19T17:31:46.322+0300] {dag.py:3820} INFO - Setting next_dagrun for example_python_decorator to None, run_after=None
[2023-12-19T17:31:46.596+0300] {processor.py:183} INFO - Processing /home/hp/.local/lib/python3.10/site-packages/airflow/example_dags/example_python_decorator.py took 0.891 seconds
[2023-12-19T17:33:03.257+0300] {processor.py:161} INFO - Started process (PID=4061) to work on /home/hp/.local/lib/python3.10/site-packages/airflow/example_dags/example_python_decorator.py
[2023-12-19T17:33:03.266+0300] {processor.py:830} INFO - Processing file /home/hp/.local/lib/python3.10/site-packages/airflow/example_dags/example_python_decorator.py for tasks to queue
[2023-12-19T17:33:03.267+0300] {logging_mixin.py:188} INFO - [2023-12-19T17:33:03.267+0300] {dagbag.py:538} INFO - Filling up the DagBag from /home/hp/.local/lib/python3.10/site-packages/airflow/example_dags/example_python_decorator.py
[2023-12-19T17:33:03.281+0300] {processor.py:840} INFO - DAG(s) 'example_python_decorator' retrieved from /home/hp/.local/lib/python3.10/site-packages/airflow/example_dags/example_python_decorator.py
[2023-12-19T17:33:03.301+0300] {logging_mixin.py:188} INFO - [2023-12-19T17:33:03.301+0300] {dag.py:3033} INFO - Sync 1 DAGs
[2023-12-19T17:33:03.313+0300] {logging_mixin.py:188} INFO - [2023-12-19T17:33:03.312+0300] {dag.py:3820} INFO - Setting next_dagrun for example_python_decorator to None, run_after=None
[2023-12-19T17:33:03.449+0300] {processor.py:183} INFO - Processing /home/hp/.local/lib/python3.10/site-packages/airflow/example_dags/example_python_decorator.py took 0.195 seconds
[2023-12-19T17:34:03.099+0300] {processor.py:161} INFO - Started process (PID=4257) to work on /home/hp/.local/lib/python3.10/site-packages/airflow/example_dags/example_python_decorator.py
[2023-12-19T17:34:03.125+0300] {processor.py:830} INFO - Processing file /home/hp/.local/lib/python3.10/site-packages/airflow/example_dags/example_python_decorator.py for tasks to queue
[2023-12-19T17:34:03.127+0300] {logging_mixin.py:188} INFO - [2023-12-19T17:34:03.126+0300] {dagbag.py:538} INFO - Filling up the DagBag from /home/hp/.local/lib/python3.10/site-packages/airflow/example_dags/example_python_decorator.py
[2023-12-19T17:34:03.150+0300] {processor.py:840} INFO - DAG(s) 'example_python_decorator' retrieved from /home/hp/.local/lib/python3.10/site-packages/airflow/example_dags/example_python_decorator.py
[2023-12-19T17:34:03.189+0300] {logging_mixin.py:188} INFO - [2023-12-19T17:34:03.189+0300] {dag.py:3033} INFO - Sync 1 DAGs
[2023-12-19T17:34:03.207+0300] {logging_mixin.py:188} INFO - [2023-12-19T17:34:03.206+0300] {dag.py:3820} INFO - Setting next_dagrun for example_python_decorator to None, run_after=None
[2023-12-19T17:34:03.406+0300] {processor.py:183} INFO - Processing /home/hp/.local/lib/python3.10/site-packages/airflow/example_dags/example_python_decorator.py took 0.316 seconds
[2023-12-19T17:35:01.762+0300] {processor.py:161} INFO - Started process (PID=4357) to work on /home/hp/.local/lib/python3.10/site-packages/airflow/example_dags/example_python_decorator.py
[2023-12-19T17:35:01.803+0300] {processor.py:830} INFO - Processing file /home/hp/.local/lib/python3.10/site-packages/airflow/example_dags/example_python_decorator.py for tasks to queue
[2023-12-19T17:35:01.804+0300] {logging_mixin.py:188} INFO - [2023-12-19T17:35:01.803+0300] {dagbag.py:538} INFO - Filling up the DagBag from /home/hp/.local/lib/python3.10/site-packages/airflow/example_dags/example_python_decorator.py
[2023-12-19T17:35:01.816+0300] {processor.py:840} INFO - DAG(s) 'example_python_decorator' retrieved from /home/hp/.local/lib/python3.10/site-packages/airflow/example_dags/example_python_decorator.py
[2023-12-19T17:35:01.836+0300] {logging_mixin.py:188} INFO - [2023-12-19T17:35:01.836+0300] {dag.py:3033} INFO - Sync 1 DAGs
[2023-12-19T17:35:01.848+0300] {logging_mixin.py:188} INFO - [2023-12-19T17:35:01.848+0300] {dag.py:3820} INFO - Setting next_dagrun for example_python_decorator to None, run_after=None
[2023-12-19T17:35:02.003+0300] {processor.py:183} INFO - Processing /home/hp/.local/lib/python3.10/site-packages/airflow/example_dags/example_python_decorator.py took 0.246 seconds
[2023-12-19T17:36:03.532+0300] {processor.py:161} INFO - Started process (PID=4452) to work on /home/hp/.local/lib/python3.10/site-packages/airflow/example_dags/example_python_decorator.py
[2023-12-19T17:36:03.554+0300] {processor.py:830} INFO - Processing file /home/hp/.local/lib/python3.10/site-packages/airflow/example_dags/example_python_decorator.py for tasks to queue
[2023-12-19T17:36:03.555+0300] {logging_mixin.py:188} INFO - [2023-12-19T17:36:03.554+0300] {dagbag.py:538} INFO - Filling up the DagBag from /home/hp/.local/lib/python3.10/site-packages/airflow/example_dags/example_python_decorator.py
[2023-12-19T17:36:03.566+0300] {processor.py:840} INFO - DAG(s) 'example_python_decorator' retrieved from /home/hp/.local/lib/python3.10/site-packages/airflow/example_dags/example_python_decorator.py
[2023-12-19T17:36:03.588+0300] {logging_mixin.py:188} INFO - [2023-12-19T17:36:03.588+0300] {dag.py:3033} INFO - Sync 1 DAGs
[2023-12-19T17:36:03.602+0300] {logging_mixin.py:188} INFO - [2023-12-19T17:36:03.601+0300] {dag.py:3820} INFO - Setting next_dagrun for example_python_decorator to None, run_after=None
[2023-12-19T17:36:03.725+0300] {processor.py:183} INFO - Processing /home/hp/.local/lib/python3.10/site-packages/airflow/example_dags/example_python_decorator.py took 0.197 seconds
[2023-12-19T17:37:01.881+0300] {processor.py:161} INFO - Started process (PID=4518) to work on /home/hp/.local/lib/python3.10/site-packages/airflow/example_dags/example_python_decorator.py
[2023-12-19T17:37:01.902+0300] {processor.py:830} INFO - Processing file /home/hp/.local/lib/python3.10/site-packages/airflow/example_dags/example_python_decorator.py for tasks to queue
[2023-12-19T17:37:01.903+0300] {logging_mixin.py:188} INFO - [2023-12-19T17:37:01.903+0300] {dagbag.py:538} INFO - Filling up the DagBag from /home/hp/.local/lib/python3.10/site-packages/airflow/example_dags/example_python_decorator.py
[2023-12-19T17:37:01.916+0300] {processor.py:840} INFO - DAG(s) 'example_python_decorator' retrieved from /home/hp/.local/lib/python3.10/site-packages/airflow/example_dags/example_python_decorator.py
[2023-12-19T17:37:01.937+0300] {logging_mixin.py:188} INFO - [2023-12-19T17:37:01.936+0300] {dag.py:3033} INFO - Sync 1 DAGs
[2023-12-19T17:37:01.950+0300] {logging_mixin.py:188} INFO - [2023-12-19T17:37:01.949+0300] {dag.py:3820} INFO - Setting next_dagrun for example_python_decorator to None, run_after=None
[2023-12-19T17:37:02.086+0300] {processor.py:183} INFO - Processing /home/hp/.local/lib/python3.10/site-packages/airflow/example_dags/example_python_decorator.py took 0.209 seconds
[2023-12-19T17:37:56.335+0300] {processor.py:161} INFO - Started process (PID=4576) to work on /home/hp/.local/lib/python3.10/site-packages/airflow/example_dags/example_python_decorator.py
[2023-12-19T17:37:56.337+0300] {processor.py:830} INFO - Processing file /home/hp/.local/lib/python3.10/site-packages/airflow/example_dags/example_python_decorator.py for tasks to queue
[2023-12-19T17:37:56.338+0300] {logging_mixin.py:188} INFO - [2023-12-19T17:37:56.338+0300] {dagbag.py:538} INFO - Filling up the DagBag from /home/hp/.local/lib/python3.10/site-packages/airflow/example_dags/example_python_decorator.py
[2023-12-19T17:37:56.350+0300] {processor.py:840} INFO - DAG(s) 'example_python_decorator' retrieved from /home/hp/.local/lib/python3.10/site-packages/airflow/example_dags/example_python_decorator.py
[2023-12-19T17:37:56.369+0300] {logging_mixin.py:188} INFO - [2023-12-19T17:37:56.369+0300] {dag.py:3033} INFO - Sync 1 DAGs
[2023-12-19T17:37:56.380+0300] {logging_mixin.py:188} INFO - [2023-12-19T17:37:56.380+0300] {dag.py:3820} INFO - Setting next_dagrun for example_python_decorator to None, run_after=None
[2023-12-19T17:37:56.500+0300] {processor.py:183} INFO - Processing /home/hp/.local/lib/python3.10/site-packages/airflow/example_dags/example_python_decorator.py took 0.169 seconds
[2023-12-20T00:08:20.962+0300] {processor.py:161} INFO - Started process (PID=19702) to work on /home/hp/.local/lib/python3.10/site-packages/airflow/example_dags/example_python_decorator.py
[2023-12-20T00:08:21.013+0300] {processor.py:830} INFO - Processing file /home/hp/.local/lib/python3.10/site-packages/airflow/example_dags/example_python_decorator.py for tasks to queue
[2023-12-20T00:08:21.019+0300] {logging_mixin.py:188} INFO - [2023-12-20T00:08:21.016+0300] {dagbag.py:538} INFO - Filling up the DagBag from /home/hp/.local/lib/python3.10/site-packages/airflow/example_dags/example_python_decorator.py
[2023-12-20T00:08:21.049+0300] {processor.py:840} INFO - DAG(s) 'example_python_decorator' retrieved from /home/hp/.local/lib/python3.10/site-packages/airflow/example_dags/example_python_decorator.py
[2023-12-20T00:08:21.079+0300] {logging_mixin.py:188} INFO - [2023-12-20T00:08:21.079+0300] {dag.py:3033} INFO - Sync 1 DAGs
[2023-12-20T00:08:21.093+0300] {logging_mixin.py:188} INFO - [2023-12-20T00:08:21.093+0300] {dag.py:3820} INFO - Setting next_dagrun for example_python_decorator to None, run_after=None
[2023-12-20T00:08:21.324+0300] {processor.py:183} INFO - Processing /home/hp/.local/lib/python3.10/site-packages/airflow/example_dags/example_python_decorator.py took 0.366 seconds
[2023-12-20T00:09:22.990+0300] {processor.py:161} INFO - Started process (PID=19760) to work on /home/hp/.local/lib/python3.10/site-packages/airflow/example_dags/example_python_decorator.py
[2023-12-20T00:09:23.021+0300] {processor.py:830} INFO - Processing file /home/hp/.local/lib/python3.10/site-packages/airflow/example_dags/example_python_decorator.py for tasks to queue
[2023-12-20T00:09:23.023+0300] {logging_mixin.py:188} INFO - [2023-12-20T00:09:23.022+0300] {dagbag.py:538} INFO - Filling up the DagBag from /home/hp/.local/lib/python3.10/site-packages/airflow/example_dags/example_python_decorator.py
[2023-12-20T00:09:23.052+0300] {processor.py:840} INFO - DAG(s) 'example_python_decorator' retrieved from /home/hp/.local/lib/python3.10/site-packages/airflow/example_dags/example_python_decorator.py
[2023-12-20T00:09:23.075+0300] {logging_mixin.py:188} INFO - [2023-12-20T00:09:23.075+0300] {dag.py:3033} INFO - Sync 1 DAGs
[2023-12-20T00:09:23.086+0300] {logging_mixin.py:188} INFO - [2023-12-20T00:09:23.085+0300] {dag.py:3820} INFO - Setting next_dagrun for example_python_decorator to None, run_after=None
[2023-12-20T00:09:23.223+0300] {processor.py:183} INFO - Processing /home/hp/.local/lib/python3.10/site-packages/airflow/example_dags/example_python_decorator.py took 0.237 seconds
[2023-12-20T00:10:22.687+0300] {processor.py:161} INFO - Started process (PID=19826) to work on /home/hp/.local/lib/python3.10/site-packages/airflow/example_dags/example_python_decorator.py
[2023-12-20T00:10:22.688+0300] {processor.py:830} INFO - Processing file /home/hp/.local/lib/python3.10/site-packages/airflow/example_dags/example_python_decorator.py for tasks to queue
[2023-12-20T00:10:22.690+0300] {logging_mixin.py:188} INFO - [2023-12-20T00:10:22.689+0300] {dagbag.py:538} INFO - Filling up the DagBag from /home/hp/.local/lib/python3.10/site-packages/airflow/example_dags/example_python_decorator.py
[2023-12-20T00:10:22.705+0300] {processor.py:840} INFO - DAG(s) 'example_python_decorator' retrieved from /home/hp/.local/lib/python3.10/site-packages/airflow/example_dags/example_python_decorator.py
[2023-12-20T00:10:22.725+0300] {logging_mixin.py:188} INFO - [2023-12-20T00:10:22.724+0300] {dag.py:3033} INFO - Sync 1 DAGs
[2023-12-20T00:10:22.736+0300] {logging_mixin.py:188} INFO - [2023-12-20T00:10:22.736+0300] {dag.py:3820} INFO - Setting next_dagrun for example_python_decorator to None, run_after=None
[2023-12-20T00:10:22.903+0300] {processor.py:183} INFO - Processing /home/hp/.local/lib/python3.10/site-packages/airflow/example_dags/example_python_decorator.py took 0.222 seconds
[2023-12-20T00:11:22.210+0300] {processor.py:161} INFO - Started process (PID=19886) to work on /home/hp/.local/lib/python3.10/site-packages/airflow/example_dags/example_python_decorator.py
[2023-12-20T00:11:22.212+0300] {processor.py:830} INFO - Processing file /home/hp/.local/lib/python3.10/site-packages/airflow/example_dags/example_python_decorator.py for tasks to queue
[2023-12-20T00:11:22.213+0300] {logging_mixin.py:188} INFO - [2023-12-20T00:11:22.212+0300] {dagbag.py:538} INFO - Filling up the DagBag from /home/hp/.local/lib/python3.10/site-packages/airflow/example_dags/example_python_decorator.py
[2023-12-20T00:11:22.223+0300] {processor.py:840} INFO - DAG(s) 'example_python_decorator' retrieved from /home/hp/.local/lib/python3.10/site-packages/airflow/example_dags/example_python_decorator.py
[2023-12-20T00:11:22.241+0300] {logging_mixin.py:188} INFO - [2023-12-20T00:11:22.241+0300] {dag.py:3033} INFO - Sync 1 DAGs
[2023-12-20T00:11:22.252+0300] {logging_mixin.py:188} INFO - [2023-12-20T00:11:22.252+0300] {dag.py:3820} INFO - Setting next_dagrun for example_python_decorator to None, run_after=None
[2023-12-20T00:11:22.391+0300] {processor.py:183} INFO - Processing /home/hp/.local/lib/python3.10/site-packages/airflow/example_dags/example_python_decorator.py took 0.184 seconds
[2023-12-20T00:12:25.373+0300] {processor.py:161} INFO - Started process (PID=19955) to work on /home/hp/.local/lib/python3.10/site-packages/airflow/example_dags/example_python_decorator.py
[2023-12-20T00:12:25.386+0300] {processor.py:830} INFO - Processing file /home/hp/.local/lib/python3.10/site-packages/airflow/example_dags/example_python_decorator.py for tasks to queue
[2023-12-20T00:12:25.387+0300] {logging_mixin.py:188} INFO - [2023-12-20T00:12:25.386+0300] {dagbag.py:538} INFO - Filling up the DagBag from /home/hp/.local/lib/python3.10/site-packages/airflow/example_dags/example_python_decorator.py
[2023-12-20T00:12:25.398+0300] {processor.py:840} INFO - DAG(s) 'example_python_decorator' retrieved from /home/hp/.local/lib/python3.10/site-packages/airflow/example_dags/example_python_decorator.py
[2023-12-20T00:12:25.416+0300] {logging_mixin.py:188} INFO - [2023-12-20T00:12:25.416+0300] {dag.py:3033} INFO - Sync 1 DAGs
[2023-12-20T00:12:25.427+0300] {logging_mixin.py:188} INFO - [2023-12-20T00:12:25.427+0300] {dag.py:3820} INFO - Setting next_dagrun for example_python_decorator to None, run_after=None
[2023-12-20T00:12:25.570+0300] {processor.py:183} INFO - Processing /home/hp/.local/lib/python3.10/site-packages/airflow/example_dags/example_python_decorator.py took 0.200 seconds
