[2023-12-19T17:32:29.397+0300] {processor.py:161} INFO - Started process (PID=4025) to work on /home/hp/.local/lib/python3.10/site-packages/airflow/example_dags/example_branch_labels.py
[2023-12-19T17:32:29.398+0300] {processor.py:830} INFO - Processing file /home/hp/.local/lib/python3.10/site-packages/airflow/example_dags/example_branch_labels.py for tasks to queue
[2023-12-19T17:32:29.399+0300] {logging_mixin.py:188} INFO - [2023-12-19T17:32:29.399+0300] {dagbag.py:538} INFO - Filling up the DagBag from /home/hp/.local/lib/python3.10/site-packages/airflow/example_dags/example_branch_labels.py
[2023-12-19T17:32:29.408+0300] {processor.py:840} INFO - DAG(s) 'example_branch_labels' retrieved from /home/hp/.local/lib/python3.10/site-packages/airflow/example_dags/example_branch_labels.py
[2023-12-19T17:32:29.744+0300] {logging_mixin.py:188} INFO - [2023-12-19T17:32:29.742+0300] {override.py:1769} INFO - Created Permission View: can read on DAG:example_branch_labels
[2023-12-19T17:32:29.876+0300] {logging_mixin.py:188} INFO - [2023-12-19T17:32:29.875+0300] {override.py:1769} INFO - Created Permission View: can delete on DAG:example_branch_labels
[2023-12-19T17:32:29.998+0300] {logging_mixin.py:188} INFO - [2023-12-19T17:32:29.997+0300] {override.py:1769} INFO - Created Permission View: can edit on DAG:example_branch_labels
[2023-12-19T17:32:30.000+0300] {logging_mixin.py:188} INFO - [2023-12-19T17:32:29.999+0300] {dag.py:3033} INFO - Sync 1 DAGs
[2023-12-19T17:32:30.039+0300] {logging_mixin.py:188} INFO - [2023-12-19T17:32:30.039+0300] {dag.py:3055} INFO - Creating ORM DAG for example_branch_labels
[2023-12-19T17:32:30.052+0300] {logging_mixin.py:188} INFO - [2023-12-19T17:32:30.051+0300] {dag.py:3820} INFO - Setting next_dagrun for example_branch_labels to 2023-12-18T00:00:00+00:00, run_after=2023-12-19T00:00:00+00:00
[2023-12-19T17:32:30.332+0300] {processor.py:183} INFO - Processing /home/hp/.local/lib/python3.10/site-packages/airflow/example_dags/example_branch_labels.py took 0.939 seconds
[2023-12-19T17:33:43.951+0300] {processor.py:161} INFO - Started process (PID=4236) to work on /home/hp/.local/lib/python3.10/site-packages/airflow/example_dags/example_branch_labels.py
[2023-12-19T17:33:43.967+0300] {processor.py:830} INFO - Processing file /home/hp/.local/lib/python3.10/site-packages/airflow/example_dags/example_branch_labels.py for tasks to queue
[2023-12-19T17:33:43.968+0300] {logging_mixin.py:188} INFO - [2023-12-19T17:33:43.968+0300] {dagbag.py:538} INFO - Filling up the DagBag from /home/hp/.local/lib/python3.10/site-packages/airflow/example_dags/example_branch_labels.py
[2023-12-19T17:33:43.982+0300] {processor.py:840} INFO - DAG(s) 'example_branch_labels' retrieved from /home/hp/.local/lib/python3.10/site-packages/airflow/example_dags/example_branch_labels.py
[2023-12-19T17:33:44.007+0300] {logging_mixin.py:188} INFO - [2023-12-19T17:33:44.007+0300] {dag.py:3033} INFO - Sync 1 DAGs
[2023-12-19T17:33:44.030+0300] {logging_mixin.py:188} INFO - [2023-12-19T17:33:44.030+0300] {dag.py:3820} INFO - Setting next_dagrun for example_branch_labels to 2023-12-18T00:00:00+00:00, run_after=2023-12-19T00:00:00+00:00
[2023-12-19T17:33:44.149+0300] {processor.py:183} INFO - Processing /home/hp/.local/lib/python3.10/site-packages/airflow/example_dags/example_branch_labels.py took 0.204 seconds
[2023-12-19T17:34:43.960+0300] {processor.py:161} INFO - Started process (PID=4336) to work on /home/hp/.local/lib/python3.10/site-packages/airflow/example_dags/example_branch_labels.py
[2023-12-19T17:34:43.981+0300] {processor.py:830} INFO - Processing file /home/hp/.local/lib/python3.10/site-packages/airflow/example_dags/example_branch_labels.py for tasks to queue
[2023-12-19T17:34:43.982+0300] {logging_mixin.py:188} INFO - [2023-12-19T17:34:43.982+0300] {dagbag.py:538} INFO - Filling up the DagBag from /home/hp/.local/lib/python3.10/site-packages/airflow/example_dags/example_branch_labels.py
[2023-12-19T17:34:43.991+0300] {processor.py:840} INFO - DAG(s) 'example_branch_labels' retrieved from /home/hp/.local/lib/python3.10/site-packages/airflow/example_dags/example_branch_labels.py
[2023-12-19T17:34:44.010+0300] {logging_mixin.py:188} INFO - [2023-12-19T17:34:44.010+0300] {dag.py:3033} INFO - Sync 1 DAGs
[2023-12-19T17:34:44.030+0300] {logging_mixin.py:188} INFO - [2023-12-19T17:34:44.029+0300] {dag.py:3820} INFO - Setting next_dagrun for example_branch_labels to 2023-12-18T00:00:00+00:00, run_after=2023-12-19T00:00:00+00:00
[2023-12-19T17:34:44.166+0300] {processor.py:183} INFO - Processing /home/hp/.local/lib/python3.10/site-packages/airflow/example_dags/example_branch_labels.py took 0.208 seconds
[2023-12-19T17:35:44.605+0300] {processor.py:161} INFO - Started process (PID=4399) to work on /home/hp/.local/lib/python3.10/site-packages/airflow/example_dags/example_branch_labels.py
[2023-12-19T17:35:44.625+0300] {processor.py:830} INFO - Processing file /home/hp/.local/lib/python3.10/site-packages/airflow/example_dags/example_branch_labels.py for tasks to queue
[2023-12-19T17:35:44.626+0300] {logging_mixin.py:188} INFO - [2023-12-19T17:35:44.626+0300] {dagbag.py:538} INFO - Filling up the DagBag from /home/hp/.local/lib/python3.10/site-packages/airflow/example_dags/example_branch_labels.py
[2023-12-19T17:35:44.640+0300] {processor.py:840} INFO - DAG(s) 'example_branch_labels' retrieved from /home/hp/.local/lib/python3.10/site-packages/airflow/example_dags/example_branch_labels.py
[2023-12-19T17:35:44.664+0300] {logging_mixin.py:188} INFO - [2023-12-19T17:35:44.664+0300] {dag.py:3033} INFO - Sync 1 DAGs
[2023-12-19T17:35:44.684+0300] {logging_mixin.py:188} INFO - [2023-12-19T17:35:44.683+0300] {dag.py:3820} INFO - Setting next_dagrun for example_branch_labels to 2023-12-18T00:00:00+00:00, run_after=2023-12-19T00:00:00+00:00
[2023-12-19T17:35:44.779+0300] {processor.py:183} INFO - Processing /home/hp/.local/lib/python3.10/site-packages/airflow/example_dags/example_branch_labels.py took 0.178 seconds
[2023-12-19T17:36:44.053+0300] {processor.py:161} INFO - Started process (PID=4497) to work on /home/hp/.local/lib/python3.10/site-packages/airflow/example_dags/example_branch_labels.py
[2023-12-19T17:36:44.062+0300] {processor.py:830} INFO - Processing file /home/hp/.local/lib/python3.10/site-packages/airflow/example_dags/example_branch_labels.py for tasks to queue
[2023-12-19T17:36:44.063+0300] {logging_mixin.py:188} INFO - [2023-12-19T17:36:44.062+0300] {dagbag.py:538} INFO - Filling up the DagBag from /home/hp/.local/lib/python3.10/site-packages/airflow/example_dags/example_branch_labels.py
[2023-12-19T17:36:44.073+0300] {processor.py:840} INFO - DAG(s) 'example_branch_labels' retrieved from /home/hp/.local/lib/python3.10/site-packages/airflow/example_dags/example_branch_labels.py
[2023-12-19T17:36:44.093+0300] {logging_mixin.py:188} INFO - [2023-12-19T17:36:44.093+0300] {dag.py:3033} INFO - Sync 1 DAGs
[2023-12-19T17:36:44.113+0300] {logging_mixin.py:188} INFO - [2023-12-19T17:36:44.113+0300] {dag.py:3820} INFO - Setting next_dagrun for example_branch_labels to 2023-12-18T00:00:00+00:00, run_after=2023-12-19T00:00:00+00:00
[2023-12-19T17:36:44.211+0300] {processor.py:183} INFO - Processing /home/hp/.local/lib/python3.10/site-packages/airflow/example_dags/example_branch_labels.py took 0.161 seconds
[2023-12-19T17:37:40.862+0300] {processor.py:161} INFO - Started process (PID=4555) to work on /home/hp/.local/lib/python3.10/site-packages/airflow/example_dags/example_branch_labels.py
[2023-12-19T17:37:40.878+0300] {processor.py:830} INFO - Processing file /home/hp/.local/lib/python3.10/site-packages/airflow/example_dags/example_branch_labels.py for tasks to queue
[2023-12-19T17:37:40.879+0300] {logging_mixin.py:188} INFO - [2023-12-19T17:37:40.879+0300] {dagbag.py:538} INFO - Filling up the DagBag from /home/hp/.local/lib/python3.10/site-packages/airflow/example_dags/example_branch_labels.py
[2023-12-19T17:37:40.888+0300] {processor.py:840} INFO - DAG(s) 'example_branch_labels' retrieved from /home/hp/.local/lib/python3.10/site-packages/airflow/example_dags/example_branch_labels.py
[2023-12-19T17:37:40.907+0300] {logging_mixin.py:188} INFO - [2023-12-19T17:37:40.906+0300] {dag.py:3033} INFO - Sync 1 DAGs
[2023-12-19T17:37:40.926+0300] {logging_mixin.py:188} INFO - [2023-12-19T17:37:40.926+0300] {dag.py:3820} INFO - Setting next_dagrun for example_branch_labels to 2023-12-18T00:00:00+00:00, run_after=2023-12-19T00:00:00+00:00
[2023-12-19T17:37:41.064+0300] {processor.py:183} INFO - Processing /home/hp/.local/lib/python3.10/site-packages/airflow/example_dags/example_branch_labels.py took 0.206 seconds
[2023-12-20T00:08:51.247+0300] {processor.py:161} INFO - Started process (PID=19727) to work on /home/hp/.local/lib/python3.10/site-packages/airflow/example_dags/example_branch_labels.py
[2023-12-20T00:08:51.248+0300] {processor.py:830} INFO - Processing file /home/hp/.local/lib/python3.10/site-packages/airflow/example_dags/example_branch_labels.py for tasks to queue
[2023-12-20T00:08:51.249+0300] {logging_mixin.py:188} INFO - [2023-12-20T00:08:51.249+0300] {dagbag.py:538} INFO - Filling up the DagBag from /home/hp/.local/lib/python3.10/site-packages/airflow/example_dags/example_branch_labels.py
[2023-12-20T00:08:51.259+0300] {processor.py:840} INFO - DAG(s) 'example_branch_labels' retrieved from /home/hp/.local/lib/python3.10/site-packages/airflow/example_dags/example_branch_labels.py
[2023-12-20T00:08:51.279+0300] {logging_mixin.py:188} INFO - [2023-12-20T00:08:51.278+0300] {dag.py:3033} INFO - Sync 1 DAGs
[2023-12-20T00:08:51.300+0300] {logging_mixin.py:188} INFO - [2023-12-20T00:08:51.299+0300] {dag.py:3820} INFO - Setting next_dagrun for example_branch_labels to 2023-12-18T00:00:00+00:00, run_after=2023-12-19T00:00:00+00:00
[2023-12-20T00:08:51.501+0300] {processor.py:183} INFO - Processing /home/hp/.local/lib/python3.10/site-packages/airflow/example_dags/example_branch_labels.py took 0.258 seconds
[2023-12-20T00:09:52.808+0300] {processor.py:161} INFO - Started process (PID=19793) to work on /home/hp/.local/lib/python3.10/site-packages/airflow/example_dags/example_branch_labels.py
[2023-12-20T00:09:52.809+0300] {processor.py:830} INFO - Processing file /home/hp/.local/lib/python3.10/site-packages/airflow/example_dags/example_branch_labels.py for tasks to queue
[2023-12-20T00:09:52.810+0300] {logging_mixin.py:188} INFO - [2023-12-20T00:09:52.809+0300] {dagbag.py:538} INFO - Filling up the DagBag from /home/hp/.local/lib/python3.10/site-packages/airflow/example_dags/example_branch_labels.py
[2023-12-20T00:09:52.818+0300] {processor.py:840} INFO - DAG(s) 'example_branch_labels' retrieved from /home/hp/.local/lib/python3.10/site-packages/airflow/example_dags/example_branch_labels.py
[2023-12-20T00:09:52.834+0300] {logging_mixin.py:188} INFO - [2023-12-20T00:09:52.834+0300] {dag.py:3033} INFO - Sync 1 DAGs
[2023-12-20T00:09:52.854+0300] {logging_mixin.py:188} INFO - [2023-12-20T00:09:52.854+0300] {dag.py:3820} INFO - Setting next_dagrun for example_branch_labels to 2023-12-18T00:00:00+00:00, run_after=2023-12-19T00:00:00+00:00
[2023-12-20T00:09:53.006+0300] {processor.py:183} INFO - Processing /home/hp/.local/lib/python3.10/site-packages/airflow/example_dags/example_branch_labels.py took 0.201 seconds
[2023-12-20T00:10:52.783+0300] {processor.py:161} INFO - Started process (PID=19857) to work on /home/hp/.local/lib/python3.10/site-packages/airflow/example_dags/example_branch_labels.py
[2023-12-20T00:10:52.821+0300] {processor.py:830} INFO - Processing file /home/hp/.local/lib/python3.10/site-packages/airflow/example_dags/example_branch_labels.py for tasks to queue
[2023-12-20T00:10:52.825+0300] {logging_mixin.py:188} INFO - [2023-12-20T00:10:52.823+0300] {dagbag.py:538} INFO - Filling up the DagBag from /home/hp/.local/lib/python3.10/site-packages/airflow/example_dags/example_branch_labels.py
[2023-12-20T00:10:52.857+0300] {processor.py:840} INFO - DAG(s) 'example_branch_labels' retrieved from /home/hp/.local/lib/python3.10/site-packages/airflow/example_dags/example_branch_labels.py
[2023-12-20T00:10:52.877+0300] {logging_mixin.py:188} INFO - [2023-12-20T00:10:52.877+0300] {dag.py:3033} INFO - Sync 1 DAGs
[2023-12-20T00:10:52.897+0300] {logging_mixin.py:188} INFO - [2023-12-20T00:10:52.897+0300] {dag.py:3820} INFO - Setting next_dagrun for example_branch_labels to 2023-12-18T00:00:00+00:00, run_after=2023-12-19T00:00:00+00:00
[2023-12-20T00:10:53.026+0300] {processor.py:183} INFO - Processing /home/hp/.local/lib/python3.10/site-packages/airflow/example_dags/example_branch_labels.py took 0.246 seconds
[2023-12-20T00:11:53.957+0300] {processor.py:161} INFO - Started process (PID=19917) to work on /home/hp/.local/lib/python3.10/site-packages/airflow/example_dags/example_branch_labels.py
[2023-12-20T00:11:53.958+0300] {processor.py:830} INFO - Processing file /home/hp/.local/lib/python3.10/site-packages/airflow/example_dags/example_branch_labels.py for tasks to queue
[2023-12-20T00:11:53.959+0300] {logging_mixin.py:188} INFO - [2023-12-20T00:11:53.959+0300] {dagbag.py:538} INFO - Filling up the DagBag from /home/hp/.local/lib/python3.10/site-packages/airflow/example_dags/example_branch_labels.py
[2023-12-20T00:11:53.968+0300] {processor.py:840} INFO - DAG(s) 'example_branch_labels' retrieved from /home/hp/.local/lib/python3.10/site-packages/airflow/example_dags/example_branch_labels.py
[2023-12-20T00:11:53.987+0300] {logging_mixin.py:188} INFO - [2023-12-20T00:11:53.986+0300] {dag.py:3033} INFO - Sync 1 DAGs
[2023-12-20T00:11:54.006+0300] {logging_mixin.py:188} INFO - [2023-12-20T00:11:54.006+0300] {dag.py:3820} INFO - Setting next_dagrun for example_branch_labels to 2023-12-18T00:00:00+00:00, run_after=2023-12-19T00:00:00+00:00
[2023-12-20T00:11:54.171+0300] {processor.py:183} INFO - Processing /home/hp/.local/lib/python3.10/site-packages/airflow/example_dags/example_branch_labels.py took 0.218 seconds
[2023-12-20T00:12:52.975+0300] {processor.py:161} INFO - Started process (PID=19998) to work on /home/hp/.local/lib/python3.10/site-packages/airflow/example_dags/example_branch_labels.py
[2023-12-20T00:12:52.977+0300] {processor.py:830} INFO - Processing file /home/hp/.local/lib/python3.10/site-packages/airflow/example_dags/example_branch_labels.py for tasks to queue
[2023-12-20T00:12:52.978+0300] {logging_mixin.py:188} INFO - [2023-12-20T00:12:52.977+0300] {dagbag.py:538} INFO - Filling up the DagBag from /home/hp/.local/lib/python3.10/site-packages/airflow/example_dags/example_branch_labels.py
[2023-12-20T00:12:52.988+0300] {processor.py:840} INFO - DAG(s) 'example_branch_labels' retrieved from /home/hp/.local/lib/python3.10/site-packages/airflow/example_dags/example_branch_labels.py
[2023-12-20T00:12:53.006+0300] {logging_mixin.py:188} INFO - [2023-12-20T00:12:53.006+0300] {dag.py:3033} INFO - Sync 1 DAGs
[2023-12-20T00:12:53.026+0300] {logging_mixin.py:188} INFO - [2023-12-20T00:12:53.026+0300] {dag.py:3820} INFO - Setting next_dagrun for example_branch_labels to 2023-12-18T00:00:00+00:00, run_after=2023-12-19T00:00:00+00:00
[2023-12-20T00:12:53.152+0300] {processor.py:183} INFO - Processing /home/hp/.local/lib/python3.10/site-packages/airflow/example_dags/example_branch_labels.py took 0.181 seconds
