[2023-12-19T17:31:27.727+0300] {processor.py:161} INFO - Started process (PID=3984) to work on /home/hp/.local/lib/python3.10/site-packages/airflow/example_dags/example_task_group.py
[2023-12-19T17:31:27.728+0300] {processor.py:830} INFO - Processing file /home/hp/.local/lib/python3.10/site-packages/airflow/example_dags/example_task_group.py for tasks to queue
[2023-12-19T17:31:27.729+0300] {logging_mixin.py:188} INFO - [2023-12-19T17:31:27.729+0300] {dagbag.py:538} INFO - Filling up the DagBag from /home/hp/.local/lib/python3.10/site-packages/airflow/example_dags/example_task_group.py
[2023-12-19T17:31:27.740+0300] {processor.py:840} INFO - DAG(s) 'example_task_group' retrieved from /home/hp/.local/lib/python3.10/site-packages/airflow/example_dags/example_task_group.py
[2023-12-19T17:31:28.041+0300] {logging_mixin.py:188} INFO - [2023-12-19T17:31:28.039+0300] {override.py:1769} INFO - Created Permission View: can read on DAG:example_task_group
[2023-12-19T17:31:28.151+0300] {logging_mixin.py:188} INFO - [2023-12-19T17:31:28.150+0300] {override.py:1769} INFO - Created Permission View: can delete on DAG:example_task_group
[2023-12-19T17:31:28.249+0300] {logging_mixin.py:188} INFO - [2023-12-19T17:31:28.249+0300] {override.py:1769} INFO - Created Permission View: can edit on DAG:example_task_group
[2023-12-19T17:31:28.250+0300] {logging_mixin.py:188} INFO - [2023-12-19T17:31:28.250+0300] {dag.py:3033} INFO - Sync 1 DAGs
[2023-12-19T17:31:28.267+0300] {logging_mixin.py:188} INFO - [2023-12-19T17:31:28.267+0300] {dag.py:3055} INFO - Creating ORM DAG for example_task_group
[2023-12-19T17:31:28.280+0300] {logging_mixin.py:188} INFO - [2023-12-19T17:31:28.280+0300] {dag.py:3820} INFO - Setting next_dagrun for example_task_group to 2023-12-18T00:00:00+00:00, run_after=2023-12-19T00:00:00+00:00
[2023-12-19T17:31:28.517+0300] {processor.py:183} INFO - Processing /home/hp/.local/lib/python3.10/site-packages/airflow/example_dags/example_task_group.py took 0.793 seconds
[2023-12-19T17:32:52.518+0300] {processor.py:161} INFO - Started process (PID=4049) to work on /home/hp/.local/lib/python3.10/site-packages/airflow/example_dags/example_task_group.py
[2023-12-19T17:32:52.539+0300] {processor.py:830} INFO - Processing file /home/hp/.local/lib/python3.10/site-packages/airflow/example_dags/example_task_group.py for tasks to queue
[2023-12-19T17:32:52.540+0300] {logging_mixin.py:188} INFO - [2023-12-19T17:32:52.540+0300] {dagbag.py:538} INFO - Filling up the DagBag from /home/hp/.local/lib/python3.10/site-packages/airflow/example_dags/example_task_group.py
[2023-12-19T17:32:52.550+0300] {processor.py:840} INFO - DAG(s) 'example_task_group' retrieved from /home/hp/.local/lib/python3.10/site-packages/airflow/example_dags/example_task_group.py
[2023-12-19T17:32:52.568+0300] {logging_mixin.py:188} INFO - [2023-12-19T17:32:52.568+0300] {dag.py:3033} INFO - Sync 1 DAGs
[2023-12-19T17:32:52.587+0300] {logging_mixin.py:188} INFO - [2023-12-19T17:32:52.587+0300] {dag.py:3820} INFO - Setting next_dagrun for example_task_group to 2023-12-18T00:00:00+00:00, run_after=2023-12-19T00:00:00+00:00
[2023-12-19T17:32:52.764+0300] {processor.py:183} INFO - Processing /home/hp/.local/lib/python3.10/site-packages/airflow/example_dags/example_task_group.py took 0.252 seconds
[2023-12-19T17:33:51.567+0300] {processor.py:161} INFO - Started process (PID=4247) to work on /home/hp/.local/lib/python3.10/site-packages/airflow/example_dags/example_task_group.py
[2023-12-19T17:33:51.586+0300] {processor.py:830} INFO - Processing file /home/hp/.local/lib/python3.10/site-packages/airflow/example_dags/example_task_group.py for tasks to queue
[2023-12-19T17:33:51.587+0300] {logging_mixin.py:188} INFO - [2023-12-19T17:33:51.587+0300] {dagbag.py:538} INFO - Filling up the DagBag from /home/hp/.local/lib/python3.10/site-packages/airflow/example_dags/example_task_group.py
[2023-12-19T17:33:51.598+0300] {processor.py:840} INFO - DAG(s) 'example_task_group' retrieved from /home/hp/.local/lib/python3.10/site-packages/airflow/example_dags/example_task_group.py
[2023-12-19T17:33:51.618+0300] {logging_mixin.py:188} INFO - [2023-12-19T17:33:51.618+0300] {dag.py:3033} INFO - Sync 1 DAGs
[2023-12-19T17:33:51.637+0300] {logging_mixin.py:188} INFO - [2023-12-19T17:33:51.637+0300] {dag.py:3820} INFO - Setting next_dagrun for example_task_group to 2023-12-18T00:00:00+00:00, run_after=2023-12-19T00:00:00+00:00
[2023-12-19T17:33:51.754+0300] {processor.py:183} INFO - Processing /home/hp/.local/lib/python3.10/site-packages/airflow/example_dags/example_task_group.py took 0.191 seconds
[2023-12-19T17:34:51.290+0300] {processor.py:161} INFO - Started process (PID=4347) to work on /home/hp/.local/lib/python3.10/site-packages/airflow/example_dags/example_task_group.py
[2023-12-19T17:34:51.310+0300] {processor.py:830} INFO - Processing file /home/hp/.local/lib/python3.10/site-packages/airflow/example_dags/example_task_group.py for tasks to queue
[2023-12-19T17:34:51.313+0300] {logging_mixin.py:188} INFO - [2023-12-19T17:34:51.311+0300] {dagbag.py:538} INFO - Filling up the DagBag from /home/hp/.local/lib/python3.10/site-packages/airflow/example_dags/example_task_group.py
[2023-12-19T17:34:51.339+0300] {processor.py:840} INFO - DAG(s) 'example_task_group' retrieved from /home/hp/.local/lib/python3.10/site-packages/airflow/example_dags/example_task_group.py
[2023-12-19T17:34:51.359+0300] {logging_mixin.py:188} INFO - [2023-12-19T17:34:51.359+0300] {dag.py:3033} INFO - Sync 1 DAGs
[2023-12-19T17:34:51.380+0300] {logging_mixin.py:188} INFO - [2023-12-19T17:34:51.380+0300] {dag.py:3820} INFO - Setting next_dagrun for example_task_group to 2023-12-18T00:00:00+00:00, run_after=2023-12-19T00:00:00+00:00
[2023-12-19T17:34:51.501+0300] {processor.py:183} INFO - Processing /home/hp/.local/lib/python3.10/site-packages/airflow/example_dags/example_task_group.py took 0.215 seconds
[2023-12-19T17:35:53.083+0300] {processor.py:161} INFO - Started process (PID=4410) to work on /home/hp/.local/lib/python3.10/site-packages/airflow/example_dags/example_task_group.py
[2023-12-19T17:35:53.108+0300] {processor.py:830} INFO - Processing file /home/hp/.local/lib/python3.10/site-packages/airflow/example_dags/example_task_group.py for tasks to queue
[2023-12-19T17:35:53.113+0300] {logging_mixin.py:188} INFO - [2023-12-19T17:35:53.112+0300] {dagbag.py:538} INFO - Filling up the DagBag from /home/hp/.local/lib/python3.10/site-packages/airflow/example_dags/example_task_group.py
[2023-12-19T17:35:53.136+0300] {processor.py:840} INFO - DAG(s) 'example_task_group' retrieved from /home/hp/.local/lib/python3.10/site-packages/airflow/example_dags/example_task_group.py
[2023-12-19T17:35:53.159+0300] {logging_mixin.py:188} INFO - [2023-12-19T17:35:53.159+0300] {dag.py:3033} INFO - Sync 1 DAGs
[2023-12-19T17:35:53.183+0300] {logging_mixin.py:188} INFO - [2023-12-19T17:35:53.183+0300] {dag.py:3820} INFO - Setting next_dagrun for example_task_group to 2023-12-18T00:00:00+00:00, run_after=2023-12-19T00:00:00+00:00
[2023-12-19T17:35:53.301+0300] {processor.py:183} INFO - Processing /home/hp/.local/lib/python3.10/site-packages/airflow/example_dags/example_task_group.py took 0.222 seconds
[2023-12-19T17:36:51.217+0300] {processor.py:161} INFO - Started process (PID=4508) to work on /home/hp/.local/lib/python3.10/site-packages/airflow/example_dags/example_task_group.py
[2023-12-19T17:36:51.233+0300] {processor.py:830} INFO - Processing file /home/hp/.local/lib/python3.10/site-packages/airflow/example_dags/example_task_group.py for tasks to queue
[2023-12-19T17:36:51.234+0300] {logging_mixin.py:188} INFO - [2023-12-19T17:36:51.233+0300] {dagbag.py:538} INFO - Filling up the DagBag from /home/hp/.local/lib/python3.10/site-packages/airflow/example_dags/example_task_group.py
[2023-12-19T17:36:51.242+0300] {processor.py:840} INFO - DAG(s) 'example_task_group' retrieved from /home/hp/.local/lib/python3.10/site-packages/airflow/example_dags/example_task_group.py
[2023-12-19T17:36:51.258+0300] {logging_mixin.py:188} INFO - [2023-12-19T17:36:51.258+0300] {dag.py:3033} INFO - Sync 1 DAGs
[2023-12-19T17:36:51.277+0300] {logging_mixin.py:188} INFO - [2023-12-19T17:36:51.277+0300] {dag.py:3820} INFO - Setting next_dagrun for example_task_group to 2023-12-18T00:00:00+00:00, run_after=2023-12-19T00:00:00+00:00
[2023-12-19T17:36:51.412+0300] {processor.py:183} INFO - Processing /home/hp/.local/lib/python3.10/site-packages/airflow/example_dags/example_task_group.py took 0.199 seconds
[2023-12-19T17:37:46.347+0300] {processor.py:161} INFO - Started process (PID=4565) to work on /home/hp/.local/lib/python3.10/site-packages/airflow/example_dags/example_task_group.py
[2023-12-19T17:37:46.366+0300] {processor.py:830} INFO - Processing file /home/hp/.local/lib/python3.10/site-packages/airflow/example_dags/example_task_group.py for tasks to queue
[2023-12-19T17:37:46.367+0300] {logging_mixin.py:188} INFO - [2023-12-19T17:37:46.367+0300] {dagbag.py:538} INFO - Filling up the DagBag from /home/hp/.local/lib/python3.10/site-packages/airflow/example_dags/example_task_group.py
[2023-12-19T17:37:46.380+0300] {processor.py:840} INFO - DAG(s) 'example_task_group' retrieved from /home/hp/.local/lib/python3.10/site-packages/airflow/example_dags/example_task_group.py
[2023-12-19T17:37:46.401+0300] {logging_mixin.py:188} INFO - [2023-12-19T17:37:46.401+0300] {dag.py:3033} INFO - Sync 1 DAGs
[2023-12-19T17:37:46.423+0300] {logging_mixin.py:188} INFO - [2023-12-19T17:37:46.423+0300] {dag.py:3820} INFO - Setting next_dagrun for example_task_group to 2023-12-18T00:00:00+00:00, run_after=2023-12-19T00:00:00+00:00
[2023-12-19T17:37:46.531+0300] {processor.py:183} INFO - Processing /home/hp/.local/lib/python3.10/site-packages/airflow/example_dags/example_task_group.py took 0.187 seconds
[2023-12-20T00:08:08.402+0300] {processor.py:161} INFO - Started process (PID=19689) to work on /home/hp/.local/lib/python3.10/site-packages/airflow/example_dags/example_task_group.py
[2023-12-20T00:08:08.433+0300] {processor.py:830} INFO - Processing file /home/hp/.local/lib/python3.10/site-packages/airflow/example_dags/example_task_group.py for tasks to queue
[2023-12-20T00:08:08.436+0300] {logging_mixin.py:188} INFO - [2023-12-20T00:08:08.435+0300] {dagbag.py:538} INFO - Filling up the DagBag from /home/hp/.local/lib/python3.10/site-packages/airflow/example_dags/example_task_group.py
[2023-12-20T00:08:08.501+0300] {processor.py:840} INFO - DAG(s) 'example_task_group' retrieved from /home/hp/.local/lib/python3.10/site-packages/airflow/example_dags/example_task_group.py
[2023-12-20T00:08:08.527+0300] {logging_mixin.py:188} INFO - [2023-12-20T00:08:08.527+0300] {dag.py:3033} INFO - Sync 1 DAGs
[2023-12-20T00:08:08.546+0300] {logging_mixin.py:188} INFO - [2023-12-20T00:08:08.546+0300] {dag.py:3820} INFO - Setting next_dagrun for example_task_group to 2023-12-18T00:00:00+00:00, run_after=2023-12-19T00:00:00+00:00
[2023-12-20T00:08:08.835+0300] {processor.py:183} INFO - Processing /home/hp/.local/lib/python3.10/site-packages/airflow/example_dags/example_task_group.py took 0.436 seconds
[2023-12-20T00:09:11.277+0300] {processor.py:161} INFO - Started process (PID=19750) to work on /home/hp/.local/lib/python3.10/site-packages/airflow/example_dags/example_task_group.py
[2023-12-20T00:09:11.311+0300] {processor.py:830} INFO - Processing file /home/hp/.local/lib/python3.10/site-packages/airflow/example_dags/example_task_group.py for tasks to queue
[2023-12-20T00:09:11.315+0300] {logging_mixin.py:188} INFO - [2023-12-20T00:09:11.313+0300] {dagbag.py:538} INFO - Filling up the DagBag from /home/hp/.local/lib/python3.10/site-packages/airflow/example_dags/example_task_group.py
[2023-12-20T00:09:11.333+0300] {processor.py:840} INFO - DAG(s) 'example_task_group' retrieved from /home/hp/.local/lib/python3.10/site-packages/airflow/example_dags/example_task_group.py
[2023-12-20T00:09:11.353+0300] {logging_mixin.py:188} INFO - [2023-12-20T00:09:11.353+0300] {dag.py:3033} INFO - Sync 1 DAGs
[2023-12-20T00:09:11.373+0300] {logging_mixin.py:188} INFO - [2023-12-20T00:09:11.373+0300] {dag.py:3820} INFO - Setting next_dagrun for example_task_group to 2023-12-18T00:00:00+00:00, run_after=2023-12-19T00:00:00+00:00
[2023-12-20T00:09:11.488+0300] {processor.py:183} INFO - Processing /home/hp/.local/lib/python3.10/site-packages/airflow/example_dags/example_task_group.py took 0.214 seconds
[2023-12-20T00:10:12.177+0300] {processor.py:161} INFO - Started process (PID=19815) to work on /home/hp/.local/lib/python3.10/site-packages/airflow/example_dags/example_task_group.py
[2023-12-20T00:10:12.178+0300] {processor.py:830} INFO - Processing file /home/hp/.local/lib/python3.10/site-packages/airflow/example_dags/example_task_group.py for tasks to queue
[2023-12-20T00:10:12.179+0300] {logging_mixin.py:188} INFO - [2023-12-20T00:10:12.179+0300] {dagbag.py:538} INFO - Filling up the DagBag from /home/hp/.local/lib/python3.10/site-packages/airflow/example_dags/example_task_group.py
[2023-12-20T00:10:12.187+0300] {processor.py:840} INFO - DAG(s) 'example_task_group' retrieved from /home/hp/.local/lib/python3.10/site-packages/airflow/example_dags/example_task_group.py
[2023-12-20T00:10:12.203+0300] {logging_mixin.py:188} INFO - [2023-12-20T00:10:12.203+0300] {dag.py:3033} INFO - Sync 1 DAGs
[2023-12-20T00:10:12.239+0300] {logging_mixin.py:188} INFO - [2023-12-20T00:10:12.239+0300] {dag.py:3820} INFO - Setting next_dagrun for example_task_group to 2023-12-18T00:00:00+00:00, run_after=2023-12-19T00:00:00+00:00
[2023-12-20T00:10:12.392+0300] {processor.py:183} INFO - Processing /home/hp/.local/lib/python3.10/site-packages/airflow/example_dags/example_task_group.py took 0.219 seconds
[2023-12-20T00:11:10.216+0300] {processor.py:161} INFO - Started process (PID=19876) to work on /home/hp/.local/lib/python3.10/site-packages/airflow/example_dags/example_task_group.py
[2023-12-20T00:11:10.217+0300] {processor.py:830} INFO - Processing file /home/hp/.local/lib/python3.10/site-packages/airflow/example_dags/example_task_group.py for tasks to queue
[2023-12-20T00:11:10.218+0300] {logging_mixin.py:188} INFO - [2023-12-20T00:11:10.217+0300] {dagbag.py:538} INFO - Filling up the DagBag from /home/hp/.local/lib/python3.10/site-packages/airflow/example_dags/example_task_group.py
[2023-12-20T00:11:10.226+0300] {processor.py:840} INFO - DAG(s) 'example_task_group' retrieved from /home/hp/.local/lib/python3.10/site-packages/airflow/example_dags/example_task_group.py
[2023-12-20T00:11:10.243+0300] {logging_mixin.py:188} INFO - [2023-12-20T00:11:10.243+0300] {dag.py:3033} INFO - Sync 1 DAGs
[2023-12-20T00:11:10.262+0300] {logging_mixin.py:188} INFO - [2023-12-20T00:11:10.262+0300] {dag.py:3820} INFO - Setting next_dagrun for example_task_group to 2023-12-18T00:00:00+00:00, run_after=2023-12-19T00:00:00+00:00
[2023-12-20T00:11:10.450+0300] {processor.py:183} INFO - Processing /home/hp/.local/lib/python3.10/site-packages/airflow/example_dags/example_task_group.py took 0.237 seconds
[2023-12-20T00:12:14.485+0300] {processor.py:161} INFO - Started process (PID=19944) to work on /home/hp/.local/lib/python3.10/site-packages/airflow/example_dags/example_task_group.py
[2023-12-20T00:12:14.518+0300] {processor.py:830} INFO - Processing file /home/hp/.local/lib/python3.10/site-packages/airflow/example_dags/example_task_group.py for tasks to queue
[2023-12-20T00:12:14.519+0300] {logging_mixin.py:188} INFO - [2023-12-20T00:12:14.519+0300] {dagbag.py:538} INFO - Filling up the DagBag from /home/hp/.local/lib/python3.10/site-packages/airflow/example_dags/example_task_group.py
[2023-12-20T00:12:14.531+0300] {processor.py:840} INFO - DAG(s) 'example_task_group' retrieved from /home/hp/.local/lib/python3.10/site-packages/airflow/example_dags/example_task_group.py
[2023-12-20T00:12:14.553+0300] {logging_mixin.py:188} INFO - [2023-12-20T00:12:14.553+0300] {dag.py:3033} INFO - Sync 1 DAGs
[2023-12-20T00:12:14.572+0300] {logging_mixin.py:188} INFO - [2023-12-20T00:12:14.572+0300] {dag.py:3820} INFO - Setting next_dagrun for example_task_group to 2023-12-18T00:00:00+00:00, run_after=2023-12-19T00:00:00+00:00
[2023-12-20T00:12:14.716+0300] {processor.py:183} INFO - Processing /home/hp/.local/lib/python3.10/site-packages/airflow/example_dags/example_task_group.py took 0.234 seconds
[2023-12-20T00:13:12.198+0300] {processor.py:161} INFO - Started process (PID=20021) to work on /home/hp/.local/lib/python3.10/site-packages/airflow/example_dags/example_task_group.py
[2023-12-20T00:13:12.231+0300] {processor.py:830} INFO - Processing file /home/hp/.local/lib/python3.10/site-packages/airflow/example_dags/example_task_group.py for tasks to queue
[2023-12-20T00:13:12.234+0300] {logging_mixin.py:188} INFO - [2023-12-20T00:13:12.232+0300] {dagbag.py:538} INFO - Filling up the DagBag from /home/hp/.local/lib/python3.10/site-packages/airflow/example_dags/example_task_group.py
[2023-12-20T00:13:12.259+0300] {processor.py:840} INFO - DAG(s) 'example_task_group' retrieved from /home/hp/.local/lib/python3.10/site-packages/airflow/example_dags/example_task_group.py
[2023-12-20T00:13:12.283+0300] {logging_mixin.py:188} INFO - [2023-12-20T00:13:12.283+0300] {dag.py:3033} INFO - Sync 1 DAGs
[2023-12-20T00:13:12.318+0300] {logging_mixin.py:188} INFO - [2023-12-20T00:13:12.318+0300] {dag.py:3820} INFO - Setting next_dagrun for example_task_group to 2023-12-18T00:00:00+00:00, run_after=2023-12-19T00:00:00+00:00
[2023-12-20T00:13:12.468+0300] {processor.py:183} INFO - Processing /home/hp/.local/lib/python3.10/site-packages/airflow/example_dags/example_task_group.py took 0.274 seconds
