[2023-12-19T17:31:42.183+0300] {processor.py:161} INFO - Started process (PID=3996) to work on /home/hp/.local/lib/python3.10/site-packages/airflow/example_dags/example_setup_teardown.py
[2023-12-19T17:31:42.184+0300] {processor.py:830} INFO - Processing file /home/hp/.local/lib/python3.10/site-packages/airflow/example_dags/example_setup_teardown.py for tasks to queue
[2023-12-19T17:31:42.185+0300] {logging_mixin.py:188} INFO - [2023-12-19T17:31:42.185+0300] {dagbag.py:538} INFO - Filling up the DagBag from /home/hp/.local/lib/python3.10/site-packages/airflow/example_dags/example_setup_teardown.py
[2023-12-19T17:31:42.198+0300] {processor.py:840} INFO - DAG(s) 'example_setup_teardown' retrieved from /home/hp/.local/lib/python3.10/site-packages/airflow/example_dags/example_setup_teardown.py
[2023-12-19T17:31:42.509+0300] {logging_mixin.py:188} INFO - [2023-12-19T17:31:42.506+0300] {override.py:1769} INFO - Created Permission View: can read on DAG:example_setup_teardown
[2023-12-19T17:31:42.641+0300] {logging_mixin.py:188} INFO - [2023-12-19T17:31:42.639+0300] {override.py:1769} INFO - Created Permission View: can delete on DAG:example_setup_teardown
[2023-12-19T17:31:42.907+0300] {logging_mixin.py:188} INFO - [2023-12-19T17:31:42.906+0300] {override.py:1769} INFO - Created Permission View: can edit on DAG:example_setup_teardown
[2023-12-19T17:31:42.909+0300] {logging_mixin.py:188} INFO - [2023-12-19T17:31:42.908+0300] {dag.py:3033} INFO - Sync 1 DAGs
[2023-12-19T17:31:42.947+0300] {logging_mixin.py:188} INFO - [2023-12-19T17:31:42.946+0300] {dag.py:3055} INFO - Creating ORM DAG for example_setup_teardown
[2023-12-19T17:31:42.958+0300] {logging_mixin.py:188} INFO - [2023-12-19T17:31:42.958+0300] {dag.py:3820} INFO - Setting next_dagrun for example_setup_teardown to 2023-12-18T00:00:00+00:00, run_after=2023-12-19T00:00:00+00:00
[2023-12-19T17:31:43.274+0300] {processor.py:183} INFO - Processing /home/hp/.local/lib/python3.10/site-packages/airflow/example_dags/example_setup_teardown.py took 1.094 seconds
[2023-12-19T17:33:01.385+0300] {processor.py:161} INFO - Started process (PID=4059) to work on /home/hp/.local/lib/python3.10/site-packages/airflow/example_dags/example_setup_teardown.py
[2023-12-19T17:33:01.399+0300] {processor.py:830} INFO - Processing file /home/hp/.local/lib/python3.10/site-packages/airflow/example_dags/example_setup_teardown.py for tasks to queue
[2023-12-19T17:33:01.400+0300] {logging_mixin.py:188} INFO - [2023-12-19T17:33:01.400+0300] {dagbag.py:538} INFO - Filling up the DagBag from /home/hp/.local/lib/python3.10/site-packages/airflow/example_dags/example_setup_teardown.py
[2023-12-19T17:33:01.409+0300] {processor.py:840} INFO - DAG(s) 'example_setup_teardown' retrieved from /home/hp/.local/lib/python3.10/site-packages/airflow/example_dags/example_setup_teardown.py
[2023-12-19T17:33:01.424+0300] {logging_mixin.py:188} INFO - [2023-12-19T17:33:01.424+0300] {dag.py:3033} INFO - Sync 1 DAGs
[2023-12-19T17:33:01.443+0300] {logging_mixin.py:188} INFO - [2023-12-19T17:33:01.443+0300] {dag.py:3820} INFO - Setting next_dagrun for example_setup_teardown to 2023-12-18T00:00:00+00:00, run_after=2023-12-19T00:00:00+00:00
[2023-12-19T17:33:01.569+0300] {processor.py:183} INFO - Processing /home/hp/.local/lib/python3.10/site-packages/airflow/example_dags/example_setup_teardown.py took 0.189 seconds
[2023-12-19T17:34:00.756+0300] {processor.py:161} INFO - Started process (PID=4255) to work on /home/hp/.local/lib/python3.10/site-packages/airflow/example_dags/example_setup_teardown.py
[2023-12-19T17:34:00.769+0300] {processor.py:830} INFO - Processing file /home/hp/.local/lib/python3.10/site-packages/airflow/example_dags/example_setup_teardown.py for tasks to queue
[2023-12-19T17:34:00.771+0300] {logging_mixin.py:188} INFO - [2023-12-19T17:34:00.770+0300] {dagbag.py:538} INFO - Filling up the DagBag from /home/hp/.local/lib/python3.10/site-packages/airflow/example_dags/example_setup_teardown.py
[2023-12-19T17:34:00.783+0300] {processor.py:840} INFO - DAG(s) 'example_setup_teardown' retrieved from /home/hp/.local/lib/python3.10/site-packages/airflow/example_dags/example_setup_teardown.py
[2023-12-19T17:34:00.804+0300] {logging_mixin.py:188} INFO - [2023-12-19T17:34:00.804+0300] {dag.py:3033} INFO - Sync 1 DAGs
[2023-12-19T17:34:00.824+0300] {logging_mixin.py:188} INFO - [2023-12-19T17:34:00.824+0300] {dag.py:3820} INFO - Setting next_dagrun for example_setup_teardown to 2023-12-18T00:00:00+00:00, run_after=2023-12-19T00:00:00+00:00
[2023-12-19T17:34:00.964+0300] {processor.py:183} INFO - Processing /home/hp/.local/lib/python3.10/site-packages/airflow/example_dags/example_setup_teardown.py took 0.212 seconds
[2023-12-19T17:34:59.494+0300] {processor.py:161} INFO - Started process (PID=4355) to work on /home/hp/.local/lib/python3.10/site-packages/airflow/example_dags/example_setup_teardown.py
[2023-12-19T17:34:59.510+0300] {processor.py:830} INFO - Processing file /home/hp/.local/lib/python3.10/site-packages/airflow/example_dags/example_setup_teardown.py for tasks to queue
[2023-12-19T17:34:59.511+0300] {logging_mixin.py:188} INFO - [2023-12-19T17:34:59.510+0300] {dagbag.py:538} INFO - Filling up the DagBag from /home/hp/.local/lib/python3.10/site-packages/airflow/example_dags/example_setup_teardown.py
[2023-12-19T17:34:59.519+0300] {processor.py:840} INFO - DAG(s) 'example_setup_teardown' retrieved from /home/hp/.local/lib/python3.10/site-packages/airflow/example_dags/example_setup_teardown.py
[2023-12-19T17:34:59.534+0300] {logging_mixin.py:188} INFO - [2023-12-19T17:34:59.534+0300] {dag.py:3033} INFO - Sync 1 DAGs
[2023-12-19T17:34:59.553+0300] {logging_mixin.py:188} INFO - [2023-12-19T17:34:59.553+0300] {dag.py:3820} INFO - Setting next_dagrun for example_setup_teardown to 2023-12-18T00:00:00+00:00, run_after=2023-12-19T00:00:00+00:00
[2023-12-19T17:34:59.675+0300] {processor.py:183} INFO - Processing /home/hp/.local/lib/python3.10/site-packages/airflow/example_dags/example_setup_teardown.py took 0.184 seconds
[2023-12-19T17:36:01.096+0300] {processor.py:161} INFO - Started process (PID=4450) to work on /home/hp/.local/lib/python3.10/site-packages/airflow/example_dags/example_setup_teardown.py
[2023-12-19T17:36:01.119+0300] {processor.py:830} INFO - Processing file /home/hp/.local/lib/python3.10/site-packages/airflow/example_dags/example_setup_teardown.py for tasks to queue
[2023-12-19T17:36:01.124+0300] {logging_mixin.py:188} INFO - [2023-12-19T17:36:01.122+0300] {dagbag.py:538} INFO - Filling up the DagBag from /home/hp/.local/lib/python3.10/site-packages/airflow/example_dags/example_setup_teardown.py
[2023-12-19T17:36:01.151+0300] {processor.py:840} INFO - DAG(s) 'example_setup_teardown' retrieved from /home/hp/.local/lib/python3.10/site-packages/airflow/example_dags/example_setup_teardown.py
[2023-12-19T17:36:01.172+0300] {logging_mixin.py:188} INFO - [2023-12-19T17:36:01.172+0300] {dag.py:3033} INFO - Sync 1 DAGs
[2023-12-19T17:36:01.196+0300] {logging_mixin.py:188} INFO - [2023-12-19T17:36:01.196+0300] {dag.py:3820} INFO - Setting next_dagrun for example_setup_teardown to 2023-12-18T00:00:00+00:00, run_after=2023-12-19T00:00:00+00:00
[2023-12-19T17:36:01.330+0300] {processor.py:183} INFO - Processing /home/hp/.local/lib/python3.10/site-packages/airflow/example_dags/example_setup_teardown.py took 0.238 seconds
[2023-12-19T17:36:59.018+0300] {processor.py:161} INFO - Started process (PID=4516) to work on /home/hp/.local/lib/python3.10/site-packages/airflow/example_dags/example_setup_teardown.py
[2023-12-19T17:36:59.032+0300] {processor.py:830} INFO - Processing file /home/hp/.local/lib/python3.10/site-packages/airflow/example_dags/example_setup_teardown.py for tasks to queue
[2023-12-19T17:36:59.034+0300] {logging_mixin.py:188} INFO - [2023-12-19T17:36:59.033+0300] {dagbag.py:538} INFO - Filling up the DagBag from /home/hp/.local/lib/python3.10/site-packages/airflow/example_dags/example_setup_teardown.py
[2023-12-19T17:36:59.047+0300] {processor.py:840} INFO - DAG(s) 'example_setup_teardown' retrieved from /home/hp/.local/lib/python3.10/site-packages/airflow/example_dags/example_setup_teardown.py
[2023-12-19T17:36:59.070+0300] {logging_mixin.py:188} INFO - [2023-12-19T17:36:59.070+0300] {dag.py:3033} INFO - Sync 1 DAGs
[2023-12-19T17:36:59.089+0300] {logging_mixin.py:188} INFO - [2023-12-19T17:36:59.089+0300] {dag.py:3820} INFO - Setting next_dagrun for example_setup_teardown to 2023-12-18T00:00:00+00:00, run_after=2023-12-19T00:00:00+00:00
[2023-12-19T17:36:59.236+0300] {processor.py:183} INFO - Processing /home/hp/.local/lib/python3.10/site-packages/airflow/example_dags/example_setup_teardown.py took 0.221 seconds
[2023-12-19T17:37:54.546+0300] {processor.py:161} INFO - Started process (PID=4574) to work on /home/hp/.local/lib/python3.10/site-packages/airflow/example_dags/example_setup_teardown.py
[2023-12-19T17:37:54.566+0300] {processor.py:830} INFO - Processing file /home/hp/.local/lib/python3.10/site-packages/airflow/example_dags/example_setup_teardown.py for tasks to queue
[2023-12-19T17:37:54.567+0300] {logging_mixin.py:188} INFO - [2023-12-19T17:37:54.566+0300] {dagbag.py:538} INFO - Filling up the DagBag from /home/hp/.local/lib/python3.10/site-packages/airflow/example_dags/example_setup_teardown.py
[2023-12-19T17:37:54.575+0300] {processor.py:840} INFO - DAG(s) 'example_setup_teardown' retrieved from /home/hp/.local/lib/python3.10/site-packages/airflow/example_dags/example_setup_teardown.py
[2023-12-19T17:37:54.590+0300] {logging_mixin.py:188} INFO - [2023-12-19T17:37:54.590+0300] {dag.py:3033} INFO - Sync 1 DAGs
[2023-12-19T17:37:54.609+0300] {logging_mixin.py:188} INFO - [2023-12-19T17:37:54.609+0300] {dag.py:3820} INFO - Setting next_dagrun for example_setup_teardown to 2023-12-18T00:00:00+00:00, run_after=2023-12-19T00:00:00+00:00
[2023-12-19T17:37:54.739+0300] {processor.py:183} INFO - Processing /home/hp/.local/lib/python3.10/site-packages/airflow/example_dags/example_setup_teardown.py took 0.197 seconds
[2023-12-20T00:08:17.904+0300] {processor.py:161} INFO - Started process (PID=19700) to work on /home/hp/.local/lib/python3.10/site-packages/airflow/example_dags/example_setup_teardown.py
[2023-12-20T00:08:17.905+0300] {processor.py:830} INFO - Processing file /home/hp/.local/lib/python3.10/site-packages/airflow/example_dags/example_setup_teardown.py for tasks to queue
[2023-12-20T00:08:17.906+0300] {logging_mixin.py:188} INFO - [2023-12-20T00:08:17.906+0300] {dagbag.py:538} INFO - Filling up the DagBag from /home/hp/.local/lib/python3.10/site-packages/airflow/example_dags/example_setup_teardown.py
[2023-12-20T00:08:17.917+0300] {processor.py:840} INFO - DAG(s) 'example_setup_teardown' retrieved from /home/hp/.local/lib/python3.10/site-packages/airflow/example_dags/example_setup_teardown.py
[2023-12-20T00:08:17.939+0300] {logging_mixin.py:188} INFO - [2023-12-20T00:08:17.939+0300] {dag.py:3033} INFO - Sync 1 DAGs
[2023-12-20T00:08:17.957+0300] {logging_mixin.py:188} INFO - [2023-12-20T00:08:17.957+0300] {dag.py:3820} INFO - Setting next_dagrun for example_setup_teardown to 2023-12-18T00:00:00+00:00, run_after=2023-12-19T00:00:00+00:00
[2023-12-20T00:08:18.202+0300] {processor.py:183} INFO - Processing /home/hp/.local/lib/python3.10/site-packages/airflow/example_dags/example_setup_teardown.py took 0.301 seconds
[2023-12-20T00:09:20.263+0300] {processor.py:161} INFO - Started process (PID=19758) to work on /home/hp/.local/lib/python3.10/site-packages/airflow/example_dags/example_setup_teardown.py
[2023-12-20T00:09:20.300+0300] {processor.py:830} INFO - Processing file /home/hp/.local/lib/python3.10/site-packages/airflow/example_dags/example_setup_teardown.py for tasks to queue
[2023-12-20T00:09:20.304+0300] {logging_mixin.py:188} INFO - [2023-12-20T00:09:20.302+0300] {dagbag.py:538} INFO - Filling up the DagBag from /home/hp/.local/lib/python3.10/site-packages/airflow/example_dags/example_setup_teardown.py
[2023-12-20T00:09:20.337+0300] {processor.py:840} INFO - DAG(s) 'example_setup_teardown' retrieved from /home/hp/.local/lib/python3.10/site-packages/airflow/example_dags/example_setup_teardown.py
[2023-12-20T00:09:20.358+0300] {logging_mixin.py:188} INFO - [2023-12-20T00:09:20.358+0300] {dag.py:3033} INFO - Sync 1 DAGs
[2023-12-20T00:09:20.376+0300] {logging_mixin.py:188} INFO - [2023-12-20T00:09:20.376+0300] {dag.py:3820} INFO - Setting next_dagrun for example_setup_teardown to 2023-12-18T00:00:00+00:00, run_after=2023-12-19T00:00:00+00:00
[2023-12-20T00:09:20.514+0300] {processor.py:183} INFO - Processing /home/hp/.local/lib/python3.10/site-packages/airflow/example_dags/example_setup_teardown.py took 0.255 seconds
[2023-12-20T00:10:20.823+0300] {processor.py:161} INFO - Started process (PID=19824) to work on /home/hp/.local/lib/python3.10/site-packages/airflow/example_dags/example_setup_teardown.py
[2023-12-20T00:10:20.862+0300] {processor.py:830} INFO - Processing file /home/hp/.local/lib/python3.10/site-packages/airflow/example_dags/example_setup_teardown.py for tasks to queue
[2023-12-20T00:10:20.863+0300] {logging_mixin.py:188} INFO - [2023-12-20T00:10:20.862+0300] {dagbag.py:538} INFO - Filling up the DagBag from /home/hp/.local/lib/python3.10/site-packages/airflow/example_dags/example_setup_teardown.py
[2023-12-20T00:10:20.875+0300] {processor.py:840} INFO - DAG(s) 'example_setup_teardown' retrieved from /home/hp/.local/lib/python3.10/site-packages/airflow/example_dags/example_setup_teardown.py
[2023-12-20T00:10:20.899+0300] {logging_mixin.py:188} INFO - [2023-12-20T00:10:20.899+0300] {dag.py:3033} INFO - Sync 1 DAGs
[2023-12-20T00:10:20.919+0300] {logging_mixin.py:188} INFO - [2023-12-20T00:10:20.919+0300] {dag.py:3820} INFO - Setting next_dagrun for example_setup_teardown to 2023-12-18T00:00:00+00:00, run_after=2023-12-19T00:00:00+00:00
[2023-12-20T00:10:21.059+0300] {processor.py:183} INFO - Processing /home/hp/.local/lib/python3.10/site-packages/airflow/example_dags/example_setup_teardown.py took 0.239 seconds
[2023-12-20T00:11:19.465+0300] {processor.py:161} INFO - Started process (PID=19884) to work on /home/hp/.local/lib/python3.10/site-packages/airflow/example_dags/example_setup_teardown.py
[2023-12-20T00:11:19.507+0300] {processor.py:830} INFO - Processing file /home/hp/.local/lib/python3.10/site-packages/airflow/example_dags/example_setup_teardown.py for tasks to queue
[2023-12-20T00:11:19.508+0300] {logging_mixin.py:188} INFO - [2023-12-20T00:11:19.508+0300] {dagbag.py:538} INFO - Filling up the DagBag from /home/hp/.local/lib/python3.10/site-packages/airflow/example_dags/example_setup_teardown.py
[2023-12-20T00:11:19.528+0300] {processor.py:840} INFO - DAG(s) 'example_setup_teardown' retrieved from /home/hp/.local/lib/python3.10/site-packages/airflow/example_dags/example_setup_teardown.py
[2023-12-20T00:11:19.556+0300] {logging_mixin.py:188} INFO - [2023-12-20T00:11:19.555+0300] {dag.py:3033} INFO - Sync 1 DAGs
[2023-12-20T00:11:19.575+0300] {logging_mixin.py:188} INFO - [2023-12-20T00:11:19.574+0300] {dag.py:3820} INFO - Setting next_dagrun for example_setup_teardown to 2023-12-18T00:00:00+00:00, run_after=2023-12-19T00:00:00+00:00
[2023-12-20T00:11:19.701+0300] {processor.py:183} INFO - Processing /home/hp/.local/lib/python3.10/site-packages/airflow/example_dags/example_setup_teardown.py took 0.239 seconds
[2023-12-20T00:12:22.569+0300] {processor.py:161} INFO - Started process (PID=19953) to work on /home/hp/.local/lib/python3.10/site-packages/airflow/example_dags/example_setup_teardown.py
[2023-12-20T00:12:22.585+0300] {processor.py:830} INFO - Processing file /home/hp/.local/lib/python3.10/site-packages/airflow/example_dags/example_setup_teardown.py for tasks to queue
[2023-12-20T00:12:22.587+0300] {logging_mixin.py:188} INFO - [2023-12-20T00:12:22.586+0300] {dagbag.py:538} INFO - Filling up the DagBag from /home/hp/.local/lib/python3.10/site-packages/airflow/example_dags/example_setup_teardown.py
[2023-12-20T00:12:22.599+0300] {processor.py:840} INFO - DAG(s) 'example_setup_teardown' retrieved from /home/hp/.local/lib/python3.10/site-packages/airflow/example_dags/example_setup_teardown.py
[2023-12-20T00:12:22.623+0300] {logging_mixin.py:188} INFO - [2023-12-20T00:12:22.623+0300] {dag.py:3033} INFO - Sync 1 DAGs
[2023-12-20T00:12:22.642+0300] {logging_mixin.py:188} INFO - [2023-12-20T00:12:22.642+0300] {dag.py:3820} INFO - Setting next_dagrun for example_setup_teardown to 2023-12-18T00:00:00+00:00, run_after=2023-12-19T00:00:00+00:00
[2023-12-20T00:12:22.792+0300] {processor.py:183} INFO - Processing /home/hp/.local/lib/python3.10/site-packages/airflow/example_dags/example_setup_teardown.py took 0.226 seconds
