[2023-12-19T17:32:10.856+0300] {processor.py:161} INFO - Started process (PID=4016) to work on /home/hp/.local/lib/python3.10/site-packages/airflow/example_dags/example_latest_only_with_trigger.py
[2023-12-19T17:32:10.858+0300] {processor.py:830} INFO - Processing file /home/hp/.local/lib/python3.10/site-packages/airflow/example_dags/example_latest_only_with_trigger.py for tasks to queue
[2023-12-19T17:32:10.860+0300] {logging_mixin.py:188} INFO - [2023-12-19T17:32:10.859+0300] {dagbag.py:538} INFO - Filling up the DagBag from /home/hp/.local/lib/python3.10/site-packages/airflow/example_dags/example_latest_only_with_trigger.py
[2023-12-19T17:32:10.873+0300] {processor.py:840} INFO - DAG(s) 'latest_only_with_trigger' retrieved from /home/hp/.local/lib/python3.10/site-packages/airflow/example_dags/example_latest_only_with_trigger.py
[2023-12-19T17:32:11.187+0300] {logging_mixin.py:188} INFO - [2023-12-19T17:32:11.185+0300] {override.py:1769} INFO - Created Permission View: can read on DAG:latest_only_with_trigger
[2023-12-19T17:32:11.297+0300] {logging_mixin.py:188} INFO - [2023-12-19T17:32:11.296+0300] {override.py:1769} INFO - Created Permission View: can delete on DAG:latest_only_with_trigger
[2023-12-19T17:32:11.397+0300] {logging_mixin.py:188} INFO - [2023-12-19T17:32:11.396+0300] {override.py:1769} INFO - Created Permission View: can edit on DAG:latest_only_with_trigger
[2023-12-19T17:32:11.399+0300] {logging_mixin.py:188} INFO - [2023-12-19T17:32:11.399+0300] {dag.py:3033} INFO - Sync 1 DAGs
[2023-12-19T17:32:11.437+0300] {logging_mixin.py:188} INFO - [2023-12-19T17:32:11.437+0300] {dag.py:3055} INFO - Creating ORM DAG for latest_only_with_trigger
[2023-12-19T17:32:11.448+0300] {logging_mixin.py:188} INFO - [2023-12-19T17:32:11.448+0300] {dag.py:3820} INFO - Setting next_dagrun for latest_only_with_trigger to 2023-12-19T08:00:00+00:00, run_after=2023-12-19T12:00:00+00:00
[2023-12-19T17:32:11.698+0300] {processor.py:183} INFO - Processing /home/hp/.local/lib/python3.10/site-packages/airflow/example_dags/example_latest_only_with_trigger.py took 0.850 seconds
[2023-12-19T17:33:33.567+0300] {processor.py:161} INFO - Started process (PID=4227) to work on /home/hp/.local/lib/python3.10/site-packages/airflow/example_dags/example_latest_only_with_trigger.py
[2023-12-19T17:33:33.588+0300] {processor.py:830} INFO - Processing file /home/hp/.local/lib/python3.10/site-packages/airflow/example_dags/example_latest_only_with_trigger.py for tasks to queue
[2023-12-19T17:33:33.593+0300] {logging_mixin.py:188} INFO - [2023-12-19T17:33:33.591+0300] {dagbag.py:538} INFO - Filling up the DagBag from /home/hp/.local/lib/python3.10/site-packages/airflow/example_dags/example_latest_only_with_trigger.py
[2023-12-19T17:33:33.620+0300] {processor.py:840} INFO - DAG(s) 'latest_only_with_trigger' retrieved from /home/hp/.local/lib/python3.10/site-packages/airflow/example_dags/example_latest_only_with_trigger.py
[2023-12-19T17:33:33.640+0300] {logging_mixin.py:188} INFO - [2023-12-19T17:33:33.640+0300] {dag.py:3033} INFO - Sync 1 DAGs
[2023-12-19T17:33:33.661+0300] {logging_mixin.py:188} INFO - [2023-12-19T17:33:33.661+0300] {dag.py:3820} INFO - Setting next_dagrun for latest_only_with_trigger to 2023-12-19T08:00:00+00:00, run_after=2023-12-19T12:00:00+00:00
[2023-12-19T17:33:33.795+0300] {processor.py:183} INFO - Processing /home/hp/.local/lib/python3.10/site-packages/airflow/example_dags/example_latest_only_with_trigger.py took 0.231 seconds
[2023-12-19T17:34:34.185+0300] {processor.py:161} INFO - Started process (PID=4326) to work on /home/hp/.local/lib/python3.10/site-packages/airflow/example_dags/example_latest_only_with_trigger.py
[2023-12-19T17:34:34.201+0300] {processor.py:830} INFO - Processing file /home/hp/.local/lib/python3.10/site-packages/airflow/example_dags/example_latest_only_with_trigger.py for tasks to queue
[2023-12-19T17:34:34.203+0300] {logging_mixin.py:188} INFO - [2023-12-19T17:34:34.202+0300] {dagbag.py:538} INFO - Filling up the DagBag from /home/hp/.local/lib/python3.10/site-packages/airflow/example_dags/example_latest_only_with_trigger.py
[2023-12-19T17:34:34.215+0300] {processor.py:840} INFO - DAG(s) 'latest_only_with_trigger' retrieved from /home/hp/.local/lib/python3.10/site-packages/airflow/example_dags/example_latest_only_with_trigger.py
[2023-12-19T17:34:34.238+0300] {logging_mixin.py:188} INFO - [2023-12-19T17:34:34.238+0300] {dag.py:3033} INFO - Sync 1 DAGs
[2023-12-19T17:34:34.257+0300] {logging_mixin.py:188} INFO - [2023-12-19T17:34:34.257+0300] {dag.py:3820} INFO - Setting next_dagrun for latest_only_with_trigger to 2023-12-19T08:00:00+00:00, run_after=2023-12-19T12:00:00+00:00
[2023-12-19T17:34:34.361+0300] {processor.py:183} INFO - Processing /home/hp/.local/lib/python3.10/site-packages/airflow/example_dags/example_latest_only_with_trigger.py took 0.181 seconds
[2023-12-19T17:35:34.943+0300] {processor.py:161} INFO - Started process (PID=4391) to work on /home/hp/.local/lib/python3.10/site-packages/airflow/example_dags/example_latest_only_with_trigger.py
[2023-12-19T17:35:34.963+0300] {processor.py:830} INFO - Processing file /home/hp/.local/lib/python3.10/site-packages/airflow/example_dags/example_latest_only_with_trigger.py for tasks to queue
[2023-12-19T17:35:34.965+0300] {logging_mixin.py:188} INFO - [2023-12-19T17:35:34.964+0300] {dagbag.py:538} INFO - Filling up the DagBag from /home/hp/.local/lib/python3.10/site-packages/airflow/example_dags/example_latest_only_with_trigger.py
[2023-12-19T17:35:34.980+0300] {processor.py:840} INFO - DAG(s) 'latest_only_with_trigger' retrieved from /home/hp/.local/lib/python3.10/site-packages/airflow/example_dags/example_latest_only_with_trigger.py
[2023-12-19T17:35:35.006+0300] {logging_mixin.py:188} INFO - [2023-12-19T17:35:35.005+0300] {dag.py:3033} INFO - Sync 1 DAGs
[2023-12-19T17:35:35.024+0300] {logging_mixin.py:188} INFO - [2023-12-19T17:35:35.024+0300] {dag.py:3820} INFO - Setting next_dagrun for latest_only_with_trigger to 2023-12-19T08:00:00+00:00, run_after=2023-12-19T12:00:00+00:00
[2023-12-19T17:35:35.165+0300] {processor.py:183} INFO - Processing /home/hp/.local/lib/python3.10/site-packages/airflow/example_dags/example_latest_only_with_trigger.py took 0.226 seconds
[2023-12-19T17:36:33.110+0300] {processor.py:161} INFO - Started process (PID=4484) to work on /home/hp/.local/lib/python3.10/site-packages/airflow/example_dags/example_latest_only_with_trigger.py
[2023-12-19T17:36:33.132+0300] {processor.py:830} INFO - Processing file /home/hp/.local/lib/python3.10/site-packages/airflow/example_dags/example_latest_only_with_trigger.py for tasks to queue
[2023-12-19T17:36:33.134+0300] {logging_mixin.py:188} INFO - [2023-12-19T17:36:33.133+0300] {dagbag.py:538} INFO - Filling up the DagBag from /home/hp/.local/lib/python3.10/site-packages/airflow/example_dags/example_latest_only_with_trigger.py
[2023-12-19T17:36:33.146+0300] {processor.py:840} INFO - DAG(s) 'latest_only_with_trigger' retrieved from /home/hp/.local/lib/python3.10/site-packages/airflow/example_dags/example_latest_only_with_trigger.py
[2023-12-19T17:36:33.164+0300] {logging_mixin.py:188} INFO - [2023-12-19T17:36:33.164+0300] {dag.py:3033} INFO - Sync 1 DAGs
[2023-12-19T17:36:33.183+0300] {logging_mixin.py:188} INFO - [2023-12-19T17:36:33.183+0300] {dag.py:3820} INFO - Setting next_dagrun for latest_only_with_trigger to 2023-12-19T08:00:00+00:00, run_after=2023-12-19T12:00:00+00:00
[2023-12-19T17:36:33.314+0300] {processor.py:183} INFO - Processing /home/hp/.local/lib/python3.10/site-packages/airflow/example_dags/example_latest_only_with_trigger.py took 0.207 seconds
[2023-12-19T17:37:30.507+0300] {processor.py:161} INFO - Started process (PID=4546) to work on /home/hp/.local/lib/python3.10/site-packages/airflow/example_dags/example_latest_only_with_trigger.py
[2023-12-19T17:37:30.527+0300] {processor.py:830} INFO - Processing file /home/hp/.local/lib/python3.10/site-packages/airflow/example_dags/example_latest_only_with_trigger.py for tasks to queue
[2023-12-19T17:37:30.528+0300] {logging_mixin.py:188} INFO - [2023-12-19T17:37:30.527+0300] {dagbag.py:538} INFO - Filling up the DagBag from /home/hp/.local/lib/python3.10/site-packages/airflow/example_dags/example_latest_only_with_trigger.py
[2023-12-19T17:37:30.535+0300] {processor.py:840} INFO - DAG(s) 'latest_only_with_trigger' retrieved from /home/hp/.local/lib/python3.10/site-packages/airflow/example_dags/example_latest_only_with_trigger.py
[2023-12-19T17:37:30.553+0300] {logging_mixin.py:188} INFO - [2023-12-19T17:37:30.552+0300] {dag.py:3033} INFO - Sync 1 DAGs
[2023-12-19T17:37:30.572+0300] {logging_mixin.py:188} INFO - [2023-12-19T17:37:30.571+0300] {dag.py:3820} INFO - Setting next_dagrun for latest_only_with_trigger to 2023-12-19T08:00:00+00:00, run_after=2023-12-19T12:00:00+00:00
[2023-12-19T17:37:30.695+0300] {processor.py:183} INFO - Processing /home/hp/.local/lib/python3.10/site-packages/airflow/example_dags/example_latest_only_with_trigger.py took 0.192 seconds
[2023-12-19T17:38:28.292+0300] {processor.py:161} INFO - Started process (PID=4613) to work on /home/hp/.local/lib/python3.10/site-packages/airflow/example_dags/example_latest_only_with_trigger.py
[2023-12-19T17:38:28.311+0300] {processor.py:830} INFO - Processing file /home/hp/.local/lib/python3.10/site-packages/airflow/example_dags/example_latest_only_with_trigger.py for tasks to queue
[2023-12-19T17:38:28.312+0300] {logging_mixin.py:188} INFO - [2023-12-19T17:38:28.311+0300] {dagbag.py:538} INFO - Filling up the DagBag from /home/hp/.local/lib/python3.10/site-packages/airflow/example_dags/example_latest_only_with_trigger.py
[2023-12-19T17:38:28.323+0300] {processor.py:840} INFO - DAG(s) 'latest_only_with_trigger' retrieved from /home/hp/.local/lib/python3.10/site-packages/airflow/example_dags/example_latest_only_with_trigger.py
[2023-12-19T17:38:28.345+0300] {logging_mixin.py:188} INFO - [2023-12-19T17:38:28.345+0300] {dag.py:3033} INFO - Sync 1 DAGs
[2023-12-19T17:38:28.366+0300] {logging_mixin.py:188} INFO - [2023-12-19T17:38:28.366+0300] {dag.py:3820} INFO - Setting next_dagrun for latest_only_with_trigger to 2023-12-19T08:00:00+00:00, run_after=2023-12-19T12:00:00+00:00
[2023-12-19T17:38:28.501+0300] {processor.py:183} INFO - Processing /home/hp/.local/lib/python3.10/site-packages/airflow/example_dags/example_latest_only_with_trigger.py took 0.215 seconds
[2023-12-20T00:08:40.282+0300] {processor.py:161} INFO - Started process (PID=19719) to work on /home/hp/.local/lib/python3.10/site-packages/airflow/example_dags/example_latest_only_with_trigger.py
[2023-12-20T00:08:40.303+0300] {processor.py:830} INFO - Processing file /home/hp/.local/lib/python3.10/site-packages/airflow/example_dags/example_latest_only_with_trigger.py for tasks to queue
[2023-12-20T00:08:40.304+0300] {logging_mixin.py:188} INFO - [2023-12-20T00:08:40.303+0300] {dagbag.py:538} INFO - Filling up the DagBag from /home/hp/.local/lib/python3.10/site-packages/airflow/example_dags/example_latest_only_with_trigger.py
[2023-12-20T00:08:40.314+0300] {processor.py:840} INFO - DAG(s) 'latest_only_with_trigger' retrieved from /home/hp/.local/lib/python3.10/site-packages/airflow/example_dags/example_latest_only_with_trigger.py
[2023-12-20T00:08:40.335+0300] {logging_mixin.py:188} INFO - [2023-12-20T00:08:40.335+0300] {dag.py:3033} INFO - Sync 1 DAGs
[2023-12-20T00:08:40.354+0300] {logging_mixin.py:188} INFO - [2023-12-20T00:08:40.354+0300] {dag.py:3820} INFO - Setting next_dagrun for latest_only_with_trigger to 2023-12-19T16:00:00+00:00, run_after=2023-12-19T20:00:00+00:00
[2023-12-20T00:08:40.568+0300] {processor.py:183} INFO - Processing /home/hp/.local/lib/python3.10/site-packages/airflow/example_dags/example_latest_only_with_trigger.py took 0.291 seconds
[2023-12-20T00:09:43.945+0300] {processor.py:161} INFO - Started process (PID=19782) to work on /home/hp/.local/lib/python3.10/site-packages/airflow/example_dags/example_latest_only_with_trigger.py
[2023-12-20T00:09:43.956+0300] {processor.py:830} INFO - Processing file /home/hp/.local/lib/python3.10/site-packages/airflow/example_dags/example_latest_only_with_trigger.py for tasks to queue
[2023-12-20T00:09:43.957+0300] {logging_mixin.py:188} INFO - [2023-12-20T00:09:43.957+0300] {dagbag.py:538} INFO - Filling up the DagBag from /home/hp/.local/lib/python3.10/site-packages/airflow/example_dags/example_latest_only_with_trigger.py
[2023-12-20T00:09:43.967+0300] {processor.py:840} INFO - DAG(s) 'latest_only_with_trigger' retrieved from /home/hp/.local/lib/python3.10/site-packages/airflow/example_dags/example_latest_only_with_trigger.py
[2023-12-20T00:09:43.989+0300] {logging_mixin.py:188} INFO - [2023-12-20T00:09:43.988+0300] {dag.py:3033} INFO - Sync 1 DAGs
[2023-12-20T00:09:44.008+0300] {logging_mixin.py:188} INFO - [2023-12-20T00:09:44.007+0300] {dag.py:3820} INFO - Setting next_dagrun for latest_only_with_trigger to 2023-12-19T16:00:00+00:00, run_after=2023-12-19T20:00:00+00:00
[2023-12-20T00:09:44.149+0300] {processor.py:183} INFO - Processing /home/hp/.local/lib/python3.10/site-packages/airflow/example_dags/example_latest_only_with_trigger.py took 0.207 seconds
[2023-12-20T00:10:43.521+0300] {processor.py:161} INFO - Started process (PID=19848) to work on /home/hp/.local/lib/python3.10/site-packages/airflow/example_dags/example_latest_only_with_trigger.py
[2023-12-20T00:10:43.562+0300] {processor.py:830} INFO - Processing file /home/hp/.local/lib/python3.10/site-packages/airflow/example_dags/example_latest_only_with_trigger.py for tasks to queue
[2023-12-20T00:10:43.565+0300] {logging_mixin.py:188} INFO - [2023-12-20T00:10:43.564+0300] {dagbag.py:538} INFO - Filling up the DagBag from /home/hp/.local/lib/python3.10/site-packages/airflow/example_dags/example_latest_only_with_trigger.py
[2023-12-20T00:10:43.583+0300] {processor.py:840} INFO - DAG(s) 'latest_only_with_trigger' retrieved from /home/hp/.local/lib/python3.10/site-packages/airflow/example_dags/example_latest_only_with_trigger.py
[2023-12-20T00:10:43.605+0300] {logging_mixin.py:188} INFO - [2023-12-20T00:10:43.605+0300] {dag.py:3033} INFO - Sync 1 DAGs
[2023-12-20T00:10:43.624+0300] {logging_mixin.py:188} INFO - [2023-12-20T00:10:43.624+0300] {dag.py:3820} INFO - Setting next_dagrun for latest_only_with_trigger to 2023-12-19T16:00:00+00:00, run_after=2023-12-19T20:00:00+00:00
[2023-12-20T00:10:43.756+0300] {processor.py:183} INFO - Processing /home/hp/.local/lib/python3.10/site-packages/airflow/example_dags/example_latest_only_with_trigger.py took 0.238 seconds
[2023-12-20T00:11:43.355+0300] {processor.py:161} INFO - Started process (PID=19908) to work on /home/hp/.local/lib/python3.10/site-packages/airflow/example_dags/example_latest_only_with_trigger.py
[2023-12-20T00:11:43.356+0300] {processor.py:830} INFO - Processing file /home/hp/.local/lib/python3.10/site-packages/airflow/example_dags/example_latest_only_with_trigger.py for tasks to queue
[2023-12-20T00:11:43.357+0300] {logging_mixin.py:188} INFO - [2023-12-20T00:11:43.357+0300] {dagbag.py:538} INFO - Filling up the DagBag from /home/hp/.local/lib/python3.10/site-packages/airflow/example_dags/example_latest_only_with_trigger.py
[2023-12-20T00:11:43.365+0300] {processor.py:840} INFO - DAG(s) 'latest_only_with_trigger' retrieved from /home/hp/.local/lib/python3.10/site-packages/airflow/example_dags/example_latest_only_with_trigger.py
[2023-12-20T00:11:43.382+0300] {logging_mixin.py:188} INFO - [2023-12-20T00:11:43.382+0300] {dag.py:3033} INFO - Sync 1 DAGs
[2023-12-20T00:11:43.401+0300] {logging_mixin.py:188} INFO - [2023-12-20T00:11:43.401+0300] {dag.py:3820} INFO - Setting next_dagrun for latest_only_with_trigger to 2023-12-19T16:00:00+00:00, run_after=2023-12-19T20:00:00+00:00
[2023-12-20T00:11:43.559+0300] {processor.py:183} INFO - Processing /home/hp/.local/lib/python3.10/site-packages/airflow/example_dags/example_latest_only_with_trigger.py took 0.207 seconds
[2023-12-20T00:12:45.197+0300] {processor.py:161} INFO - Started process (PID=19985) to work on /home/hp/.local/lib/python3.10/site-packages/airflow/example_dags/example_latest_only_with_trigger.py
[2023-12-20T00:12:45.198+0300] {processor.py:830} INFO - Processing file /home/hp/.local/lib/python3.10/site-packages/airflow/example_dags/example_latest_only_with_trigger.py for tasks to queue
[2023-12-20T00:12:45.200+0300] {logging_mixin.py:188} INFO - [2023-12-20T00:12:45.199+0300] {dagbag.py:538} INFO - Filling up the DagBag from /home/hp/.local/lib/python3.10/site-packages/airflow/example_dags/example_latest_only_with_trigger.py
[2023-12-20T00:12:45.207+0300] {processor.py:840} INFO - DAG(s) 'latest_only_with_trigger' retrieved from /home/hp/.local/lib/python3.10/site-packages/airflow/example_dags/example_latest_only_with_trigger.py
[2023-12-20T00:12:45.224+0300] {logging_mixin.py:188} INFO - [2023-12-20T00:12:45.223+0300] {dag.py:3033} INFO - Sync 1 DAGs
[2023-12-20T00:12:45.243+0300] {logging_mixin.py:188} INFO - [2023-12-20T00:12:45.243+0300] {dag.py:3820} INFO - Setting next_dagrun for latest_only_with_trigger to 2023-12-19T16:00:00+00:00, run_after=2023-12-19T20:00:00+00:00
[2023-12-20T00:12:45.402+0300] {processor.py:183} INFO - Processing /home/hp/.local/lib/python3.10/site-packages/airflow/example_dags/example_latest_only_with_trigger.py took 0.209 seconds
