[2023-12-19T17:32:36.359+0300] {processor.py:161} INFO - Started process (PID=4029) to work on /home/hp/.local/lib/python3.10/site-packages/airflow/example_dags/example_bash_operator.py
[2023-12-19T17:32:36.360+0300] {processor.py:830} INFO - Processing file /home/hp/.local/lib/python3.10/site-packages/airflow/example_dags/example_bash_operator.py for tasks to queue
[2023-12-19T17:32:36.362+0300] {logging_mixin.py:188} INFO - [2023-12-19T17:32:36.361+0300] {dagbag.py:538} INFO - Filling up the DagBag from /home/hp/.local/lib/python3.10/site-packages/airflow/example_dags/example_bash_operator.py
[2023-12-19T17:32:36.378+0300] {processor.py:840} INFO - DAG(s) 'example_bash_operator' retrieved from /home/hp/.local/lib/python3.10/site-packages/airflow/example_dags/example_bash_operator.py
[2023-12-19T17:32:36.709+0300] {logging_mixin.py:188} INFO - [2023-12-19T17:32:36.708+0300] {override.py:1769} INFO - Created Permission View: can read on DAG:example_bash_operator
[2023-12-19T17:32:36.810+0300] {logging_mixin.py:188} INFO - [2023-12-19T17:32:36.809+0300] {override.py:1769} INFO - Created Permission View: can delete on DAG:example_bash_operator
[2023-12-19T17:32:36.921+0300] {logging_mixin.py:188} INFO - [2023-12-19T17:32:36.920+0300] {override.py:1769} INFO - Created Permission View: can edit on DAG:example_bash_operator
[2023-12-19T17:32:36.923+0300] {logging_mixin.py:188} INFO - [2023-12-19T17:32:36.922+0300] {dag.py:3033} INFO - Sync 1 DAGs
[2023-12-19T17:32:36.960+0300] {logging_mixin.py:188} INFO - [2023-12-19T17:32:36.960+0300] {dag.py:3055} INFO - Creating ORM DAG for example_bash_operator
[2023-12-19T17:32:36.973+0300] {logging_mixin.py:188} INFO - [2023-12-19T17:32:36.973+0300] {dag.py:3820} INFO - Setting next_dagrun for example_bash_operator to 2023-12-18T00:00:00+00:00, run_after=2023-12-19T00:00:00+00:00
[2023-12-19T17:32:37.229+0300] {processor.py:183} INFO - Processing /home/hp/.local/lib/python3.10/site-packages/airflow/example_dags/example_bash_operator.py took 0.875 seconds
[2023-12-19T17:33:47.354+0300] {processor.py:161} INFO - Started process (PID=4240) to work on /home/hp/.local/lib/python3.10/site-packages/airflow/example_dags/example_bash_operator.py
[2023-12-19T17:33:47.377+0300] {processor.py:830} INFO - Processing file /home/hp/.local/lib/python3.10/site-packages/airflow/example_dags/example_bash_operator.py for tasks to queue
[2023-12-19T17:33:47.379+0300] {logging_mixin.py:188} INFO - [2023-12-19T17:33:47.378+0300] {dagbag.py:538} INFO - Filling up the DagBag from /home/hp/.local/lib/python3.10/site-packages/airflow/example_dags/example_bash_operator.py
[2023-12-19T17:33:47.401+0300] {processor.py:840} INFO - DAG(s) 'example_bash_operator' retrieved from /home/hp/.local/lib/python3.10/site-packages/airflow/example_dags/example_bash_operator.py
[2023-12-19T17:33:47.427+0300] {logging_mixin.py:188} INFO - [2023-12-19T17:33:47.426+0300] {dag.py:3033} INFO - Sync 1 DAGs
[2023-12-19T17:33:47.448+0300] {logging_mixin.py:188} INFO - [2023-12-19T17:33:47.447+0300] {dag.py:3820} INFO - Setting next_dagrun for example_bash_operator to 2023-12-18T00:00:00+00:00, run_after=2023-12-19T00:00:00+00:00
[2023-12-19T17:33:47.581+0300] {processor.py:183} INFO - Processing /home/hp/.local/lib/python3.10/site-packages/airflow/example_dags/example_bash_operator.py took 0.232 seconds
[2023-12-19T17:34:47.030+0300] {processor.py:161} INFO - Started process (PID=4340) to work on /home/hp/.local/lib/python3.10/site-packages/airflow/example_dags/example_bash_operator.py
[2023-12-19T17:34:47.035+0300] {processor.py:830} INFO - Processing file /home/hp/.local/lib/python3.10/site-packages/airflow/example_dags/example_bash_operator.py for tasks to queue
[2023-12-19T17:34:47.036+0300] {logging_mixin.py:188} INFO - [2023-12-19T17:34:47.036+0300] {dagbag.py:538} INFO - Filling up the DagBag from /home/hp/.local/lib/python3.10/site-packages/airflow/example_dags/example_bash_operator.py
[2023-12-19T17:34:47.048+0300] {processor.py:840} INFO - DAG(s) 'example_bash_operator' retrieved from /home/hp/.local/lib/python3.10/site-packages/airflow/example_dags/example_bash_operator.py
[2023-12-19T17:34:47.071+0300] {logging_mixin.py:188} INFO - [2023-12-19T17:34:47.071+0300] {dag.py:3033} INFO - Sync 1 DAGs
[2023-12-19T17:34:47.092+0300] {logging_mixin.py:188} INFO - [2023-12-19T17:34:47.092+0300] {dag.py:3820} INFO - Setting next_dagrun for example_bash_operator to 2023-12-18T00:00:00+00:00, run_after=2023-12-19T00:00:00+00:00
[2023-12-19T17:34:47.219+0300] {processor.py:183} INFO - Processing /home/hp/.local/lib/python3.10/site-packages/airflow/example_dags/example_bash_operator.py took 0.192 seconds
[2023-12-19T17:35:48.511+0300] {processor.py:161} INFO - Started process (PID=4403) to work on /home/hp/.local/lib/python3.10/site-packages/airflow/example_dags/example_bash_operator.py
[2023-12-19T17:35:48.524+0300] {processor.py:830} INFO - Processing file /home/hp/.local/lib/python3.10/site-packages/airflow/example_dags/example_bash_operator.py for tasks to queue
[2023-12-19T17:35:48.526+0300] {logging_mixin.py:188} INFO - [2023-12-19T17:35:48.525+0300] {dagbag.py:538} INFO - Filling up the DagBag from /home/hp/.local/lib/python3.10/site-packages/airflow/example_dags/example_bash_operator.py
[2023-12-19T17:35:48.543+0300] {processor.py:840} INFO - DAG(s) 'example_bash_operator' retrieved from /home/hp/.local/lib/python3.10/site-packages/airflow/example_dags/example_bash_operator.py
[2023-12-19T17:35:48.569+0300] {logging_mixin.py:188} INFO - [2023-12-19T17:35:48.569+0300] {dag.py:3033} INFO - Sync 1 DAGs
[2023-12-19T17:35:48.589+0300] {logging_mixin.py:188} INFO - [2023-12-19T17:35:48.589+0300] {dag.py:3820} INFO - Setting next_dagrun for example_bash_operator to 2023-12-18T00:00:00+00:00, run_after=2023-12-19T00:00:00+00:00
[2023-12-19T17:35:48.713+0300] {processor.py:183} INFO - Processing /home/hp/.local/lib/python3.10/site-packages/airflow/example_dags/example_bash_operator.py took 0.206 seconds
[2023-12-19T17:36:47.572+0300] {processor.py:161} INFO - Started process (PID=4501) to work on /home/hp/.local/lib/python3.10/site-packages/airflow/example_dags/example_bash_operator.py
[2023-12-19T17:36:47.595+0300] {processor.py:830} INFO - Processing file /home/hp/.local/lib/python3.10/site-packages/airflow/example_dags/example_bash_operator.py for tasks to queue
[2023-12-19T17:36:47.596+0300] {logging_mixin.py:188} INFO - [2023-12-19T17:36:47.595+0300] {dagbag.py:538} INFO - Filling up the DagBag from /home/hp/.local/lib/python3.10/site-packages/airflow/example_dags/example_bash_operator.py
[2023-12-19T17:36:47.611+0300] {processor.py:840} INFO - DAG(s) 'example_bash_operator' retrieved from /home/hp/.local/lib/python3.10/site-packages/airflow/example_dags/example_bash_operator.py
[2023-12-19T17:36:47.636+0300] {logging_mixin.py:188} INFO - [2023-12-19T17:36:47.636+0300] {dag.py:3033} INFO - Sync 1 DAGs
[2023-12-19T17:36:47.656+0300] {logging_mixin.py:188} INFO - [2023-12-19T17:36:47.656+0300] {dag.py:3820} INFO - Setting next_dagrun for example_bash_operator to 2023-12-18T00:00:00+00:00, run_after=2023-12-19T00:00:00+00:00
[2023-12-19T17:36:47.786+0300] {processor.py:183} INFO - Processing /home/hp/.local/lib/python3.10/site-packages/airflow/example_dags/example_bash_operator.py took 0.217 seconds
[2023-12-19T17:38:10.246+0300] {processor.py:161} INFO - Started process (PID=4589) to work on /home/hp/.local/lib/python3.10/site-packages/airflow/example_dags/example_bash_operator.py
[2023-12-19T17:38:10.321+0300] {processor.py:830} INFO - Processing file /home/hp/.local/lib/python3.10/site-packages/airflow/example_dags/example_bash_operator.py for tasks to queue
[2023-12-19T17:38:10.323+0300] {logging_mixin.py:188} INFO - [2023-12-19T17:38:10.322+0300] {dagbag.py:538} INFO - Filling up the DagBag from /home/hp/.local/lib/python3.10/site-packages/airflow/example_dags/example_bash_operator.py
[2023-12-19T17:38:10.361+0300] {processor.py:840} INFO - DAG(s) 'example_bash_operator' retrieved from /home/hp/.local/lib/python3.10/site-packages/airflow/example_dags/example_bash_operator.py
[2023-12-19T17:38:10.386+0300] {logging_mixin.py:188} INFO - [2023-12-19T17:38:10.386+0300] {dag.py:3033} INFO - Sync 1 DAGs
[2023-12-19T17:38:10.406+0300] {logging_mixin.py:188} INFO - [2023-12-19T17:38:10.406+0300] {dag.py:3820} INFO - Setting next_dagrun for example_bash_operator to 2023-12-18T00:00:00+00:00, run_after=2023-12-19T00:00:00+00:00
[2023-12-19T17:38:10.533+0300] {processor.py:183} INFO - Processing /home/hp/.local/lib/python3.10/site-packages/airflow/example_dags/example_bash_operator.py took 0.292 seconds
[2023-12-20T00:08:55.617+0300] {processor.py:161} INFO - Started process (PID=19731) to work on /home/hp/.local/lib/python3.10/site-packages/airflow/example_dags/example_bash_operator.py
[2023-12-20T00:08:55.648+0300] {processor.py:830} INFO - Processing file /home/hp/.local/lib/python3.10/site-packages/airflow/example_dags/example_bash_operator.py for tasks to queue
[2023-12-20T00:08:55.649+0300] {logging_mixin.py:188} INFO - [2023-12-20T00:08:55.648+0300] {dagbag.py:538} INFO - Filling up the DagBag from /home/hp/.local/lib/python3.10/site-packages/airflow/example_dags/example_bash_operator.py
[2023-12-20T00:08:55.663+0300] {processor.py:840} INFO - DAG(s) 'example_bash_operator' retrieved from /home/hp/.local/lib/python3.10/site-packages/airflow/example_dags/example_bash_operator.py
[2023-12-20T00:08:55.689+0300] {logging_mixin.py:188} INFO - [2023-12-20T00:08:55.689+0300] {dag.py:3033} INFO - Sync 1 DAGs
[2023-12-20T00:08:55.713+0300] {logging_mixin.py:188} INFO - [2023-12-20T00:08:55.712+0300] {dag.py:3820} INFO - Setting next_dagrun for example_bash_operator to 2023-12-18T00:00:00+00:00, run_after=2023-12-19T00:00:00+00:00
[2023-12-20T00:08:55.901+0300] {processor.py:183} INFO - Processing /home/hp/.local/lib/python3.10/site-packages/airflow/example_dags/example_bash_operator.py took 0.288 seconds
[2023-12-20T00:09:56.245+0300] {processor.py:161} INFO - Started process (PID=19797) to work on /home/hp/.local/lib/python3.10/site-packages/airflow/example_dags/example_bash_operator.py
[2023-12-20T00:09:56.280+0300] {processor.py:830} INFO - Processing file /home/hp/.local/lib/python3.10/site-packages/airflow/example_dags/example_bash_operator.py for tasks to queue
[2023-12-20T00:09:56.282+0300] {logging_mixin.py:188} INFO - [2023-12-20T00:09:56.281+0300] {dagbag.py:538} INFO - Filling up the DagBag from /home/hp/.local/lib/python3.10/site-packages/airflow/example_dags/example_bash_operator.py
[2023-12-20T00:09:56.306+0300] {processor.py:840} INFO - DAG(s) 'example_bash_operator' retrieved from /home/hp/.local/lib/python3.10/site-packages/airflow/example_dags/example_bash_operator.py
[2023-12-20T00:09:56.335+0300] {logging_mixin.py:188} INFO - [2023-12-20T00:09:56.335+0300] {dag.py:3033} INFO - Sync 1 DAGs
[2023-12-20T00:09:56.356+0300] {logging_mixin.py:188} INFO - [2023-12-20T00:09:56.356+0300] {dag.py:3820} INFO - Setting next_dagrun for example_bash_operator to 2023-12-18T00:00:00+00:00, run_after=2023-12-19T00:00:00+00:00
[2023-12-20T00:09:56.488+0300] {processor.py:183} INFO - Processing /home/hp/.local/lib/python3.10/site-packages/airflow/example_dags/example_bash_operator.py took 0.246 seconds
[2023-12-20T00:10:56.758+0300] {processor.py:161} INFO - Started process (PID=19860) to work on /home/hp/.local/lib/python3.10/site-packages/airflow/example_dags/example_bash_operator.py
[2023-12-20T00:10:56.792+0300] {processor.py:830} INFO - Processing file /home/hp/.local/lib/python3.10/site-packages/airflow/example_dags/example_bash_operator.py for tasks to queue
[2023-12-20T00:10:56.794+0300] {logging_mixin.py:188} INFO - [2023-12-20T00:10:56.793+0300] {dagbag.py:538} INFO - Filling up the DagBag from /home/hp/.local/lib/python3.10/site-packages/airflow/example_dags/example_bash_operator.py
[2023-12-20T00:10:56.835+0300] {processor.py:840} INFO - DAG(s) 'example_bash_operator' retrieved from /home/hp/.local/lib/python3.10/site-packages/airflow/example_dags/example_bash_operator.py
[2023-12-20T00:10:56.861+0300] {logging_mixin.py:188} INFO - [2023-12-20T00:10:56.860+0300] {dag.py:3033} INFO - Sync 1 DAGs
[2023-12-20T00:10:56.881+0300] {logging_mixin.py:188} INFO - [2023-12-20T00:10:56.881+0300] {dag.py:3820} INFO - Setting next_dagrun for example_bash_operator to 2023-12-18T00:00:00+00:00, run_after=2023-12-19T00:00:00+00:00
[2023-12-20T00:10:56.986+0300] {processor.py:183} INFO - Processing /home/hp/.local/lib/python3.10/site-packages/airflow/example_dags/example_bash_operator.py took 0.231 seconds
[2023-12-20T00:11:57.991+0300] {processor.py:161} INFO - Started process (PID=19920) to work on /home/hp/.local/lib/python3.10/site-packages/airflow/example_dags/example_bash_operator.py
[2023-12-20T00:11:57.992+0300] {processor.py:830} INFO - Processing file /home/hp/.local/lib/python3.10/site-packages/airflow/example_dags/example_bash_operator.py for tasks to queue
[2023-12-20T00:11:57.993+0300] {logging_mixin.py:188} INFO - [2023-12-20T00:11:57.993+0300] {dagbag.py:538} INFO - Filling up the DagBag from /home/hp/.local/lib/python3.10/site-packages/airflow/example_dags/example_bash_operator.py
[2023-12-20T00:11:58.006+0300] {processor.py:840} INFO - DAG(s) 'example_bash_operator' retrieved from /home/hp/.local/lib/python3.10/site-packages/airflow/example_dags/example_bash_operator.py
[2023-12-20T00:11:58.031+0300] {logging_mixin.py:188} INFO - [2023-12-20T00:11:58.031+0300] {dag.py:3033} INFO - Sync 1 DAGs
[2023-12-20T00:11:58.051+0300] {logging_mixin.py:188} INFO - [2023-12-20T00:11:58.051+0300] {dag.py:3820} INFO - Setting next_dagrun for example_bash_operator to 2023-12-18T00:00:00+00:00, run_after=2023-12-19T00:00:00+00:00
[2023-12-20T00:11:58.201+0300] {processor.py:183} INFO - Processing /home/hp/.local/lib/python3.10/site-packages/airflow/example_dags/example_bash_operator.py took 0.214 seconds
[2023-12-20T00:12:56.978+0300] {processor.py:161} INFO - Started process (PID=20001) to work on /home/hp/.local/lib/python3.10/site-packages/airflow/example_dags/example_bash_operator.py
[2023-12-20T00:12:57.013+0300] {processor.py:830} INFO - Processing file /home/hp/.local/lib/python3.10/site-packages/airflow/example_dags/example_bash_operator.py for tasks to queue
[2023-12-20T00:12:57.016+0300] {logging_mixin.py:188} INFO - [2023-12-20T00:12:57.015+0300] {dagbag.py:538} INFO - Filling up the DagBag from /home/hp/.local/lib/python3.10/site-packages/airflow/example_dags/example_bash_operator.py
[2023-12-20T00:12:57.056+0300] {processor.py:840} INFO - DAG(s) 'example_bash_operator' retrieved from /home/hp/.local/lib/python3.10/site-packages/airflow/example_dags/example_bash_operator.py
[2023-12-20T00:12:57.081+0300] {logging_mixin.py:188} INFO - [2023-12-20T00:12:57.081+0300] {dag.py:3033} INFO - Sync 1 DAGs
[2023-12-20T00:12:57.101+0300] {logging_mixin.py:188} INFO - [2023-12-20T00:12:57.100+0300] {dag.py:3820} INFO - Setting next_dagrun for example_bash_operator to 2023-12-18T00:00:00+00:00, run_after=2023-12-19T00:00:00+00:00
[2023-12-20T00:12:57.237+0300] {processor.py:183} INFO - Processing /home/hp/.local/lib/python3.10/site-packages/airflow/example_dags/example_bash_operator.py took 0.262 seconds
