[2023-12-19T17:32:05.839+0300] {processor.py:161} INFO - Started process (PID=4012) to work on /home/hp/.local/lib/python3.10/site-packages/airflow/example_dags/example_kubernetes_executor.py
[2023-12-19T17:32:05.840+0300] {processor.py:830} INFO - Processing file /home/hp/.local/lib/python3.10/site-packages/airflow/example_dags/example_kubernetes_executor.py for tasks to queue
[2023-12-19T17:32:05.841+0300] {logging_mixin.py:188} INFO - [2023-12-19T17:32:05.841+0300] {dagbag.py:538} INFO - Filling up the DagBag from /home/hp/.local/lib/python3.10/site-packages/airflow/example_dags/example_kubernetes_executor.py
[2023-12-19T17:32:05.844+0300] {logging_mixin.py:188} INFO - [2023-12-19T17:32:05.844+0300] {example_kubernetes_executor.py:38} WARNING - The example_kubernetes_executor example DAG requires the kubernetes provider. Please install it with: pip install apache-airflow[cncf.kubernetes]
[2023-12-19T17:32:05.845+0300] {processor.py:842} WARNING - No viable dags retrieved from /home/hp/.local/lib/python3.10/site-packages/airflow/example_dags/example_kubernetes_executor.py
[2023-12-19T17:32:05.855+0300] {processor.py:183} INFO - Processing /home/hp/.local/lib/python3.10/site-packages/airflow/example_dags/example_kubernetes_executor.py took 0.019 seconds
[2023-12-19T17:33:17.658+0300] {processor.py:161} INFO - Started process (PID=4074) to work on /home/hp/.local/lib/python3.10/site-packages/airflow/example_dags/example_kubernetes_executor.py
[2023-12-19T17:33:17.675+0300] {processor.py:830} INFO - Processing file /home/hp/.local/lib/python3.10/site-packages/airflow/example_dags/example_kubernetes_executor.py for tasks to queue
[2023-12-19T17:33:17.677+0300] {logging_mixin.py:188} INFO - [2023-12-19T17:33:17.676+0300] {dagbag.py:538} INFO - Filling up the DagBag from /home/hp/.local/lib/python3.10/site-packages/airflow/example_dags/example_kubernetes_executor.py
[2023-12-19T17:33:17.681+0300] {logging_mixin.py:188} INFO - [2023-12-19T17:33:17.681+0300] {example_kubernetes_executor.py:38} WARNING - The example_kubernetes_executor example DAG requires the kubernetes provider. Please install it with: pip install apache-airflow[cncf.kubernetes]
[2023-12-19T17:33:17.682+0300] {processor.py:842} WARNING - No viable dags retrieved from /home/hp/.local/lib/python3.10/site-packages/airflow/example_dags/example_kubernetes_executor.py
[2023-12-19T17:33:17.698+0300] {processor.py:183} INFO - Processing /home/hp/.local/lib/python3.10/site-packages/airflow/example_dags/example_kubernetes_executor.py took 0.043 seconds
[2023-12-19T17:34:16.994+0300] {processor.py:161} INFO - Started process (PID=4304) to work on /home/hp/.local/lib/python3.10/site-packages/airflow/example_dags/example_kubernetes_executor.py
[2023-12-19T17:34:17.012+0300] {processor.py:830} INFO - Processing file /home/hp/.local/lib/python3.10/site-packages/airflow/example_dags/example_kubernetes_executor.py for tasks to queue
[2023-12-19T17:34:17.013+0300] {logging_mixin.py:188} INFO - [2023-12-19T17:34:17.013+0300] {dagbag.py:538} INFO - Filling up the DagBag from /home/hp/.local/lib/python3.10/site-packages/airflow/example_dags/example_kubernetes_executor.py
[2023-12-19T17:34:17.017+0300] {logging_mixin.py:188} INFO - [2023-12-19T17:34:17.017+0300] {example_kubernetes_executor.py:38} WARNING - The example_kubernetes_executor example DAG requires the kubernetes provider. Please install it with: pip install apache-airflow[cncf.kubernetes]
[2023-12-19T17:34:17.017+0300] {processor.py:842} WARNING - No viable dags retrieved from /home/hp/.local/lib/python3.10/site-packages/airflow/example_dags/example_kubernetes_executor.py
[2023-12-19T17:34:17.030+0300] {processor.py:183} INFO - Processing /home/hp/.local/lib/python3.10/site-packages/airflow/example_dags/example_kubernetes_executor.py took 0.039 seconds
[2023-12-19T17:35:17.704+0300] {processor.py:161} INFO - Started process (PID=4375) to work on /home/hp/.local/lib/python3.10/site-packages/airflow/example_dags/example_kubernetes_executor.py
[2023-12-19T17:35:17.715+0300] {processor.py:830} INFO - Processing file /home/hp/.local/lib/python3.10/site-packages/airflow/example_dags/example_kubernetes_executor.py for tasks to queue
[2023-12-19T17:35:17.716+0300] {logging_mixin.py:188} INFO - [2023-12-19T17:35:17.716+0300] {dagbag.py:538} INFO - Filling up the DagBag from /home/hp/.local/lib/python3.10/site-packages/airflow/example_dags/example_kubernetes_executor.py
[2023-12-19T17:35:17.721+0300] {logging_mixin.py:188} INFO - [2023-12-19T17:35:17.720+0300] {example_kubernetes_executor.py:38} WARNING - The example_kubernetes_executor example DAG requires the kubernetes provider. Please install it with: pip install apache-airflow[cncf.kubernetes]
[2023-12-19T17:35:17.721+0300] {processor.py:842} WARNING - No viable dags retrieved from /home/hp/.local/lib/python3.10/site-packages/airflow/example_dags/example_kubernetes_executor.py
[2023-12-19T17:35:17.734+0300] {processor.py:183} INFO - Processing /home/hp/.local/lib/python3.10/site-packages/airflow/example_dags/example_kubernetes_executor.py took 0.035 seconds
[2023-12-19T17:36:17.955+0300] {processor.py:161} INFO - Started process (PID=4465) to work on /home/hp/.local/lib/python3.10/site-packages/airflow/example_dags/example_kubernetes_executor.py
[2023-12-19T17:36:17.973+0300] {processor.py:830} INFO - Processing file /home/hp/.local/lib/python3.10/site-packages/airflow/example_dags/example_kubernetes_executor.py for tasks to queue
[2023-12-19T17:36:17.974+0300] {logging_mixin.py:188} INFO - [2023-12-19T17:36:17.973+0300] {dagbag.py:538} INFO - Filling up the DagBag from /home/hp/.local/lib/python3.10/site-packages/airflow/example_dags/example_kubernetes_executor.py
[2023-12-19T17:36:17.977+0300] {logging_mixin.py:188} INFO - [2023-12-19T17:36:17.977+0300] {example_kubernetes_executor.py:38} WARNING - The example_kubernetes_executor example DAG requires the kubernetes provider. Please install it with: pip install apache-airflow[cncf.kubernetes]
[2023-12-19T17:36:17.977+0300] {processor.py:842} WARNING - No viable dags retrieved from /home/hp/.local/lib/python3.10/site-packages/airflow/example_dags/example_kubernetes_executor.py
[2023-12-19T17:36:17.987+0300] {processor.py:183} INFO - Processing /home/hp/.local/lib/python3.10/site-packages/airflow/example_dags/example_kubernetes_executor.py took 0.036 seconds
[2023-12-19T17:37:15.249+0300] {processor.py:161} INFO - Started process (PID=4532) to work on /home/hp/.local/lib/python3.10/site-packages/airflow/example_dags/example_kubernetes_executor.py
[2023-12-19T17:37:15.267+0300] {processor.py:830} INFO - Processing file /home/hp/.local/lib/python3.10/site-packages/airflow/example_dags/example_kubernetes_executor.py for tasks to queue
[2023-12-19T17:37:15.268+0300] {logging_mixin.py:188} INFO - [2023-12-19T17:37:15.267+0300] {dagbag.py:538} INFO - Filling up the DagBag from /home/hp/.local/lib/python3.10/site-packages/airflow/example_dags/example_kubernetes_executor.py
[2023-12-19T17:37:15.272+0300] {logging_mixin.py:188} INFO - [2023-12-19T17:37:15.272+0300] {example_kubernetes_executor.py:38} WARNING - The example_kubernetes_executor example DAG requires the kubernetes provider. Please install it with: pip install apache-airflow[cncf.kubernetes]
[2023-12-19T17:37:15.272+0300] {processor.py:842} WARNING - No viable dags retrieved from /home/hp/.local/lib/python3.10/site-packages/airflow/example_dags/example_kubernetes_executor.py
[2023-12-19T17:37:15.284+0300] {processor.py:183} INFO - Processing /home/hp/.local/lib/python3.10/site-packages/airflow/example_dags/example_kubernetes_executor.py took 0.039 seconds
[2023-12-19T17:38:25.011+0300] {processor.py:161} INFO - Started process (PID=4603) to work on /home/hp/.local/lib/python3.10/site-packages/airflow/example_dags/example_kubernetes_executor.py
[2023-12-19T17:38:25.027+0300] {processor.py:830} INFO - Processing file /home/hp/.local/lib/python3.10/site-packages/airflow/example_dags/example_kubernetes_executor.py for tasks to queue
[2023-12-19T17:38:25.028+0300] {logging_mixin.py:188} INFO - [2023-12-19T17:38:25.028+0300] {dagbag.py:538} INFO - Filling up the DagBag from /home/hp/.local/lib/python3.10/site-packages/airflow/example_dags/example_kubernetes_executor.py
[2023-12-19T17:38:25.032+0300] {logging_mixin.py:188} INFO - [2023-12-19T17:38:25.032+0300] {example_kubernetes_executor.py:38} WARNING - The example_kubernetes_executor example DAG requires the kubernetes provider. Please install it with: pip install apache-airflow[cncf.kubernetes]
[2023-12-19T17:38:25.032+0300] {processor.py:842} WARNING - No viable dags retrieved from /home/hp/.local/lib/python3.10/site-packages/airflow/example_dags/example_kubernetes_executor.py
[2023-12-19T17:38:25.043+0300] {processor.py:183} INFO - Processing /home/hp/.local/lib/python3.10/site-packages/airflow/example_dags/example_kubernetes_executor.py took 0.036 seconds
[2023-12-20T00:08:37.667+0300] {processor.py:161} INFO - Started process (PID=19715) to work on /home/hp/.local/lib/python3.10/site-packages/airflow/example_dags/example_kubernetes_executor.py
[2023-12-20T00:08:37.668+0300] {processor.py:830} INFO - Processing file /home/hp/.local/lib/python3.10/site-packages/airflow/example_dags/example_kubernetes_executor.py for tasks to queue
[2023-12-20T00:08:37.669+0300] {logging_mixin.py:188} INFO - [2023-12-20T00:08:37.669+0300] {dagbag.py:538} INFO - Filling up the DagBag from /home/hp/.local/lib/python3.10/site-packages/airflow/example_dags/example_kubernetes_executor.py
[2023-12-20T00:08:37.673+0300] {logging_mixin.py:188} INFO - [2023-12-20T00:08:37.673+0300] {example_kubernetes_executor.py:38} WARNING - The example_kubernetes_executor example DAG requires the kubernetes provider. Please install it with: pip install apache-airflow[cncf.kubernetes]
[2023-12-20T00:08:37.673+0300] {processor.py:842} WARNING - No viable dags retrieved from /home/hp/.local/lib/python3.10/site-packages/airflow/example_dags/example_kubernetes_executor.py
[2023-12-20T00:08:37.685+0300] {processor.py:183} INFO - Processing /home/hp/.local/lib/python3.10/site-packages/airflow/example_dags/example_kubernetes_executor.py took 0.023 seconds
[2023-12-20T00:09:39.829+0300] {processor.py:161} INFO - Started process (PID=19774) to work on /home/hp/.local/lib/python3.10/site-packages/airflow/example_dags/example_kubernetes_executor.py
[2023-12-20T00:09:39.861+0300] {processor.py:830} INFO - Processing file /home/hp/.local/lib/python3.10/site-packages/airflow/example_dags/example_kubernetes_executor.py for tasks to queue
[2023-12-20T00:09:39.863+0300] {logging_mixin.py:188} INFO - [2023-12-20T00:09:39.862+0300] {dagbag.py:538} INFO - Filling up the DagBag from /home/hp/.local/lib/python3.10/site-packages/airflow/example_dags/example_kubernetes_executor.py
[2023-12-20T00:09:39.875+0300] {logging_mixin.py:188} INFO - [2023-12-20T00:09:39.874+0300] {example_kubernetes_executor.py:38} WARNING - The example_kubernetes_executor example DAG requires the kubernetes provider. Please install it with: pip install apache-airflow[cncf.kubernetes]
[2023-12-20T00:09:39.876+0300] {processor.py:842} WARNING - No viable dags retrieved from /home/hp/.local/lib/python3.10/site-packages/airflow/example_dags/example_kubernetes_executor.py
[2023-12-20T00:09:39.915+0300] {processor.py:183} INFO - Processing /home/hp/.local/lib/python3.10/site-packages/airflow/example_dags/example_kubernetes_executor.py took 0.098 seconds
[2023-12-20T00:10:40.466+0300] {processor.py:161} INFO - Started process (PID=19845) to work on /home/hp/.local/lib/python3.10/site-packages/airflow/example_dags/example_kubernetes_executor.py
[2023-12-20T00:10:40.493+0300] {processor.py:830} INFO - Processing file /home/hp/.local/lib/python3.10/site-packages/airflow/example_dags/example_kubernetes_executor.py for tasks to queue
[2023-12-20T00:10:40.494+0300] {logging_mixin.py:188} INFO - [2023-12-20T00:10:40.494+0300] {dagbag.py:538} INFO - Filling up the DagBag from /home/hp/.local/lib/python3.10/site-packages/airflow/example_dags/example_kubernetes_executor.py
[2023-12-20T00:10:40.497+0300] {logging_mixin.py:188} INFO - [2023-12-20T00:10:40.497+0300] {example_kubernetes_executor.py:38} WARNING - The example_kubernetes_executor example DAG requires the kubernetes provider. Please install it with: pip install apache-airflow[cncf.kubernetes]
[2023-12-20T00:10:40.497+0300] {processor.py:842} WARNING - No viable dags retrieved from /home/hp/.local/lib/python3.10/site-packages/airflow/example_dags/example_kubernetes_executor.py
[2023-12-20T00:10:40.507+0300] {processor.py:183} INFO - Processing /home/hp/.local/lib/python3.10/site-packages/airflow/example_dags/example_kubernetes_executor.py took 0.044 seconds
[2023-12-20T00:11:39.503+0300] {processor.py:161} INFO - Started process (PID=19904) to work on /home/hp/.local/lib/python3.10/site-packages/airflow/example_dags/example_kubernetes_executor.py
[2023-12-20T00:11:39.533+0300] {processor.py:830} INFO - Processing file /home/hp/.local/lib/python3.10/site-packages/airflow/example_dags/example_kubernetes_executor.py for tasks to queue
[2023-12-20T00:11:39.536+0300] {logging_mixin.py:188} INFO - [2023-12-20T00:11:39.534+0300] {dagbag.py:538} INFO - Filling up the DagBag from /home/hp/.local/lib/python3.10/site-packages/airflow/example_dags/example_kubernetes_executor.py
[2023-12-20T00:11:39.549+0300] {logging_mixin.py:188} INFO - [2023-12-20T00:11:39.549+0300] {example_kubernetes_executor.py:38} WARNING - The example_kubernetes_executor example DAG requires the kubernetes provider. Please install it with: pip install apache-airflow[cncf.kubernetes]
[2023-12-20T00:11:39.550+0300] {processor.py:842} WARNING - No viable dags retrieved from /home/hp/.local/lib/python3.10/site-packages/airflow/example_dags/example_kubernetes_executor.py
[2023-12-20T00:11:39.578+0300] {processor.py:183} INFO - Processing /home/hp/.local/lib/python3.10/site-packages/airflow/example_dags/example_kubernetes_executor.py took 0.079 seconds
[2023-12-20T00:12:41.263+0300] {processor.py:161} INFO - Started process (PID=19979) to work on /home/hp/.local/lib/python3.10/site-packages/airflow/example_dags/example_kubernetes_executor.py
[2023-12-20T00:12:41.290+0300] {processor.py:830} INFO - Processing file /home/hp/.local/lib/python3.10/site-packages/airflow/example_dags/example_kubernetes_executor.py for tasks to queue
[2023-12-20T00:12:41.291+0300] {logging_mixin.py:188} INFO - [2023-12-20T00:12:41.290+0300] {dagbag.py:538} INFO - Filling up the DagBag from /home/hp/.local/lib/python3.10/site-packages/airflow/example_dags/example_kubernetes_executor.py
[2023-12-20T00:12:41.295+0300] {logging_mixin.py:188} INFO - [2023-12-20T00:12:41.295+0300] {example_kubernetes_executor.py:38} WARNING - The example_kubernetes_executor example DAG requires the kubernetes provider. Please install it with: pip install apache-airflow[cncf.kubernetes]
[2023-12-20T00:12:41.295+0300] {processor.py:842} WARNING - No viable dags retrieved from /home/hp/.local/lib/python3.10/site-packages/airflow/example_dags/example_kubernetes_executor.py
[2023-12-20T00:12:41.309+0300] {processor.py:183} INFO - Processing /home/hp/.local/lib/python3.10/site-packages/airflow/example_dags/example_kubernetes_executor.py took 0.050 seconds
