[2023-12-19T17:32:08.761+0300] {processor.py:161} INFO - Started process (PID=4014) to work on /home/hp/.local/lib/python3.10/site-packages/airflow/example_dags/example_dynamic_task_mapping_with_no_taskflow_operators.py
[2023-12-19T17:32:08.762+0300] {processor.py:830} INFO - Processing file /home/hp/.local/lib/python3.10/site-packages/airflow/example_dags/example_dynamic_task_mapping_with_no_taskflow_operators.py for tasks to queue
[2023-12-19T17:32:08.763+0300] {logging_mixin.py:188} INFO - [2023-12-19T17:32:08.763+0300] {dagbag.py:538} INFO - Filling up the DagBag from /home/hp/.local/lib/python3.10/site-packages/airflow/example_dags/example_dynamic_task_mapping_with_no_taskflow_operators.py
[2023-12-19T17:32:08.771+0300] {processor.py:840} INFO - DAG(s) 'example_dynamic_task_mapping_with_no_taskflow_operators' retrieved from /home/hp/.local/lib/python3.10/site-packages/airflow/example_dags/example_dynamic_task_mapping_with_no_taskflow_operators.py
[2023-12-19T17:32:09.143+0300] {logging_mixin.py:188} INFO - [2023-12-19T17:32:09.141+0300] {override.py:1769} INFO - Created Permission View: can read on DAG:example_dynamic_task_mapping_with_no_taskflow_operators
[2023-12-19T17:32:09.264+0300] {logging_mixin.py:188} INFO - [2023-12-19T17:32:09.263+0300] {override.py:1769} INFO - Created Permission View: can delete on DAG:example_dynamic_task_mapping_with_no_taskflow_operators
[2023-12-19T17:32:09.375+0300] {logging_mixin.py:188} INFO - [2023-12-19T17:32:09.374+0300] {override.py:1769} INFO - Created Permission View: can edit on DAG:example_dynamic_task_mapping_with_no_taskflow_operators
[2023-12-19T17:32:09.376+0300] {logging_mixin.py:188} INFO - [2023-12-19T17:32:09.376+0300] {dag.py:3033} INFO - Sync 1 DAGs
[2023-12-19T17:32:09.413+0300] {logging_mixin.py:188} INFO - [2023-12-19T17:32:09.413+0300] {dag.py:3055} INFO - Creating ORM DAG for example_dynamic_task_mapping_with_no_taskflow_operators
[2023-12-19T17:32:09.423+0300] {logging_mixin.py:188} INFO - [2023-12-19T17:32:09.423+0300] {dag.py:3820} INFO - Setting next_dagrun for example_dynamic_task_mapping_with_no_taskflow_operators to 2023-12-18T00:00:00+00:00, run_after=2023-12-19T00:00:00+00:00
[2023-12-19T17:32:09.665+0300] {processor.py:183} INFO - Processing /home/hp/.local/lib/python3.10/site-packages/airflow/example_dags/example_dynamic_task_mapping_with_no_taskflow_operators.py took 0.909 seconds
[2023-12-19T17:33:32.107+0300] {processor.py:161} INFO - Started process (PID=4226) to work on /home/hp/.local/lib/python3.10/site-packages/airflow/example_dags/example_dynamic_task_mapping_with_no_taskflow_operators.py
[2023-12-19T17:33:32.131+0300] {processor.py:830} INFO - Processing file /home/hp/.local/lib/python3.10/site-packages/airflow/example_dags/example_dynamic_task_mapping_with_no_taskflow_operators.py for tasks to queue
[2023-12-19T17:33:32.133+0300] {logging_mixin.py:188} INFO - [2023-12-19T17:33:32.132+0300] {dagbag.py:538} INFO - Filling up the DagBag from /home/hp/.local/lib/python3.10/site-packages/airflow/example_dags/example_dynamic_task_mapping_with_no_taskflow_operators.py
[2023-12-19T17:33:32.141+0300] {processor.py:840} INFO - DAG(s) 'example_dynamic_task_mapping_with_no_taskflow_operators' retrieved from /home/hp/.local/lib/python3.10/site-packages/airflow/example_dags/example_dynamic_task_mapping_with_no_taskflow_operators.py
[2023-12-19T17:33:32.157+0300] {logging_mixin.py:188} INFO - [2023-12-19T17:33:32.156+0300] {dag.py:3033} INFO - Sync 1 DAGs
[2023-12-19T17:33:32.179+0300] {logging_mixin.py:188} INFO - [2023-12-19T17:33:32.178+0300] {dag.py:3820} INFO - Setting next_dagrun for example_dynamic_task_mapping_with_no_taskflow_operators to 2023-12-18T00:00:00+00:00, run_after=2023-12-19T00:00:00+00:00
[2023-12-19T17:33:32.436+0300] {processor.py:183} INFO - Processing /home/hp/.local/lib/python3.10/site-packages/airflow/example_dags/example_dynamic_task_mapping_with_no_taskflow_operators.py took 0.333 seconds
[2023-12-19T17:34:33.008+0300] {processor.py:161} INFO - Started process (PID=4325) to work on /home/hp/.local/lib/python3.10/site-packages/airflow/example_dags/example_dynamic_task_mapping_with_no_taskflow_operators.py
[2023-12-19T17:34:33.023+0300] {processor.py:830} INFO - Processing file /home/hp/.local/lib/python3.10/site-packages/airflow/example_dags/example_dynamic_task_mapping_with_no_taskflow_operators.py for tasks to queue
[2023-12-19T17:34:33.025+0300] {logging_mixin.py:188} INFO - [2023-12-19T17:34:33.024+0300] {dagbag.py:538} INFO - Filling up the DagBag from /home/hp/.local/lib/python3.10/site-packages/airflow/example_dags/example_dynamic_task_mapping_with_no_taskflow_operators.py
[2023-12-19T17:34:33.036+0300] {processor.py:840} INFO - DAG(s) 'example_dynamic_task_mapping_with_no_taskflow_operators' retrieved from /home/hp/.local/lib/python3.10/site-packages/airflow/example_dags/example_dynamic_task_mapping_with_no_taskflow_operators.py
[2023-12-19T17:34:33.054+0300] {logging_mixin.py:188} INFO - [2023-12-19T17:34:33.054+0300] {dag.py:3033} INFO - Sync 1 DAGs
[2023-12-19T17:34:33.073+0300] {logging_mixin.py:188} INFO - [2023-12-19T17:34:33.073+0300] {dag.py:3820} INFO - Setting next_dagrun for example_dynamic_task_mapping_with_no_taskflow_operators to 2023-12-18T00:00:00+00:00, run_after=2023-12-19T00:00:00+00:00
[2023-12-19T17:34:33.210+0300] {processor.py:183} INFO - Processing /home/hp/.local/lib/python3.10/site-packages/airflow/example_dags/example_dynamic_task_mapping_with_no_taskflow_operators.py took 0.208 seconds
[2023-12-19T17:35:33.671+0300] {processor.py:161} INFO - Started process (PID=4389) to work on /home/hp/.local/lib/python3.10/site-packages/airflow/example_dags/example_dynamic_task_mapping_with_no_taskflow_operators.py
[2023-12-19T17:35:33.674+0300] {processor.py:830} INFO - Processing file /home/hp/.local/lib/python3.10/site-packages/airflow/example_dags/example_dynamic_task_mapping_with_no_taskflow_operators.py for tasks to queue
[2023-12-19T17:35:33.675+0300] {logging_mixin.py:188} INFO - [2023-12-19T17:35:33.675+0300] {dagbag.py:538} INFO - Filling up the DagBag from /home/hp/.local/lib/python3.10/site-packages/airflow/example_dags/example_dynamic_task_mapping_with_no_taskflow_operators.py
[2023-12-19T17:35:33.683+0300] {processor.py:840} INFO - DAG(s) 'example_dynamic_task_mapping_with_no_taskflow_operators' retrieved from /home/hp/.local/lib/python3.10/site-packages/airflow/example_dags/example_dynamic_task_mapping_with_no_taskflow_operators.py
[2023-12-19T17:35:33.697+0300] {logging_mixin.py:188} INFO - [2023-12-19T17:35:33.696+0300] {dag.py:3033} INFO - Sync 1 DAGs
[2023-12-19T17:35:33.715+0300] {logging_mixin.py:188} INFO - [2023-12-19T17:35:33.715+0300] {dag.py:3820} INFO - Setting next_dagrun for example_dynamic_task_mapping_with_no_taskflow_operators to 2023-12-18T00:00:00+00:00, run_after=2023-12-19T00:00:00+00:00
[2023-12-19T17:35:33.845+0300] {processor.py:183} INFO - Processing /home/hp/.local/lib/python3.10/site-packages/airflow/example_dags/example_dynamic_task_mapping_with_no_taskflow_operators.py took 0.177 seconds
[2023-12-19T17:36:31.655+0300] {processor.py:161} INFO - Started process (PID=4483) to work on /home/hp/.local/lib/python3.10/site-packages/airflow/example_dags/example_dynamic_task_mapping_with_no_taskflow_operators.py
[2023-12-19T17:36:31.677+0300] {processor.py:830} INFO - Processing file /home/hp/.local/lib/python3.10/site-packages/airflow/example_dags/example_dynamic_task_mapping_with_no_taskflow_operators.py for tasks to queue
[2023-12-19T17:36:31.679+0300] {logging_mixin.py:188} INFO - [2023-12-19T17:36:31.678+0300] {dagbag.py:538} INFO - Filling up the DagBag from /home/hp/.local/lib/python3.10/site-packages/airflow/example_dags/example_dynamic_task_mapping_with_no_taskflow_operators.py
[2023-12-19T17:36:31.699+0300] {processor.py:840} INFO - DAG(s) 'example_dynamic_task_mapping_with_no_taskflow_operators' retrieved from /home/hp/.local/lib/python3.10/site-packages/airflow/example_dags/example_dynamic_task_mapping_with_no_taskflow_operators.py
[2023-12-19T17:36:31.724+0300] {logging_mixin.py:188} INFO - [2023-12-19T17:36:31.724+0300] {dag.py:3033} INFO - Sync 1 DAGs
[2023-12-19T17:36:31.743+0300] {logging_mixin.py:188} INFO - [2023-12-19T17:36:31.743+0300] {dag.py:3820} INFO - Setting next_dagrun for example_dynamic_task_mapping_with_no_taskflow_operators to 2023-12-18T00:00:00+00:00, run_after=2023-12-19T00:00:00+00:00
[2023-12-19T17:36:31.881+0300] {processor.py:183} INFO - Processing /home/hp/.local/lib/python3.10/site-packages/airflow/example_dags/example_dynamic_task_mapping_with_no_taskflow_operators.py took 0.229 seconds
[2023-12-19T17:37:29.108+0300] {processor.py:161} INFO - Started process (PID=4545) to work on /home/hp/.local/lib/python3.10/site-packages/airflow/example_dags/example_dynamic_task_mapping_with_no_taskflow_operators.py
[2023-12-19T17:37:29.125+0300] {processor.py:830} INFO - Processing file /home/hp/.local/lib/python3.10/site-packages/airflow/example_dags/example_dynamic_task_mapping_with_no_taskflow_operators.py for tasks to queue
[2023-12-19T17:37:29.127+0300] {logging_mixin.py:188} INFO - [2023-12-19T17:37:29.126+0300] {dagbag.py:538} INFO - Filling up the DagBag from /home/hp/.local/lib/python3.10/site-packages/airflow/example_dags/example_dynamic_task_mapping_with_no_taskflow_operators.py
[2023-12-19T17:37:29.142+0300] {processor.py:840} INFO - DAG(s) 'example_dynamic_task_mapping_with_no_taskflow_operators' retrieved from /home/hp/.local/lib/python3.10/site-packages/airflow/example_dags/example_dynamic_task_mapping_with_no_taskflow_operators.py
[2023-12-19T17:37:29.166+0300] {logging_mixin.py:188} INFO - [2023-12-19T17:37:29.166+0300] {dag.py:3033} INFO - Sync 1 DAGs
[2023-12-19T17:37:29.186+0300] {logging_mixin.py:188} INFO - [2023-12-19T17:37:29.186+0300] {dag.py:3820} INFO - Setting next_dagrun for example_dynamic_task_mapping_with_no_taskflow_operators to 2023-12-18T00:00:00+00:00, run_after=2023-12-19T00:00:00+00:00
[2023-12-19T17:37:29.319+0300] {processor.py:183} INFO - Processing /home/hp/.local/lib/python3.10/site-packages/airflow/example_dags/example_dynamic_task_mapping_with_no_taskflow_operators.py took 0.215 seconds
[2023-12-19T17:38:26.888+0300] {processor.py:161} INFO - Started process (PID=4612) to work on /home/hp/.local/lib/python3.10/site-packages/airflow/example_dags/example_dynamic_task_mapping_with_no_taskflow_operators.py
[2023-12-19T17:38:26.910+0300] {processor.py:830} INFO - Processing file /home/hp/.local/lib/python3.10/site-packages/airflow/example_dags/example_dynamic_task_mapping_with_no_taskflow_operators.py for tasks to queue
[2023-12-19T17:38:26.911+0300] {logging_mixin.py:188} INFO - [2023-12-19T17:38:26.910+0300] {dagbag.py:538} INFO - Filling up the DagBag from /home/hp/.local/lib/python3.10/site-packages/airflow/example_dags/example_dynamic_task_mapping_with_no_taskflow_operators.py
[2023-12-19T17:38:26.921+0300] {processor.py:840} INFO - DAG(s) 'example_dynamic_task_mapping_with_no_taskflow_operators' retrieved from /home/hp/.local/lib/python3.10/site-packages/airflow/example_dags/example_dynamic_task_mapping_with_no_taskflow_operators.py
[2023-12-19T17:38:26.938+0300] {logging_mixin.py:188} INFO - [2023-12-19T17:38:26.937+0300] {dag.py:3033} INFO - Sync 1 DAGs
[2023-12-19T17:38:26.957+0300] {logging_mixin.py:188} INFO - [2023-12-19T17:38:26.957+0300] {dag.py:3820} INFO - Setting next_dagrun for example_dynamic_task_mapping_with_no_taskflow_operators to 2023-12-18T00:00:00+00:00, run_after=2023-12-19T00:00:00+00:00
[2023-12-19T17:38:27.095+0300] {processor.py:183} INFO - Processing /home/hp/.local/lib/python3.10/site-packages/airflow/example_dags/example_dynamic_task_mapping_with_no_taskflow_operators.py took 0.211 seconds
[2023-12-20T00:08:39.703+0300] {processor.py:161} INFO - Started process (PID=19717) to work on /home/hp/.local/lib/python3.10/site-packages/airflow/example_dags/example_dynamic_task_mapping_with_no_taskflow_operators.py
[2023-12-20T00:08:39.735+0300] {processor.py:830} INFO - Processing file /home/hp/.local/lib/python3.10/site-packages/airflow/example_dags/example_dynamic_task_mapping_with_no_taskflow_operators.py for tasks to queue
[2023-12-20T00:08:39.737+0300] {logging_mixin.py:188} INFO - [2023-12-20T00:08:39.736+0300] {dagbag.py:538} INFO - Filling up the DagBag from /home/hp/.local/lib/python3.10/site-packages/airflow/example_dags/example_dynamic_task_mapping_with_no_taskflow_operators.py
[2023-12-20T00:08:39.754+0300] {processor.py:840} INFO - DAG(s) 'example_dynamic_task_mapping_with_no_taskflow_operators' retrieved from /home/hp/.local/lib/python3.10/site-packages/airflow/example_dags/example_dynamic_task_mapping_with_no_taskflow_operators.py
[2023-12-20T00:08:39.775+0300] {logging_mixin.py:188} INFO - [2023-12-20T00:08:39.775+0300] {dag.py:3033} INFO - Sync 1 DAGs
[2023-12-20T00:08:39.799+0300] {logging_mixin.py:188} INFO - [2023-12-20T00:08:39.799+0300] {dag.py:3820} INFO - Setting next_dagrun for example_dynamic_task_mapping_with_no_taskflow_operators to 2023-12-18T00:00:00+00:00, run_after=2023-12-19T00:00:00+00:00
[2023-12-20T00:08:40.002+0300] {processor.py:183} INFO - Processing /home/hp/.local/lib/python3.10/site-packages/airflow/example_dags/example_dynamic_task_mapping_with_no_taskflow_operators.py took 0.303 seconds
[2023-12-20T00:09:42.491+0300] {processor.py:161} INFO - Started process (PID=19781) to work on /home/hp/.local/lib/python3.10/site-packages/airflow/example_dags/example_dynamic_task_mapping_with_no_taskflow_operators.py
[2023-12-20T00:09:42.561+0300] {processor.py:830} INFO - Processing file /home/hp/.local/lib/python3.10/site-packages/airflow/example_dags/example_dynamic_task_mapping_with_no_taskflow_operators.py for tasks to queue
[2023-12-20T00:09:42.565+0300] {logging_mixin.py:188} INFO - [2023-12-20T00:09:42.563+0300] {dagbag.py:538} INFO - Filling up the DagBag from /home/hp/.local/lib/python3.10/site-packages/airflow/example_dags/example_dynamic_task_mapping_with_no_taskflow_operators.py
[2023-12-20T00:09:42.596+0300] {processor.py:840} INFO - DAG(s) 'example_dynamic_task_mapping_with_no_taskflow_operators' retrieved from /home/hp/.local/lib/python3.10/site-packages/airflow/example_dags/example_dynamic_task_mapping_with_no_taskflow_operators.py
[2023-12-20T00:09:42.615+0300] {logging_mixin.py:188} INFO - [2023-12-20T00:09:42.615+0300] {dag.py:3033} INFO - Sync 1 DAGs
[2023-12-20T00:09:42.635+0300] {logging_mixin.py:188} INFO - [2023-12-20T00:09:42.634+0300] {dag.py:3820} INFO - Setting next_dagrun for example_dynamic_task_mapping_with_no_taskflow_operators to 2023-12-18T00:00:00+00:00, run_after=2023-12-19T00:00:00+00:00
[2023-12-20T00:09:42.768+0300] {processor.py:183} INFO - Processing /home/hp/.local/lib/python3.10/site-packages/airflow/example_dags/example_dynamic_task_mapping_with_no_taskflow_operators.py took 0.294 seconds
[2023-12-20T00:10:42.999+0300] {processor.py:161} INFO - Started process (PID=19847) to work on /home/hp/.local/lib/python3.10/site-packages/airflow/example_dags/example_dynamic_task_mapping_with_no_taskflow_operators.py
[2023-12-20T00:10:43.049+0300] {processor.py:830} INFO - Processing file /home/hp/.local/lib/python3.10/site-packages/airflow/example_dags/example_dynamic_task_mapping_with_no_taskflow_operators.py for tasks to queue
[2023-12-20T00:10:43.052+0300] {logging_mixin.py:188} INFO - [2023-12-20T00:10:43.051+0300] {dagbag.py:538} INFO - Filling up the DagBag from /home/hp/.local/lib/python3.10/site-packages/airflow/example_dags/example_dynamic_task_mapping_with_no_taskflow_operators.py
[2023-12-20T00:10:43.076+0300] {processor.py:840} INFO - DAG(s) 'example_dynamic_task_mapping_with_no_taskflow_operators' retrieved from /home/hp/.local/lib/python3.10/site-packages/airflow/example_dags/example_dynamic_task_mapping_with_no_taskflow_operators.py
[2023-12-20T00:10:43.097+0300] {logging_mixin.py:188} INFO - [2023-12-20T00:10:43.097+0300] {dag.py:3033} INFO - Sync 1 DAGs
[2023-12-20T00:10:43.116+0300] {logging_mixin.py:188} INFO - [2023-12-20T00:10:43.115+0300] {dag.py:3820} INFO - Setting next_dagrun for example_dynamic_task_mapping_with_no_taskflow_operators to 2023-12-18T00:00:00+00:00, run_after=2023-12-19T00:00:00+00:00
[2023-12-20T00:10:43.238+0300] {processor.py:183} INFO - Processing /home/hp/.local/lib/python3.10/site-packages/airflow/example_dags/example_dynamic_task_mapping_with_no_taskflow_operators.py took 0.249 seconds
[2023-12-20T00:11:42.006+0300] {processor.py:161} INFO - Started process (PID=19907) to work on /home/hp/.local/lib/python3.10/site-packages/airflow/example_dags/example_dynamic_task_mapping_with_no_taskflow_operators.py
[2023-12-20T00:11:42.057+0300] {processor.py:830} INFO - Processing file /home/hp/.local/lib/python3.10/site-packages/airflow/example_dags/example_dynamic_task_mapping_with_no_taskflow_operators.py for tasks to queue
[2023-12-20T00:11:42.062+0300] {logging_mixin.py:188} INFO - [2023-12-20T00:11:42.060+0300] {dagbag.py:538} INFO - Filling up the DagBag from /home/hp/.local/lib/python3.10/site-packages/airflow/example_dags/example_dynamic_task_mapping_with_no_taskflow_operators.py
[2023-12-20T00:11:42.092+0300] {processor.py:840} INFO - DAG(s) 'example_dynamic_task_mapping_with_no_taskflow_operators' retrieved from /home/hp/.local/lib/python3.10/site-packages/airflow/example_dags/example_dynamic_task_mapping_with_no_taskflow_operators.py
[2023-12-20T00:11:42.111+0300] {logging_mixin.py:188} INFO - [2023-12-20T00:11:42.111+0300] {dag.py:3033} INFO - Sync 1 DAGs
[2023-12-20T00:11:42.130+0300] {logging_mixin.py:188} INFO - [2023-12-20T00:11:42.130+0300] {dag.py:3820} INFO - Setting next_dagrun for example_dynamic_task_mapping_with_no_taskflow_operators to 2023-12-18T00:00:00+00:00, run_after=2023-12-19T00:00:00+00:00
[2023-12-20T00:11:42.259+0300] {processor.py:183} INFO - Processing /home/hp/.local/lib/python3.10/site-packages/airflow/example_dags/example_dynamic_task_mapping_with_no_taskflow_operators.py took 0.256 seconds
[2023-12-20T00:12:43.920+0300] {processor.py:161} INFO - Started process (PID=19981) to work on /home/hp/.local/lib/python3.10/site-packages/airflow/example_dags/example_dynamic_task_mapping_with_no_taskflow_operators.py
[2023-12-20T00:12:43.957+0300] {processor.py:830} INFO - Processing file /home/hp/.local/lib/python3.10/site-packages/airflow/example_dags/example_dynamic_task_mapping_with_no_taskflow_operators.py for tasks to queue
[2023-12-20T00:12:43.959+0300] {logging_mixin.py:188} INFO - [2023-12-20T00:12:43.958+0300] {dagbag.py:538} INFO - Filling up the DagBag from /home/hp/.local/lib/python3.10/site-packages/airflow/example_dags/example_dynamic_task_mapping_with_no_taskflow_operators.py
[2023-12-20T00:12:43.970+0300] {processor.py:840} INFO - DAG(s) 'example_dynamic_task_mapping_with_no_taskflow_operators' retrieved from /home/hp/.local/lib/python3.10/site-packages/airflow/example_dags/example_dynamic_task_mapping_with_no_taskflow_operators.py
[2023-12-20T00:12:43.989+0300] {logging_mixin.py:188} INFO - [2023-12-20T00:12:43.989+0300] {dag.py:3033} INFO - Sync 1 DAGs
[2023-12-20T00:12:44.009+0300] {logging_mixin.py:188} INFO - [2023-12-20T00:12:44.009+0300] {dag.py:3820} INFO - Setting next_dagrun for example_dynamic_task_mapping_with_no_taskflow_operators to 2023-12-18T00:00:00+00:00, run_after=2023-12-19T00:00:00+00:00
[2023-12-20T00:12:44.108+0300] {processor.py:183} INFO - Processing /home/hp/.local/lib/python3.10/site-packages/airflow/example_dags/example_dynamic_task_mapping_with_no_taskflow_operators.py took 0.191 seconds
