[2023-12-19T17:31:44.181+0300] {processor.py:161} INFO - Started process (PID=3997) to work on /home/hp/.local/lib/python3.10/site-packages/airflow/example_dags/example_short_circuit_decorator.py
[2023-12-19T17:31:44.182+0300] {processor.py:830} INFO - Processing file /home/hp/.local/lib/python3.10/site-packages/airflow/example_dags/example_short_circuit_decorator.py for tasks to queue
[2023-12-19T17:31:44.183+0300] {logging_mixin.py:188} INFO - [2023-12-19T17:31:44.183+0300] {dagbag.py:538} INFO - Filling up the DagBag from /home/hp/.local/lib/python3.10/site-packages/airflow/example_dags/example_short_circuit_decorator.py
[2023-12-19T17:31:44.197+0300] {processor.py:840} INFO - DAG(s) 'example_short_circuit_decorator' retrieved from /home/hp/.local/lib/python3.10/site-packages/airflow/example_dags/example_short_circuit_decorator.py
[2023-12-19T17:31:44.531+0300] {logging_mixin.py:188} INFO - [2023-12-19T17:31:44.528+0300] {override.py:1769} INFO - Created Permission View: can read on DAG:example_short_circuit_decorator
[2023-12-19T17:31:44.652+0300] {logging_mixin.py:188} INFO - [2023-12-19T17:31:44.650+0300] {override.py:1769} INFO - Created Permission View: can delete on DAG:example_short_circuit_decorator
[2023-12-19T17:31:44.774+0300] {logging_mixin.py:188} INFO - [2023-12-19T17:31:44.773+0300] {override.py:1769} INFO - Created Permission View: can edit on DAG:example_short_circuit_decorator
[2023-12-19T17:31:44.776+0300] {logging_mixin.py:188} INFO - [2023-12-19T17:31:44.775+0300] {dag.py:3033} INFO - Sync 1 DAGs
[2023-12-19T17:31:44.816+0300] {logging_mixin.py:188} INFO - [2023-12-19T17:31:44.816+0300] {dag.py:3055} INFO - Creating ORM DAG for example_short_circuit_decorator
[2023-12-19T17:31:44.827+0300] {logging_mixin.py:188} INFO - [2023-12-19T17:31:44.827+0300] {dag.py:3820} INFO - Setting next_dagrun for example_short_circuit_decorator to 2023-12-18T00:00:00+00:00, run_after=2023-12-19T00:00:00+00:00
[2023-12-19T17:31:45.096+0300] {processor.py:183} INFO - Processing /home/hp/.local/lib/python3.10/site-packages/airflow/example_dags/example_short_circuit_decorator.py took 0.919 seconds
[2023-12-19T17:33:01.912+0300] {processor.py:161} INFO - Started process (PID=4060) to work on /home/hp/.local/lib/python3.10/site-packages/airflow/example_dags/example_short_circuit_decorator.py
[2023-12-19T17:33:01.913+0300] {processor.py:830} INFO - Processing file /home/hp/.local/lib/python3.10/site-packages/airflow/example_dags/example_short_circuit_decorator.py for tasks to queue
[2023-12-19T17:33:01.914+0300] {logging_mixin.py:188} INFO - [2023-12-19T17:33:01.913+0300] {dagbag.py:538} INFO - Filling up the DagBag from /home/hp/.local/lib/python3.10/site-packages/airflow/example_dags/example_short_circuit_decorator.py
[2023-12-19T17:33:01.924+0300] {processor.py:840} INFO - DAG(s) 'example_short_circuit_decorator' retrieved from /home/hp/.local/lib/python3.10/site-packages/airflow/example_dags/example_short_circuit_decorator.py
[2023-12-19T17:33:01.941+0300] {logging_mixin.py:188} INFO - [2023-12-19T17:33:01.941+0300] {dag.py:3033} INFO - Sync 1 DAGs
[2023-12-19T17:33:01.960+0300] {logging_mixin.py:188} INFO - [2023-12-19T17:33:01.960+0300] {dag.py:3820} INFO - Setting next_dagrun for example_short_circuit_decorator to 2023-12-18T00:00:00+00:00, run_after=2023-12-19T00:00:00+00:00
[2023-12-19T17:33:02.105+0300] {processor.py:183} INFO - Processing /home/hp/.local/lib/python3.10/site-packages/airflow/example_dags/example_short_circuit_decorator.py took 0.196 seconds
[2023-12-19T17:34:01.657+0300] {processor.py:161} INFO - Started process (PID=4256) to work on /home/hp/.local/lib/python3.10/site-packages/airflow/example_dags/example_short_circuit_decorator.py
[2023-12-19T17:34:01.691+0300] {processor.py:830} INFO - Processing file /home/hp/.local/lib/python3.10/site-packages/airflow/example_dags/example_short_circuit_decorator.py for tasks to queue
[2023-12-19T17:34:01.693+0300] {logging_mixin.py:188} INFO - [2023-12-19T17:34:01.692+0300] {dagbag.py:538} INFO - Filling up the DagBag from /home/hp/.local/lib/python3.10/site-packages/airflow/example_dags/example_short_circuit_decorator.py
[2023-12-19T17:34:01.717+0300] {processor.py:840} INFO - DAG(s) 'example_short_circuit_decorator' retrieved from /home/hp/.local/lib/python3.10/site-packages/airflow/example_dags/example_short_circuit_decorator.py
[2023-12-19T17:34:01.740+0300] {logging_mixin.py:188} INFO - [2023-12-19T17:34:01.740+0300] {dag.py:3033} INFO - Sync 1 DAGs
[2023-12-19T17:34:01.759+0300] {logging_mixin.py:188} INFO - [2023-12-19T17:34:01.758+0300] {dag.py:3820} INFO - Setting next_dagrun for example_short_circuit_decorator to 2023-12-18T00:00:00+00:00, run_after=2023-12-19T00:00:00+00:00
[2023-12-19T17:34:01.898+0300] {processor.py:183} INFO - Processing /home/hp/.local/lib/python3.10/site-packages/airflow/example_dags/example_short_circuit_decorator.py took 0.246 seconds
[2023-12-19T17:35:00.381+0300] {processor.py:161} INFO - Started process (PID=4356) to work on /home/hp/.local/lib/python3.10/site-packages/airflow/example_dags/example_short_circuit_decorator.py
[2023-12-19T17:35:00.403+0300] {processor.py:830} INFO - Processing file /home/hp/.local/lib/python3.10/site-packages/airflow/example_dags/example_short_circuit_decorator.py for tasks to queue
[2023-12-19T17:35:00.404+0300] {logging_mixin.py:188} INFO - [2023-12-19T17:35:00.403+0300] {dagbag.py:538} INFO - Filling up the DagBag from /home/hp/.local/lib/python3.10/site-packages/airflow/example_dags/example_short_circuit_decorator.py
[2023-12-19T17:35:00.415+0300] {processor.py:840} INFO - DAG(s) 'example_short_circuit_decorator' retrieved from /home/hp/.local/lib/python3.10/site-packages/airflow/example_dags/example_short_circuit_decorator.py
[2023-12-19T17:35:00.434+0300] {logging_mixin.py:188} INFO - [2023-12-19T17:35:00.434+0300] {dag.py:3033} INFO - Sync 1 DAGs
[2023-12-19T17:35:00.454+0300] {logging_mixin.py:188} INFO - [2023-12-19T17:35:00.454+0300] {dag.py:3820} INFO - Setting next_dagrun for example_short_circuit_decorator to 2023-12-18T00:00:00+00:00, run_after=2023-12-19T00:00:00+00:00
[2023-12-19T17:35:00.565+0300] {processor.py:183} INFO - Processing /home/hp/.local/lib/python3.10/site-packages/airflow/example_dags/example_short_circuit_decorator.py took 0.188 seconds
[2023-12-19T17:36:02.142+0300] {processor.py:161} INFO - Started process (PID=4451) to work on /home/hp/.local/lib/python3.10/site-packages/airflow/example_dags/example_short_circuit_decorator.py
[2023-12-19T17:36:02.165+0300] {processor.py:830} INFO - Processing file /home/hp/.local/lib/python3.10/site-packages/airflow/example_dags/example_short_circuit_decorator.py for tasks to queue
[2023-12-19T17:36:02.166+0300] {logging_mixin.py:188} INFO - [2023-12-19T17:36:02.166+0300] {dagbag.py:538} INFO - Filling up the DagBag from /home/hp/.local/lib/python3.10/site-packages/airflow/example_dags/example_short_circuit_decorator.py
[2023-12-19T17:36:02.177+0300] {processor.py:840} INFO - DAG(s) 'example_short_circuit_decorator' retrieved from /home/hp/.local/lib/python3.10/site-packages/airflow/example_dags/example_short_circuit_decorator.py
[2023-12-19T17:36:02.195+0300] {logging_mixin.py:188} INFO - [2023-12-19T17:36:02.195+0300] {dag.py:3033} INFO - Sync 1 DAGs
[2023-12-19T17:36:02.215+0300] {logging_mixin.py:188} INFO - [2023-12-19T17:36:02.215+0300] {dag.py:3820} INFO - Setting next_dagrun for example_short_circuit_decorator to 2023-12-18T00:00:00+00:00, run_after=2023-12-19T00:00:00+00:00
[2023-12-19T17:36:02.345+0300] {processor.py:183} INFO - Processing /home/hp/.local/lib/python3.10/site-packages/airflow/example_dags/example_short_circuit_decorator.py took 0.207 seconds
[2023-12-19T17:37:00.507+0300] {processor.py:161} INFO - Started process (PID=4517) to work on /home/hp/.local/lib/python3.10/site-packages/airflow/example_dags/example_short_circuit_decorator.py
[2023-12-19T17:37:00.525+0300] {processor.py:830} INFO - Processing file /home/hp/.local/lib/python3.10/site-packages/airflow/example_dags/example_short_circuit_decorator.py for tasks to queue
[2023-12-19T17:37:00.526+0300] {logging_mixin.py:188} INFO - [2023-12-19T17:37:00.525+0300] {dagbag.py:538} INFO - Filling up the DagBag from /home/hp/.local/lib/python3.10/site-packages/airflow/example_dags/example_short_circuit_decorator.py
[2023-12-19T17:37:00.537+0300] {processor.py:840} INFO - DAG(s) 'example_short_circuit_decorator' retrieved from /home/hp/.local/lib/python3.10/site-packages/airflow/example_dags/example_short_circuit_decorator.py
[2023-12-19T17:37:00.556+0300] {logging_mixin.py:188} INFO - [2023-12-19T17:37:00.556+0300] {dag.py:3033} INFO - Sync 1 DAGs
[2023-12-19T17:37:00.575+0300] {logging_mixin.py:188} INFO - [2023-12-19T17:37:00.575+0300] {dag.py:3820} INFO - Setting next_dagrun for example_short_circuit_decorator to 2023-12-18T00:00:00+00:00, run_after=2023-12-19T00:00:00+00:00
[2023-12-19T17:37:00.768+0300] {processor.py:183} INFO - Processing /home/hp/.local/lib/python3.10/site-packages/airflow/example_dags/example_short_circuit_decorator.py took 0.265 seconds
[2023-12-19T17:37:55.835+0300] {processor.py:161} INFO - Started process (PID=4575) to work on /home/hp/.local/lib/python3.10/site-packages/airflow/example_dags/example_short_circuit_decorator.py
[2023-12-19T17:37:55.855+0300] {processor.py:830} INFO - Processing file /home/hp/.local/lib/python3.10/site-packages/airflow/example_dags/example_short_circuit_decorator.py for tasks to queue
[2023-12-19T17:37:55.857+0300] {logging_mixin.py:188} INFO - [2023-12-19T17:37:55.856+0300] {dagbag.py:538} INFO - Filling up the DagBag from /home/hp/.local/lib/python3.10/site-packages/airflow/example_dags/example_short_circuit_decorator.py
[2023-12-19T17:37:55.876+0300] {processor.py:840} INFO - DAG(s) 'example_short_circuit_decorator' retrieved from /home/hp/.local/lib/python3.10/site-packages/airflow/example_dags/example_short_circuit_decorator.py
[2023-12-19T17:37:55.898+0300] {logging_mixin.py:188} INFO - [2023-12-19T17:37:55.898+0300] {dag.py:3033} INFO - Sync 1 DAGs
[2023-12-19T17:37:55.916+0300] {logging_mixin.py:188} INFO - [2023-12-19T17:37:55.916+0300] {dag.py:3820} INFO - Setting next_dagrun for example_short_circuit_decorator to 2023-12-18T00:00:00+00:00, run_after=2023-12-19T00:00:00+00:00
[2023-12-19T17:37:56.028+0300] {processor.py:183} INFO - Processing /home/hp/.local/lib/python3.10/site-packages/airflow/example_dags/example_short_circuit_decorator.py took 0.198 seconds
[2023-12-20T00:08:19.473+0300] {processor.py:161} INFO - Started process (PID=19701) to work on /home/hp/.local/lib/python3.10/site-packages/airflow/example_dags/example_short_circuit_decorator.py
[2023-12-20T00:08:19.489+0300] {processor.py:830} INFO - Processing file /home/hp/.local/lib/python3.10/site-packages/airflow/example_dags/example_short_circuit_decorator.py for tasks to queue
[2023-12-20T00:08:19.491+0300] {logging_mixin.py:188} INFO - [2023-12-20T00:08:19.490+0300] {dagbag.py:538} INFO - Filling up the DagBag from /home/hp/.local/lib/python3.10/site-packages/airflow/example_dags/example_short_circuit_decorator.py
[2023-12-20T00:08:19.517+0300] {processor.py:840} INFO - DAG(s) 'example_short_circuit_decorator' retrieved from /home/hp/.local/lib/python3.10/site-packages/airflow/example_dags/example_short_circuit_decorator.py
[2023-12-20T00:08:19.546+0300] {logging_mixin.py:188} INFO - [2023-12-20T00:08:19.546+0300] {dag.py:3033} INFO - Sync 1 DAGs
[2023-12-20T00:08:19.565+0300] {logging_mixin.py:188} INFO - [2023-12-20T00:08:19.565+0300] {dag.py:3820} INFO - Setting next_dagrun for example_short_circuit_decorator to 2023-12-18T00:00:00+00:00, run_after=2023-12-19T00:00:00+00:00
[2023-12-20T00:08:19.802+0300] {processor.py:183} INFO - Processing /home/hp/.local/lib/python3.10/site-packages/airflow/example_dags/example_short_circuit_decorator.py took 0.332 seconds
[2023-12-20T00:09:21.637+0300] {processor.py:161} INFO - Started process (PID=19759) to work on /home/hp/.local/lib/python3.10/site-packages/airflow/example_dags/example_short_circuit_decorator.py
[2023-12-20T00:09:21.667+0300] {processor.py:830} INFO - Processing file /home/hp/.local/lib/python3.10/site-packages/airflow/example_dags/example_short_circuit_decorator.py for tasks to queue
[2023-12-20T00:09:21.672+0300] {logging_mixin.py:188} INFO - [2023-12-20T00:09:21.670+0300] {dagbag.py:538} INFO - Filling up the DagBag from /home/hp/.local/lib/python3.10/site-packages/airflow/example_dags/example_short_circuit_decorator.py
[2023-12-20T00:09:21.701+0300] {processor.py:840} INFO - DAG(s) 'example_short_circuit_decorator' retrieved from /home/hp/.local/lib/python3.10/site-packages/airflow/example_dags/example_short_circuit_decorator.py
[2023-12-20T00:09:21.725+0300] {logging_mixin.py:188} INFO - [2023-12-20T00:09:21.725+0300] {dag.py:3033} INFO - Sync 1 DAGs
[2023-12-20T00:09:21.749+0300] {logging_mixin.py:188} INFO - [2023-12-20T00:09:21.749+0300] {dag.py:3820} INFO - Setting next_dagrun for example_short_circuit_decorator to 2023-12-18T00:00:00+00:00, run_after=2023-12-19T00:00:00+00:00
[2023-12-20T00:09:21.891+0300] {processor.py:183} INFO - Processing /home/hp/.local/lib/python3.10/site-packages/airflow/example_dags/example_short_circuit_decorator.py took 0.258 seconds
[2023-12-20T00:10:22.188+0300] {processor.py:161} INFO - Started process (PID=19825) to work on /home/hp/.local/lib/python3.10/site-packages/airflow/example_dags/example_short_circuit_decorator.py
[2023-12-20T00:10:22.189+0300] {processor.py:830} INFO - Processing file /home/hp/.local/lib/python3.10/site-packages/airflow/example_dags/example_short_circuit_decorator.py for tasks to queue
[2023-12-20T00:10:22.190+0300] {logging_mixin.py:188} INFO - [2023-12-20T00:10:22.190+0300] {dagbag.py:538} INFO - Filling up the DagBag from /home/hp/.local/lib/python3.10/site-packages/airflow/example_dags/example_short_circuit_decorator.py
[2023-12-20T00:10:22.201+0300] {processor.py:840} INFO - DAG(s) 'example_short_circuit_decorator' retrieved from /home/hp/.local/lib/python3.10/site-packages/airflow/example_dags/example_short_circuit_decorator.py
[2023-12-20T00:10:22.218+0300] {logging_mixin.py:188} INFO - [2023-12-20T00:10:22.218+0300] {dag.py:3033} INFO - Sync 1 DAGs
[2023-12-20T00:10:22.237+0300] {logging_mixin.py:188} INFO - [2023-12-20T00:10:22.237+0300] {dag.py:3820} INFO - Setting next_dagrun for example_short_circuit_decorator to 2023-12-18T00:00:00+00:00, run_after=2023-12-19T00:00:00+00:00
[2023-12-20T00:10:22.413+0300] {processor.py:183} INFO - Processing /home/hp/.local/lib/python3.10/site-packages/airflow/example_dags/example_short_circuit_decorator.py took 0.228 seconds
[2023-12-20T00:11:20.816+0300] {processor.py:161} INFO - Started process (PID=19885) to work on /home/hp/.local/lib/python3.10/site-packages/airflow/example_dags/example_short_circuit_decorator.py
[2023-12-20T00:11:20.817+0300] {processor.py:830} INFO - Processing file /home/hp/.local/lib/python3.10/site-packages/airflow/example_dags/example_short_circuit_decorator.py for tasks to queue
[2023-12-20T00:11:20.818+0300] {logging_mixin.py:188} INFO - [2023-12-20T00:11:20.818+0300] {dagbag.py:538} INFO - Filling up the DagBag from /home/hp/.local/lib/python3.10/site-packages/airflow/example_dags/example_short_circuit_decorator.py
[2023-12-20T00:11:20.829+0300] {processor.py:840} INFO - DAG(s) 'example_short_circuit_decorator' retrieved from /home/hp/.local/lib/python3.10/site-packages/airflow/example_dags/example_short_circuit_decorator.py
[2023-12-20T00:11:20.848+0300] {logging_mixin.py:188} INFO - [2023-12-20T00:11:20.847+0300] {dag.py:3033} INFO - Sync 1 DAGs
[2023-12-20T00:11:20.866+0300] {logging_mixin.py:188} INFO - [2023-12-20T00:11:20.866+0300] {dag.py:3820} INFO - Setting next_dagrun for example_short_circuit_decorator to 2023-12-18T00:00:00+00:00, run_after=2023-12-19T00:00:00+00:00
[2023-12-20T00:11:21.015+0300] {processor.py:183} INFO - Processing /home/hp/.local/lib/python3.10/site-packages/airflow/example_dags/example_short_circuit_decorator.py took 0.203 seconds
[2023-12-20T00:12:23.972+0300] {processor.py:161} INFO - Started process (PID=19954) to work on /home/hp/.local/lib/python3.10/site-packages/airflow/example_dags/example_short_circuit_decorator.py
[2023-12-20T00:12:23.986+0300] {processor.py:830} INFO - Processing file /home/hp/.local/lib/python3.10/site-packages/airflow/example_dags/example_short_circuit_decorator.py for tasks to queue
[2023-12-20T00:12:23.987+0300] {logging_mixin.py:188} INFO - [2023-12-20T00:12:23.986+0300] {dagbag.py:538} INFO - Filling up the DagBag from /home/hp/.local/lib/python3.10/site-packages/airflow/example_dags/example_short_circuit_decorator.py
[2023-12-20T00:12:24.001+0300] {processor.py:840} INFO - DAG(s) 'example_short_circuit_decorator' retrieved from /home/hp/.local/lib/python3.10/site-packages/airflow/example_dags/example_short_circuit_decorator.py
[2023-12-20T00:12:24.023+0300] {logging_mixin.py:188} INFO - [2023-12-20T00:12:24.023+0300] {dag.py:3033} INFO - Sync 1 DAGs
[2023-12-20T00:12:24.042+0300] {logging_mixin.py:188} INFO - [2023-12-20T00:12:24.041+0300] {dag.py:3820} INFO - Setting next_dagrun for example_short_circuit_decorator to 2023-12-18T00:00:00+00:00, run_after=2023-12-19T00:00:00+00:00
[2023-12-20T00:12:24.172+0300] {processor.py:183} INFO - Processing /home/hp/.local/lib/python3.10/site-packages/airflow/example_dags/example_short_circuit_decorator.py took 0.204 seconds
