[2023-12-19T17:31:57.794+0300] {processor.py:161} INFO - Started process (PID=4006) to work on /home/hp/.local/lib/python3.10/site-packages/airflow/example_dags/example_params_ui_tutorial.py
[2023-12-19T17:31:57.795+0300] {processor.py:830} INFO - Processing file /home/hp/.local/lib/python3.10/site-packages/airflow/example_dags/example_params_ui_tutorial.py for tasks to queue
[2023-12-19T17:31:57.796+0300] {logging_mixin.py:188} INFO - [2023-12-19T17:31:57.796+0300] {dagbag.py:538} INFO - Filling up the DagBag from /home/hp/.local/lib/python3.10/site-packages/airflow/example_dags/example_params_ui_tutorial.py
[2023-12-19T17:31:57.809+0300] {processor.py:840} INFO - DAG(s) 'example_params_ui_tutorial' retrieved from /home/hp/.local/lib/python3.10/site-packages/airflow/example_dags/example_params_ui_tutorial.py
[2023-12-19T17:31:58.143+0300] {logging_mixin.py:188} INFO - [2023-12-19T17:31:58.140+0300] {override.py:1769} INFO - Created Permission View: can read on DAG:example_params_ui_tutorial
[2023-12-19T17:31:58.264+0300] {logging_mixin.py:188} INFO - [2023-12-19T17:31:58.262+0300] {override.py:1769} INFO - Created Permission View: can delete on DAG:example_params_ui_tutorial
[2023-12-19T17:31:58.362+0300] {logging_mixin.py:188} INFO - [2023-12-19T17:31:58.361+0300] {override.py:1769} INFO - Created Permission View: can edit on DAG:example_params_ui_tutorial
[2023-12-19T17:31:58.362+0300] {logging_mixin.py:188} INFO - [2023-12-19T17:31:58.362+0300] {dag.py:3033} INFO - Sync 1 DAGs
[2023-12-19T17:31:58.379+0300] {logging_mixin.py:188} INFO - [2023-12-19T17:31:58.379+0300] {dag.py:3055} INFO - Creating ORM DAG for example_params_ui_tutorial
[2023-12-19T17:31:58.380+0300] {logging_mixin.py:188} INFO - [2023-12-19T17:31:58.380+0300] {dag.py:3820} INFO - Setting next_dagrun for example_params_ui_tutorial to None, run_after=None
[2023-12-19T17:31:58.642+0300] {processor.py:183} INFO - Processing /home/hp/.local/lib/python3.10/site-packages/airflow/example_dags/example_params_ui_tutorial.py took 0.851 seconds
[2023-12-19T17:33:11.632+0300] {processor.py:161} INFO - Started process (PID=4069) to work on /home/hp/.local/lib/python3.10/site-packages/airflow/example_dags/example_params_ui_tutorial.py
[2023-12-19T17:33:11.654+0300] {processor.py:830} INFO - Processing file /home/hp/.local/lib/python3.10/site-packages/airflow/example_dags/example_params_ui_tutorial.py for tasks to queue
[2023-12-19T17:33:11.656+0300] {logging_mixin.py:188} INFO - [2023-12-19T17:33:11.655+0300] {dagbag.py:538} INFO - Filling up the DagBag from /home/hp/.local/lib/python3.10/site-packages/airflow/example_dags/example_params_ui_tutorial.py
[2023-12-19T17:33:11.681+0300] {processor.py:840} INFO - DAG(s) 'example_params_ui_tutorial' retrieved from /home/hp/.local/lib/python3.10/site-packages/airflow/example_dags/example_params_ui_tutorial.py
[2023-12-19T17:33:11.742+0300] {logging_mixin.py:188} INFO - [2023-12-19T17:33:11.742+0300] {dag.py:3033} INFO - Sync 1 DAGs
[2023-12-19T17:33:11.753+0300] {logging_mixin.py:188} INFO - [2023-12-19T17:33:11.753+0300] {dag.py:3820} INFO - Setting next_dagrun for example_params_ui_tutorial to None, run_after=None
[2023-12-19T17:33:11.858+0300] {processor.py:183} INFO - Processing /home/hp/.local/lib/python3.10/site-packages/airflow/example_dags/example_params_ui_tutorial.py took 0.228 seconds
[2023-12-19T17:34:11.512+0300] {processor.py:161} INFO - Started process (PID=4271) to work on /home/hp/.local/lib/python3.10/site-packages/airflow/example_dags/example_params_ui_tutorial.py
[2023-12-19T17:34:11.514+0300] {processor.py:830} INFO - Processing file /home/hp/.local/lib/python3.10/site-packages/airflow/example_dags/example_params_ui_tutorial.py for tasks to queue
[2023-12-19T17:34:11.515+0300] {logging_mixin.py:188} INFO - [2023-12-19T17:34:11.514+0300] {dagbag.py:538} INFO - Filling up the DagBag from /home/hp/.local/lib/python3.10/site-packages/airflow/example_dags/example_params_ui_tutorial.py
[2023-12-19T17:34:11.530+0300] {processor.py:840} INFO - DAG(s) 'example_params_ui_tutorial' retrieved from /home/hp/.local/lib/python3.10/site-packages/airflow/example_dags/example_params_ui_tutorial.py
[2023-12-19T17:34:11.580+0300] {logging_mixin.py:188} INFO - [2023-12-19T17:34:11.580+0300] {dag.py:3033} INFO - Sync 1 DAGs
[2023-12-19T17:34:11.591+0300] {logging_mixin.py:188} INFO - [2023-12-19T17:34:11.591+0300] {dag.py:3820} INFO - Setting next_dagrun for example_params_ui_tutorial to None, run_after=None
[2023-12-19T17:34:11.728+0300] {processor.py:183} INFO - Processing /home/hp/.local/lib/python3.10/site-packages/airflow/example_dags/example_params_ui_tutorial.py took 0.220 seconds
[2023-12-19T17:35:11.128+0300] {processor.py:161} INFO - Started process (PID=4370) to work on /home/hp/.local/lib/python3.10/site-packages/airflow/example_dags/example_params_ui_tutorial.py
[2023-12-19T17:35:11.137+0300] {processor.py:830} INFO - Processing file /home/hp/.local/lib/python3.10/site-packages/airflow/example_dags/example_params_ui_tutorial.py for tasks to queue
[2023-12-19T17:35:11.138+0300] {logging_mixin.py:188} INFO - [2023-12-19T17:35:11.137+0300] {dagbag.py:538} INFO - Filling up the DagBag from /home/hp/.local/lib/python3.10/site-packages/airflow/example_dags/example_params_ui_tutorial.py
[2023-12-19T17:35:11.154+0300] {processor.py:840} INFO - DAG(s) 'example_params_ui_tutorial' retrieved from /home/hp/.local/lib/python3.10/site-packages/airflow/example_dags/example_params_ui_tutorial.py
[2023-12-19T17:35:11.202+0300] {logging_mixin.py:188} INFO - [2023-12-19T17:35:11.202+0300] {dag.py:3033} INFO - Sync 1 DAGs
[2023-12-19T17:35:11.214+0300] {logging_mixin.py:188} INFO - [2023-12-19T17:35:11.214+0300] {dag.py:3820} INFO - Setting next_dagrun for example_params_ui_tutorial to None, run_after=None
[2023-12-19T17:35:11.334+0300] {processor.py:183} INFO - Processing /home/hp/.local/lib/python3.10/site-packages/airflow/example_dags/example_params_ui_tutorial.py took 0.210 seconds
[2023-12-19T17:36:11.665+0300] {processor.py:161} INFO - Started process (PID=4460) to work on /home/hp/.local/lib/python3.10/site-packages/airflow/example_dags/example_params_ui_tutorial.py
[2023-12-19T17:36:11.686+0300] {processor.py:830} INFO - Processing file /home/hp/.local/lib/python3.10/site-packages/airflow/example_dags/example_params_ui_tutorial.py for tasks to queue
[2023-12-19T17:36:11.688+0300] {logging_mixin.py:188} INFO - [2023-12-19T17:36:11.687+0300] {dagbag.py:538} INFO - Filling up the DagBag from /home/hp/.local/lib/python3.10/site-packages/airflow/example_dags/example_params_ui_tutorial.py
[2023-12-19T17:36:11.700+0300] {processor.py:840} INFO - DAG(s) 'example_params_ui_tutorial' retrieved from /home/hp/.local/lib/python3.10/site-packages/airflow/example_dags/example_params_ui_tutorial.py
[2023-12-19T17:36:11.747+0300] {logging_mixin.py:188} INFO - [2023-12-19T17:36:11.747+0300] {dag.py:3033} INFO - Sync 1 DAGs
[2023-12-19T17:36:11.758+0300] {logging_mixin.py:188} INFO - [2023-12-19T17:36:11.758+0300] {dag.py:3820} INFO - Setting next_dagrun for example_params_ui_tutorial to None, run_after=None
[2023-12-19T17:36:11.880+0300] {processor.py:183} INFO - Processing /home/hp/.local/lib/python3.10/site-packages/airflow/example_dags/example_params_ui_tutorial.py took 0.220 seconds
[2023-12-19T17:37:09.734+0300] {processor.py:161} INFO - Started process (PID=4526) to work on /home/hp/.local/lib/python3.10/site-packages/airflow/example_dags/example_params_ui_tutorial.py
[2023-12-19T17:37:09.758+0300] {processor.py:830} INFO - Processing file /home/hp/.local/lib/python3.10/site-packages/airflow/example_dags/example_params_ui_tutorial.py for tasks to queue
[2023-12-19T17:37:09.759+0300] {logging_mixin.py:188} INFO - [2023-12-19T17:37:09.759+0300] {dagbag.py:538} INFO - Filling up the DagBag from /home/hp/.local/lib/python3.10/site-packages/airflow/example_dags/example_params_ui_tutorial.py
[2023-12-19T17:37:09.777+0300] {processor.py:840} INFO - DAG(s) 'example_params_ui_tutorial' retrieved from /home/hp/.local/lib/python3.10/site-packages/airflow/example_dags/example_params_ui_tutorial.py
[2023-12-19T17:37:09.823+0300] {logging_mixin.py:188} INFO - [2023-12-19T17:37:09.823+0300] {dag.py:3033} INFO - Sync 1 DAGs
[2023-12-19T17:37:09.834+0300] {logging_mixin.py:188} INFO - [2023-12-19T17:37:09.834+0300] {dag.py:3820} INFO - Setting next_dagrun for example_params_ui_tutorial to None, run_after=None
[2023-12-19T17:37:09.961+0300] {processor.py:183} INFO - Processing /home/hp/.local/lib/python3.10/site-packages/airflow/example_dags/example_params_ui_tutorial.py took 0.232 seconds
[2023-12-19T17:38:04.479+0300] {processor.py:161} INFO - Started process (PID=4584) to work on /home/hp/.local/lib/python3.10/site-packages/airflow/example_dags/example_params_ui_tutorial.py
[2023-12-19T17:38:04.567+0300] {processor.py:830} INFO - Processing file /home/hp/.local/lib/python3.10/site-packages/airflow/example_dags/example_params_ui_tutorial.py for tasks to queue
[2023-12-19T17:38:04.572+0300] {logging_mixin.py:188} INFO - [2023-12-19T17:38:04.570+0300] {dagbag.py:538} INFO - Filling up the DagBag from /home/hp/.local/lib/python3.10/site-packages/airflow/example_dags/example_params_ui_tutorial.py
[2023-12-19T17:38:04.612+0300] {processor.py:840} INFO - DAG(s) 'example_params_ui_tutorial' retrieved from /home/hp/.local/lib/python3.10/site-packages/airflow/example_dags/example_params_ui_tutorial.py
[2023-12-19T17:38:04.658+0300] {logging_mixin.py:188} INFO - [2023-12-19T17:38:04.658+0300] {dag.py:3033} INFO - Sync 1 DAGs
[2023-12-19T17:38:04.668+0300] {logging_mixin.py:188} INFO - [2023-12-19T17:38:04.668+0300] {dag.py:3820} INFO - Setting next_dagrun for example_params_ui_tutorial to None, run_after=None
[2023-12-19T17:38:04.806+0300] {processor.py:183} INFO - Processing /home/hp/.local/lib/python3.10/site-packages/airflow/example_dags/example_params_ui_tutorial.py took 0.330 seconds
[2023-12-20T00:08:30.672+0300] {processor.py:161} INFO - Started process (PID=19710) to work on /home/hp/.local/lib/python3.10/site-packages/airflow/example_dags/example_params_ui_tutorial.py
[2023-12-20T00:08:30.691+0300] {processor.py:830} INFO - Processing file /home/hp/.local/lib/python3.10/site-packages/airflow/example_dags/example_params_ui_tutorial.py for tasks to queue
[2023-12-20T00:08:30.692+0300] {logging_mixin.py:188} INFO - [2023-12-20T00:08:30.692+0300] {dagbag.py:538} INFO - Filling up the DagBag from /home/hp/.local/lib/python3.10/site-packages/airflow/example_dags/example_params_ui_tutorial.py
[2023-12-20T00:08:30.713+0300] {processor.py:840} INFO - DAG(s) 'example_params_ui_tutorial' retrieved from /home/hp/.local/lib/python3.10/site-packages/airflow/example_dags/example_params_ui_tutorial.py
[2023-12-20T00:08:30.838+0300] {logging_mixin.py:188} INFO - [2023-12-20T00:08:30.838+0300] {dag.py:3033} INFO - Sync 1 DAGs
[2023-12-20T00:08:30.847+0300] {logging_mixin.py:188} INFO - [2023-12-20T00:08:30.847+0300] {dag.py:3820} INFO - Setting next_dagrun for example_params_ui_tutorial to None, run_after=None
[2023-12-20T00:08:31.069+0300] {processor.py:183} INFO - Processing /home/hp/.local/lib/python3.10/site-packages/airflow/example_dags/example_params_ui_tutorial.py took 0.401 seconds
[2023-12-20T00:09:33.434+0300] {processor.py:161} INFO - Started process (PID=19769) to work on /home/hp/.local/lib/python3.10/site-packages/airflow/example_dags/example_params_ui_tutorial.py
[2023-12-20T00:09:33.435+0300] {processor.py:830} INFO - Processing file /home/hp/.local/lib/python3.10/site-packages/airflow/example_dags/example_params_ui_tutorial.py for tasks to queue
[2023-12-20T00:09:33.436+0300] {logging_mixin.py:188} INFO - [2023-12-20T00:09:33.436+0300] {dagbag.py:538} INFO - Filling up the DagBag from /home/hp/.local/lib/python3.10/site-packages/airflow/example_dags/example_params_ui_tutorial.py
[2023-12-20T00:09:33.451+0300] {processor.py:840} INFO - DAG(s) 'example_params_ui_tutorial' retrieved from /home/hp/.local/lib/python3.10/site-packages/airflow/example_dags/example_params_ui_tutorial.py
[2023-12-20T00:09:33.503+0300] {logging_mixin.py:188} INFO - [2023-12-20T00:09:33.503+0300] {dag.py:3033} INFO - Sync 1 DAGs
[2023-12-20T00:09:33.517+0300] {logging_mixin.py:188} INFO - [2023-12-20T00:09:33.516+0300] {dag.py:3820} INFO - Setting next_dagrun for example_params_ui_tutorial to None, run_after=None
[2023-12-20T00:09:33.781+0300] {processor.py:183} INFO - Processing /home/hp/.local/lib/python3.10/site-packages/airflow/example_dags/example_params_ui_tutorial.py took 0.352 seconds
[2023-12-20T00:10:33.643+0300] {processor.py:161} INFO - Started process (PID=19837) to work on /home/hp/.local/lib/python3.10/site-packages/airflow/example_dags/example_params_ui_tutorial.py
[2023-12-20T00:10:33.685+0300] {processor.py:830} INFO - Processing file /home/hp/.local/lib/python3.10/site-packages/airflow/example_dags/example_params_ui_tutorial.py for tasks to queue
[2023-12-20T00:10:33.687+0300] {logging_mixin.py:188} INFO - [2023-12-20T00:10:33.686+0300] {dagbag.py:538} INFO - Filling up the DagBag from /home/hp/.local/lib/python3.10/site-packages/airflow/example_dags/example_params_ui_tutorial.py
[2023-12-20T00:10:33.720+0300] {processor.py:840} INFO - DAG(s) 'example_params_ui_tutorial' retrieved from /home/hp/.local/lib/python3.10/site-packages/airflow/example_dags/example_params_ui_tutorial.py
[2023-12-20T00:10:33.768+0300] {logging_mixin.py:188} INFO - [2023-12-20T00:10:33.768+0300] {dag.py:3033} INFO - Sync 1 DAGs
[2023-12-20T00:10:33.779+0300] {logging_mixin.py:188} INFO - [2023-12-20T00:10:33.779+0300] {dag.py:3820} INFO - Setting next_dagrun for example_params_ui_tutorial to None, run_after=None
[2023-12-20T00:10:33.925+0300] {processor.py:183} INFO - Processing /home/hp/.local/lib/python3.10/site-packages/airflow/example_dags/example_params_ui_tutorial.py took 0.287 seconds
[2023-12-20T00:11:34.042+0300] {processor.py:161} INFO - Started process (PID=19897) to work on /home/hp/.local/lib/python3.10/site-packages/airflow/example_dags/example_params_ui_tutorial.py
[2023-12-20T00:11:34.043+0300] {processor.py:830} INFO - Processing file /home/hp/.local/lib/python3.10/site-packages/airflow/example_dags/example_params_ui_tutorial.py for tasks to queue
[2023-12-20T00:11:34.044+0300] {logging_mixin.py:188} INFO - [2023-12-20T00:11:34.044+0300] {dagbag.py:538} INFO - Filling up the DagBag from /home/hp/.local/lib/python3.10/site-packages/airflow/example_dags/example_params_ui_tutorial.py
[2023-12-20T00:11:34.058+0300] {processor.py:840} INFO - DAG(s) 'example_params_ui_tutorial' retrieved from /home/hp/.local/lib/python3.10/site-packages/airflow/example_dags/example_params_ui_tutorial.py
[2023-12-20T00:11:34.104+0300] {logging_mixin.py:188} INFO - [2023-12-20T00:11:34.103+0300] {dag.py:3033} INFO - Sync 1 DAGs
[2023-12-20T00:11:34.115+0300] {logging_mixin.py:188} INFO - [2023-12-20T00:11:34.114+0300] {dag.py:3820} INFO - Setting next_dagrun for example_params_ui_tutorial to None, run_after=None
[2023-12-20T00:11:34.259+0300] {processor.py:183} INFO - Processing /home/hp/.local/lib/python3.10/site-packages/airflow/example_dags/example_params_ui_tutorial.py took 0.220 seconds
[2023-12-20T00:12:35.766+0300] {processor.py:161} INFO - Started process (PID=19969) to work on /home/hp/.local/lib/python3.10/site-packages/airflow/example_dags/example_params_ui_tutorial.py
[2023-12-20T00:12:35.768+0300] {processor.py:830} INFO - Processing file /home/hp/.local/lib/python3.10/site-packages/airflow/example_dags/example_params_ui_tutorial.py for tasks to queue
[2023-12-20T00:12:35.769+0300] {logging_mixin.py:188} INFO - [2023-12-20T00:12:35.768+0300] {dagbag.py:538} INFO - Filling up the DagBag from /home/hp/.local/lib/python3.10/site-packages/airflow/example_dags/example_params_ui_tutorial.py
[2023-12-20T00:12:35.787+0300] {processor.py:840} INFO - DAG(s) 'example_params_ui_tutorial' retrieved from /home/hp/.local/lib/python3.10/site-packages/airflow/example_dags/example_params_ui_tutorial.py
[2023-12-20T00:12:35.833+0300] {logging_mixin.py:188} INFO - [2023-12-20T00:12:35.833+0300] {dag.py:3033} INFO - Sync 1 DAGs
[2023-12-20T00:12:35.843+0300] {logging_mixin.py:188} INFO - [2023-12-20T00:12:35.843+0300] {dag.py:3820} INFO - Setting next_dagrun for example_params_ui_tutorial to None, run_after=None
[2023-12-20T00:12:36.002+0300] {processor.py:183} INFO - Processing /home/hp/.local/lib/python3.10/site-packages/airflow/example_dags/example_params_ui_tutorial.py took 0.241 seconds
