[2023-12-19T17:32:07.030+0300] {processor.py:161} INFO - Started process (PID=4013) to work on /home/hp/.local/lib/python3.10/site-packages/airflow/example_dags/example_dynamic_task_mapping.py
[2023-12-19T17:32:07.031+0300] {processor.py:830} INFO - Processing file /home/hp/.local/lib/python3.10/site-packages/airflow/example_dags/example_dynamic_task_mapping.py for tasks to queue
[2023-12-19T17:32:07.032+0300] {logging_mixin.py:188} INFO - [2023-12-19T17:32:07.031+0300] {dagbag.py:538} INFO - Filling up the DagBag from /home/hp/.local/lib/python3.10/site-packages/airflow/example_dags/example_dynamic_task_mapping.py
[2023-12-19T17:32:07.040+0300] {processor.py:840} INFO - DAG(s) 'example_dynamic_task_mapping' retrieved from /home/hp/.local/lib/python3.10/site-packages/airflow/example_dags/example_dynamic_task_mapping.py
[2023-12-19T17:32:07.376+0300] {logging_mixin.py:188} INFO - [2023-12-19T17:32:07.374+0300] {override.py:1769} INFO - Created Permission View: can read on DAG:example_dynamic_task_mapping
[2023-12-19T17:32:07.509+0300] {logging_mixin.py:188} INFO - [2023-12-19T17:32:07.507+0300] {override.py:1769} INFO - Created Permission View: can delete on DAG:example_dynamic_task_mapping
[2023-12-19T17:32:07.631+0300] {logging_mixin.py:188} INFO - [2023-12-19T17:32:07.629+0300] {override.py:1769} INFO - Created Permission View: can edit on DAG:example_dynamic_task_mapping
[2023-12-19T17:32:07.632+0300] {logging_mixin.py:188} INFO - [2023-12-19T17:32:07.632+0300] {dag.py:3033} INFO - Sync 1 DAGs
[2023-12-19T17:32:07.660+0300] {logging_mixin.py:188} INFO - [2023-12-19T17:32:07.660+0300] {dag.py:3055} INFO - Creating ORM DAG for example_dynamic_task_mapping
[2023-12-19T17:32:07.670+0300] {logging_mixin.py:188} INFO - [2023-12-19T17:32:07.670+0300] {dag.py:3820} INFO - Setting next_dagrun for example_dynamic_task_mapping to 2022-03-04T00:00:00+00:00, run_after=2022-03-05T00:00:00+00:00
[2023-12-19T17:32:07.942+0300] {processor.py:183} INFO - Processing /home/hp/.local/lib/python3.10/site-packages/airflow/example_dags/example_dynamic_task_mapping.py took 0.916 seconds
[2023-12-19T17:33:18.911+0300] {processor.py:161} INFO - Started process (PID=4075) to work on /home/hp/.local/lib/python3.10/site-packages/airflow/example_dags/example_dynamic_task_mapping.py
[2023-12-19T17:33:18.915+0300] {processor.py:830} INFO - Processing file /home/hp/.local/lib/python3.10/site-packages/airflow/example_dags/example_dynamic_task_mapping.py for tasks to queue
[2023-12-19T17:33:18.916+0300] {logging_mixin.py:188} INFO - [2023-12-19T17:33:18.915+0300] {dagbag.py:538} INFO - Filling up the DagBag from /home/hp/.local/lib/python3.10/site-packages/airflow/example_dags/example_dynamic_task_mapping.py
[2023-12-19T17:33:18.925+0300] {processor.py:840} INFO - DAG(s) 'example_dynamic_task_mapping' retrieved from /home/hp/.local/lib/python3.10/site-packages/airflow/example_dags/example_dynamic_task_mapping.py
[2023-12-19T17:33:18.951+0300] {logging_mixin.py:188} INFO - [2023-12-19T17:33:18.951+0300] {dag.py:3033} INFO - Sync 1 DAGs
[2023-12-19T17:33:18.971+0300] {logging_mixin.py:188} INFO - [2023-12-19T17:33:18.971+0300] {dag.py:3820} INFO - Setting next_dagrun for example_dynamic_task_mapping to 2022-03-04T00:00:00+00:00, run_after=2022-03-05T00:00:00+00:00
[2023-12-19T17:33:19.140+0300] {processor.py:183} INFO - Processing /home/hp/.local/lib/python3.10/site-packages/airflow/example_dags/example_dynamic_task_mapping.py took 0.232 seconds
[2023-12-19T17:34:31.618+0300] {processor.py:161} INFO - Started process (PID=4323) to work on /home/hp/.local/lib/python3.10/site-packages/airflow/example_dags/example_dynamic_task_mapping.py
[2023-12-19T17:34:31.630+0300] {processor.py:830} INFO - Processing file /home/hp/.local/lib/python3.10/site-packages/airflow/example_dags/example_dynamic_task_mapping.py for tasks to queue
[2023-12-19T17:34:31.631+0300] {logging_mixin.py:188} INFO - [2023-12-19T17:34:31.630+0300] {dagbag.py:538} INFO - Filling up the DagBag from /home/hp/.local/lib/python3.10/site-packages/airflow/example_dags/example_dynamic_task_mapping.py
[2023-12-19T17:34:31.643+0300] {processor.py:840} INFO - DAG(s) 'example_dynamic_task_mapping' retrieved from /home/hp/.local/lib/python3.10/site-packages/airflow/example_dags/example_dynamic_task_mapping.py
[2023-12-19T17:34:31.661+0300] {logging_mixin.py:188} INFO - [2023-12-19T17:34:31.661+0300] {dag.py:3033} INFO - Sync 1 DAGs
[2023-12-19T17:34:31.681+0300] {logging_mixin.py:188} INFO - [2023-12-19T17:34:31.680+0300] {dag.py:3820} INFO - Setting next_dagrun for example_dynamic_task_mapping to 2022-03-04T00:00:00+00:00, run_after=2022-03-05T00:00:00+00:00
[2023-12-19T17:34:31.821+0300] {processor.py:183} INFO - Processing /home/hp/.local/lib/python3.10/site-packages/airflow/example_dags/example_dynamic_task_mapping.py took 0.208 seconds
[2023-12-19T17:35:32.036+0300] {processor.py:161} INFO - Started process (PID=4388) to work on /home/hp/.local/lib/python3.10/site-packages/airflow/example_dags/example_dynamic_task_mapping.py
[2023-12-19T17:35:32.052+0300] {processor.py:830} INFO - Processing file /home/hp/.local/lib/python3.10/site-packages/airflow/example_dags/example_dynamic_task_mapping.py for tasks to queue
[2023-12-19T17:35:32.053+0300] {logging_mixin.py:188} INFO - [2023-12-19T17:35:32.053+0300] {dagbag.py:538} INFO - Filling up the DagBag from /home/hp/.local/lib/python3.10/site-packages/airflow/example_dags/example_dynamic_task_mapping.py
[2023-12-19T17:35:32.065+0300] {processor.py:840} INFO - DAG(s) 'example_dynamic_task_mapping' retrieved from /home/hp/.local/lib/python3.10/site-packages/airflow/example_dags/example_dynamic_task_mapping.py
[2023-12-19T17:35:32.084+0300] {logging_mixin.py:188} INFO - [2023-12-19T17:35:32.083+0300] {dag.py:3033} INFO - Sync 1 DAGs
[2023-12-19T17:35:32.102+0300] {logging_mixin.py:188} INFO - [2023-12-19T17:35:32.102+0300] {dag.py:3820} INFO - Setting next_dagrun for example_dynamic_task_mapping to 2022-03-04T00:00:00+00:00, run_after=2022-03-05T00:00:00+00:00
[2023-12-19T17:35:32.245+0300] {processor.py:183} INFO - Processing /home/hp/.local/lib/python3.10/site-packages/airflow/example_dags/example_dynamic_task_mapping.py took 0.212 seconds
[2023-12-19T17:36:30.407+0300] {processor.py:161} INFO - Started process (PID=4482) to work on /home/hp/.local/lib/python3.10/site-packages/airflow/example_dags/example_dynamic_task_mapping.py
[2023-12-19T17:36:30.422+0300] {processor.py:830} INFO - Processing file /home/hp/.local/lib/python3.10/site-packages/airflow/example_dags/example_dynamic_task_mapping.py for tasks to queue
[2023-12-19T17:36:30.423+0300] {logging_mixin.py:188} INFO - [2023-12-19T17:36:30.422+0300] {dagbag.py:538} INFO - Filling up the DagBag from /home/hp/.local/lib/python3.10/site-packages/airflow/example_dags/example_dynamic_task_mapping.py
[2023-12-19T17:36:30.431+0300] {processor.py:840} INFO - DAG(s) 'example_dynamic_task_mapping' retrieved from /home/hp/.local/lib/python3.10/site-packages/airflow/example_dags/example_dynamic_task_mapping.py
[2023-12-19T17:36:30.446+0300] {logging_mixin.py:188} INFO - [2023-12-19T17:36:30.445+0300] {dag.py:3033} INFO - Sync 1 DAGs
[2023-12-19T17:36:30.465+0300] {logging_mixin.py:188} INFO - [2023-12-19T17:36:30.464+0300] {dag.py:3820} INFO - Setting next_dagrun for example_dynamic_task_mapping to 2022-03-04T00:00:00+00:00, run_after=2022-03-05T00:00:00+00:00
[2023-12-19T17:36:30.614+0300] {processor.py:183} INFO - Processing /home/hp/.local/lib/python3.10/site-packages/airflow/example_dags/example_dynamic_task_mapping.py took 0.211 seconds
[2023-12-19T17:37:28.348+0300] {processor.py:161} INFO - Started process (PID=4544) to work on /home/hp/.local/lib/python3.10/site-packages/airflow/example_dags/example_dynamic_task_mapping.py
[2023-12-19T17:37:28.371+0300] {processor.py:830} INFO - Processing file /home/hp/.local/lib/python3.10/site-packages/airflow/example_dags/example_dynamic_task_mapping.py for tasks to queue
[2023-12-19T17:37:28.373+0300] {logging_mixin.py:188} INFO - [2023-12-19T17:37:28.372+0300] {dagbag.py:538} INFO - Filling up the DagBag from /home/hp/.local/lib/python3.10/site-packages/airflow/example_dags/example_dynamic_task_mapping.py
[2023-12-19T17:37:28.383+0300] {processor.py:840} INFO - DAG(s) 'example_dynamic_task_mapping' retrieved from /home/hp/.local/lib/python3.10/site-packages/airflow/example_dags/example_dynamic_task_mapping.py
[2023-12-19T17:37:28.404+0300] {logging_mixin.py:188} INFO - [2023-12-19T17:37:28.403+0300] {dag.py:3033} INFO - Sync 1 DAGs
[2023-12-19T17:37:28.423+0300] {logging_mixin.py:188} INFO - [2023-12-19T17:37:28.423+0300] {dag.py:3820} INFO - Setting next_dagrun for example_dynamic_task_mapping to 2022-03-04T00:00:00+00:00, run_after=2022-03-05T00:00:00+00:00
[2023-12-19T17:37:28.564+0300] {processor.py:183} INFO - Processing /home/hp/.local/lib/python3.10/site-packages/airflow/example_dags/example_dynamic_task_mapping.py took 0.220 seconds
[2023-12-19T17:38:26.174+0300] {processor.py:161} INFO - Started process (PID=4604) to work on /home/hp/.local/lib/python3.10/site-packages/airflow/example_dags/example_dynamic_task_mapping.py
[2023-12-19T17:38:26.197+0300] {processor.py:830} INFO - Processing file /home/hp/.local/lib/python3.10/site-packages/airflow/example_dags/example_dynamic_task_mapping.py for tasks to queue
[2023-12-19T17:38:26.202+0300] {logging_mixin.py:188} INFO - [2023-12-19T17:38:26.200+0300] {dagbag.py:538} INFO - Filling up the DagBag from /home/hp/.local/lib/python3.10/site-packages/airflow/example_dags/example_dynamic_task_mapping.py
[2023-12-19T17:38:26.228+0300] {processor.py:840} INFO - DAG(s) 'example_dynamic_task_mapping' retrieved from /home/hp/.local/lib/python3.10/site-packages/airflow/example_dags/example_dynamic_task_mapping.py
[2023-12-19T17:38:26.246+0300] {logging_mixin.py:188} INFO - [2023-12-19T17:38:26.245+0300] {dag.py:3033} INFO - Sync 1 DAGs
[2023-12-19T17:38:26.266+0300] {logging_mixin.py:188} INFO - [2023-12-19T17:38:26.265+0300] {dag.py:3820} INFO - Setting next_dagrun for example_dynamic_task_mapping to 2022-03-04T00:00:00+00:00, run_after=2022-03-05T00:00:00+00:00
[2023-12-19T17:38:26.404+0300] {processor.py:183} INFO - Processing /home/hp/.local/lib/python3.10/site-packages/airflow/example_dags/example_dynamic_task_mapping.py took 0.234 seconds
[2023-12-20T00:08:38.197+0300] {processor.py:161} INFO - Started process (PID=19716) to work on /home/hp/.local/lib/python3.10/site-packages/airflow/example_dags/example_dynamic_task_mapping.py
[2023-12-20T00:08:38.199+0300] {processor.py:830} INFO - Processing file /home/hp/.local/lib/python3.10/site-packages/airflow/example_dags/example_dynamic_task_mapping.py for tasks to queue
[2023-12-20T00:08:38.200+0300] {logging_mixin.py:188} INFO - [2023-12-20T00:08:38.199+0300] {dagbag.py:538} INFO - Filling up the DagBag from /home/hp/.local/lib/python3.10/site-packages/airflow/example_dags/example_dynamic_task_mapping.py
[2023-12-20T00:08:38.208+0300] {processor.py:840} INFO - DAG(s) 'example_dynamic_task_mapping' retrieved from /home/hp/.local/lib/python3.10/site-packages/airflow/example_dags/example_dynamic_task_mapping.py
[2023-12-20T00:08:38.223+0300] {logging_mixin.py:188} INFO - [2023-12-20T00:08:38.222+0300] {dag.py:3033} INFO - Sync 1 DAGs
[2023-12-20T00:08:38.242+0300] {logging_mixin.py:188} INFO - [2023-12-20T00:08:38.242+0300] {dag.py:3820} INFO - Setting next_dagrun for example_dynamic_task_mapping to 2022-03-04T00:00:00+00:00, run_after=2022-03-05T00:00:00+00:00
[2023-12-20T00:08:38.502+0300] {processor.py:183} INFO - Processing /home/hp/.local/lib/python3.10/site-packages/airflow/example_dags/example_dynamic_task_mapping.py took 0.308 seconds
[2023-12-20T00:09:41.051+0300] {processor.py:161} INFO - Started process (PID=19778) to work on /home/hp/.local/lib/python3.10/site-packages/airflow/example_dags/example_dynamic_task_mapping.py
[2023-12-20T00:09:41.053+0300] {processor.py:830} INFO - Processing file /home/hp/.local/lib/python3.10/site-packages/airflow/example_dags/example_dynamic_task_mapping.py for tasks to queue
[2023-12-20T00:09:41.054+0300] {logging_mixin.py:188} INFO - [2023-12-20T00:09:41.054+0300] {dagbag.py:538} INFO - Filling up the DagBag from /home/hp/.local/lib/python3.10/site-packages/airflow/example_dags/example_dynamic_task_mapping.py
[2023-12-20T00:09:41.067+0300] {processor.py:840} INFO - DAG(s) 'example_dynamic_task_mapping' retrieved from /home/hp/.local/lib/python3.10/site-packages/airflow/example_dags/example_dynamic_task_mapping.py
[2023-12-20T00:09:41.089+0300] {logging_mixin.py:188} INFO - [2023-12-20T00:09:41.089+0300] {dag.py:3033} INFO - Sync 1 DAGs
[2023-12-20T00:09:41.111+0300] {logging_mixin.py:188} INFO - [2023-12-20T00:09:41.111+0300] {dag.py:3820} INFO - Setting next_dagrun for example_dynamic_task_mapping to 2022-03-04T00:00:00+00:00, run_after=2022-03-05T00:00:00+00:00
[2023-12-20T00:09:41.328+0300] {processor.py:183} INFO - Processing /home/hp/.local/lib/python3.10/site-packages/airflow/example_dags/example_dynamic_task_mapping.py took 0.282 seconds
[2023-12-20T00:10:41.614+0300] {processor.py:161} INFO - Started process (PID=19846) to work on /home/hp/.local/lib/python3.10/site-packages/airflow/example_dags/example_dynamic_task_mapping.py
[2023-12-20T00:10:41.640+0300] {processor.py:830} INFO - Processing file /home/hp/.local/lib/python3.10/site-packages/airflow/example_dags/example_dynamic_task_mapping.py for tasks to queue
[2023-12-20T00:10:41.642+0300] {logging_mixin.py:188} INFO - [2023-12-20T00:10:41.641+0300] {dagbag.py:538} INFO - Filling up the DagBag from /home/hp/.local/lib/python3.10/site-packages/airflow/example_dags/example_dynamic_task_mapping.py
[2023-12-20T00:10:41.662+0300] {processor.py:840} INFO - DAG(s) 'example_dynamic_task_mapping' retrieved from /home/hp/.local/lib/python3.10/site-packages/airflow/example_dags/example_dynamic_task_mapping.py
[2023-12-20T00:10:41.689+0300] {logging_mixin.py:188} INFO - [2023-12-20T00:10:41.689+0300] {dag.py:3033} INFO - Sync 1 DAGs
[2023-12-20T00:10:41.712+0300] {logging_mixin.py:188} INFO - [2023-12-20T00:10:41.712+0300] {dag.py:3820} INFO - Setting next_dagrun for example_dynamic_task_mapping to 2022-03-04T00:00:00+00:00, run_after=2022-03-05T00:00:00+00:00
[2023-12-20T00:10:41.906+0300] {processor.py:183} INFO - Processing /home/hp/.local/lib/python3.10/site-packages/airflow/example_dags/example_dynamic_task_mapping.py took 0.295 seconds
[2023-12-20T00:11:40.646+0300] {processor.py:161} INFO - Started process (PID=19906) to work on /home/hp/.local/lib/python3.10/site-packages/airflow/example_dags/example_dynamic_task_mapping.py
[2023-12-20T00:11:40.685+0300] {processor.py:830} INFO - Processing file /home/hp/.local/lib/python3.10/site-packages/airflow/example_dags/example_dynamic_task_mapping.py for tasks to queue
[2023-12-20T00:11:40.687+0300] {logging_mixin.py:188} INFO - [2023-12-20T00:11:40.686+0300] {dagbag.py:538} INFO - Filling up the DagBag from /home/hp/.local/lib/python3.10/site-packages/airflow/example_dags/example_dynamic_task_mapping.py
[2023-12-20T00:11:40.707+0300] {processor.py:840} INFO - DAG(s) 'example_dynamic_task_mapping' retrieved from /home/hp/.local/lib/python3.10/site-packages/airflow/example_dags/example_dynamic_task_mapping.py
[2023-12-20T00:11:40.732+0300] {logging_mixin.py:188} INFO - [2023-12-20T00:11:40.732+0300] {dag.py:3033} INFO - Sync 1 DAGs
[2023-12-20T00:11:40.751+0300] {logging_mixin.py:188} INFO - [2023-12-20T00:11:40.751+0300] {dag.py:3820} INFO - Setting next_dagrun for example_dynamic_task_mapping to 2022-03-04T00:00:00+00:00, run_after=2022-03-05T00:00:00+00:00
[2023-12-20T00:11:40.883+0300] {processor.py:183} INFO - Processing /home/hp/.local/lib/python3.10/site-packages/airflow/example_dags/example_dynamic_task_mapping.py took 0.240 seconds
[2023-12-20T00:12:42.472+0300] {processor.py:161} INFO - Started process (PID=19980) to work on /home/hp/.local/lib/python3.10/site-packages/airflow/example_dags/example_dynamic_task_mapping.py
[2023-12-20T00:12:42.509+0300] {processor.py:830} INFO - Processing file /home/hp/.local/lib/python3.10/site-packages/airflow/example_dags/example_dynamic_task_mapping.py for tasks to queue
[2023-12-20T00:12:42.512+0300] {logging_mixin.py:188} INFO - [2023-12-20T00:12:42.511+0300] {dagbag.py:538} INFO - Filling up the DagBag from /home/hp/.local/lib/python3.10/site-packages/airflow/example_dags/example_dynamic_task_mapping.py
[2023-12-20T00:12:42.535+0300] {processor.py:840} INFO - DAG(s) 'example_dynamic_task_mapping' retrieved from /home/hp/.local/lib/python3.10/site-packages/airflow/example_dags/example_dynamic_task_mapping.py
[2023-12-20T00:12:42.555+0300] {logging_mixin.py:188} INFO - [2023-12-20T00:12:42.555+0300] {dag.py:3033} INFO - Sync 1 DAGs
[2023-12-20T00:12:42.574+0300] {logging_mixin.py:188} INFO - [2023-12-20T00:12:42.574+0300] {dag.py:3820} INFO - Setting next_dagrun for example_dynamic_task_mapping to 2022-03-04T00:00:00+00:00, run_after=2022-03-05T00:00:00+00:00
[2023-12-20T00:12:42.694+0300] {processor.py:183} INFO - Processing /home/hp/.local/lib/python3.10/site-packages/airflow/example_dags/example_dynamic_task_mapping.py took 0.228 seconds
