[2023-12-19T17:32:31.476+0300] {processor.py:161} INFO - Started process (PID=4026) to work on /home/hp/.local/lib/python3.10/site-packages/airflow/example_dags/example_complex.py
[2023-12-19T17:32:31.477+0300] {processor.py:830} INFO - Processing file /home/hp/.local/lib/python3.10/site-packages/airflow/example_dags/example_complex.py for tasks to queue
[2023-12-19T17:32:31.478+0300] {logging_mixin.py:188} INFO - [2023-12-19T17:32:31.478+0300] {dagbag.py:538} INFO - Filling up the DagBag from /home/hp/.local/lib/python3.10/site-packages/airflow/example_dags/example_complex.py
[2023-12-19T17:32:31.490+0300] {processor.py:840} INFO - DAG(s) 'example_complex' retrieved from /home/hp/.local/lib/python3.10/site-packages/airflow/example_dags/example_complex.py
[2023-12-19T17:32:31.823+0300] {logging_mixin.py:188} INFO - [2023-12-19T17:32:31.820+0300] {override.py:1769} INFO - Created Permission View: can read on DAG:example_complex
[2023-12-19T17:32:31.943+0300] {logging_mixin.py:188} INFO - [2023-12-19T17:32:31.942+0300] {override.py:1769} INFO - Created Permission View: can delete on DAG:example_complex
[2023-12-19T17:32:32.065+0300] {logging_mixin.py:188} INFO - [2023-12-19T17:32:32.064+0300] {override.py:1769} INFO - Created Permission View: can edit on DAG:example_complex
[2023-12-19T17:32:32.067+0300] {logging_mixin.py:188} INFO - [2023-12-19T17:32:32.066+0300] {dag.py:3033} INFO - Sync 1 DAGs
[2023-12-19T17:32:32.078+0300] {logging_mixin.py:188} INFO - [2023-12-19T17:32:32.077+0300] {dag.py:3055} INFO - Creating ORM DAG for example_complex
[2023-12-19T17:32:32.078+0300] {logging_mixin.py:188} INFO - [2023-12-19T17:32:32.078+0300] {dag.py:3820} INFO - Setting next_dagrun for example_complex to None, run_after=None
[2023-12-19T17:32:32.343+0300] {processor.py:183} INFO - Processing /home/hp/.local/lib/python3.10/site-packages/airflow/example_dags/example_complex.py took 0.870 seconds
[2023-12-19T17:33:44.454+0300] {processor.py:161} INFO - Started process (PID=4237) to work on /home/hp/.local/lib/python3.10/site-packages/airflow/example_dags/example_complex.py
[2023-12-19T17:33:44.455+0300] {processor.py:830} INFO - Processing file /home/hp/.local/lib/python3.10/site-packages/airflow/example_dags/example_complex.py for tasks to queue
[2023-12-19T17:33:44.456+0300] {logging_mixin.py:188} INFO - [2023-12-19T17:33:44.456+0300] {dagbag.py:538} INFO - Filling up the DagBag from /home/hp/.local/lib/python3.10/site-packages/airflow/example_dags/example_complex.py
[2023-12-19T17:33:44.471+0300] {processor.py:840} INFO - DAG(s) 'example_complex' retrieved from /home/hp/.local/lib/python3.10/site-packages/airflow/example_dags/example_complex.py
[2023-12-19T17:33:44.496+0300] {logging_mixin.py:188} INFO - [2023-12-19T17:33:44.496+0300] {dag.py:3033} INFO - Sync 1 DAGs
[2023-12-19T17:33:44.508+0300] {logging_mixin.py:188} INFO - [2023-12-19T17:33:44.507+0300] {dag.py:3820} INFO - Setting next_dagrun for example_complex to None, run_after=None
[2023-12-19T17:33:44.652+0300] {processor.py:183} INFO - Processing /home/hp/.local/lib/python3.10/site-packages/airflow/example_dags/example_complex.py took 0.202 seconds
[2023-12-19T17:34:44.428+0300] {processor.py:161} INFO - Started process (PID=4337) to work on /home/hp/.local/lib/python3.10/site-packages/airflow/example_dags/example_complex.py
[2023-12-19T17:34:44.429+0300] {processor.py:830} INFO - Processing file /home/hp/.local/lib/python3.10/site-packages/airflow/example_dags/example_complex.py for tasks to queue
[2023-12-19T17:34:44.430+0300] {logging_mixin.py:188} INFO - [2023-12-19T17:34:44.430+0300] {dagbag.py:538} INFO - Filling up the DagBag from /home/hp/.local/lib/python3.10/site-packages/airflow/example_dags/example_complex.py
[2023-12-19T17:34:44.441+0300] {processor.py:840} INFO - DAG(s) 'example_complex' retrieved from /home/hp/.local/lib/python3.10/site-packages/airflow/example_dags/example_complex.py
[2023-12-19T17:34:44.466+0300] {logging_mixin.py:188} INFO - [2023-12-19T17:34:44.465+0300] {dag.py:3033} INFO - Sync 1 DAGs
[2023-12-19T17:34:44.476+0300] {logging_mixin.py:188} INFO - [2023-12-19T17:34:44.476+0300] {dag.py:3820} INFO - Setting next_dagrun for example_complex to None, run_after=None
[2023-12-19T17:34:44.622+0300] {processor.py:183} INFO - Processing /home/hp/.local/lib/python3.10/site-packages/airflow/example_dags/example_complex.py took 0.197 seconds
[2023-12-19T17:35:45.856+0300] {processor.py:161} INFO - Started process (PID=4400) to work on /home/hp/.local/lib/python3.10/site-packages/airflow/example_dags/example_complex.py
[2023-12-19T17:35:45.869+0300] {processor.py:830} INFO - Processing file /home/hp/.local/lib/python3.10/site-packages/airflow/example_dags/example_complex.py for tasks to queue
[2023-12-19T17:35:45.870+0300] {logging_mixin.py:188} INFO - [2023-12-19T17:35:45.870+0300] {dagbag.py:538} INFO - Filling up the DagBag from /home/hp/.local/lib/python3.10/site-packages/airflow/example_dags/example_complex.py
[2023-12-19T17:35:45.886+0300] {processor.py:840} INFO - DAG(s) 'example_complex' retrieved from /home/hp/.local/lib/python3.10/site-packages/airflow/example_dags/example_complex.py
[2023-12-19T17:35:45.915+0300] {logging_mixin.py:188} INFO - [2023-12-19T17:35:45.915+0300] {dag.py:3033} INFO - Sync 1 DAGs
[2023-12-19T17:35:45.926+0300] {logging_mixin.py:188} INFO - [2023-12-19T17:35:45.926+0300] {dag.py:3820} INFO - Setting next_dagrun for example_complex to None, run_after=None
[2023-12-19T17:35:46.053+0300] {processor.py:183} INFO - Processing /home/hp/.local/lib/python3.10/site-packages/airflow/example_dags/example_complex.py took 0.201 seconds
[2023-12-19T17:36:45.298+0300] {processor.py:161} INFO - Started process (PID=4498) to work on /home/hp/.local/lib/python3.10/site-packages/airflow/example_dags/example_complex.py
[2023-12-19T17:36:45.317+0300] {processor.py:830} INFO - Processing file /home/hp/.local/lib/python3.10/site-packages/airflow/example_dags/example_complex.py for tasks to queue
[2023-12-19T17:36:45.318+0300] {logging_mixin.py:188} INFO - [2023-12-19T17:36:45.318+0300] {dagbag.py:538} INFO - Filling up the DagBag from /home/hp/.local/lib/python3.10/site-packages/airflow/example_dags/example_complex.py
[2023-12-19T17:36:45.337+0300] {processor.py:840} INFO - DAG(s) 'example_complex' retrieved from /home/hp/.local/lib/python3.10/site-packages/airflow/example_dags/example_complex.py
[2023-12-19T17:36:45.367+0300] {logging_mixin.py:188} INFO - [2023-12-19T17:36:45.367+0300] {dag.py:3033} INFO - Sync 1 DAGs
[2023-12-19T17:36:45.378+0300] {logging_mixin.py:188} INFO - [2023-12-19T17:36:45.378+0300] {dag.py:3820} INFO - Setting next_dagrun for example_complex to None, run_after=None
[2023-12-19T17:36:45.513+0300] {processor.py:183} INFO - Processing /home/hp/.local/lib/python3.10/site-packages/airflow/example_dags/example_complex.py took 0.219 seconds
[2023-12-19T17:37:42.348+0300] {processor.py:161} INFO - Started process (PID=4556) to work on /home/hp/.local/lib/python3.10/site-packages/airflow/example_dags/example_complex.py
[2023-12-19T17:37:42.367+0300] {processor.py:830} INFO - Processing file /home/hp/.local/lib/python3.10/site-packages/airflow/example_dags/example_complex.py for tasks to queue
[2023-12-19T17:37:42.368+0300] {logging_mixin.py:188} INFO - [2023-12-19T17:37:42.368+0300] {dagbag.py:538} INFO - Filling up the DagBag from /home/hp/.local/lib/python3.10/site-packages/airflow/example_dags/example_complex.py
[2023-12-19T17:37:42.387+0300] {processor.py:840} INFO - DAG(s) 'example_complex' retrieved from /home/hp/.local/lib/python3.10/site-packages/airflow/example_dags/example_complex.py
[2023-12-19T17:37:42.418+0300] {logging_mixin.py:188} INFO - [2023-12-19T17:37:42.417+0300] {dag.py:3033} INFO - Sync 1 DAGs
[2023-12-19T17:37:42.428+0300] {logging_mixin.py:188} INFO - [2023-12-19T17:37:42.428+0300] {dag.py:3820} INFO - Setting next_dagrun for example_complex to None, run_after=None
[2023-12-19T17:37:42.564+0300] {processor.py:183} INFO - Processing /home/hp/.local/lib/python3.10/site-packages/airflow/example_dags/example_complex.py took 0.219 seconds
[2023-12-20T00:08:52.717+0300] {processor.py:161} INFO - Started process (PID=19729) to work on /home/hp/.local/lib/python3.10/site-packages/airflow/example_dags/example_complex.py
[2023-12-20T00:08:52.722+0300] {processor.py:830} INFO - Processing file /home/hp/.local/lib/python3.10/site-packages/airflow/example_dags/example_complex.py for tasks to queue
[2023-12-20T00:08:52.723+0300] {logging_mixin.py:188} INFO - [2023-12-20T00:08:52.723+0300] {dagbag.py:538} INFO - Filling up the DagBag from /home/hp/.local/lib/python3.10/site-packages/airflow/example_dags/example_complex.py
[2023-12-20T00:08:52.738+0300] {processor.py:840} INFO - DAG(s) 'example_complex' retrieved from /home/hp/.local/lib/python3.10/site-packages/airflow/example_dags/example_complex.py
[2023-12-20T00:08:52.767+0300] {logging_mixin.py:188} INFO - [2023-12-20T00:08:52.767+0300] {dag.py:3033} INFO - Sync 1 DAGs
[2023-12-20T00:08:52.779+0300] {logging_mixin.py:188} INFO - [2023-12-20T00:08:52.778+0300] {dag.py:3820} INFO - Setting next_dagrun for example_complex to None, run_after=None
[2023-12-20T00:08:52.989+0300] {processor.py:183} INFO - Processing /home/hp/.local/lib/python3.10/site-packages/airflow/example_dags/example_complex.py took 0.276 seconds
[2023-12-20T00:09:54.216+0300] {processor.py:161} INFO - Started process (PID=19795) to work on /home/hp/.local/lib/python3.10/site-packages/airflow/example_dags/example_complex.py
[2023-12-20T00:09:54.217+0300] {processor.py:830} INFO - Processing file /home/hp/.local/lib/python3.10/site-packages/airflow/example_dags/example_complex.py for tasks to queue
[2023-12-20T00:09:54.218+0300] {logging_mixin.py:188} INFO - [2023-12-20T00:09:54.218+0300] {dagbag.py:538} INFO - Filling up the DagBag from /home/hp/.local/lib/python3.10/site-packages/airflow/example_dags/example_complex.py
[2023-12-20T00:09:54.232+0300] {processor.py:840} INFO - DAG(s) 'example_complex' retrieved from /home/hp/.local/lib/python3.10/site-packages/airflow/example_dags/example_complex.py
[2023-12-20T00:09:54.258+0300] {logging_mixin.py:188} INFO - [2023-12-20T00:09:54.258+0300] {dag.py:3033} INFO - Sync 1 DAGs
[2023-12-20T00:09:54.269+0300] {logging_mixin.py:188} INFO - [2023-12-20T00:09:54.268+0300] {dag.py:3820} INFO - Setting next_dagrun for example_complex to None, run_after=None
[2023-12-20T00:09:54.399+0300] {processor.py:183} INFO - Processing /home/hp/.local/lib/python3.10/site-packages/airflow/example_dags/example_complex.py took 0.187 seconds
[2023-12-20T00:10:53.923+0300] {processor.py:161} INFO - Started process (PID=19858) to work on /home/hp/.local/lib/python3.10/site-packages/airflow/example_dags/example_complex.py
[2023-12-20T00:10:53.924+0300] {processor.py:830} INFO - Processing file /home/hp/.local/lib/python3.10/site-packages/airflow/example_dags/example_complex.py for tasks to queue
[2023-12-20T00:10:53.925+0300] {logging_mixin.py:188} INFO - [2023-12-20T00:10:53.924+0300] {dagbag.py:538} INFO - Filling up the DagBag from /home/hp/.local/lib/python3.10/site-packages/airflow/example_dags/example_complex.py
[2023-12-20T00:10:53.935+0300] {processor.py:840} INFO - DAG(s) 'example_complex' retrieved from /home/hp/.local/lib/python3.10/site-packages/airflow/example_dags/example_complex.py
[2023-12-20T00:10:53.961+0300] {logging_mixin.py:188} INFO - [2023-12-20T00:10:53.960+0300] {dag.py:3033} INFO - Sync 1 DAGs
[2023-12-20T00:10:53.972+0300] {logging_mixin.py:188} INFO - [2023-12-20T00:10:53.971+0300] {dag.py:3820} INFO - Setting next_dagrun for example_complex to None, run_after=None
[2023-12-20T00:10:54.118+0300] {processor.py:183} INFO - Processing /home/hp/.local/lib/python3.10/site-packages/airflow/example_dags/example_complex.py took 0.198 seconds
[2023-12-20T00:11:55.177+0300] {processor.py:161} INFO - Started process (PID=19918) to work on /home/hp/.local/lib/python3.10/site-packages/airflow/example_dags/example_complex.py
[2023-12-20T00:11:55.206+0300] {processor.py:830} INFO - Processing file /home/hp/.local/lib/python3.10/site-packages/airflow/example_dags/example_complex.py for tasks to queue
[2023-12-20T00:11:55.207+0300] {logging_mixin.py:188} INFO - [2023-12-20T00:11:55.207+0300] {dagbag.py:538} INFO - Filling up the DagBag from /home/hp/.local/lib/python3.10/site-packages/airflow/example_dags/example_complex.py
[2023-12-20T00:11:55.227+0300] {processor.py:840} INFO - DAG(s) 'example_complex' retrieved from /home/hp/.local/lib/python3.10/site-packages/airflow/example_dags/example_complex.py
[2023-12-20T00:11:55.258+0300] {logging_mixin.py:188} INFO - [2023-12-20T00:11:55.257+0300] {dag.py:3033} INFO - Sync 1 DAGs
[2023-12-20T00:11:55.268+0300] {logging_mixin.py:188} INFO - [2023-12-20T00:11:55.268+0300] {dag.py:3820} INFO - Setting next_dagrun for example_complex to None, run_after=None
[2023-12-20T00:11:55.405+0300] {processor.py:183} INFO - Processing /home/hp/.local/lib/python3.10/site-packages/airflow/example_dags/example_complex.py took 0.231 seconds
[2023-12-20T00:12:54.232+0300] {processor.py:161} INFO - Started process (PID=19999) to work on /home/hp/.local/lib/python3.10/site-packages/airflow/example_dags/example_complex.py
[2023-12-20T00:12:54.271+0300] {processor.py:830} INFO - Processing file /home/hp/.local/lib/python3.10/site-packages/airflow/example_dags/example_complex.py for tasks to queue
[2023-12-20T00:12:54.275+0300] {logging_mixin.py:188} INFO - [2023-12-20T00:12:54.273+0300] {dagbag.py:538} INFO - Filling up the DagBag from /home/hp/.local/lib/python3.10/site-packages/airflow/example_dags/example_complex.py
[2023-12-20T00:12:54.313+0300] {processor.py:840} INFO - DAG(s) 'example_complex' retrieved from /home/hp/.local/lib/python3.10/site-packages/airflow/example_dags/example_complex.py
[2023-12-20T00:12:54.340+0300] {logging_mixin.py:188} INFO - [2023-12-20T00:12:54.340+0300] {dag.py:3033} INFO - Sync 1 DAGs
[2023-12-20T00:12:54.351+0300] {logging_mixin.py:188} INFO - [2023-12-20T00:12:54.351+0300] {dag.py:3820} INFO - Setting next_dagrun for example_complex to None, run_after=None
[2023-12-20T00:12:54.501+0300] {processor.py:183} INFO - Processing /home/hp/.local/lib/python3.10/site-packages/airflow/example_dags/example_complex.py took 0.273 seconds
