[2023-12-19T17:31:12.103+0300] {processor.py:161} INFO - Started process (PID=3972) to work on /home/hp/.local/lib/python3.10/site-packages/airflow/example_dags/example_xcomargs.py
[2023-12-19T17:31:12.104+0300] {processor.py:830} INFO - Processing file /home/hp/.local/lib/python3.10/site-packages/airflow/example_dags/example_xcomargs.py for tasks to queue
[2023-12-19T17:31:12.105+0300] {logging_mixin.py:188} INFO - [2023-12-19T17:31:12.104+0300] {dagbag.py:538} INFO - Filling up the DagBag from /home/hp/.local/lib/python3.10/site-packages/airflow/example_dags/example_xcomargs.py
[2023-12-19T17:31:12.117+0300] {processor.py:840} INFO - DAG(s) 'example_xcom_args_with_operators', 'example_xcom_args' retrieved from /home/hp/.local/lib/python3.10/site-packages/airflow/example_dags/example_xcomargs.py
[2023-12-19T17:31:12.431+0300] {logging_mixin.py:188} INFO - [2023-12-19T17:31:12.427+0300] {override.py:1769} INFO - Created Permission View: can read on DAG:example_xcom_args_with_operators
[2023-12-19T17:31:12.540+0300] {logging_mixin.py:188} INFO - [2023-12-19T17:31:12.538+0300] {override.py:1769} INFO - Created Permission View: can delete on DAG:example_xcom_args_with_operators
[2023-12-19T17:31:12.651+0300] {logging_mixin.py:188} INFO - [2023-12-19T17:31:12.650+0300] {override.py:1769} INFO - Created Permission View: can edit on DAG:example_xcom_args_with_operators
[2023-12-19T17:31:12.895+0300] {logging_mixin.py:188} INFO - [2023-12-19T17:31:12.893+0300] {override.py:1769} INFO - Created Permission View: can read on DAG:example_xcom_args
[2023-12-19T17:31:13.006+0300] {logging_mixin.py:188} INFO - [2023-12-19T17:31:13.005+0300] {override.py:1769} INFO - Created Permission View: can delete on DAG:example_xcom_args
[2023-12-19T17:31:13.117+0300] {logging_mixin.py:188} INFO - [2023-12-19T17:31:13.116+0300] {override.py:1769} INFO - Created Permission View: can edit on DAG:example_xcom_args
[2023-12-19T17:31:13.118+0300] {logging_mixin.py:188} INFO - [2023-12-19T17:31:13.118+0300] {dag.py:3033} INFO - Sync 2 DAGs
[2023-12-19T17:31:13.156+0300] {logging_mixin.py:188} INFO - [2023-12-19T17:31:13.156+0300] {dag.py:3055} INFO - Creating ORM DAG for example_xcom_args_with_operators
[2023-12-19T17:31:13.157+0300] {logging_mixin.py:188} INFO - [2023-12-19T17:31:13.157+0300] {dag.py:3055} INFO - Creating ORM DAG for example_xcom_args
[2023-12-19T17:31:13.158+0300] {logging_mixin.py:188} INFO - [2023-12-19T17:31:13.157+0300] {dag.py:3820} INFO - Setting next_dagrun for example_xcom_args to None, run_after=None
[2023-12-19T17:31:13.158+0300] {logging_mixin.py:188} INFO - [2023-12-19T17:31:13.158+0300] {dag.py:3820} INFO - Setting next_dagrun for example_xcom_args_with_operators to None, run_after=None
[2023-12-19T17:31:13.417+0300] {processor.py:183} INFO - Processing /home/hp/.local/lib/python3.10/site-packages/airflow/example_dags/example_xcomargs.py took 1.318 seconds
[2023-12-19T17:32:45.647+0300] {processor.py:161} INFO - Started process (PID=4036) to work on /home/hp/.local/lib/python3.10/site-packages/airflow/example_dags/example_xcomargs.py
[2023-12-19T17:32:45.664+0300] {processor.py:830} INFO - Processing file /home/hp/.local/lib/python3.10/site-packages/airflow/example_dags/example_xcomargs.py for tasks to queue
[2023-12-19T17:32:45.665+0300] {logging_mixin.py:188} INFO - [2023-12-19T17:32:45.664+0300] {dagbag.py:538} INFO - Filling up the DagBag from /home/hp/.local/lib/python3.10/site-packages/airflow/example_dags/example_xcomargs.py
[2023-12-19T17:32:45.674+0300] {processor.py:840} INFO - DAG(s) 'example_xcom_args', 'example_xcom_args_with_operators' retrieved from /home/hp/.local/lib/python3.10/site-packages/airflow/example_dags/example_xcomargs.py
[2023-12-19T17:32:45.695+0300] {logging_mixin.py:188} INFO - [2023-12-19T17:32:45.695+0300] {dag.py:3033} INFO - Sync 2 DAGs
[2023-12-19T17:32:45.706+0300] {logging_mixin.py:188} INFO - [2023-12-19T17:32:45.706+0300] {dag.py:3820} INFO - Setting next_dagrun for example_xcom_args to None, run_after=None
[2023-12-19T17:32:45.710+0300] {logging_mixin.py:188} INFO - [2023-12-19T17:32:45.710+0300] {dag.py:3820} INFO - Setting next_dagrun for example_xcom_args_with_operators to None, run_after=None
[2023-12-19T17:32:45.850+0300] {processor.py:183} INFO - Processing /home/hp/.local/lib/python3.10/site-packages/airflow/example_dags/example_xcomargs.py took 0.207 seconds
[2023-12-19T17:33:27.025+0300] {processor.py:161} INFO - Started process (PID=4204) to work on /home/hp/.local/lib/python3.10/site-packages/airflow/example_dags/example_xcomargs.py
[2023-12-19T17:33:27.036+0300] {processor.py:830} INFO - Processing file /home/hp/.local/lib/python3.10/site-packages/airflow/example_dags/example_xcomargs.py for tasks to queue
[2023-12-19T17:33:27.037+0300] {logging_mixin.py:188} INFO - [2023-12-19T17:33:27.037+0300] {dagbag.py:538} INFO - Filling up the DagBag from /home/hp/.local/lib/python3.10/site-packages/airflow/example_dags/example_xcomargs.py
[2023-12-19T17:33:27.056+0300] {processor.py:840} INFO - DAG(s) 'example_xcom_args', 'example_xcom_args_with_operators' retrieved from /home/hp/.local/lib/python3.10/site-packages/airflow/example_dags/example_xcomargs.py
[2023-12-19T17:33:27.078+0300] {logging_mixin.py:188} INFO - [2023-12-19T17:33:27.078+0300] {dag.py:3033} INFO - Sync 2 DAGs
[2023-12-19T17:33:27.093+0300] {logging_mixin.py:188} INFO - [2023-12-19T17:33:27.093+0300] {dag.py:3820} INFO - Setting next_dagrun for example_xcom_args to None, run_after=None
[2023-12-19T17:33:27.098+0300] {logging_mixin.py:188} INFO - [2023-12-19T17:33:27.098+0300] {dag.py:3820} INFO - Setting next_dagrun for example_xcom_args_with_operators to None, run_after=None
[2023-12-19T17:33:27.357+0300] {processor.py:183} INFO - Processing /home/hp/.local/lib/python3.10/site-packages/airflow/example_dags/example_xcomargs.py took 0.339 seconds
[2023-12-19T17:34:26.507+0300] {processor.py:161} INFO - Started process (PID=4317) to work on /home/hp/.local/lib/python3.10/site-packages/airflow/example_dags/example_xcomargs.py
[2023-12-19T17:34:26.516+0300] {processor.py:830} INFO - Processing file /home/hp/.local/lib/python3.10/site-packages/airflow/example_dags/example_xcomargs.py for tasks to queue
[2023-12-19T17:34:26.518+0300] {logging_mixin.py:188} INFO - [2023-12-19T17:34:26.517+0300] {dagbag.py:538} INFO - Filling up the DagBag from /home/hp/.local/lib/python3.10/site-packages/airflow/example_dags/example_xcomargs.py
[2023-12-19T17:34:26.533+0300] {processor.py:840} INFO - DAG(s) 'example_xcom_args', 'example_xcom_args_with_operators' retrieved from /home/hp/.local/lib/python3.10/site-packages/airflow/example_dags/example_xcomargs.py
[2023-12-19T17:34:26.559+0300] {logging_mixin.py:188} INFO - [2023-12-19T17:34:26.559+0300] {dag.py:3033} INFO - Sync 2 DAGs
[2023-12-19T17:34:26.570+0300] {logging_mixin.py:188} INFO - [2023-12-19T17:34:26.570+0300] {dag.py:3820} INFO - Setting next_dagrun for example_xcom_args to None, run_after=None
[2023-12-19T17:34:26.574+0300] {logging_mixin.py:188} INFO - [2023-12-19T17:34:26.573+0300] {dag.py:3820} INFO - Setting next_dagrun for example_xcom_args_with_operators to None, run_after=None
[2023-12-19T17:34:26.685+0300] {processor.py:183} INFO - Processing /home/hp/.local/lib/python3.10/site-packages/airflow/example_dags/example_xcomargs.py took 0.188 seconds
[2023-12-19T17:35:26.519+0300] {processor.py:161} INFO - Started process (PID=4383) to work on /home/hp/.local/lib/python3.10/site-packages/airflow/example_dags/example_xcomargs.py
[2023-12-19T17:35:26.543+0300] {processor.py:830} INFO - Processing file /home/hp/.local/lib/python3.10/site-packages/airflow/example_dags/example_xcomargs.py for tasks to queue
[2023-12-19T17:35:26.548+0300] {logging_mixin.py:188} INFO - [2023-12-19T17:35:26.546+0300] {dagbag.py:538} INFO - Filling up the DagBag from /home/hp/.local/lib/python3.10/site-packages/airflow/example_dags/example_xcomargs.py
[2023-12-19T17:35:26.590+0300] {processor.py:840} INFO - DAG(s) 'example_xcom_args', 'example_xcom_args_with_operators' retrieved from /home/hp/.local/lib/python3.10/site-packages/airflow/example_dags/example_xcomargs.py
[2023-12-19T17:35:26.614+0300] {logging_mixin.py:188} INFO - [2023-12-19T17:35:26.614+0300] {dag.py:3033} INFO - Sync 2 DAGs
[2023-12-19T17:35:26.625+0300] {logging_mixin.py:188} INFO - [2023-12-19T17:35:26.625+0300] {dag.py:3820} INFO - Setting next_dagrun for example_xcom_args to None, run_after=None
[2023-12-19T17:35:26.628+0300] {logging_mixin.py:188} INFO - [2023-12-19T17:35:26.628+0300] {dag.py:3820} INFO - Setting next_dagrun for example_xcom_args_with_operators to None, run_after=None
[2023-12-19T17:35:26.748+0300] {processor.py:183} INFO - Processing /home/hp/.local/lib/python3.10/site-packages/airflow/example_dags/example_xcomargs.py took 0.233 seconds
[2023-12-19T17:36:24.945+0300] {processor.py:161} INFO - Started process (PID=4473) to work on /home/hp/.local/lib/python3.10/site-packages/airflow/example_dags/example_xcomargs.py
[2023-12-19T17:36:24.964+0300] {processor.py:830} INFO - Processing file /home/hp/.local/lib/python3.10/site-packages/airflow/example_dags/example_xcomargs.py for tasks to queue
[2023-12-19T17:36:24.965+0300] {logging_mixin.py:188} INFO - [2023-12-19T17:36:24.965+0300] {dagbag.py:538} INFO - Filling up the DagBag from /home/hp/.local/lib/python3.10/site-packages/airflow/example_dags/example_xcomargs.py
[2023-12-19T17:36:24.974+0300] {processor.py:840} INFO - DAG(s) 'example_xcom_args', 'example_xcom_args_with_operators' retrieved from /home/hp/.local/lib/python3.10/site-packages/airflow/example_dags/example_xcomargs.py
[2023-12-19T17:36:24.995+0300] {logging_mixin.py:188} INFO - [2023-12-19T17:36:24.995+0300] {dag.py:3033} INFO - Sync 2 DAGs
[2023-12-19T17:36:25.006+0300] {logging_mixin.py:188} INFO - [2023-12-19T17:36:25.006+0300] {dag.py:3820} INFO - Setting next_dagrun for example_xcom_args to None, run_after=None
[2023-12-19T17:36:25.009+0300] {logging_mixin.py:188} INFO - [2023-12-19T17:36:25.009+0300] {dag.py:3820} INFO - Setting next_dagrun for example_xcom_args_with_operators to None, run_after=None
[2023-12-19T17:36:25.146+0300] {processor.py:183} INFO - Processing /home/hp/.local/lib/python3.10/site-packages/airflow/example_dags/example_xcomargs.py took 0.205 seconds
[2023-12-19T17:37:22.964+0300] {processor.py:161} INFO - Started process (PID=4539) to work on /home/hp/.local/lib/python3.10/site-packages/airflow/example_dags/example_xcomargs.py
[2023-12-19T17:37:22.980+0300] {processor.py:830} INFO - Processing file /home/hp/.local/lib/python3.10/site-packages/airflow/example_dags/example_xcomargs.py for tasks to queue
[2023-12-19T17:37:22.982+0300] {logging_mixin.py:188} INFO - [2023-12-19T17:37:22.981+0300] {dagbag.py:538} INFO - Filling up the DagBag from /home/hp/.local/lib/python3.10/site-packages/airflow/example_dags/example_xcomargs.py
[2023-12-19T17:37:22.999+0300] {processor.py:840} INFO - DAG(s) 'example_xcom_args_with_operators', 'example_xcom_args' retrieved from /home/hp/.local/lib/python3.10/site-packages/airflow/example_dags/example_xcomargs.py
[2023-12-19T17:37:23.027+0300] {logging_mixin.py:188} INFO - [2023-12-19T17:37:23.027+0300] {dag.py:3033} INFO - Sync 2 DAGs
[2023-12-19T17:37:23.038+0300] {logging_mixin.py:188} INFO - [2023-12-19T17:37:23.038+0300] {dag.py:3820} INFO - Setting next_dagrun for example_xcom_args to None, run_after=None
[2023-12-19T17:37:23.042+0300] {logging_mixin.py:188} INFO - [2023-12-19T17:37:23.041+0300] {dag.py:3820} INFO - Setting next_dagrun for example_xcom_args_with_operators to None, run_after=None
[2023-12-19T17:37:23.136+0300] {processor.py:183} INFO - Processing /home/hp/.local/lib/python3.10/site-packages/airflow/example_dags/example_xcomargs.py took 0.176 seconds
[2023-12-19T17:38:18.145+0300] {processor.py:161} INFO - Started process (PID=4596) to work on /home/hp/.local/lib/python3.10/site-packages/airflow/example_dags/example_xcomargs.py
[2023-12-19T17:38:18.154+0300] {processor.py:830} INFO - Processing file /home/hp/.local/lib/python3.10/site-packages/airflow/example_dags/example_xcomargs.py for tasks to queue
[2023-12-19T17:38:18.155+0300] {logging_mixin.py:188} INFO - [2023-12-19T17:38:18.154+0300] {dagbag.py:538} INFO - Filling up the DagBag from /home/hp/.local/lib/python3.10/site-packages/airflow/example_dags/example_xcomargs.py
[2023-12-19T17:38:18.164+0300] {processor.py:840} INFO - DAG(s) 'example_xcom_args', 'example_xcom_args_with_operators' retrieved from /home/hp/.local/lib/python3.10/site-packages/airflow/example_dags/example_xcomargs.py
[2023-12-19T17:38:18.182+0300] {logging_mixin.py:188} INFO - [2023-12-19T17:38:18.182+0300] {dag.py:3033} INFO - Sync 2 DAGs
[2023-12-19T17:38:18.193+0300] {logging_mixin.py:188} INFO - [2023-12-19T17:38:18.193+0300] {dag.py:3820} INFO - Setting next_dagrun for example_xcom_args to None, run_after=None
[2023-12-19T17:38:18.197+0300] {logging_mixin.py:188} INFO - [2023-12-19T17:38:18.196+0300] {dag.py:3820} INFO - Setting next_dagrun for example_xcom_args_with_operators to None, run_after=None
[2023-12-19T17:38:18.328+0300] {processor.py:183} INFO - Processing /home/hp/.local/lib/python3.10/site-packages/airflow/example_dags/example_xcomargs.py took 0.186 seconds
[2023-12-20T00:07:55.720+0300] {processor.py:161} INFO - Started process (PID=19670) to work on /home/hp/.local/lib/python3.10/site-packages/airflow/example_dags/example_xcomargs.py
[2023-12-20T00:07:55.722+0300] {processor.py:830} INFO - Processing file /home/hp/.local/lib/python3.10/site-packages/airflow/example_dags/example_xcomargs.py for tasks to queue
[2023-12-20T00:07:55.723+0300] {logging_mixin.py:188} INFO - [2023-12-20T00:07:55.722+0300] {dagbag.py:538} INFO - Filling up the DagBag from /home/hp/.local/lib/python3.10/site-packages/airflow/example_dags/example_xcomargs.py
[2023-12-20T00:07:55.735+0300] {processor.py:840} INFO - DAG(s) 'example_xcom_args', 'example_xcom_args_with_operators' retrieved from /home/hp/.local/lib/python3.10/site-packages/airflow/example_dags/example_xcomargs.py
[2023-12-20T00:07:55.762+0300] {logging_mixin.py:188} INFO - [2023-12-20T00:07:55.762+0300] {dag.py:3033} INFO - Sync 2 DAGs
[2023-12-20T00:07:55.774+0300] {logging_mixin.py:188} INFO - [2023-12-20T00:07:55.774+0300] {dag.py:3820} INFO - Setting next_dagrun for example_xcom_args to None, run_after=None
[2023-12-20T00:07:55.777+0300] {logging_mixin.py:188} INFO - [2023-12-20T00:07:55.777+0300] {dag.py:3820} INFO - Setting next_dagrun for example_xcom_args_with_operators to None, run_after=None
[2023-12-20T00:07:56.212+0300] {processor.py:183} INFO - Processing /home/hp/.local/lib/python3.10/site-packages/airflow/example_dags/example_xcomargs.py took 0.495 seconds
[2023-12-20T00:09:03.669+0300] {processor.py:161} INFO - Started process (PID=19738) to work on /home/hp/.local/lib/python3.10/site-packages/airflow/example_dags/example_xcomargs.py
[2023-12-20T00:09:03.693+0300] {processor.py:830} INFO - Processing file /home/hp/.local/lib/python3.10/site-packages/airflow/example_dags/example_xcomargs.py for tasks to queue
[2023-12-20T00:09:03.694+0300] {logging_mixin.py:188} INFO - [2023-12-20T00:09:03.694+0300] {dagbag.py:538} INFO - Filling up the DagBag from /home/hp/.local/lib/python3.10/site-packages/airflow/example_dags/example_xcomargs.py
[2023-12-20T00:09:03.713+0300] {processor.py:840} INFO - DAG(s) 'example_xcom_args_with_operators', 'example_xcom_args' retrieved from /home/hp/.local/lib/python3.10/site-packages/airflow/example_dags/example_xcomargs.py
[2023-12-20T00:09:03.738+0300] {logging_mixin.py:188} INFO - [2023-12-20T00:09:03.738+0300] {dag.py:3033} INFO - Sync 2 DAGs
[2023-12-20T00:09:03.750+0300] {logging_mixin.py:188} INFO - [2023-12-20T00:09:03.750+0300] {dag.py:3820} INFO - Setting next_dagrun for example_xcom_args to None, run_after=None
[2023-12-20T00:09:03.753+0300] {logging_mixin.py:188} INFO - [2023-12-20T00:09:03.753+0300] {dag.py:3820} INFO - Setting next_dagrun for example_xcom_args_with_operators to None, run_after=None
[2023-12-20T00:09:03.891+0300] {processor.py:183} INFO - Processing /home/hp/.local/lib/python3.10/site-packages/airflow/example_dags/example_xcomargs.py took 0.226 seconds
[2023-12-20T00:10:04.203+0300] {processor.py:161} INFO - Started process (PID=19804) to work on /home/hp/.local/lib/python3.10/site-packages/airflow/example_dags/example_xcomargs.py
[2023-12-20T00:10:04.236+0300] {processor.py:830} INFO - Processing file /home/hp/.local/lib/python3.10/site-packages/airflow/example_dags/example_xcomargs.py for tasks to queue
[2023-12-20T00:10:04.237+0300] {logging_mixin.py:188} INFO - [2023-12-20T00:10:04.237+0300] {dagbag.py:538} INFO - Filling up the DagBag from /home/hp/.local/lib/python3.10/site-packages/airflow/example_dags/example_xcomargs.py
[2023-12-20T00:10:04.251+0300] {processor.py:840} INFO - DAG(s) 'example_xcom_args_with_operators', 'example_xcom_args' retrieved from /home/hp/.local/lib/python3.10/site-packages/airflow/example_dags/example_xcomargs.py
[2023-12-20T00:10:04.278+0300] {logging_mixin.py:188} INFO - [2023-12-20T00:10:04.278+0300] {dag.py:3033} INFO - Sync 2 DAGs
[2023-12-20T00:10:04.289+0300] {logging_mixin.py:188} INFO - [2023-12-20T00:10:04.289+0300] {dag.py:3820} INFO - Setting next_dagrun for example_xcom_args to None, run_after=None
[2023-12-20T00:10:04.292+0300] {logging_mixin.py:188} INFO - [2023-12-20T00:10:04.292+0300] {dag.py:3820} INFO - Setting next_dagrun for example_xcom_args_with_operators to None, run_after=None
[2023-12-20T00:10:04.412+0300] {processor.py:183} INFO - Processing /home/hp/.local/lib/python3.10/site-packages/airflow/example_dags/example_xcomargs.py took 0.212 seconds
[2023-12-20T00:11:03.362+0300] {processor.py:161} INFO - Started process (PID=19865) to work on /home/hp/.local/lib/python3.10/site-packages/airflow/example_dags/example_xcomargs.py
[2023-12-20T00:11:03.397+0300] {processor.py:830} INFO - Processing file /home/hp/.local/lib/python3.10/site-packages/airflow/example_dags/example_xcomargs.py for tasks to queue
[2023-12-20T00:11:03.400+0300] {logging_mixin.py:188} INFO - [2023-12-20T00:11:03.399+0300] {dagbag.py:538} INFO - Filling up the DagBag from /home/hp/.local/lib/python3.10/site-packages/airflow/example_dags/example_xcomargs.py
[2023-12-20T00:11:03.434+0300] {processor.py:840} INFO - DAG(s) 'example_xcom_args_with_operators', 'example_xcom_args' retrieved from /home/hp/.local/lib/python3.10/site-packages/airflow/example_dags/example_xcomargs.py
[2023-12-20T00:11:03.457+0300] {logging_mixin.py:188} INFO - [2023-12-20T00:11:03.457+0300] {dag.py:3033} INFO - Sync 2 DAGs
[2023-12-20T00:11:03.469+0300] {logging_mixin.py:188} INFO - [2023-12-20T00:11:03.468+0300] {dag.py:3820} INFO - Setting next_dagrun for example_xcom_args to None, run_after=None
[2023-12-20T00:11:03.472+0300] {logging_mixin.py:188} INFO - [2023-12-20T00:11:03.472+0300] {dag.py:3820} INFO - Setting next_dagrun for example_xcom_args_with_operators to None, run_after=None
[2023-12-20T00:11:03.604+0300] {processor.py:183} INFO - Processing /home/hp/.local/lib/python3.10/site-packages/airflow/example_dags/example_xcomargs.py took 0.246 seconds
[2023-12-20T00:12:06.682+0300] {processor.py:161} INFO - Started process (PID=19929) to work on /home/hp/.local/lib/python3.10/site-packages/airflow/example_dags/example_xcomargs.py
[2023-12-20T00:12:06.709+0300] {processor.py:830} INFO - Processing file /home/hp/.local/lib/python3.10/site-packages/airflow/example_dags/example_xcomargs.py for tasks to queue
[2023-12-20T00:12:06.710+0300] {logging_mixin.py:188} INFO - [2023-12-20T00:12:06.710+0300] {dagbag.py:538} INFO - Filling up the DagBag from /home/hp/.local/lib/python3.10/site-packages/airflow/example_dags/example_xcomargs.py
[2023-12-20T00:12:06.727+0300] {processor.py:840} INFO - DAG(s) 'example_xcom_args', 'example_xcom_args_with_operators' retrieved from /home/hp/.local/lib/python3.10/site-packages/airflow/example_dags/example_xcomargs.py
[2023-12-20T00:12:06.753+0300] {logging_mixin.py:188} INFO - [2023-12-20T00:12:06.753+0300] {dag.py:3033} INFO - Sync 2 DAGs
[2023-12-20T00:12:06.764+0300] {logging_mixin.py:188} INFO - [2023-12-20T00:12:06.764+0300] {dag.py:3820} INFO - Setting next_dagrun for example_xcom_args to None, run_after=None
[2023-12-20T00:12:06.767+0300] {logging_mixin.py:188} INFO - [2023-12-20T00:12:06.767+0300] {dag.py:3820} INFO - Setting next_dagrun for example_xcom_args_with_operators to None, run_after=None
[2023-12-20T00:12:06.903+0300] {processor.py:183} INFO - Processing /home/hp/.local/lib/python3.10/site-packages/airflow/example_dags/example_xcomargs.py took 0.225 seconds
[2023-12-20T00:13:05.260+0300] {processor.py:161} INFO - Started process (PID=20010) to work on /home/hp/.local/lib/python3.10/site-packages/airflow/example_dags/example_xcomargs.py
[2023-12-20T00:13:05.262+0300] {processor.py:830} INFO - Processing file /home/hp/.local/lib/python3.10/site-packages/airflow/example_dags/example_xcomargs.py for tasks to queue
[2023-12-20T00:13:05.263+0300] {logging_mixin.py:188} INFO - [2023-12-20T00:13:05.262+0300] {dagbag.py:538} INFO - Filling up the DagBag from /home/hp/.local/lib/python3.10/site-packages/airflow/example_dags/example_xcomargs.py
[2023-12-20T00:13:05.274+0300] {processor.py:840} INFO - DAG(s) 'example_xcom_args_with_operators', 'example_xcom_args' retrieved from /home/hp/.local/lib/python3.10/site-packages/airflow/example_dags/example_xcomargs.py
[2023-12-20T00:13:05.294+0300] {logging_mixin.py:188} INFO - [2023-12-20T00:13:05.294+0300] {dag.py:3033} INFO - Sync 2 DAGs
[2023-12-20T00:13:05.305+0300] {logging_mixin.py:188} INFO - [2023-12-20T00:13:05.305+0300] {dag.py:3820} INFO - Setting next_dagrun for example_xcom_args to None, run_after=None
[2023-12-20T00:13:05.308+0300] {logging_mixin.py:188} INFO - [2023-12-20T00:13:05.308+0300] {dag.py:3820} INFO - Setting next_dagrun for example_xcom_args_with_operators to None, run_after=None
[2023-12-20T00:13:05.451+0300] {processor.py:183} INFO - Processing /home/hp/.local/lib/python3.10/site-packages/airflow/example_dags/example_xcomargs.py took 0.194 seconds
