[2023-12-19T17:32:16.988+0300] {processor.py:161} INFO - Started process (PID=4019) to work on /home/hp/.local/lib/python3.10/site-packages/airflow/example_dags/example_branch_operator.py
[2023-12-19T17:32:16.989+0300] {processor.py:830} INFO - Processing file /home/hp/.local/lib/python3.10/site-packages/airflow/example_dags/example_branch_operator.py for tasks to queue
[2023-12-19T17:32:16.990+0300] {logging_mixin.py:188} INFO - [2023-12-19T17:32:16.990+0300] {dagbag.py:538} INFO - Filling up the DagBag from /home/hp/.local/lib/python3.10/site-packages/airflow/example_dags/example_branch_operator.py
[2023-12-19T17:32:17.008+0300] {processor.py:840} INFO - DAG(s) 'example_branch_operator' retrieved from /home/hp/.local/lib/python3.10/site-packages/airflow/example_dags/example_branch_operator.py
[2023-12-19T17:32:17.326+0300] {logging_mixin.py:188} INFO - [2023-12-19T17:32:17.319+0300] {override.py:1769} INFO - Created Permission View: can read on DAG:example_branch_operator
[2023-12-19T17:32:17.442+0300] {logging_mixin.py:188} INFO - [2023-12-19T17:32:17.441+0300] {override.py:1769} INFO - Created Permission View: can delete on DAG:example_branch_operator
[2023-12-19T17:32:17.553+0300] {logging_mixin.py:188} INFO - [2023-12-19T17:32:17.552+0300] {override.py:1769} INFO - Created Permission View: can edit on DAG:example_branch_operator
[2023-12-19T17:32:17.555+0300] {logging_mixin.py:188} INFO - [2023-12-19T17:32:17.554+0300] {dag.py:3033} INFO - Sync 1 DAGs
[2023-12-19T17:32:17.593+0300] {logging_mixin.py:188} INFO - [2023-12-19T17:32:17.593+0300] {dag.py:3055} INFO - Creating ORM DAG for example_branch_operator
[2023-12-19T17:32:17.606+0300] {logging_mixin.py:188} INFO - [2023-12-19T17:32:17.605+0300] {dag.py:3820} INFO - Setting next_dagrun for example_branch_operator to 2023-12-18T00:00:00+00:00, run_after=2023-12-19T00:00:00+00:00
[2023-12-19T17:32:17.898+0300] {processor.py:183} INFO - Processing /home/hp/.local/lib/python3.10/site-packages/airflow/example_dags/example_branch_operator.py took 0.913 seconds
[2023-12-19T17:33:37.595+0300] {processor.py:161} INFO - Started process (PID=4231) to work on /home/hp/.local/lib/python3.10/site-packages/airflow/example_dags/example_branch_operator.py
[2023-12-19T17:33:37.610+0300] {processor.py:830} INFO - Processing file /home/hp/.local/lib/python3.10/site-packages/airflow/example_dags/example_branch_operator.py for tasks to queue
[2023-12-19T17:33:37.612+0300] {logging_mixin.py:188} INFO - [2023-12-19T17:33:37.611+0300] {dagbag.py:538} INFO - Filling up the DagBag from /home/hp/.local/lib/python3.10/site-packages/airflow/example_dags/example_branch_operator.py
[2023-12-19T17:33:37.641+0300] {processor.py:840} INFO - DAG(s) 'example_branch_operator' retrieved from /home/hp/.local/lib/python3.10/site-packages/airflow/example_dags/example_branch_operator.py
[2023-12-19T17:33:37.671+0300] {logging_mixin.py:188} INFO - [2023-12-19T17:33:37.671+0300] {dag.py:3033} INFO - Sync 1 DAGs
[2023-12-19T17:33:37.700+0300] {logging_mixin.py:188} INFO - [2023-12-19T17:33:37.700+0300] {dag.py:3820} INFO - Setting next_dagrun for example_branch_operator to 2023-12-18T00:00:00+00:00, run_after=2023-12-19T00:00:00+00:00
[2023-12-19T17:33:37.826+0300] {processor.py:183} INFO - Processing /home/hp/.local/lib/python3.10/site-packages/airflow/example_dags/example_branch_operator.py took 0.235 seconds
[2023-12-19T17:34:37.733+0300] {processor.py:161} INFO - Started process (PID=4331) to work on /home/hp/.local/lib/python3.10/site-packages/airflow/example_dags/example_branch_operator.py
[2023-12-19T17:34:37.747+0300] {processor.py:830} INFO - Processing file /home/hp/.local/lib/python3.10/site-packages/airflow/example_dags/example_branch_operator.py for tasks to queue
[2023-12-19T17:34:37.748+0300] {logging_mixin.py:188} INFO - [2023-12-19T17:34:37.748+0300] {dagbag.py:538} INFO - Filling up the DagBag from /home/hp/.local/lib/python3.10/site-packages/airflow/example_dags/example_branch_operator.py
[2023-12-19T17:34:37.778+0300] {processor.py:840} INFO - DAG(s) 'example_branch_operator' retrieved from /home/hp/.local/lib/python3.10/site-packages/airflow/example_dags/example_branch_operator.py
[2023-12-19T17:34:37.801+0300] {logging_mixin.py:188} INFO - [2023-12-19T17:34:37.801+0300] {dag.py:3033} INFO - Sync 1 DAGs
[2023-12-19T17:34:37.822+0300] {logging_mixin.py:188} INFO - [2023-12-19T17:34:37.822+0300] {dag.py:3820} INFO - Setting next_dagrun for example_branch_operator to 2023-12-18T00:00:00+00:00, run_after=2023-12-19T00:00:00+00:00
[2023-12-19T17:34:37.988+0300] {processor.py:183} INFO - Processing /home/hp/.local/lib/python3.10/site-packages/airflow/example_dags/example_branch_operator.py took 0.259 seconds
[2023-12-19T17:35:37.676+0300] {processor.py:161} INFO - Started process (PID=4394) to work on /home/hp/.local/lib/python3.10/site-packages/airflow/example_dags/example_branch_operator.py
[2023-12-19T17:35:37.692+0300] {processor.py:830} INFO - Processing file /home/hp/.local/lib/python3.10/site-packages/airflow/example_dags/example_branch_operator.py for tasks to queue
[2023-12-19T17:35:37.694+0300] {logging_mixin.py:188} INFO - [2023-12-19T17:35:37.693+0300] {dagbag.py:538} INFO - Filling up the DagBag from /home/hp/.local/lib/python3.10/site-packages/airflow/example_dags/example_branch_operator.py
[2023-12-19T17:35:37.723+0300] {processor.py:840} INFO - DAG(s) 'example_branch_operator' retrieved from /home/hp/.local/lib/python3.10/site-packages/airflow/example_dags/example_branch_operator.py
[2023-12-19T17:35:37.747+0300] {logging_mixin.py:188} INFO - [2023-12-19T17:35:37.747+0300] {dag.py:3033} INFO - Sync 1 DAGs
[2023-12-19T17:35:37.768+0300] {logging_mixin.py:188} INFO - [2023-12-19T17:35:37.767+0300] {dag.py:3820} INFO - Setting next_dagrun for example_branch_operator to 2023-12-18T00:00:00+00:00, run_after=2023-12-19T00:00:00+00:00
[2023-12-19T17:35:37.907+0300] {processor.py:183} INFO - Processing /home/hp/.local/lib/python3.10/site-packages/airflow/example_dags/example_branch_operator.py took 0.235 seconds
[2023-12-19T17:36:37.123+0300] {processor.py:161} INFO - Started process (PID=4488) to work on /home/hp/.local/lib/python3.10/site-packages/airflow/example_dags/example_branch_operator.py
[2023-12-19T17:36:37.140+0300] {processor.py:830} INFO - Processing file /home/hp/.local/lib/python3.10/site-packages/airflow/example_dags/example_branch_operator.py for tasks to queue
[2023-12-19T17:36:37.141+0300] {logging_mixin.py:188} INFO - [2023-12-19T17:36:37.140+0300] {dagbag.py:538} INFO - Filling up the DagBag from /home/hp/.local/lib/python3.10/site-packages/airflow/example_dags/example_branch_operator.py
[2023-12-19T17:36:37.163+0300] {processor.py:840} INFO - DAG(s) 'example_branch_operator' retrieved from /home/hp/.local/lib/python3.10/site-packages/airflow/example_dags/example_branch_operator.py
[2023-12-19T17:36:37.186+0300] {logging_mixin.py:188} INFO - [2023-12-19T17:36:37.186+0300] {dag.py:3033} INFO - Sync 1 DAGs
[2023-12-19T17:36:37.206+0300] {logging_mixin.py:188} INFO - [2023-12-19T17:36:37.206+0300] {dag.py:3820} INFO - Setting next_dagrun for example_branch_operator to 2023-12-18T00:00:00+00:00, run_after=2023-12-19T00:00:00+00:00
[2023-12-19T17:36:37.320+0300] {processor.py:183} INFO - Processing /home/hp/.local/lib/python3.10/site-packages/airflow/example_dags/example_branch_operator.py took 0.201 seconds
[2023-12-19T17:37:34.538+0300] {processor.py:161} INFO - Started process (PID=4550) to work on /home/hp/.local/lib/python3.10/site-packages/airflow/example_dags/example_branch_operator.py
[2023-12-19T17:37:34.557+0300] {processor.py:830} INFO - Processing file /home/hp/.local/lib/python3.10/site-packages/airflow/example_dags/example_branch_operator.py for tasks to queue
[2023-12-19T17:37:34.561+0300] {logging_mixin.py:188} INFO - [2023-12-19T17:37:34.559+0300] {dagbag.py:538} INFO - Filling up the DagBag from /home/hp/.local/lib/python3.10/site-packages/airflow/example_dags/example_branch_operator.py
[2023-12-19T17:37:34.596+0300] {processor.py:840} INFO - DAG(s) 'example_branch_operator' retrieved from /home/hp/.local/lib/python3.10/site-packages/airflow/example_dags/example_branch_operator.py
[2023-12-19T17:37:34.620+0300] {logging_mixin.py:188} INFO - [2023-12-19T17:37:34.620+0300] {dag.py:3033} INFO - Sync 1 DAGs
[2023-12-19T17:37:34.644+0300] {logging_mixin.py:188} INFO - [2023-12-19T17:37:34.644+0300] {dag.py:3820} INFO - Setting next_dagrun for example_branch_operator to 2023-12-18T00:00:00+00:00, run_after=2023-12-19T00:00:00+00:00
[2023-12-19T17:37:34.773+0300] {processor.py:183} INFO - Processing /home/hp/.local/lib/python3.10/site-packages/airflow/example_dags/example_branch_operator.py took 0.241 seconds
[2023-12-19T17:38:31.897+0300] {processor.py:161} INFO - Started process (PID=4622) to work on /home/hp/.local/lib/python3.10/site-packages/airflow/example_dags/example_branch_operator.py
[2023-12-19T17:38:31.918+0300] {processor.py:830} INFO - Processing file /home/hp/.local/lib/python3.10/site-packages/airflow/example_dags/example_branch_operator.py for tasks to queue
[2023-12-19T17:38:31.923+0300] {logging_mixin.py:188} INFO - [2023-12-19T17:38:31.921+0300] {dagbag.py:538} INFO - Filling up the DagBag from /home/hp/.local/lib/python3.10/site-packages/airflow/example_dags/example_branch_operator.py
[2023-12-19T17:38:31.965+0300] {processor.py:840} INFO - DAG(s) 'example_branch_operator' retrieved from /home/hp/.local/lib/python3.10/site-packages/airflow/example_dags/example_branch_operator.py
[2023-12-19T17:38:31.987+0300] {logging_mixin.py:188} INFO - [2023-12-19T17:38:31.987+0300] {dag.py:3033} INFO - Sync 1 DAGs
[2023-12-19T17:38:32.008+0300] {logging_mixin.py:188} INFO - [2023-12-19T17:38:32.008+0300] {dag.py:3820} INFO - Setting next_dagrun for example_branch_operator to 2023-12-18T00:00:00+00:00, run_after=2023-12-19T00:00:00+00:00
[2023-12-19T17:38:32.193+0300] {processor.py:183} INFO - Processing /home/hp/.local/lib/python3.10/site-packages/airflow/example_dags/example_branch_operator.py took 0.300 seconds
[2023-12-20T00:08:44.619+0300] {processor.py:161} INFO - Started process (PID=19722) to work on /home/hp/.local/lib/python3.10/site-packages/airflow/example_dags/example_branch_operator.py
[2023-12-20T00:08:44.631+0300] {processor.py:830} INFO - Processing file /home/hp/.local/lib/python3.10/site-packages/airflow/example_dags/example_branch_operator.py for tasks to queue
[2023-12-20T00:08:44.632+0300] {logging_mixin.py:188} INFO - [2023-12-20T00:08:44.632+0300] {dagbag.py:538} INFO - Filling up the DagBag from /home/hp/.local/lib/python3.10/site-packages/airflow/example_dags/example_branch_operator.py
[2023-12-20T00:08:44.655+0300] {processor.py:840} INFO - DAG(s) 'example_branch_operator' retrieved from /home/hp/.local/lib/python3.10/site-packages/airflow/example_dags/example_branch_operator.py
[2023-12-20T00:08:44.755+0300] {logging_mixin.py:188} INFO - [2023-12-20T00:08:44.755+0300] {dag.py:3033} INFO - Sync 1 DAGs
[2023-12-20T00:08:44.773+0300] {logging_mixin.py:188} INFO - [2023-12-20T00:08:44.773+0300] {dag.py:3820} INFO - Setting next_dagrun for example_branch_operator to 2023-12-18T00:00:00+00:00, run_after=2023-12-19T00:00:00+00:00
[2023-12-20T00:08:45.012+0300] {processor.py:183} INFO - Processing /home/hp/.local/lib/python3.10/site-packages/airflow/example_dags/example_branch_operator.py took 0.396 seconds
[2023-12-20T00:09:47.425+0300] {processor.py:161} INFO - Started process (PID=19785) to work on /home/hp/.local/lib/python3.10/site-packages/airflow/example_dags/example_branch_operator.py
[2023-12-20T00:09:47.441+0300] {processor.py:830} INFO - Processing file /home/hp/.local/lib/python3.10/site-packages/airflow/example_dags/example_branch_operator.py for tasks to queue
[2023-12-20T00:09:47.442+0300] {logging_mixin.py:188} INFO - [2023-12-20T00:09:47.441+0300] {dagbag.py:538} INFO - Filling up the DagBag from /home/hp/.local/lib/python3.10/site-packages/airflow/example_dags/example_branch_operator.py
[2023-12-20T00:09:47.459+0300] {processor.py:840} INFO - DAG(s) 'example_branch_operator' retrieved from /home/hp/.local/lib/python3.10/site-packages/airflow/example_dags/example_branch_operator.py
[2023-12-20T00:09:47.482+0300] {logging_mixin.py:188} INFO - [2023-12-20T00:09:47.481+0300] {dag.py:3033} INFO - Sync 1 DAGs
[2023-12-20T00:09:47.502+0300] {logging_mixin.py:188} INFO - [2023-12-20T00:09:47.502+0300] {dag.py:3820} INFO - Setting next_dagrun for example_branch_operator to 2023-12-18T00:00:00+00:00, run_after=2023-12-19T00:00:00+00:00
[2023-12-20T00:09:47.637+0300] {processor.py:183} INFO - Processing /home/hp/.local/lib/python3.10/site-packages/airflow/example_dags/example_branch_operator.py took 0.216 seconds
[2023-12-20T00:10:46.730+0300] {processor.py:161} INFO - Started process (PID=19851) to work on /home/hp/.local/lib/python3.10/site-packages/airflow/example_dags/example_branch_operator.py
[2023-12-20T00:10:46.731+0300] {processor.py:830} INFO - Processing file /home/hp/.local/lib/python3.10/site-packages/airflow/example_dags/example_branch_operator.py for tasks to queue
[2023-12-20T00:10:46.732+0300] {logging_mixin.py:188} INFO - [2023-12-20T00:10:46.732+0300] {dagbag.py:538} INFO - Filling up the DagBag from /home/hp/.local/lib/python3.10/site-packages/airflow/example_dags/example_branch_operator.py
[2023-12-20T00:10:46.750+0300] {processor.py:840} INFO - DAG(s) 'example_branch_operator' retrieved from /home/hp/.local/lib/python3.10/site-packages/airflow/example_dags/example_branch_operator.py
[2023-12-20T00:10:46.773+0300] {logging_mixin.py:188} INFO - [2023-12-20T00:10:46.773+0300] {dag.py:3033} INFO - Sync 1 DAGs
[2023-12-20T00:10:46.793+0300] {logging_mixin.py:188} INFO - [2023-12-20T00:10:46.793+0300] {dag.py:3820} INFO - Setting next_dagrun for example_branch_operator to 2023-12-18T00:00:00+00:00, run_after=2023-12-19T00:00:00+00:00
[2023-12-20T00:10:46.970+0300] {processor.py:183} INFO - Processing /home/hp/.local/lib/python3.10/site-packages/airflow/example_dags/example_branch_operator.py took 0.244 seconds
[2023-12-20T00:11:47.093+0300] {processor.py:161} INFO - Started process (PID=19911) to work on /home/hp/.local/lib/python3.10/site-packages/airflow/example_dags/example_branch_operator.py
[2023-12-20T00:11:47.094+0300] {processor.py:830} INFO - Processing file /home/hp/.local/lib/python3.10/site-packages/airflow/example_dags/example_branch_operator.py for tasks to queue
[2023-12-20T00:11:47.095+0300] {logging_mixin.py:188} INFO - [2023-12-20T00:11:47.095+0300] {dagbag.py:538} INFO - Filling up the DagBag from /home/hp/.local/lib/python3.10/site-packages/airflow/example_dags/example_branch_operator.py
[2023-12-20T00:11:47.113+0300] {processor.py:840} INFO - DAG(s) 'example_branch_operator' retrieved from /home/hp/.local/lib/python3.10/site-packages/airflow/example_dags/example_branch_operator.py
[2023-12-20T00:11:47.136+0300] {logging_mixin.py:188} INFO - [2023-12-20T00:11:47.136+0300] {dag.py:3033} INFO - Sync 1 DAGs
[2023-12-20T00:11:47.156+0300] {logging_mixin.py:188} INFO - [2023-12-20T00:11:47.156+0300] {dag.py:3820} INFO - Setting next_dagrun for example_branch_operator to 2023-12-18T00:00:00+00:00, run_after=2023-12-19T00:00:00+00:00
[2023-12-20T00:11:47.306+0300] {processor.py:183} INFO - Processing /home/hp/.local/lib/python3.10/site-packages/airflow/example_dags/example_branch_operator.py took 0.217 seconds
[2023-12-20T00:12:47.474+0300] {processor.py:161} INFO - Started process (PID=19989) to work on /home/hp/.local/lib/python3.10/site-packages/airflow/example_dags/example_branch_operator.py
[2023-12-20T00:12:47.475+0300] {processor.py:830} INFO - Processing file /home/hp/.local/lib/python3.10/site-packages/airflow/example_dags/example_branch_operator.py for tasks to queue
[2023-12-20T00:12:47.476+0300] {logging_mixin.py:188} INFO - [2023-12-20T00:12:47.476+0300] {dagbag.py:538} INFO - Filling up the DagBag from /home/hp/.local/lib/python3.10/site-packages/airflow/example_dags/example_branch_operator.py
[2023-12-20T00:12:47.498+0300] {processor.py:840} INFO - DAG(s) 'example_branch_operator' retrieved from /home/hp/.local/lib/python3.10/site-packages/airflow/example_dags/example_branch_operator.py
[2023-12-20T00:12:47.520+0300] {logging_mixin.py:188} INFO - [2023-12-20T00:12:47.520+0300] {dag.py:3033} INFO - Sync 1 DAGs
[2023-12-20T00:12:47.541+0300] {logging_mixin.py:188} INFO - [2023-12-20T00:12:47.541+0300] {dag.py:3820} INFO - Setting next_dagrun for example_branch_operator to 2023-12-18T00:00:00+00:00, run_after=2023-12-19T00:00:00+00:00
[2023-12-20T00:12:47.697+0300] {processor.py:183} INFO - Processing /home/hp/.local/lib/python3.10/site-packages/airflow/example_dags/example_branch_operator.py took 0.227 seconds
