[2023-12-19T17:32:23.383+0300] {processor.py:161} INFO - Started process (PID=4023) to work on /home/hp/.local/lib/python3.10/site-packages/airflow/example_dags/example_branch_day_of_week_operator.py
[2023-12-19T17:32:23.385+0300] {processor.py:830} INFO - Processing file /home/hp/.local/lib/python3.10/site-packages/airflow/example_dags/example_branch_day_of_week_operator.py for tasks to queue
[2023-12-19T17:32:23.387+0300] {logging_mixin.py:188} INFO - [2023-12-19T17:32:23.386+0300] {dagbag.py:538} INFO - Filling up the DagBag from /home/hp/.local/lib/python3.10/site-packages/airflow/example_dags/example_branch_day_of_week_operator.py
[2023-12-19T17:32:23.402+0300] {processor.py:840} INFO - DAG(s) 'example_weekday_branch_operator' retrieved from /home/hp/.local/lib/python3.10/site-packages/airflow/example_dags/example_branch_day_of_week_operator.py
[2023-12-19T17:32:23.710+0300] {logging_mixin.py:188} INFO - [2023-12-19T17:32:23.708+0300] {override.py:1769} INFO - Created Permission View: can read on DAG:example_weekday_branch_operator
[2023-12-19T17:32:23.832+0300] {logging_mixin.py:188} INFO - [2023-12-19T17:32:23.830+0300] {override.py:1769} INFO - Created Permission View: can delete on DAG:example_weekday_branch_operator
[2023-12-19T17:32:23.954+0300] {logging_mixin.py:188} INFO - [2023-12-19T17:32:23.953+0300] {override.py:1769} INFO - Created Permission View: can edit on DAG:example_weekday_branch_operator
[2023-12-19T17:32:23.955+0300] {logging_mixin.py:188} INFO - [2023-12-19T17:32:23.955+0300] {dag.py:3033} INFO - Sync 1 DAGs
[2023-12-19T17:32:23.988+0300] {logging_mixin.py:188} INFO - [2023-12-19T17:32:23.988+0300] {dag.py:3055} INFO - Creating ORM DAG for example_weekday_branch_operator
[2023-12-19T17:32:24.000+0300] {logging_mixin.py:188} INFO - [2023-12-19T17:32:24.000+0300] {dag.py:3820} INFO - Setting next_dagrun for example_weekday_branch_operator to 2023-12-18T00:00:00+00:00, run_after=2023-12-19T00:00:00+00:00
[2023-12-19T17:32:24.287+0300] {processor.py:183} INFO - Processing /home/hp/.local/lib/python3.10/site-packages/airflow/example_dags/example_branch_day_of_week_operator.py took 0.910 seconds
[2023-12-19T17:33:41.950+0300] {processor.py:161} INFO - Started process (PID=4234) to work on /home/hp/.local/lib/python3.10/site-packages/airflow/example_dags/example_branch_day_of_week_operator.py
[2023-12-19T17:33:41.965+0300] {processor.py:830} INFO - Processing file /home/hp/.local/lib/python3.10/site-packages/airflow/example_dags/example_branch_day_of_week_operator.py for tasks to queue
[2023-12-19T17:33:41.966+0300] {logging_mixin.py:188} INFO - [2023-12-19T17:33:41.966+0300] {dagbag.py:538} INFO - Filling up the DagBag from /home/hp/.local/lib/python3.10/site-packages/airflow/example_dags/example_branch_day_of_week_operator.py
[2023-12-19T17:33:41.974+0300] {processor.py:840} INFO - DAG(s) 'example_weekday_branch_operator' retrieved from /home/hp/.local/lib/python3.10/site-packages/airflow/example_dags/example_branch_day_of_week_operator.py
[2023-12-19T17:33:41.990+0300] {logging_mixin.py:188} INFO - [2023-12-19T17:33:41.990+0300] {dag.py:3033} INFO - Sync 1 DAGs
[2023-12-19T17:33:42.011+0300] {logging_mixin.py:188} INFO - [2023-12-19T17:33:42.011+0300] {dag.py:3820} INFO - Setting next_dagrun for example_weekday_branch_operator to 2023-12-18T00:00:00+00:00, run_after=2023-12-19T00:00:00+00:00
[2023-12-19T17:33:42.141+0300] {processor.py:183} INFO - Processing /home/hp/.local/lib/python3.10/site-packages/airflow/example_dags/example_branch_day_of_week_operator.py took 0.194 seconds
[2023-12-19T17:34:41.425+0300] {processor.py:161} INFO - Started process (PID=4334) to work on /home/hp/.local/lib/python3.10/site-packages/airflow/example_dags/example_branch_day_of_week_operator.py
[2023-12-19T17:34:41.446+0300] {processor.py:830} INFO - Processing file /home/hp/.local/lib/python3.10/site-packages/airflow/example_dags/example_branch_day_of_week_operator.py for tasks to queue
[2023-12-19T17:34:41.448+0300] {logging_mixin.py:188} INFO - [2023-12-19T17:34:41.447+0300] {dagbag.py:538} INFO - Filling up the DagBag from /home/hp/.local/lib/python3.10/site-packages/airflow/example_dags/example_branch_day_of_week_operator.py
[2023-12-19T17:34:41.463+0300] {processor.py:840} INFO - DAG(s) 'example_weekday_branch_operator' retrieved from /home/hp/.local/lib/python3.10/site-packages/airflow/example_dags/example_branch_day_of_week_operator.py
[2023-12-19T17:34:41.490+0300] {logging_mixin.py:188} INFO - [2023-12-19T17:34:41.490+0300] {dag.py:3033} INFO - Sync 1 DAGs
[2023-12-19T17:34:41.510+0300] {logging_mixin.py:188} INFO - [2023-12-19T17:34:41.510+0300] {dag.py:3820} INFO - Setting next_dagrun for example_weekday_branch_operator to 2023-12-18T00:00:00+00:00, run_after=2023-12-19T00:00:00+00:00
[2023-12-19T17:34:41.644+0300] {processor.py:183} INFO - Processing /home/hp/.local/lib/python3.10/site-packages/airflow/example_dags/example_branch_day_of_week_operator.py took 0.222 seconds
[2023-12-19T17:35:41.859+0300] {processor.py:161} INFO - Started process (PID=4397) to work on /home/hp/.local/lib/python3.10/site-packages/airflow/example_dags/example_branch_day_of_week_operator.py
[2023-12-19T17:35:41.881+0300] {processor.py:830} INFO - Processing file /home/hp/.local/lib/python3.10/site-packages/airflow/example_dags/example_branch_day_of_week_operator.py for tasks to queue
[2023-12-19T17:35:41.882+0300] {logging_mixin.py:188} INFO - [2023-12-19T17:35:41.881+0300] {dagbag.py:538} INFO - Filling up the DagBag from /home/hp/.local/lib/python3.10/site-packages/airflow/example_dags/example_branch_day_of_week_operator.py
[2023-12-19T17:35:41.893+0300] {processor.py:840} INFO - DAG(s) 'example_weekday_branch_operator' retrieved from /home/hp/.local/lib/python3.10/site-packages/airflow/example_dags/example_branch_day_of_week_operator.py
[2023-12-19T17:35:41.915+0300] {logging_mixin.py:188} INFO - [2023-12-19T17:35:41.915+0300] {dag.py:3033} INFO - Sync 1 DAGs
[2023-12-19T17:35:41.935+0300] {logging_mixin.py:188} INFO - [2023-12-19T17:35:41.935+0300] {dag.py:3820} INFO - Setting next_dagrun for example_weekday_branch_operator to 2023-12-18T00:00:00+00:00, run_after=2023-12-19T00:00:00+00:00
[2023-12-19T17:35:42.050+0300] {processor.py:183} INFO - Processing /home/hp/.local/lib/python3.10/site-packages/airflow/example_dags/example_branch_day_of_week_operator.py took 0.195 seconds
[2023-12-19T17:36:41.405+0300] {processor.py:161} INFO - Started process (PID=4493) to work on /home/hp/.local/lib/python3.10/site-packages/airflow/example_dags/example_branch_day_of_week_operator.py
[2023-12-19T17:36:41.429+0300] {processor.py:830} INFO - Processing file /home/hp/.local/lib/python3.10/site-packages/airflow/example_dags/example_branch_day_of_week_operator.py for tasks to queue
[2023-12-19T17:36:41.430+0300] {logging_mixin.py:188} INFO - [2023-12-19T17:36:41.430+0300] {dagbag.py:538} INFO - Filling up the DagBag from /home/hp/.local/lib/python3.10/site-packages/airflow/example_dags/example_branch_day_of_week_operator.py
[2023-12-19T17:36:41.448+0300] {processor.py:840} INFO - DAG(s) 'example_weekday_branch_operator' retrieved from /home/hp/.local/lib/python3.10/site-packages/airflow/example_dags/example_branch_day_of_week_operator.py
[2023-12-19T17:36:41.473+0300] {logging_mixin.py:188} INFO - [2023-12-19T17:36:41.473+0300] {dag.py:3033} INFO - Sync 1 DAGs
[2023-12-19T17:36:41.493+0300] {logging_mixin.py:188} INFO - [2023-12-19T17:36:41.493+0300] {dag.py:3820} INFO - Setting next_dagrun for example_weekday_branch_operator to 2023-12-18T00:00:00+00:00, run_after=2023-12-19T00:00:00+00:00
[2023-12-19T17:36:41.624+0300] {processor.py:183} INFO - Processing /home/hp/.local/lib/python3.10/site-packages/airflow/example_dags/example_branch_day_of_week_operator.py took 0.223 seconds
[2023-12-19T17:37:38.808+0300] {processor.py:161} INFO - Started process (PID=4553) to work on /home/hp/.local/lib/python3.10/site-packages/airflow/example_dags/example_branch_day_of_week_operator.py
[2023-12-19T17:37:38.845+0300] {processor.py:830} INFO - Processing file /home/hp/.local/lib/python3.10/site-packages/airflow/example_dags/example_branch_day_of_week_operator.py for tasks to queue
[2023-12-19T17:37:38.846+0300] {logging_mixin.py:188} INFO - [2023-12-19T17:37:38.846+0300] {dagbag.py:538} INFO - Filling up the DagBag from /home/hp/.local/lib/python3.10/site-packages/airflow/example_dags/example_branch_day_of_week_operator.py
[2023-12-19T17:37:38.862+0300] {processor.py:840} INFO - DAG(s) 'example_weekday_branch_operator' retrieved from /home/hp/.local/lib/python3.10/site-packages/airflow/example_dags/example_branch_day_of_week_operator.py
[2023-12-19T17:37:38.890+0300] {logging_mixin.py:188} INFO - [2023-12-19T17:37:38.890+0300] {dag.py:3033} INFO - Sync 1 DAGs
[2023-12-19T17:37:38.910+0300] {logging_mixin.py:188} INFO - [2023-12-19T17:37:38.910+0300] {dag.py:3820} INFO - Setting next_dagrun for example_weekday_branch_operator to 2023-12-18T00:00:00+00:00, run_after=2023-12-19T00:00:00+00:00
[2023-12-19T17:37:39.054+0300] {processor.py:183} INFO - Processing /home/hp/.local/lib/python3.10/site-packages/airflow/example_dags/example_branch_day_of_week_operator.py took 0.249 seconds
[2023-12-20T00:08:48.706+0300] {processor.py:161} INFO - Started process (PID=19725) to work on /home/hp/.local/lib/python3.10/site-packages/airflow/example_dags/example_branch_day_of_week_operator.py
[2023-12-20T00:08:48.721+0300] {processor.py:830} INFO - Processing file /home/hp/.local/lib/python3.10/site-packages/airflow/example_dags/example_branch_day_of_week_operator.py for tasks to queue
[2023-12-20T00:08:48.723+0300] {logging_mixin.py:188} INFO - [2023-12-20T00:08:48.722+0300] {dagbag.py:538} INFO - Filling up the DagBag from /home/hp/.local/lib/python3.10/site-packages/airflow/example_dags/example_branch_day_of_week_operator.py
[2023-12-20T00:08:48.735+0300] {processor.py:840} INFO - DAG(s) 'example_weekday_branch_operator' retrieved from /home/hp/.local/lib/python3.10/site-packages/airflow/example_dags/example_branch_day_of_week_operator.py
[2023-12-20T00:08:48.756+0300] {logging_mixin.py:188} INFO - [2023-12-20T00:08:48.756+0300] {dag.py:3033} INFO - Sync 1 DAGs
[2023-12-20T00:08:48.778+0300] {logging_mixin.py:188} INFO - [2023-12-20T00:08:48.777+0300] {dag.py:3820} INFO - Setting next_dagrun for example_weekday_branch_operator to 2023-12-18T00:00:00+00:00, run_after=2023-12-19T00:00:00+00:00
[2023-12-20T00:08:48.979+0300] {processor.py:183} INFO - Processing /home/hp/.local/lib/python3.10/site-packages/airflow/example_dags/example_branch_day_of_week_operator.py took 0.276 seconds
[2023-12-20T00:09:50.795+0300] {processor.py:161} INFO - Started process (PID=19788) to work on /home/hp/.local/lib/python3.10/site-packages/airflow/example_dags/example_branch_day_of_week_operator.py
[2023-12-20T00:09:50.820+0300] {processor.py:830} INFO - Processing file /home/hp/.local/lib/python3.10/site-packages/airflow/example_dags/example_branch_day_of_week_operator.py for tasks to queue
[2023-12-20T00:09:50.822+0300] {logging_mixin.py:188} INFO - [2023-12-20T00:09:50.821+0300] {dagbag.py:538} INFO - Filling up the DagBag from /home/hp/.local/lib/python3.10/site-packages/airflow/example_dags/example_branch_day_of_week_operator.py
[2023-12-20T00:09:50.840+0300] {processor.py:840} INFO - DAG(s) 'example_weekday_branch_operator' retrieved from /home/hp/.local/lib/python3.10/site-packages/airflow/example_dags/example_branch_day_of_week_operator.py
[2023-12-20T00:09:50.865+0300] {logging_mixin.py:188} INFO - [2023-12-20T00:09:50.865+0300] {dag.py:3033} INFO - Sync 1 DAGs
[2023-12-20T00:09:50.885+0300] {logging_mixin.py:188} INFO - [2023-12-20T00:09:50.885+0300] {dag.py:3820} INFO - Setting next_dagrun for example_weekday_branch_operator to 2023-12-18T00:00:00+00:00, run_after=2023-12-19T00:00:00+00:00
[2023-12-20T00:09:51.015+0300] {processor.py:183} INFO - Processing /home/hp/.local/lib/python3.10/site-packages/airflow/example_dags/example_branch_day_of_week_operator.py took 0.225 seconds
[2023-12-20T00:10:49.922+0300] {processor.py:161} INFO - Started process (PID=19854) to work on /home/hp/.local/lib/python3.10/site-packages/airflow/example_dags/example_branch_day_of_week_operator.py
[2023-12-20T00:10:49.953+0300] {processor.py:830} INFO - Processing file /home/hp/.local/lib/python3.10/site-packages/airflow/example_dags/example_branch_day_of_week_operator.py for tasks to queue
[2023-12-20T00:10:49.955+0300] {logging_mixin.py:188} INFO - [2023-12-20T00:10:49.954+0300] {dagbag.py:538} INFO - Filling up the DagBag from /home/hp/.local/lib/python3.10/site-packages/airflow/example_dags/example_branch_day_of_week_operator.py
[2023-12-20T00:10:49.971+0300] {processor.py:840} INFO - DAG(s) 'example_weekday_branch_operator' retrieved from /home/hp/.local/lib/python3.10/site-packages/airflow/example_dags/example_branch_day_of_week_operator.py
[2023-12-20T00:10:49.997+0300] {logging_mixin.py:188} INFO - [2023-12-20T00:10:49.997+0300] {dag.py:3033} INFO - Sync 1 DAGs
[2023-12-20T00:10:50.017+0300] {logging_mixin.py:188} INFO - [2023-12-20T00:10:50.016+0300] {dag.py:3820} INFO - Setting next_dagrun for example_weekday_branch_operator to 2023-12-18T00:00:00+00:00, run_after=2023-12-19T00:00:00+00:00
[2023-12-20T00:10:50.149+0300] {processor.py:183} INFO - Processing /home/hp/.local/lib/python3.10/site-packages/airflow/example_dags/example_branch_day_of_week_operator.py took 0.230 seconds
[2023-12-20T00:11:51.406+0300] {processor.py:161} INFO - Started process (PID=19914) to work on /home/hp/.local/lib/python3.10/site-packages/airflow/example_dags/example_branch_day_of_week_operator.py
[2023-12-20T00:11:51.433+0300] {processor.py:830} INFO - Processing file /home/hp/.local/lib/python3.10/site-packages/airflow/example_dags/example_branch_day_of_week_operator.py for tasks to queue
[2023-12-20T00:11:51.435+0300] {logging_mixin.py:188} INFO - [2023-12-20T00:11:51.434+0300] {dagbag.py:538} INFO - Filling up the DagBag from /home/hp/.local/lib/python3.10/site-packages/airflow/example_dags/example_branch_day_of_week_operator.py
[2023-12-20T00:11:51.456+0300] {processor.py:840} INFO - DAG(s) 'example_weekday_branch_operator' retrieved from /home/hp/.local/lib/python3.10/site-packages/airflow/example_dags/example_branch_day_of_week_operator.py
[2023-12-20T00:11:51.482+0300] {logging_mixin.py:188} INFO - [2023-12-20T00:11:51.482+0300] {dag.py:3033} INFO - Sync 1 DAGs
[2023-12-20T00:11:51.502+0300] {logging_mixin.py:188} INFO - [2023-12-20T00:11:51.502+0300] {dag.py:3820} INFO - Setting next_dagrun for example_weekday_branch_operator to 2023-12-18T00:00:00+00:00, run_after=2023-12-19T00:00:00+00:00
[2023-12-20T00:11:51.639+0300] {processor.py:183} INFO - Processing /home/hp/.local/lib/python3.10/site-packages/airflow/example_dags/example_branch_day_of_week_operator.py took 0.236 seconds
[2023-12-20T00:12:51.118+0300] {processor.py:161} INFO - Started process (PID=19994) to work on /home/hp/.local/lib/python3.10/site-packages/airflow/example_dags/example_branch_day_of_week_operator.py
[2023-12-20T00:12:51.158+0300] {processor.py:830} INFO - Processing file /home/hp/.local/lib/python3.10/site-packages/airflow/example_dags/example_branch_day_of_week_operator.py for tasks to queue
[2023-12-20T00:12:51.162+0300] {logging_mixin.py:188} INFO - [2023-12-20T00:12:51.160+0300] {dagbag.py:538} INFO - Filling up the DagBag from /home/hp/.local/lib/python3.10/site-packages/airflow/example_dags/example_branch_day_of_week_operator.py
[2023-12-20T00:12:51.193+0300] {processor.py:840} INFO - DAG(s) 'example_weekday_branch_operator' retrieved from /home/hp/.local/lib/python3.10/site-packages/airflow/example_dags/example_branch_day_of_week_operator.py
[2023-12-20T00:12:51.215+0300] {logging_mixin.py:188} INFO - [2023-12-20T00:12:51.214+0300] {dag.py:3033} INFO - Sync 1 DAGs
[2023-12-20T00:12:51.235+0300] {logging_mixin.py:188} INFO - [2023-12-20T00:12:51.234+0300] {dag.py:3820} INFO - Setting next_dagrun for example_weekday_branch_operator to 2023-12-18T00:00:00+00:00, run_after=2023-12-19T00:00:00+00:00
[2023-12-20T00:12:51.341+0300] {processor.py:183} INFO - Processing /home/hp/.local/lib/python3.10/site-packages/airflow/example_dags/example_branch_day_of_week_operator.py took 0.226 seconds
