[2023-12-19T17:31:08.831+0300] {processor.py:161} INFO - Started process (PID=3969) to work on /home/hp/.local/lib/python3.10/site-packages/airflow/example_dags/tutorial_objectstorage.py
[2023-12-19T17:31:08.832+0300] {processor.py:830} INFO - Processing file /home/hp/.local/lib/python3.10/site-packages/airflow/example_dags/tutorial_objectstorage.py for tasks to queue
[2023-12-19T17:31:08.833+0300] {logging_mixin.py:188} INFO - [2023-12-19T17:31:08.833+0300] {dagbag.py:538} INFO - Filling up the DagBag from /home/hp/.local/lib/python3.10/site-packages/airflow/example_dags/tutorial_objectstorage.py
[2023-12-19T17:31:08.843+0300] {processor.py:840} INFO - DAG(s) 'tutorial_objectstorage' retrieved from /home/hp/.local/lib/python3.10/site-packages/airflow/example_dags/tutorial_objectstorage.py
[2023-12-19T17:31:09.185+0300] {logging_mixin.py:188} INFO - [2023-12-19T17:31:09.182+0300] {override.py:1769} INFO - Created Permission View: can read on DAG:tutorial_objectstorage
[2023-12-19T17:31:09.317+0300] {logging_mixin.py:188} INFO - [2023-12-19T17:31:09.316+0300] {override.py:1769} INFO - Created Permission View: can delete on DAG:tutorial_objectstorage
[2023-12-19T17:31:09.439+0300] {logging_mixin.py:188} INFO - [2023-12-19T17:31:09.438+0300] {override.py:1769} INFO - Created Permission View: can edit on DAG:tutorial_objectstorage
[2023-12-19T17:31:09.441+0300] {logging_mixin.py:188} INFO - [2023-12-19T17:31:09.440+0300] {dag.py:3033} INFO - Sync 1 DAGs
[2023-12-19T17:31:09.477+0300] {logging_mixin.py:188} INFO - [2023-12-19T17:31:09.476+0300] {dag.py:3055} INFO - Creating ORM DAG for tutorial_objectstorage
[2023-12-19T17:31:09.477+0300] {logging_mixin.py:188} INFO - [2023-12-19T17:31:09.477+0300] {dag.py:3820} INFO - Setting next_dagrun for tutorial_objectstorage to None, run_after=None
[2023-12-19T17:31:09.727+0300] {processor.py:183} INFO - Processing /home/hp/.local/lib/python3.10/site-packages/airflow/example_dags/tutorial_objectstorage.py took 0.899 seconds
[2023-12-19T17:32:43.136+0300] {processor.py:161} INFO - Started process (PID=4034) to work on /home/hp/.local/lib/python3.10/site-packages/airflow/example_dags/tutorial_objectstorage.py
[2023-12-19T17:32:43.152+0300] {processor.py:830} INFO - Processing file /home/hp/.local/lib/python3.10/site-packages/airflow/example_dags/tutorial_objectstorage.py for tasks to queue
[2023-12-19T17:32:43.154+0300] {logging_mixin.py:188} INFO - [2023-12-19T17:32:43.153+0300] {dagbag.py:538} INFO - Filling up the DagBag from /home/hp/.local/lib/python3.10/site-packages/airflow/example_dags/tutorial_objectstorage.py
[2023-12-19T17:32:43.162+0300] {processor.py:840} INFO - DAG(s) 'tutorial_objectstorage' retrieved from /home/hp/.local/lib/python3.10/site-packages/airflow/example_dags/tutorial_objectstorage.py
[2023-12-19T17:32:43.181+0300] {logging_mixin.py:188} INFO - [2023-12-19T17:32:43.181+0300] {dag.py:3033} INFO - Sync 1 DAGs
[2023-12-19T17:32:43.193+0300] {logging_mixin.py:188} INFO - [2023-12-19T17:32:43.193+0300] {dag.py:3820} INFO - Setting next_dagrun for tutorial_objectstorage to None, run_after=None
[2023-12-19T17:32:43.324+0300] {processor.py:183} INFO - Processing /home/hp/.local/lib/python3.10/site-packages/airflow/example_dags/tutorial_objectstorage.py took 0.192 seconds
[2023-12-19T17:33:24.313+0300] {processor.py:161} INFO - Started process (PID=4087) to work on /home/hp/.local/lib/python3.10/site-packages/airflow/example_dags/tutorial_objectstorage.py
[2023-12-19T17:33:24.321+0300] {processor.py:830} INFO - Processing file /home/hp/.local/lib/python3.10/site-packages/airflow/example_dags/tutorial_objectstorage.py for tasks to queue
[2023-12-19T17:33:24.322+0300] {logging_mixin.py:188} INFO - [2023-12-19T17:33:24.322+0300] {dagbag.py:538} INFO - Filling up the DagBag from /home/hp/.local/lib/python3.10/site-packages/airflow/example_dags/tutorial_objectstorage.py
[2023-12-19T17:33:24.330+0300] {processor.py:840} INFO - DAG(s) 'tutorial_objectstorage' retrieved from /home/hp/.local/lib/python3.10/site-packages/airflow/example_dags/tutorial_objectstorage.py
[2023-12-19T17:33:24.346+0300] {logging_mixin.py:188} INFO - [2023-12-19T17:33:24.346+0300] {dag.py:3033} INFO - Sync 1 DAGs
[2023-12-19T17:33:24.357+0300] {logging_mixin.py:188} INFO - [2023-12-19T17:33:24.357+0300] {dag.py:3820} INFO - Setting next_dagrun for tutorial_objectstorage to None, run_after=None
[2023-12-19T17:33:24.483+0300] {processor.py:183} INFO - Processing /home/hp/.local/lib/python3.10/site-packages/airflow/example_dags/tutorial_objectstorage.py took 0.175 seconds
[2023-12-19T17:34:23.781+0300] {processor.py:161} INFO - Started process (PID=4314) to work on /home/hp/.local/lib/python3.10/site-packages/airflow/example_dags/tutorial_objectstorage.py
[2023-12-19T17:34:23.806+0300] {processor.py:830} INFO - Processing file /home/hp/.local/lib/python3.10/site-packages/airflow/example_dags/tutorial_objectstorage.py for tasks to queue
[2023-12-19T17:34:23.807+0300] {logging_mixin.py:188} INFO - [2023-12-19T17:34:23.806+0300] {dagbag.py:538} INFO - Filling up the DagBag from /home/hp/.local/lib/python3.10/site-packages/airflow/example_dags/tutorial_objectstorage.py
[2023-12-19T17:34:23.818+0300] {processor.py:840} INFO - DAG(s) 'tutorial_objectstorage' retrieved from /home/hp/.local/lib/python3.10/site-packages/airflow/example_dags/tutorial_objectstorage.py
[2023-12-19T17:34:23.838+0300] {logging_mixin.py:188} INFO - [2023-12-19T17:34:23.838+0300] {dag.py:3033} INFO - Sync 1 DAGs
[2023-12-19T17:34:23.849+0300] {logging_mixin.py:188} INFO - [2023-12-19T17:34:23.849+0300] {dag.py:3820} INFO - Setting next_dagrun for tutorial_objectstorage to None, run_after=None
[2023-12-19T17:34:23.973+0300] {processor.py:183} INFO - Processing /home/hp/.local/lib/python3.10/site-packages/airflow/example_dags/tutorial_objectstorage.py took 0.198 seconds
[2023-12-19T17:35:23.891+0300] {processor.py:161} INFO - Started process (PID=4381) to work on /home/hp/.local/lib/python3.10/site-packages/airflow/example_dags/tutorial_objectstorage.py
[2023-12-19T17:35:23.909+0300] {processor.py:830} INFO - Processing file /home/hp/.local/lib/python3.10/site-packages/airflow/example_dags/tutorial_objectstorage.py for tasks to queue
[2023-12-19T17:35:23.910+0300] {logging_mixin.py:188} INFO - [2023-12-19T17:35:23.910+0300] {dagbag.py:538} INFO - Filling up the DagBag from /home/hp/.local/lib/python3.10/site-packages/airflow/example_dags/tutorial_objectstorage.py
[2023-12-19T17:35:23.921+0300] {processor.py:840} INFO - DAG(s) 'tutorial_objectstorage' retrieved from /home/hp/.local/lib/python3.10/site-packages/airflow/example_dags/tutorial_objectstorage.py
[2023-12-19T17:35:23.942+0300] {logging_mixin.py:188} INFO - [2023-12-19T17:35:23.942+0300] {dag.py:3033} INFO - Sync 1 DAGs
[2023-12-19T17:35:23.954+0300] {logging_mixin.py:188} INFO - [2023-12-19T17:35:23.954+0300] {dag.py:3820} INFO - Setting next_dagrun for tutorial_objectstorage to None, run_after=None
[2023-12-19T17:35:24.078+0300] {processor.py:183} INFO - Processing /home/hp/.local/lib/python3.10/site-packages/airflow/example_dags/tutorial_objectstorage.py took 0.192 seconds
[2023-12-19T17:36:22.607+0300] {processor.py:161} INFO - Started process (PID=4471) to work on /home/hp/.local/lib/python3.10/site-packages/airflow/example_dags/tutorial_objectstorage.py
[2023-12-19T17:36:22.623+0300] {processor.py:830} INFO - Processing file /home/hp/.local/lib/python3.10/site-packages/airflow/example_dags/tutorial_objectstorage.py for tasks to queue
[2023-12-19T17:36:22.624+0300] {logging_mixin.py:188} INFO - [2023-12-19T17:36:22.624+0300] {dagbag.py:538} INFO - Filling up the DagBag from /home/hp/.local/lib/python3.10/site-packages/airflow/example_dags/tutorial_objectstorage.py
[2023-12-19T17:36:22.635+0300] {processor.py:840} INFO - DAG(s) 'tutorial_objectstorage' retrieved from /home/hp/.local/lib/python3.10/site-packages/airflow/example_dags/tutorial_objectstorage.py
[2023-12-19T17:36:22.655+0300] {logging_mixin.py:188} INFO - [2023-12-19T17:36:22.655+0300] {dag.py:3033} INFO - Sync 1 DAGs
[2023-12-19T17:36:22.666+0300] {logging_mixin.py:188} INFO - [2023-12-19T17:36:22.666+0300] {dag.py:3820} INFO - Setting next_dagrun for tutorial_objectstorage to None, run_after=None
[2023-12-19T17:36:22.804+0300] {processor.py:183} INFO - Processing /home/hp/.local/lib/python3.10/site-packages/airflow/example_dags/tutorial_objectstorage.py took 0.202 seconds
[2023-12-19T17:37:20.125+0300] {processor.py:161} INFO - Started process (PID=4536) to work on /home/hp/.local/lib/python3.10/site-packages/airflow/example_dags/tutorial_objectstorage.py
[2023-12-19T17:37:20.148+0300] {processor.py:830} INFO - Processing file /home/hp/.local/lib/python3.10/site-packages/airflow/example_dags/tutorial_objectstorage.py for tasks to queue
[2023-12-19T17:37:20.149+0300] {logging_mixin.py:188} INFO - [2023-12-19T17:37:20.149+0300] {dagbag.py:538} INFO - Filling up the DagBag from /home/hp/.local/lib/python3.10/site-packages/airflow/example_dags/tutorial_objectstorage.py
[2023-12-19T17:37:20.159+0300] {processor.py:840} INFO - DAG(s) 'tutorial_objectstorage' retrieved from /home/hp/.local/lib/python3.10/site-packages/airflow/example_dags/tutorial_objectstorage.py
[2023-12-19T17:37:20.180+0300] {logging_mixin.py:188} INFO - [2023-12-19T17:37:20.180+0300] {dag.py:3033} INFO - Sync 1 DAGs
[2023-12-19T17:37:20.192+0300] {logging_mixin.py:188} INFO - [2023-12-19T17:37:20.191+0300] {dag.py:3820} INFO - Setting next_dagrun for tutorial_objectstorage to None, run_after=None
[2023-12-19T17:37:20.330+0300] {processor.py:183} INFO - Processing /home/hp/.local/lib/python3.10/site-packages/airflow/example_dags/tutorial_objectstorage.py took 0.209 seconds
[2023-12-19T17:38:15.594+0300] {processor.py:161} INFO - Started process (PID=4594) to work on /home/hp/.local/lib/python3.10/site-packages/airflow/example_dags/tutorial_objectstorage.py
[2023-12-19T17:38:15.622+0300] {processor.py:830} INFO - Processing file /home/hp/.local/lib/python3.10/site-packages/airflow/example_dags/tutorial_objectstorage.py for tasks to queue
[2023-12-19T17:38:15.623+0300] {logging_mixin.py:188} INFO - [2023-12-19T17:38:15.622+0300] {dagbag.py:538} INFO - Filling up the DagBag from /home/hp/.local/lib/python3.10/site-packages/airflow/example_dags/tutorial_objectstorage.py
[2023-12-19T17:38:15.639+0300] {processor.py:840} INFO - DAG(s) 'tutorial_objectstorage' retrieved from /home/hp/.local/lib/python3.10/site-packages/airflow/example_dags/tutorial_objectstorage.py
[2023-12-19T17:38:15.664+0300] {logging_mixin.py:188} INFO - [2023-12-19T17:38:15.664+0300] {dag.py:3033} INFO - Sync 1 DAGs
[2023-12-19T17:38:15.675+0300] {logging_mixin.py:188} INFO - [2023-12-19T17:38:15.675+0300] {dag.py:3820} INFO - Setting next_dagrun for tutorial_objectstorage to None, run_after=None
[2023-12-19T17:38:15.777+0300] {processor.py:183} INFO - Processing /home/hp/.local/lib/python3.10/site-packages/airflow/example_dags/tutorial_objectstorage.py took 0.186 seconds
[2023-12-20T00:07:53.156+0300] {processor.py:161} INFO - Started process (PID=19668) to work on /home/hp/.local/lib/python3.10/site-packages/airflow/example_dags/tutorial_objectstorage.py
[2023-12-20T00:07:53.178+0300] {processor.py:830} INFO - Processing file /home/hp/.local/lib/python3.10/site-packages/airflow/example_dags/tutorial_objectstorage.py for tasks to queue
[2023-12-20T00:07:53.181+0300] {logging_mixin.py:188} INFO - [2023-12-20T00:07:53.180+0300] {dagbag.py:538} INFO - Filling up the DagBag from /home/hp/.local/lib/python3.10/site-packages/airflow/example_dags/tutorial_objectstorage.py
[2023-12-20T00:07:53.196+0300] {processor.py:840} INFO - DAG(s) 'tutorial_objectstorage' retrieved from /home/hp/.local/lib/python3.10/site-packages/airflow/example_dags/tutorial_objectstorage.py
[2023-12-20T00:07:53.225+0300] {logging_mixin.py:188} INFO - [2023-12-20T00:07:53.225+0300] {dag.py:3033} INFO - Sync 1 DAGs
[2023-12-20T00:07:53.237+0300] {logging_mixin.py:188} INFO - [2023-12-20T00:07:53.236+0300] {dag.py:3820} INFO - Setting next_dagrun for tutorial_objectstorage to None, run_after=None
[2023-12-20T00:07:53.478+0300] {processor.py:183} INFO - Processing /home/hp/.local/lib/python3.10/site-packages/airflow/example_dags/tutorial_objectstorage.py took 0.331 seconds
[2023-12-20T00:09:01.301+0300] {processor.py:161} INFO - Started process (PID=19736) to work on /home/hp/.local/lib/python3.10/site-packages/airflow/example_dags/tutorial_objectstorage.py
[2023-12-20T00:09:01.328+0300] {processor.py:830} INFO - Processing file /home/hp/.local/lib/python3.10/site-packages/airflow/example_dags/tutorial_objectstorage.py for tasks to queue
[2023-12-20T00:09:01.329+0300] {logging_mixin.py:188} INFO - [2023-12-20T00:09:01.329+0300] {dagbag.py:538} INFO - Filling up the DagBag from /home/hp/.local/lib/python3.10/site-packages/airflow/example_dags/tutorial_objectstorage.py
[2023-12-20T00:09:01.338+0300] {processor.py:840} INFO - DAG(s) 'tutorial_objectstorage' retrieved from /home/hp/.local/lib/python3.10/site-packages/airflow/example_dags/tutorial_objectstorage.py
[2023-12-20T00:09:01.360+0300] {logging_mixin.py:188} INFO - [2023-12-20T00:09:01.360+0300] {dag.py:3033} INFO - Sync 1 DAGs
[2023-12-20T00:09:01.372+0300] {logging_mixin.py:188} INFO - [2023-12-20T00:09:01.372+0300] {dag.py:3820} INFO - Setting next_dagrun for tutorial_objectstorage to None, run_after=None
[2023-12-20T00:09:01.515+0300] {processor.py:183} INFO - Processing /home/hp/.local/lib/python3.10/site-packages/airflow/example_dags/tutorial_objectstorage.py took 0.218 seconds
[2023-12-20T00:10:01.713+0300] {processor.py:161} INFO - Started process (PID=19802) to work on /home/hp/.local/lib/python3.10/site-packages/airflow/example_dags/tutorial_objectstorage.py
[2023-12-20T00:10:01.749+0300] {processor.py:830} INFO - Processing file /home/hp/.local/lib/python3.10/site-packages/airflow/example_dags/tutorial_objectstorage.py for tasks to queue
[2023-12-20T00:10:01.751+0300] {logging_mixin.py:188} INFO - [2023-12-20T00:10:01.750+0300] {dagbag.py:538} INFO - Filling up the DagBag from /home/hp/.local/lib/python3.10/site-packages/airflow/example_dags/tutorial_objectstorage.py
[2023-12-20T00:10:01.771+0300] {processor.py:840} INFO - DAG(s) 'tutorial_objectstorage' retrieved from /home/hp/.local/lib/python3.10/site-packages/airflow/example_dags/tutorial_objectstorage.py
[2023-12-20T00:10:01.799+0300] {logging_mixin.py:188} INFO - [2023-12-20T00:10:01.798+0300] {dag.py:3033} INFO - Sync 1 DAGs
[2023-12-20T00:10:01.810+0300] {logging_mixin.py:188} INFO - [2023-12-20T00:10:01.810+0300] {dag.py:3820} INFO - Setting next_dagrun for tutorial_objectstorage to None, run_after=None
[2023-12-20T00:10:01.949+0300] {processor.py:183} INFO - Processing /home/hp/.local/lib/python3.10/site-packages/airflow/example_dags/tutorial_objectstorage.py took 0.240 seconds
[2023-12-20T00:11:00.761+0300] {processor.py:161} INFO - Started process (PID=19863) to work on /home/hp/.local/lib/python3.10/site-packages/airflow/example_dags/tutorial_objectstorage.py
[2023-12-20T00:11:00.782+0300] {processor.py:830} INFO - Processing file /home/hp/.local/lib/python3.10/site-packages/airflow/example_dags/tutorial_objectstorage.py for tasks to queue
[2023-12-20T00:11:00.783+0300] {logging_mixin.py:188} INFO - [2023-12-20T00:11:00.783+0300] {dagbag.py:538} INFO - Filling up the DagBag from /home/hp/.local/lib/python3.10/site-packages/airflow/example_dags/tutorial_objectstorage.py
[2023-12-20T00:11:00.791+0300] {processor.py:840} INFO - DAG(s) 'tutorial_objectstorage' retrieved from /home/hp/.local/lib/python3.10/site-packages/airflow/example_dags/tutorial_objectstorage.py
[2023-12-20T00:11:00.808+0300] {logging_mixin.py:188} INFO - [2023-12-20T00:11:00.807+0300] {dag.py:3033} INFO - Sync 1 DAGs
[2023-12-20T00:11:00.819+0300] {logging_mixin.py:188} INFO - [2023-12-20T00:11:00.818+0300] {dag.py:3820} INFO - Setting next_dagrun for tutorial_objectstorage to None, run_after=None
[2023-12-20T00:11:00.946+0300] {processor.py:183} INFO - Processing /home/hp/.local/lib/python3.10/site-packages/airflow/example_dags/tutorial_objectstorage.py took 0.189 seconds
[2023-12-20T00:12:04.874+0300] {processor.py:161} INFO - Started process (PID=19927) to work on /home/hp/.local/lib/python3.10/site-packages/airflow/example_dags/tutorial_objectstorage.py
[2023-12-20T00:12:04.918+0300] {processor.py:830} INFO - Processing file /home/hp/.local/lib/python3.10/site-packages/airflow/example_dags/tutorial_objectstorage.py for tasks to queue
[2023-12-20T00:12:04.922+0300] {logging_mixin.py:188} INFO - [2023-12-20T00:12:04.921+0300] {dagbag.py:538} INFO - Filling up the DagBag from /home/hp/.local/lib/python3.10/site-packages/airflow/example_dags/tutorial_objectstorage.py
[2023-12-20T00:12:04.953+0300] {processor.py:840} INFO - DAG(s) 'tutorial_objectstorage' retrieved from /home/hp/.local/lib/python3.10/site-packages/airflow/example_dags/tutorial_objectstorage.py
[2023-12-20T00:12:04.973+0300] {logging_mixin.py:188} INFO - [2023-12-20T00:12:04.973+0300] {dag.py:3033} INFO - Sync 1 DAGs
[2023-12-20T00:12:04.984+0300] {logging_mixin.py:188} INFO - [2023-12-20T00:12:04.984+0300] {dag.py:3820} INFO - Setting next_dagrun for tutorial_objectstorage to None, run_after=None
[2023-12-20T00:12:05.125+0300] {processor.py:183} INFO - Processing /home/hp/.local/lib/python3.10/site-packages/airflow/example_dags/tutorial_objectstorage.py took 0.255 seconds
[2023-12-20T00:13:02.628+0300] {processor.py:161} INFO - Started process (PID=20007) to work on /home/hp/.local/lib/python3.10/site-packages/airflow/example_dags/tutorial_objectstorage.py
[2023-12-20T00:13:02.631+0300] {processor.py:830} INFO - Processing file /home/hp/.local/lib/python3.10/site-packages/airflow/example_dags/tutorial_objectstorage.py for tasks to queue
[2023-12-20T00:13:02.633+0300] {logging_mixin.py:188} INFO - [2023-12-20T00:13:02.632+0300] {dagbag.py:538} INFO - Filling up the DagBag from /home/hp/.local/lib/python3.10/site-packages/airflow/example_dags/tutorial_objectstorage.py
[2023-12-20T00:13:02.646+0300] {processor.py:840} INFO - DAG(s) 'tutorial_objectstorage' retrieved from /home/hp/.local/lib/python3.10/site-packages/airflow/example_dags/tutorial_objectstorage.py
[2023-12-20T00:13:02.663+0300] {logging_mixin.py:188} INFO - [2023-12-20T00:13:02.663+0300] {dag.py:3033} INFO - Sync 1 DAGs
[2023-12-20T00:13:02.674+0300] {logging_mixin.py:188} INFO - [2023-12-20T00:13:02.674+0300] {dag.py:3820} INFO - Setting next_dagrun for tutorial_objectstorage to None, run_after=None
[2023-12-20T00:13:02.825+0300] {processor.py:183} INFO - Processing /home/hp/.local/lib/python3.10/site-packages/airflow/example_dags/tutorial_objectstorage.py took 0.205 seconds
