[2023-12-19T17:31:10.003+0300] {processor.py:161} INFO - Started process (PID=3970) to work on /home/hp/.local/lib/python3.10/site-packages/airflow/example_dags/tutorial_dag.py
[2023-12-19T17:31:10.005+0300] {processor.py:830} INFO - Processing file /home/hp/.local/lib/python3.10/site-packages/airflow/example_dags/tutorial_dag.py for tasks to queue
[2023-12-19T17:31:10.006+0300] {logging_mixin.py:188} INFO - [2023-12-19T17:31:10.005+0300] {dagbag.py:538} INFO - Filling up the DagBag from /home/hp/.local/lib/python3.10/site-packages/airflow/example_dags/tutorial_dag.py
[2023-12-19T17:31:10.015+0300] {processor.py:840} INFO - DAG(s) 'tutorial_dag' retrieved from /home/hp/.local/lib/python3.10/site-packages/airflow/example_dags/tutorial_dag.py
[2023-12-19T17:31:10.331+0300] {logging_mixin.py:188} INFO - [2023-12-19T17:31:10.327+0300] {override.py:1769} INFO - Created Permission View: can read on DAG:tutorial_dag
[2023-12-19T17:31:10.439+0300] {logging_mixin.py:188} INFO - [2023-12-19T17:31:10.438+0300] {override.py:1769} INFO - Created Permission View: can delete on DAG:tutorial_dag
[2023-12-19T17:31:10.562+0300] {logging_mixin.py:188} INFO - [2023-12-19T17:31:10.560+0300] {override.py:1769} INFO - Created Permission View: can edit on DAG:tutorial_dag
[2023-12-19T17:31:10.565+0300] {logging_mixin.py:188} INFO - [2023-12-19T17:31:10.564+0300] {dag.py:3033} INFO - Sync 1 DAGs
[2023-12-19T17:31:10.593+0300] {logging_mixin.py:188} INFO - [2023-12-19T17:31:10.593+0300] {dag.py:3055} INFO - Creating ORM DAG for tutorial_dag
[2023-12-19T17:31:10.594+0300] {logging_mixin.py:188} INFO - [2023-12-19T17:31:10.594+0300] {dag.py:3820} INFO - Setting next_dagrun for tutorial_dag to None, run_after=None
[2023-12-19T17:31:10.861+0300] {processor.py:183} INFO - Processing /home/hp/.local/lib/python3.10/site-packages/airflow/example_dags/tutorial_dag.py took 0.862 seconds
[2023-12-19T17:32:44.380+0300] {processor.py:161} INFO - Started process (PID=4035) to work on /home/hp/.local/lib/python3.10/site-packages/airflow/example_dags/tutorial_dag.py
[2023-12-19T17:32:44.397+0300] {processor.py:830} INFO - Processing file /home/hp/.local/lib/python3.10/site-packages/airflow/example_dags/tutorial_dag.py for tasks to queue
[2023-12-19T17:32:44.398+0300] {logging_mixin.py:188} INFO - [2023-12-19T17:32:44.398+0300] {dagbag.py:538} INFO - Filling up the DagBag from /home/hp/.local/lib/python3.10/site-packages/airflow/example_dags/tutorial_dag.py
[2023-12-19T17:32:44.403+0300] {processor.py:840} INFO - DAG(s) 'tutorial_dag' retrieved from /home/hp/.local/lib/python3.10/site-packages/airflow/example_dags/tutorial_dag.py
[2023-12-19T17:32:44.420+0300] {logging_mixin.py:188} INFO - [2023-12-19T17:32:44.420+0300] {dag.py:3033} INFO - Sync 1 DAGs
[2023-12-19T17:32:44.432+0300] {logging_mixin.py:188} INFO - [2023-12-19T17:32:44.431+0300] {dag.py:3820} INFO - Setting next_dagrun for tutorial_dag to None, run_after=None
[2023-12-19T17:32:44.571+0300] {processor.py:183} INFO - Processing /home/hp/.local/lib/python3.10/site-packages/airflow/example_dags/tutorial_dag.py took 0.196 seconds
[2023-12-19T17:33:25.609+0300] {processor.py:161} INFO - Started process (PID=4088) to work on /home/hp/.local/lib/python3.10/site-packages/airflow/example_dags/tutorial_dag.py
[2023-12-19T17:33:25.633+0300] {processor.py:830} INFO - Processing file /home/hp/.local/lib/python3.10/site-packages/airflow/example_dags/tutorial_dag.py for tasks to queue
[2023-12-19T17:33:25.635+0300] {logging_mixin.py:188} INFO - [2023-12-19T17:33:25.634+0300] {dagbag.py:538} INFO - Filling up the DagBag from /home/hp/.local/lib/python3.10/site-packages/airflow/example_dags/tutorial_dag.py
[2023-12-19T17:33:25.648+0300] {processor.py:840} INFO - DAG(s) 'tutorial_dag' retrieved from /home/hp/.local/lib/python3.10/site-packages/airflow/example_dags/tutorial_dag.py
[2023-12-19T17:33:25.676+0300] {logging_mixin.py:188} INFO - [2023-12-19T17:33:25.676+0300] {dag.py:3033} INFO - Sync 1 DAGs
[2023-12-19T17:33:25.689+0300] {logging_mixin.py:188} INFO - [2023-12-19T17:33:25.689+0300] {dag.py:3820} INFO - Setting next_dagrun for tutorial_dag to None, run_after=None
[2023-12-19T17:33:25.810+0300] {processor.py:183} INFO - Processing /home/hp/.local/lib/python3.10/site-packages/airflow/example_dags/tutorial_dag.py took 0.208 seconds
[2023-12-19T17:34:25.179+0300] {processor.py:161} INFO - Started process (PID=4316) to work on /home/hp/.local/lib/python3.10/site-packages/airflow/example_dags/tutorial_dag.py
[2023-12-19T17:34:25.194+0300] {processor.py:830} INFO - Processing file /home/hp/.local/lib/python3.10/site-packages/airflow/example_dags/tutorial_dag.py for tasks to queue
[2023-12-19T17:34:25.195+0300] {logging_mixin.py:188} INFO - [2023-12-19T17:34:25.195+0300] {dagbag.py:538} INFO - Filling up the DagBag from /home/hp/.local/lib/python3.10/site-packages/airflow/example_dags/tutorial_dag.py
[2023-12-19T17:34:25.202+0300] {processor.py:840} INFO - DAG(s) 'tutorial_dag' retrieved from /home/hp/.local/lib/python3.10/site-packages/airflow/example_dags/tutorial_dag.py
[2023-12-19T17:34:25.218+0300] {logging_mixin.py:188} INFO - [2023-12-19T17:34:25.218+0300] {dag.py:3033} INFO - Sync 1 DAGs
[2023-12-19T17:34:25.229+0300] {logging_mixin.py:188} INFO - [2023-12-19T17:34:25.229+0300] {dag.py:3820} INFO - Setting next_dagrun for tutorial_dag to None, run_after=None
[2023-12-19T17:34:25.352+0300] {processor.py:183} INFO - Processing /home/hp/.local/lib/python3.10/site-packages/airflow/example_dags/tutorial_dag.py took 0.176 seconds
[2023-12-19T17:35:25.142+0300] {processor.py:161} INFO - Started process (PID=4382) to work on /home/hp/.local/lib/python3.10/site-packages/airflow/example_dags/tutorial_dag.py
[2023-12-19T17:35:25.166+0300] {processor.py:830} INFO - Processing file /home/hp/.local/lib/python3.10/site-packages/airflow/example_dags/tutorial_dag.py for tasks to queue
[2023-12-19T17:35:25.171+0300] {logging_mixin.py:188} INFO - [2023-12-19T17:35:25.169+0300] {dagbag.py:538} INFO - Filling up the DagBag from /home/hp/.local/lib/python3.10/site-packages/airflow/example_dags/tutorial_dag.py
[2023-12-19T17:35:25.192+0300] {processor.py:840} INFO - DAG(s) 'tutorial_dag' retrieved from /home/hp/.local/lib/python3.10/site-packages/airflow/example_dags/tutorial_dag.py
[2023-12-19T17:35:25.211+0300] {logging_mixin.py:188} INFO - [2023-12-19T17:35:25.211+0300] {dag.py:3033} INFO - Sync 1 DAGs
[2023-12-19T17:35:25.222+0300] {logging_mixin.py:188} INFO - [2023-12-19T17:35:25.222+0300] {dag.py:3820} INFO - Setting next_dagrun for tutorial_dag to None, run_after=None
[2023-12-19T17:35:25.342+0300] {processor.py:183} INFO - Processing /home/hp/.local/lib/python3.10/site-packages/airflow/example_dags/tutorial_dag.py took 0.205 seconds
[2023-12-19T17:36:24.021+0300] {processor.py:161} INFO - Started process (PID=4472) to work on /home/hp/.local/lib/python3.10/site-packages/airflow/example_dags/tutorial_dag.py
[2023-12-19T17:36:24.045+0300] {processor.py:830} INFO - Processing file /home/hp/.local/lib/python3.10/site-packages/airflow/example_dags/tutorial_dag.py for tasks to queue
[2023-12-19T17:36:24.049+0300] {logging_mixin.py:188} INFO - [2023-12-19T17:36:24.047+0300] {dagbag.py:538} INFO - Filling up the DagBag from /home/hp/.local/lib/python3.10/site-packages/airflow/example_dags/tutorial_dag.py
[2023-12-19T17:36:24.069+0300] {processor.py:840} INFO - DAG(s) 'tutorial_dag' retrieved from /home/hp/.local/lib/python3.10/site-packages/airflow/example_dags/tutorial_dag.py
[2023-12-19T17:36:24.093+0300] {logging_mixin.py:188} INFO - [2023-12-19T17:36:24.092+0300] {dag.py:3033} INFO - Sync 1 DAGs
[2023-12-19T17:36:24.104+0300] {logging_mixin.py:188} INFO - [2023-12-19T17:36:24.103+0300] {dag.py:3820} INFO - Setting next_dagrun for tutorial_dag to None, run_after=None
[2023-12-19T17:36:24.215+0300] {processor.py:183} INFO - Processing /home/hp/.local/lib/python3.10/site-packages/airflow/example_dags/tutorial_dag.py took 0.201 seconds
[2023-12-19T17:37:21.595+0300] {processor.py:161} INFO - Started process (PID=4537) to work on /home/hp/.local/lib/python3.10/site-packages/airflow/example_dags/tutorial_dag.py
[2023-12-19T17:37:21.617+0300] {processor.py:830} INFO - Processing file /home/hp/.local/lib/python3.10/site-packages/airflow/example_dags/tutorial_dag.py for tasks to queue
[2023-12-19T17:37:21.618+0300] {logging_mixin.py:188} INFO - [2023-12-19T17:37:21.618+0300] {dagbag.py:538} INFO - Filling up the DagBag from /home/hp/.local/lib/python3.10/site-packages/airflow/example_dags/tutorial_dag.py
[2023-12-19T17:37:21.630+0300] {processor.py:840} INFO - DAG(s) 'tutorial_dag' retrieved from /home/hp/.local/lib/python3.10/site-packages/airflow/example_dags/tutorial_dag.py
[2023-12-19T17:37:21.656+0300] {logging_mixin.py:188} INFO - [2023-12-19T17:37:21.656+0300] {dag.py:3033} INFO - Sync 1 DAGs
[2023-12-19T17:37:21.668+0300] {logging_mixin.py:188} INFO - [2023-12-19T17:37:21.668+0300] {dag.py:3820} INFO - Setting next_dagrun for tutorial_dag to None, run_after=None
[2023-12-19T17:37:21.807+0300] {processor.py:183} INFO - Processing /home/hp/.local/lib/python3.10/site-packages/airflow/example_dags/tutorial_dag.py took 0.216 seconds
[2023-12-19T17:38:16.868+0300] {processor.py:161} INFO - Started process (PID=4595) to work on /home/hp/.local/lib/python3.10/site-packages/airflow/example_dags/tutorial_dag.py
[2023-12-19T17:38:16.888+0300] {processor.py:830} INFO - Processing file /home/hp/.local/lib/python3.10/site-packages/airflow/example_dags/tutorial_dag.py for tasks to queue
[2023-12-19T17:38:16.889+0300] {logging_mixin.py:188} INFO - [2023-12-19T17:38:16.889+0300] {dagbag.py:538} INFO - Filling up the DagBag from /home/hp/.local/lib/python3.10/site-packages/airflow/example_dags/tutorial_dag.py
[2023-12-19T17:38:16.897+0300] {processor.py:840} INFO - DAG(s) 'tutorial_dag' retrieved from /home/hp/.local/lib/python3.10/site-packages/airflow/example_dags/tutorial_dag.py
[2023-12-19T17:38:16.917+0300] {logging_mixin.py:188} INFO - [2023-12-19T17:38:16.916+0300] {dag.py:3033} INFO - Sync 1 DAGs
[2023-12-19T17:38:16.928+0300] {logging_mixin.py:188} INFO - [2023-12-19T17:38:16.928+0300] {dag.py:3820} INFO - Setting next_dagrun for tutorial_dag to None, run_after=None
[2023-12-19T17:38:17.060+0300] {processor.py:183} INFO - Processing /home/hp/.local/lib/python3.10/site-packages/airflow/example_dags/tutorial_dag.py took 0.195 seconds
[2023-12-20T00:07:54.626+0300] {processor.py:161} INFO - Started process (PID=19669) to work on /home/hp/.local/lib/python3.10/site-packages/airflow/example_dags/tutorial_dag.py
[2023-12-20T00:07:54.679+0300] {processor.py:830} INFO - Processing file /home/hp/.local/lib/python3.10/site-packages/airflow/example_dags/tutorial_dag.py for tasks to queue
[2023-12-20T00:07:54.680+0300] {logging_mixin.py:188} INFO - [2023-12-20T00:07:54.680+0300] {dagbag.py:538} INFO - Filling up the DagBag from /home/hp/.local/lib/python3.10/site-packages/airflow/example_dags/tutorial_dag.py
[2023-12-20T00:07:54.704+0300] {processor.py:840} INFO - DAG(s) 'tutorial_dag' retrieved from /home/hp/.local/lib/python3.10/site-packages/airflow/example_dags/tutorial_dag.py
[2023-12-20T00:07:54.736+0300] {logging_mixin.py:188} INFO - [2023-12-20T00:07:54.736+0300] {dag.py:3033} INFO - Sync 1 DAGs
[2023-12-20T00:07:54.747+0300] {logging_mixin.py:188} INFO - [2023-12-20T00:07:54.747+0300] {dag.py:3820} INFO - Setting next_dagrun for tutorial_dag to None, run_after=None
[2023-12-20T00:07:54.990+0300] {processor.py:183} INFO - Processing /home/hp/.local/lib/python3.10/site-packages/airflow/example_dags/tutorial_dag.py took 0.367 seconds
[2023-12-20T00:09:02.192+0300] {processor.py:161} INFO - Started process (PID=19737) to work on /home/hp/.local/lib/python3.10/site-packages/airflow/example_dags/tutorial_dag.py
[2023-12-20T00:09:02.212+0300] {processor.py:830} INFO - Processing file /home/hp/.local/lib/python3.10/site-packages/airflow/example_dags/tutorial_dag.py for tasks to queue
[2023-12-20T00:09:02.213+0300] {logging_mixin.py:188} INFO - [2023-12-20T00:09:02.213+0300] {dagbag.py:538} INFO - Filling up the DagBag from /home/hp/.local/lib/python3.10/site-packages/airflow/example_dags/tutorial_dag.py
[2023-12-20T00:09:02.223+0300] {processor.py:840} INFO - DAG(s) 'tutorial_dag' retrieved from /home/hp/.local/lib/python3.10/site-packages/airflow/example_dags/tutorial_dag.py
[2023-12-20T00:09:02.247+0300] {logging_mixin.py:188} INFO - [2023-12-20T00:09:02.247+0300] {dag.py:3033} INFO - Sync 1 DAGs
[2023-12-20T00:09:02.259+0300] {logging_mixin.py:188} INFO - [2023-12-20T00:09:02.259+0300] {dag.py:3820} INFO - Setting next_dagrun for tutorial_dag to None, run_after=None
[2023-12-20T00:09:02.405+0300] {processor.py:183} INFO - Processing /home/hp/.local/lib/python3.10/site-packages/airflow/example_dags/tutorial_dag.py took 0.216 seconds
[2023-12-20T00:10:02.803+0300] {processor.py:161} INFO - Started process (PID=19803) to work on /home/hp/.local/lib/python3.10/site-packages/airflow/example_dags/tutorial_dag.py
[2023-12-20T00:10:02.826+0300] {processor.py:830} INFO - Processing file /home/hp/.local/lib/python3.10/site-packages/airflow/example_dags/tutorial_dag.py for tasks to queue
[2023-12-20T00:10:02.828+0300] {logging_mixin.py:188} INFO - [2023-12-20T00:10:02.827+0300] {dagbag.py:538} INFO - Filling up the DagBag from /home/hp/.local/lib/python3.10/site-packages/airflow/example_dags/tutorial_dag.py
[2023-12-20T00:10:02.843+0300] {processor.py:840} INFO - DAG(s) 'tutorial_dag' retrieved from /home/hp/.local/lib/python3.10/site-packages/airflow/example_dags/tutorial_dag.py
[2023-12-20T00:10:02.872+0300] {logging_mixin.py:188} INFO - [2023-12-20T00:10:02.872+0300] {dag.py:3033} INFO - Sync 1 DAGs
[2023-12-20T00:10:02.883+0300] {logging_mixin.py:188} INFO - [2023-12-20T00:10:02.883+0300] {dag.py:3820} INFO - Setting next_dagrun for tutorial_dag to None, run_after=None
[2023-12-20T00:10:03.025+0300] {processor.py:183} INFO - Processing /home/hp/.local/lib/python3.10/site-packages/airflow/example_dags/tutorial_dag.py took 0.225 seconds
[2023-12-20T00:11:02.112+0300] {processor.py:161} INFO - Started process (PID=19864) to work on /home/hp/.local/lib/python3.10/site-packages/airflow/example_dags/tutorial_dag.py
[2023-12-20T00:11:02.114+0300] {processor.py:830} INFO - Processing file /home/hp/.local/lib/python3.10/site-packages/airflow/example_dags/tutorial_dag.py for tasks to queue
[2023-12-20T00:11:02.115+0300] {logging_mixin.py:188} INFO - [2023-12-20T00:11:02.114+0300] {dagbag.py:538} INFO - Filling up the DagBag from /home/hp/.local/lib/python3.10/site-packages/airflow/example_dags/tutorial_dag.py
[2023-12-20T00:11:02.121+0300] {processor.py:840} INFO - DAG(s) 'tutorial_dag' retrieved from /home/hp/.local/lib/python3.10/site-packages/airflow/example_dags/tutorial_dag.py
[2023-12-20T00:11:02.138+0300] {logging_mixin.py:188} INFO - [2023-12-20T00:11:02.138+0300] {dag.py:3033} INFO - Sync 1 DAGs
[2023-12-20T00:11:02.149+0300] {logging_mixin.py:188} INFO - [2023-12-20T00:11:02.149+0300] {dag.py:3820} INFO - Setting next_dagrun for tutorial_dag to None, run_after=None
[2023-12-20T00:11:02.302+0300] {processor.py:183} INFO - Processing /home/hp/.local/lib/python3.10/site-packages/airflow/example_dags/tutorial_dag.py took 0.193 seconds
[2023-12-20T00:12:05.436+0300] {processor.py:161} INFO - Started process (PID=19928) to work on /home/hp/.local/lib/python3.10/site-packages/airflow/example_dags/tutorial_dag.py
[2023-12-20T00:12:05.438+0300] {processor.py:830} INFO - Processing file /home/hp/.local/lib/python3.10/site-packages/airflow/example_dags/tutorial_dag.py for tasks to queue
[2023-12-20T00:12:05.439+0300] {logging_mixin.py:188} INFO - [2023-12-20T00:12:05.439+0300] {dagbag.py:538} INFO - Filling up the DagBag from /home/hp/.local/lib/python3.10/site-packages/airflow/example_dags/tutorial_dag.py
[2023-12-20T00:12:05.448+0300] {processor.py:840} INFO - DAG(s) 'tutorial_dag' retrieved from /home/hp/.local/lib/python3.10/site-packages/airflow/example_dags/tutorial_dag.py
[2023-12-20T00:12:05.468+0300] {logging_mixin.py:188} INFO - [2023-12-20T00:12:05.468+0300] {dag.py:3033} INFO - Sync 1 DAGs
[2023-12-20T00:12:05.479+0300] {logging_mixin.py:188} INFO - [2023-12-20T00:12:05.479+0300] {dag.py:3820} INFO - Setting next_dagrun for tutorial_dag to None, run_after=None
[2023-12-20T00:12:05.615+0300] {processor.py:183} INFO - Processing /home/hp/.local/lib/python3.10/site-packages/airflow/example_dags/tutorial_dag.py took 0.184 seconds
[2023-12-20T00:13:03.901+0300] {processor.py:161} INFO - Started process (PID=20008) to work on /home/hp/.local/lib/python3.10/site-packages/airflow/example_dags/tutorial_dag.py
[2023-12-20T00:13:03.902+0300] {processor.py:830} INFO - Processing file /home/hp/.local/lib/python3.10/site-packages/airflow/example_dags/tutorial_dag.py for tasks to queue
[2023-12-20T00:13:03.903+0300] {logging_mixin.py:188} INFO - [2023-12-20T00:13:03.902+0300] {dagbag.py:538} INFO - Filling up the DagBag from /home/hp/.local/lib/python3.10/site-packages/airflow/example_dags/tutorial_dag.py
[2023-12-20T00:13:03.909+0300] {processor.py:840} INFO - DAG(s) 'tutorial_dag' retrieved from /home/hp/.local/lib/python3.10/site-packages/airflow/example_dags/tutorial_dag.py
[2023-12-20T00:13:03.924+0300] {logging_mixin.py:188} INFO - [2023-12-20T00:13:03.924+0300] {dag.py:3033} INFO - Sync 1 DAGs
[2023-12-20T00:13:03.935+0300] {logging_mixin.py:188} INFO - [2023-12-20T00:13:03.935+0300] {dag.py:3820} INFO - Setting next_dagrun for tutorial_dag to None, run_after=None
[2023-12-20T00:13:04.062+0300] {processor.py:183} INFO - Processing /home/hp/.local/lib/python3.10/site-packages/airflow/example_dags/tutorial_dag.py took 0.164 seconds
