[2023-12-19T17:31:04.297+0300] {processor.py:161} INFO - Started process (PID=3967) to work on /home/hp/.local/lib/python3.10/site-packages/airflow/example_dags/tutorial_taskflow_api_virtualenv.py
[2023-12-19T17:31:04.298+0300] {processor.py:830} INFO - Processing file /home/hp/.local/lib/python3.10/site-packages/airflow/example_dags/tutorial_taskflow_api_virtualenv.py for tasks to queue
[2023-12-19T17:31:04.298+0300] {logging_mixin.py:188} INFO - [2023-12-19T17:31:04.298+0300] {dagbag.py:538} INFO - Filling up the DagBag from /home/hp/.local/lib/python3.10/site-packages/airflow/example_dags/tutorial_taskflow_api_virtualenv.py
[2023-12-19T17:31:04.309+0300] {processor.py:840} INFO - DAG(s) 'tutorial_taskflow_api_virtualenv' retrieved from /home/hp/.local/lib/python3.10/site-packages/airflow/example_dags/tutorial_taskflow_api_virtualenv.py
[2023-12-19T17:31:04.718+0300] {logging_mixin.py:188} INFO - [2023-12-19T17:31:04.715+0300] {override.py:1769} INFO - Created Permission View: can read on DAG:tutorial_taskflow_api_virtualenv
[2023-12-19T17:31:04.828+0300] {logging_mixin.py:188} INFO - [2023-12-19T17:31:04.827+0300] {override.py:1769} INFO - Created Permission View: can delete on DAG:tutorial_taskflow_api_virtualenv
[2023-12-19T17:31:04.951+0300] {logging_mixin.py:188} INFO - [2023-12-19T17:31:04.949+0300] {override.py:1769} INFO - Created Permission View: can edit on DAG:tutorial_taskflow_api_virtualenv
[2023-12-19T17:31:04.952+0300] {logging_mixin.py:188} INFO - [2023-12-19T17:31:04.952+0300] {dag.py:3033} INFO - Sync 1 DAGs
[2023-12-19T17:31:04.983+0300] {logging_mixin.py:188} INFO - [2023-12-19T17:31:04.983+0300] {dag.py:3055} INFO - Creating ORM DAG for tutorial_taskflow_api_virtualenv
[2023-12-19T17:31:04.984+0300] {logging_mixin.py:188} INFO - [2023-12-19T17:31:04.984+0300] {dag.py:3820} INFO - Setting next_dagrun for tutorial_taskflow_api_virtualenv to None, run_after=None
[2023-12-19T17:31:05.227+0300] {processor.py:183} INFO - Processing /home/hp/.local/lib/python3.10/site-packages/airflow/example_dags/tutorial_taskflow_api_virtualenv.py took 0.934 seconds
[2023-12-19T17:32:40.357+0300] {processor.py:161} INFO - Started process (PID=4032) to work on /home/hp/.local/lib/python3.10/site-packages/airflow/example_dags/tutorial_taskflow_api_virtualenv.py
[2023-12-19T17:32:40.375+0300] {processor.py:830} INFO - Processing file /home/hp/.local/lib/python3.10/site-packages/airflow/example_dags/tutorial_taskflow_api_virtualenv.py for tasks to queue
[2023-12-19T17:32:40.376+0300] {logging_mixin.py:188} INFO - [2023-12-19T17:32:40.375+0300] {dagbag.py:538} INFO - Filling up the DagBag from /home/hp/.local/lib/python3.10/site-packages/airflow/example_dags/tutorial_taskflow_api_virtualenv.py
[2023-12-19T17:32:40.386+0300] {processor.py:840} INFO - DAG(s) 'tutorial_taskflow_api_virtualenv' retrieved from /home/hp/.local/lib/python3.10/site-packages/airflow/example_dags/tutorial_taskflow_api_virtualenv.py
[2023-12-19T17:32:40.404+0300] {logging_mixin.py:188} INFO - [2023-12-19T17:32:40.404+0300] {dag.py:3033} INFO - Sync 1 DAGs
[2023-12-19T17:32:40.417+0300] {logging_mixin.py:188} INFO - [2023-12-19T17:32:40.416+0300] {dag.py:3820} INFO - Setting next_dagrun for tutorial_taskflow_api_virtualenv to None, run_after=None
[2023-12-19T17:32:40.526+0300] {processor.py:183} INFO - Processing /home/hp/.local/lib/python3.10/site-packages/airflow/example_dags/tutorial_taskflow_api_virtualenv.py took 0.174 seconds
[2023-12-19T17:33:22.032+0300] {processor.py:161} INFO - Started process (PID=4078) to work on /home/hp/.local/lib/python3.10/site-packages/airflow/example_dags/tutorial_taskflow_api_virtualenv.py
[2023-12-19T17:33:22.043+0300] {processor.py:830} INFO - Processing file /home/hp/.local/lib/python3.10/site-packages/airflow/example_dags/tutorial_taskflow_api_virtualenv.py for tasks to queue
[2023-12-19T17:33:22.044+0300] {logging_mixin.py:188} INFO - [2023-12-19T17:33:22.044+0300] {dagbag.py:538} INFO - Filling up the DagBag from /home/hp/.local/lib/python3.10/site-packages/airflow/example_dags/tutorial_taskflow_api_virtualenv.py
[2023-12-19T17:33:22.052+0300] {processor.py:840} INFO - DAG(s) 'tutorial_taskflow_api_virtualenv' retrieved from /home/hp/.local/lib/python3.10/site-packages/airflow/example_dags/tutorial_taskflow_api_virtualenv.py
[2023-12-19T17:33:22.069+0300] {logging_mixin.py:188} INFO - [2023-12-19T17:33:22.069+0300] {dag.py:3033} INFO - Sync 1 DAGs
[2023-12-19T17:33:22.082+0300] {logging_mixin.py:188} INFO - [2023-12-19T17:33:22.082+0300] {dag.py:3820} INFO - Setting next_dagrun for tutorial_taskflow_api_virtualenv to None, run_after=None
[2023-12-19T17:33:22.198+0300] {processor.py:183} INFO - Processing /home/hp/.local/lib/python3.10/site-packages/airflow/example_dags/tutorial_taskflow_api_virtualenv.py took 0.171 seconds
[2023-12-19T17:34:21.031+0300] {processor.py:161} INFO - Started process (PID=4311) to work on /home/hp/.local/lib/python3.10/site-packages/airflow/example_dags/tutorial_taskflow_api_virtualenv.py
[2023-12-19T17:34:21.072+0300] {processor.py:830} INFO - Processing file /home/hp/.local/lib/python3.10/site-packages/airflow/example_dags/tutorial_taskflow_api_virtualenv.py for tasks to queue
[2023-12-19T17:34:21.074+0300] {logging_mixin.py:188} INFO - [2023-12-19T17:34:21.073+0300] {dagbag.py:538} INFO - Filling up the DagBag from /home/hp/.local/lib/python3.10/site-packages/airflow/example_dags/tutorial_taskflow_api_virtualenv.py
[2023-12-19T17:34:21.086+0300] {processor.py:840} INFO - DAG(s) 'tutorial_taskflow_api_virtualenv' retrieved from /home/hp/.local/lib/python3.10/site-packages/airflow/example_dags/tutorial_taskflow_api_virtualenv.py
[2023-12-19T17:34:21.109+0300] {logging_mixin.py:188} INFO - [2023-12-19T17:34:21.109+0300] {dag.py:3033} INFO - Sync 1 DAGs
[2023-12-19T17:34:21.121+0300] {logging_mixin.py:188} INFO - [2023-12-19T17:34:21.121+0300] {dag.py:3820} INFO - Setting next_dagrun for tutorial_taskflow_api_virtualenv to None, run_after=None
[2023-12-19T17:34:21.245+0300] {processor.py:183} INFO - Processing /home/hp/.local/lib/python3.10/site-packages/airflow/example_dags/tutorial_taskflow_api_virtualenv.py took 0.221 seconds
[2023-12-19T17:35:21.630+0300] {processor.py:161} INFO - Started process (PID=4378) to work on /home/hp/.local/lib/python3.10/site-packages/airflow/example_dags/tutorial_taskflow_api_virtualenv.py
[2023-12-19T17:35:21.653+0300] {processor.py:830} INFO - Processing file /home/hp/.local/lib/python3.10/site-packages/airflow/example_dags/tutorial_taskflow_api_virtualenv.py for tasks to queue
[2023-12-19T17:35:21.654+0300] {logging_mixin.py:188} INFO - [2023-12-19T17:35:21.653+0300] {dagbag.py:538} INFO - Filling up the DagBag from /home/hp/.local/lib/python3.10/site-packages/airflow/example_dags/tutorial_taskflow_api_virtualenv.py
[2023-12-19T17:35:21.661+0300] {processor.py:840} INFO - DAG(s) 'tutorial_taskflow_api_virtualenv' retrieved from /home/hp/.local/lib/python3.10/site-packages/airflow/example_dags/tutorial_taskflow_api_virtualenv.py
[2023-12-19T17:35:21.678+0300] {logging_mixin.py:188} INFO - [2023-12-19T17:35:21.677+0300] {dag.py:3033} INFO - Sync 1 DAGs
[2023-12-19T17:35:21.689+0300] {logging_mixin.py:188} INFO - [2023-12-19T17:35:21.689+0300] {dag.py:3820} INFO - Setting next_dagrun for tutorial_taskflow_api_virtualenv to None, run_after=None
[2023-12-19T17:35:21.802+0300] {processor.py:183} INFO - Processing /home/hp/.local/lib/python3.10/site-packages/airflow/example_dags/tutorial_taskflow_api_virtualenv.py took 0.176 seconds
[2023-12-19T17:36:20.519+0300] {processor.py:161} INFO - Started process (PID=4468) to work on /home/hp/.local/lib/python3.10/site-packages/airflow/example_dags/tutorial_taskflow_api_virtualenv.py
[2023-12-19T17:36:20.546+0300] {processor.py:830} INFO - Processing file /home/hp/.local/lib/python3.10/site-packages/airflow/example_dags/tutorial_taskflow_api_virtualenv.py for tasks to queue
[2023-12-19T17:36:20.551+0300] {logging_mixin.py:188} INFO - [2023-12-19T17:36:20.549+0300] {dagbag.py:538} INFO - Filling up the DagBag from /home/hp/.local/lib/python3.10/site-packages/airflow/example_dags/tutorial_taskflow_api_virtualenv.py
[2023-12-19T17:36:20.581+0300] {processor.py:840} INFO - DAG(s) 'tutorial_taskflow_api_virtualenv' retrieved from /home/hp/.local/lib/python3.10/site-packages/airflow/example_dags/tutorial_taskflow_api_virtualenv.py
[2023-12-19T17:36:20.603+0300] {logging_mixin.py:188} INFO - [2023-12-19T17:36:20.603+0300] {dag.py:3033} INFO - Sync 1 DAGs
[2023-12-19T17:36:20.617+0300] {logging_mixin.py:188} INFO - [2023-12-19T17:36:20.617+0300] {dag.py:3820} INFO - Setting next_dagrun for tutorial_taskflow_api_virtualenv to None, run_after=None
[2023-12-19T17:36:20.754+0300] {processor.py:183} INFO - Processing /home/hp/.local/lib/python3.10/site-packages/airflow/example_dags/tutorial_taskflow_api_virtualenv.py took 0.238 seconds
[2023-12-19T17:37:17.772+0300] {processor.py:161} INFO - Started process (PID=4534) to work on /home/hp/.local/lib/python3.10/site-packages/airflow/example_dags/tutorial_taskflow_api_virtualenv.py
[2023-12-19T17:37:17.794+0300] {processor.py:830} INFO - Processing file /home/hp/.local/lib/python3.10/site-packages/airflow/example_dags/tutorial_taskflow_api_virtualenv.py for tasks to queue
[2023-12-19T17:37:17.796+0300] {logging_mixin.py:188} INFO - [2023-12-19T17:37:17.795+0300] {dagbag.py:538} INFO - Filling up the DagBag from /home/hp/.local/lib/python3.10/site-packages/airflow/example_dags/tutorial_taskflow_api_virtualenv.py
[2023-12-19T17:37:17.814+0300] {processor.py:840} INFO - DAG(s) 'tutorial_taskflow_api_virtualenv' retrieved from /home/hp/.local/lib/python3.10/site-packages/airflow/example_dags/tutorial_taskflow_api_virtualenv.py
[2023-12-19T17:37:17.839+0300] {logging_mixin.py:188} INFO - [2023-12-19T17:37:17.839+0300] {dag.py:3033} INFO - Sync 1 DAGs
[2023-12-19T17:37:17.851+0300] {logging_mixin.py:188} INFO - [2023-12-19T17:37:17.850+0300] {dag.py:3820} INFO - Setting next_dagrun for tutorial_taskflow_api_virtualenv to None, run_after=None
[2023-12-19T17:37:17.985+0300] {processor.py:183} INFO - Processing /home/hp/.local/lib/python3.10/site-packages/airflow/example_dags/tutorial_taskflow_api_virtualenv.py took 0.217 seconds
[2023-12-19T17:38:12.869+0300] {processor.py:161} INFO - Started process (PID=4592) to work on /home/hp/.local/lib/python3.10/site-packages/airflow/example_dags/tutorial_taskflow_api_virtualenv.py
[2023-12-19T17:38:12.891+0300] {processor.py:830} INFO - Processing file /home/hp/.local/lib/python3.10/site-packages/airflow/example_dags/tutorial_taskflow_api_virtualenv.py for tasks to queue
[2023-12-19T17:38:12.896+0300] {logging_mixin.py:188} INFO - [2023-12-19T17:38:12.894+0300] {dagbag.py:538} INFO - Filling up the DagBag from /home/hp/.local/lib/python3.10/site-packages/airflow/example_dags/tutorial_taskflow_api_virtualenv.py
[2023-12-19T17:38:12.932+0300] {processor.py:840} INFO - DAG(s) 'tutorial_taskflow_api_virtualenv' retrieved from /home/hp/.local/lib/python3.10/site-packages/airflow/example_dags/tutorial_taskflow_api_virtualenv.py
[2023-12-19T17:38:12.955+0300] {logging_mixin.py:188} INFO - [2023-12-19T17:38:12.955+0300] {dag.py:3033} INFO - Sync 1 DAGs
[2023-12-19T17:38:12.968+0300] {logging_mixin.py:188} INFO - [2023-12-19T17:38:12.968+0300] {dag.py:3820} INFO - Setting next_dagrun for tutorial_taskflow_api_virtualenv to None, run_after=None
[2023-12-19T17:38:13.103+0300] {processor.py:183} INFO - Processing /home/hp/.local/lib/python3.10/site-packages/airflow/example_dags/tutorial_taskflow_api_virtualenv.py took 0.241 seconds
[2023-12-20T00:07:49.370+0300] {processor.py:161} INFO - Started process (PID=19645) to work on /home/hp/.local/lib/python3.10/site-packages/airflow/example_dags/tutorial_taskflow_api_virtualenv.py
[2023-12-20T00:07:49.372+0300] {processor.py:830} INFO - Processing file /home/hp/.local/lib/python3.10/site-packages/airflow/example_dags/tutorial_taskflow_api_virtualenv.py for tasks to queue
[2023-12-20T00:07:49.373+0300] {logging_mixin.py:188} INFO - [2023-12-20T00:07:49.372+0300] {dagbag.py:538} INFO - Filling up the DagBag from /home/hp/.local/lib/python3.10/site-packages/airflow/example_dags/tutorial_taskflow_api_virtualenv.py
[2023-12-20T00:07:49.384+0300] {processor.py:840} INFO - DAG(s) 'tutorial_taskflow_api_virtualenv' retrieved from /home/hp/.local/lib/python3.10/site-packages/airflow/example_dags/tutorial_taskflow_api_virtualenv.py
[2023-12-20T00:07:49.410+0300] {logging_mixin.py:188} INFO - [2023-12-20T00:07:49.410+0300] {dag.py:3033} INFO - Sync 1 DAGs
[2023-12-20T00:07:49.422+0300] {logging_mixin.py:188} INFO - [2023-12-20T00:07:49.422+0300] {dag.py:3820} INFO - Setting next_dagrun for tutorial_taskflow_api_virtualenv to None, run_after=None
[2023-12-20T00:07:49.678+0300] {processor.py:183} INFO - Processing /home/hp/.local/lib/python3.10/site-packages/airflow/example_dags/tutorial_taskflow_api_virtualenv.py took 0.314 seconds
[2023-12-20T00:08:59.105+0300] {processor.py:161} INFO - Started process (PID=19734) to work on /home/hp/.local/lib/python3.10/site-packages/airflow/example_dags/tutorial_taskflow_api_virtualenv.py
[2023-12-20T00:08:59.123+0300] {processor.py:830} INFO - Processing file /home/hp/.local/lib/python3.10/site-packages/airflow/example_dags/tutorial_taskflow_api_virtualenv.py for tasks to queue
[2023-12-20T00:08:59.124+0300] {logging_mixin.py:188} INFO - [2023-12-20T00:08:59.124+0300] {dagbag.py:538} INFO - Filling up the DagBag from /home/hp/.local/lib/python3.10/site-packages/airflow/example_dags/tutorial_taskflow_api_virtualenv.py
[2023-12-20T00:08:59.132+0300] {processor.py:840} INFO - DAG(s) 'tutorial_taskflow_api_virtualenv' retrieved from /home/hp/.local/lib/python3.10/site-packages/airflow/example_dags/tutorial_taskflow_api_virtualenv.py
[2023-12-20T00:08:59.150+0300] {logging_mixin.py:188} INFO - [2023-12-20T00:08:59.149+0300] {dag.py:3033} INFO - Sync 1 DAGs
[2023-12-20T00:08:59.163+0300] {logging_mixin.py:188} INFO - [2023-12-20T00:08:59.163+0300] {dag.py:3820} INFO - Setting next_dagrun for tutorial_taskflow_api_virtualenv to None, run_after=None
[2023-12-20T00:08:59.308+0300] {processor.py:183} INFO - Processing /home/hp/.local/lib/python3.10/site-packages/airflow/example_dags/tutorial_taskflow_api_virtualenv.py took 0.207 seconds
[2023-12-20T00:09:59.107+0300] {processor.py:161} INFO - Started process (PID=19800) to work on /home/hp/.local/lib/python3.10/site-packages/airflow/example_dags/tutorial_taskflow_api_virtualenv.py
[2023-12-20T00:09:59.108+0300] {processor.py:830} INFO - Processing file /home/hp/.local/lib/python3.10/site-packages/airflow/example_dags/tutorial_taskflow_api_virtualenv.py for tasks to queue
[2023-12-20T00:09:59.109+0300] {logging_mixin.py:188} INFO - [2023-12-20T00:09:59.108+0300] {dagbag.py:538} INFO - Filling up the DagBag from /home/hp/.local/lib/python3.10/site-packages/airflow/example_dags/tutorial_taskflow_api_virtualenv.py
[2023-12-20T00:09:59.116+0300] {processor.py:840} INFO - DAG(s) 'tutorial_taskflow_api_virtualenv' retrieved from /home/hp/.local/lib/python3.10/site-packages/airflow/example_dags/tutorial_taskflow_api_virtualenv.py
[2023-12-20T00:09:59.131+0300] {logging_mixin.py:188} INFO - [2023-12-20T00:09:59.131+0300] {dag.py:3033} INFO - Sync 1 DAGs
[2023-12-20T00:09:59.142+0300] {logging_mixin.py:188} INFO - [2023-12-20T00:09:59.142+0300] {dag.py:3820} INFO - Setting next_dagrun for tutorial_taskflow_api_virtualenv to None, run_after=None
[2023-12-20T00:09:59.314+0300] {processor.py:183} INFO - Processing /home/hp/.local/lib/python3.10/site-packages/airflow/example_dags/tutorial_taskflow_api_virtualenv.py took 0.211 seconds
[2023-12-20T00:10:58.137+0300] {processor.py:161} INFO - Started process (PID=19861) to work on /home/hp/.local/lib/python3.10/site-packages/airflow/example_dags/tutorial_taskflow_api_virtualenv.py
[2023-12-20T00:10:58.178+0300] {processor.py:830} INFO - Processing file /home/hp/.local/lib/python3.10/site-packages/airflow/example_dags/tutorial_taskflow_api_virtualenv.py for tasks to queue
[2023-12-20T00:10:58.180+0300] {logging_mixin.py:188} INFO - [2023-12-20T00:10:58.179+0300] {dagbag.py:538} INFO - Filling up the DagBag from /home/hp/.local/lib/python3.10/site-packages/airflow/example_dags/tutorial_taskflow_api_virtualenv.py
[2023-12-20T00:10:58.212+0300] {processor.py:840} INFO - DAG(s) 'tutorial_taskflow_api_virtualenv' retrieved from /home/hp/.local/lib/python3.10/site-packages/airflow/example_dags/tutorial_taskflow_api_virtualenv.py
[2023-12-20T00:10:58.233+0300] {logging_mixin.py:188} INFO - [2023-12-20T00:10:58.233+0300] {dag.py:3033} INFO - Sync 1 DAGs
[2023-12-20T00:10:58.244+0300] {logging_mixin.py:188} INFO - [2023-12-20T00:10:58.244+0300] {dag.py:3820} INFO - Setting next_dagrun for tutorial_taskflow_api_virtualenv to None, run_after=None
[2023-12-20T00:10:58.380+0300] {processor.py:183} INFO - Processing /home/hp/.local/lib/python3.10/site-packages/airflow/example_dags/tutorial_taskflow_api_virtualenv.py took 0.246 seconds
[2023-12-20T00:12:02.195+0300] {processor.py:161} INFO - Started process (PID=19924) to work on /home/hp/.local/lib/python3.10/site-packages/airflow/example_dags/tutorial_taskflow_api_virtualenv.py
[2023-12-20T00:12:02.209+0300] {processor.py:830} INFO - Processing file /home/hp/.local/lib/python3.10/site-packages/airflow/example_dags/tutorial_taskflow_api_virtualenv.py for tasks to queue
[2023-12-20T00:12:02.210+0300] {logging_mixin.py:188} INFO - [2023-12-20T00:12:02.210+0300] {dagbag.py:538} INFO - Filling up the DagBag from /home/hp/.local/lib/python3.10/site-packages/airflow/example_dags/tutorial_taskflow_api_virtualenv.py
[2023-12-20T00:12:02.223+0300] {processor.py:840} INFO - DAG(s) 'tutorial_taskflow_api_virtualenv' retrieved from /home/hp/.local/lib/python3.10/site-packages/airflow/example_dags/tutorial_taskflow_api_virtualenv.py
[2023-12-20T00:12:02.246+0300] {logging_mixin.py:188} INFO - [2023-12-20T00:12:02.246+0300] {dag.py:3033} INFO - Sync 1 DAGs
[2023-12-20T00:12:02.257+0300] {logging_mixin.py:188} INFO - [2023-12-20T00:12:02.257+0300] {dag.py:3820} INFO - Setting next_dagrun for tutorial_taskflow_api_virtualenv to None, run_after=None
[2023-12-20T00:12:02.405+0300] {processor.py:183} INFO - Processing /home/hp/.local/lib/python3.10/site-packages/airflow/example_dags/tutorial_taskflow_api_virtualenv.py took 0.213 seconds
[2023-12-20T00:12:59.901+0300] {processor.py:161} INFO - Started process (PID=20003) to work on /home/hp/.local/lib/python3.10/site-packages/airflow/example_dags/tutorial_taskflow_api_virtualenv.py
[2023-12-20T00:12:59.956+0300] {processor.py:830} INFO - Processing file /home/hp/.local/lib/python3.10/site-packages/airflow/example_dags/tutorial_taskflow_api_virtualenv.py for tasks to queue
[2023-12-20T00:12:59.960+0300] {logging_mixin.py:188} INFO - [2023-12-20T00:12:59.959+0300] {dagbag.py:538} INFO - Filling up the DagBag from /home/hp/.local/lib/python3.10/site-packages/airflow/example_dags/tutorial_taskflow_api_virtualenv.py
[2023-12-20T00:12:59.992+0300] {processor.py:840} INFO - DAG(s) 'tutorial_taskflow_api_virtualenv' retrieved from /home/hp/.local/lib/python3.10/site-packages/airflow/example_dags/tutorial_taskflow_api_virtualenv.py
[2023-12-20T00:13:00.013+0300] {logging_mixin.py:188} INFO - [2023-12-20T00:13:00.013+0300] {dag.py:3033} INFO - Sync 1 DAGs
[2023-12-20T00:13:00.024+0300] {logging_mixin.py:188} INFO - [2023-12-20T00:13:00.024+0300] {dag.py:3820} INFO - Setting next_dagrun for tutorial_taskflow_api_virtualenv to None, run_after=None
[2023-12-20T00:13:00.174+0300] {processor.py:183} INFO - Processing /home/hp/.local/lib/python3.10/site-packages/airflow/example_dags/tutorial_taskflow_api_virtualenv.py took 0.277 seconds
