[2023-12-19T17:31:00.139+0300] {processor.py:161} INFO - Started process (PID=3965) to work on /home/hp/.local/lib/python3.10/site-packages/airflow/example_dags/tutorial.py
[2023-12-19T17:31:00.140+0300] {processor.py:830} INFO - Processing file /home/hp/.local/lib/python3.10/site-packages/airflow/example_dags/tutorial.py for tasks to queue
[2023-12-19T17:31:00.141+0300] {logging_mixin.py:188} INFO - [2023-12-19T17:31:00.140+0300] {dagbag.py:538} INFO - Filling up the DagBag from /home/hp/.local/lib/python3.10/site-packages/airflow/example_dags/tutorial.py
[2023-12-19T17:31:00.152+0300] {processor.py:840} INFO - DAG(s) 'tutorial' retrieved from /home/hp/.local/lib/python3.10/site-packages/airflow/example_dags/tutorial.py
[2023-12-19T17:31:00.518+0300] {logging_mixin.py:188} INFO - [2023-12-19T17:31:00.515+0300] {override.py:1769} INFO - Created Permission View: can read on DAG:tutorial
[2023-12-19T17:31:00.639+0300] {logging_mixin.py:188} INFO - [2023-12-19T17:31:00.638+0300] {override.py:1769} INFO - Created Permission View: can delete on DAG:tutorial
[2023-12-19T17:31:00.750+0300] {logging_mixin.py:188} INFO - [2023-12-19T17:31:00.749+0300] {override.py:1769} INFO - Created Permission View: can edit on DAG:tutorial
[2023-12-19T17:31:00.751+0300] {logging_mixin.py:188} INFO - [2023-12-19T17:31:00.751+0300] {dag.py:3033} INFO - Sync 1 DAGs
[2023-12-19T17:31:00.790+0300] {logging_mixin.py:188} INFO - [2023-12-19T17:31:00.790+0300] {dag.py:3055} INFO - Creating ORM DAG for tutorial
[2023-12-19T17:31:00.802+0300] {logging_mixin.py:188} INFO - [2023-12-19T17:31:00.802+0300] {dag.py:3820} INFO - Setting next_dagrun for tutorial to 2023-12-18T00:00:00+00:00, run_after=2023-12-19T00:00:00+00:00
[2023-12-19T17:31:01.071+0300] {processor.py:183} INFO - Processing /home/hp/.local/lib/python3.10/site-packages/airflow/example_dags/tutorial.py took 0.936 seconds
[2023-12-19T17:32:38.334+0300] {processor.py:161} INFO - Started process (PID=4030) to work on /home/hp/.local/lib/python3.10/site-packages/airflow/example_dags/tutorial.py
[2023-12-19T17:32:38.352+0300] {processor.py:830} INFO - Processing file /home/hp/.local/lib/python3.10/site-packages/airflow/example_dags/tutorial.py for tasks to queue
[2023-12-19T17:32:38.353+0300] {logging_mixin.py:188} INFO - [2023-12-19T17:32:38.353+0300] {dagbag.py:538} INFO - Filling up the DagBag from /home/hp/.local/lib/python3.10/site-packages/airflow/example_dags/tutorial.py
[2023-12-19T17:32:38.361+0300] {processor.py:840} INFO - DAG(s) 'tutorial' retrieved from /home/hp/.local/lib/python3.10/site-packages/airflow/example_dags/tutorial.py
[2023-12-19T17:32:38.378+0300] {logging_mixin.py:188} INFO - [2023-12-19T17:32:38.378+0300] {dag.py:3033} INFO - Sync 1 DAGs
[2023-12-19T17:32:38.399+0300] {logging_mixin.py:188} INFO - [2023-12-19T17:32:38.399+0300] {dag.py:3820} INFO - Setting next_dagrun for tutorial to 2023-12-18T00:00:00+00:00, run_after=2023-12-19T00:00:00+00:00
[2023-12-19T17:32:38.536+0300] {processor.py:183} INFO - Processing /home/hp/.local/lib/python3.10/site-packages/airflow/example_dags/tutorial.py took 0.206 seconds
[2023-12-19T17:33:20.303+0300] {processor.py:161} INFO - Started process (PID=4076) to work on /home/hp/.local/lib/python3.10/site-packages/airflow/example_dags/tutorial.py
[2023-12-19T17:33:20.321+0300] {processor.py:830} INFO - Processing file /home/hp/.local/lib/python3.10/site-packages/airflow/example_dags/tutorial.py for tasks to queue
[2023-12-19T17:33:20.322+0300] {logging_mixin.py:188} INFO - [2023-12-19T17:33:20.322+0300] {dagbag.py:538} INFO - Filling up the DagBag from /home/hp/.local/lib/python3.10/site-packages/airflow/example_dags/tutorial.py
[2023-12-19T17:33:20.334+0300] {processor.py:840} INFO - DAG(s) 'tutorial' retrieved from /home/hp/.local/lib/python3.10/site-packages/airflow/example_dags/tutorial.py
[2023-12-19T17:33:20.354+0300] {logging_mixin.py:188} INFO - [2023-12-19T17:33:20.354+0300] {dag.py:3033} INFO - Sync 1 DAGs
[2023-12-19T17:33:20.376+0300] {logging_mixin.py:188} INFO - [2023-12-19T17:33:20.376+0300] {dag.py:3820} INFO - Setting next_dagrun for tutorial to 2023-12-18T00:00:00+00:00, run_after=2023-12-19T00:00:00+00:00
[2023-12-19T17:33:20.495+0300] {processor.py:183} INFO - Processing /home/hp/.local/lib/python3.10/site-packages/airflow/example_dags/tutorial.py took 0.197 seconds
[2023-12-19T17:34:18.261+0300] {processor.py:161} INFO - Started process (PID=4305) to work on /home/hp/.local/lib/python3.10/site-packages/airflow/example_dags/tutorial.py
[2023-12-19T17:34:18.283+0300] {processor.py:830} INFO - Processing file /home/hp/.local/lib/python3.10/site-packages/airflow/example_dags/tutorial.py for tasks to queue
[2023-12-19T17:34:18.285+0300] {logging_mixin.py:188} INFO - [2023-12-19T17:34:18.284+0300] {dagbag.py:538} INFO - Filling up the DagBag from /home/hp/.local/lib/python3.10/site-packages/airflow/example_dags/tutorial.py
[2023-12-19T17:34:18.296+0300] {processor.py:840} INFO - DAG(s) 'tutorial' retrieved from /home/hp/.local/lib/python3.10/site-packages/airflow/example_dags/tutorial.py
[2023-12-19T17:34:18.318+0300] {logging_mixin.py:188} INFO - [2023-12-19T17:34:18.318+0300] {dag.py:3033} INFO - Sync 1 DAGs
[2023-12-19T17:34:18.341+0300] {logging_mixin.py:188} INFO - [2023-12-19T17:34:18.341+0300] {dag.py:3820} INFO - Setting next_dagrun for tutorial to 2023-12-18T00:00:00+00:00, run_after=2023-12-19T00:00:00+00:00
[2023-12-19T17:34:18.458+0300] {processor.py:183} INFO - Processing /home/hp/.local/lib/python3.10/site-packages/airflow/example_dags/tutorial.py took 0.205 seconds
[2023-12-19T17:35:18.880+0300] {processor.py:161} INFO - Started process (PID=4376) to work on /home/hp/.local/lib/python3.10/site-packages/airflow/example_dags/tutorial.py
[2023-12-19T17:35:18.898+0300] {processor.py:830} INFO - Processing file /home/hp/.local/lib/python3.10/site-packages/airflow/example_dags/tutorial.py for tasks to queue
[2023-12-19T17:35:18.903+0300] {logging_mixin.py:188} INFO - [2023-12-19T17:35:18.902+0300] {dagbag.py:538} INFO - Filling up the DagBag from /home/hp/.local/lib/python3.10/site-packages/airflow/example_dags/tutorial.py
[2023-12-19T17:35:18.920+0300] {processor.py:840} INFO - DAG(s) 'tutorial' retrieved from /home/hp/.local/lib/python3.10/site-packages/airflow/example_dags/tutorial.py
[2023-12-19T17:35:18.938+0300] {logging_mixin.py:188} INFO - [2023-12-19T17:35:18.938+0300] {dag.py:3033} INFO - Sync 1 DAGs
[2023-12-19T17:35:18.962+0300] {logging_mixin.py:188} INFO - [2023-12-19T17:35:18.962+0300] {dag.py:3820} INFO - Setting next_dagrun for tutorial to 2023-12-18T00:00:00+00:00, run_after=2023-12-19T00:00:00+00:00
[2023-12-19T17:35:19.090+0300] {processor.py:183} INFO - Processing /home/hp/.local/lib/python3.10/site-packages/airflow/example_dags/tutorial.py took 0.214 seconds
[2023-12-19T17:35:49.993+0300] {processor.py:161} INFO - Started process (PID=4404) to work on /home/hp/.local/lib/python3.10/site-packages/airflow/example_dags/tutorial.py
[2023-12-19T17:35:50.016+0300] {processor.py:830} INFO - Processing file /home/hp/.local/lib/python3.10/site-packages/airflow/example_dags/tutorial.py for tasks to queue
[2023-12-19T17:35:50.018+0300] {logging_mixin.py:188} INFO - [2023-12-19T17:35:50.017+0300] {dagbag.py:538} INFO - Filling up the DagBag from /home/hp/.local/lib/python3.10/site-packages/airflow/example_dags/tutorial.py
[2023-12-19T17:35:50.033+0300] {processor.py:840} INFO - DAG(s) 'tutorial' retrieved from /home/hp/.local/lib/python3.10/site-packages/airflow/example_dags/tutorial.py
[2023-12-19T17:35:50.056+0300] {logging_mixin.py:188} INFO - [2023-12-19T17:35:50.056+0300] {dag.py:3033} INFO - Sync 1 DAGs
[2023-12-19T17:35:50.076+0300] {logging_mixin.py:188} INFO - [2023-12-19T17:35:50.075+0300] {dag.py:3820} INFO - Setting next_dagrun for tutorial to 2023-12-18T00:00:00+00:00, run_after=2023-12-19T00:00:00+00:00
[2023-12-19T17:35:50.204+0300] {processor.py:183} INFO - Processing /home/hp/.local/lib/python3.10/site-packages/airflow/example_dags/tutorial.py took 0.214 seconds
[2023-12-19T17:36:48.084+0300] {processor.py:161} INFO - Started process (PID=4502) to work on /home/hp/.local/lib/python3.10/site-packages/airflow/example_dags/tutorial.py
[2023-12-19T17:36:48.109+0300] {processor.py:830} INFO - Processing file /home/hp/.local/lib/python3.10/site-packages/airflow/example_dags/tutorial.py for tasks to queue
[2023-12-19T17:36:48.111+0300] {logging_mixin.py:188} INFO - [2023-12-19T17:36:48.110+0300] {dagbag.py:538} INFO - Filling up the DagBag from /home/hp/.local/lib/python3.10/site-packages/airflow/example_dags/tutorial.py
[2023-12-19T17:36:48.127+0300] {processor.py:840} INFO - DAG(s) 'tutorial' retrieved from /home/hp/.local/lib/python3.10/site-packages/airflow/example_dags/tutorial.py
[2023-12-19T17:36:48.150+0300] {logging_mixin.py:188} INFO - [2023-12-19T17:36:48.150+0300] {dag.py:3033} INFO - Sync 1 DAGs
[2023-12-19T17:36:48.169+0300] {logging_mixin.py:188} INFO - [2023-12-19T17:36:48.169+0300] {dag.py:3820} INFO - Setting next_dagrun for tutorial to 2023-12-18T00:00:00+00:00, run_after=2023-12-19T00:00:00+00:00
[2023-12-19T17:36:48.301+0300] {processor.py:183} INFO - Processing /home/hp/.local/lib/python3.10/site-packages/airflow/example_dags/tutorial.py took 0.223 seconds
[2023-12-19T17:37:43.745+0300] {processor.py:161} INFO - Started process (PID=4558) to work on /home/hp/.local/lib/python3.10/site-packages/airflow/example_dags/tutorial.py
[2023-12-19T17:37:43.756+0300] {processor.py:830} INFO - Processing file /home/hp/.local/lib/python3.10/site-packages/airflow/example_dags/tutorial.py for tasks to queue
[2023-12-19T17:37:43.758+0300] {logging_mixin.py:188} INFO - [2023-12-19T17:37:43.757+0300] {dagbag.py:538} INFO - Filling up the DagBag from /home/hp/.local/lib/python3.10/site-packages/airflow/example_dags/tutorial.py
[2023-12-19T17:37:43.776+0300] {processor.py:840} INFO - DAG(s) 'tutorial' retrieved from /home/hp/.local/lib/python3.10/site-packages/airflow/example_dags/tutorial.py
[2023-12-19T17:37:43.796+0300] {logging_mixin.py:188} INFO - [2023-12-19T17:37:43.795+0300] {dag.py:3033} INFO - Sync 1 DAGs
[2023-12-19T17:37:43.819+0300] {logging_mixin.py:188} INFO - [2023-12-19T17:37:43.819+0300] {dag.py:3820} INFO - Setting next_dagrun for tutorial to 2023-12-18T00:00:00+00:00, run_after=2023-12-19T00:00:00+00:00
[2023-12-19T17:37:43.961+0300] {processor.py:183} INFO - Processing /home/hp/.local/lib/python3.10/site-packages/airflow/example_dags/tutorial.py took 0.224 seconds
[2023-12-20T00:07:45.881+0300] {processor.py:161} INFO - Started process (PID=19643) to work on /home/hp/.local/lib/python3.10/site-packages/airflow/example_dags/tutorial.py
[2023-12-20T00:07:45.900+0300] {processor.py:830} INFO - Processing file /home/hp/.local/lib/python3.10/site-packages/airflow/example_dags/tutorial.py for tasks to queue
[2023-12-20T00:07:45.906+0300] {logging_mixin.py:188} INFO - [2023-12-20T00:07:45.903+0300] {dagbag.py:538} INFO - Filling up the DagBag from /home/hp/.local/lib/python3.10/site-packages/airflow/example_dags/tutorial.py
[2023-12-20T00:07:45.980+0300] {processor.py:840} INFO - DAG(s) 'tutorial' retrieved from /home/hp/.local/lib/python3.10/site-packages/airflow/example_dags/tutorial.py
[2023-12-20T00:07:46.176+0300] {logging_mixin.py:188} INFO - [2023-12-20T00:07:46.175+0300] {dag.py:3033} INFO - Sync 1 DAGs
[2023-12-20T00:07:46.349+0300] {logging_mixin.py:188} INFO - [2023-12-20T00:07:46.348+0300] {dag.py:3820} INFO - Setting next_dagrun for tutorial to 2023-12-18T00:00:00+00:00, run_after=2023-12-19T00:00:00+00:00
[2023-12-20T00:07:46.612+0300] {processor.py:183} INFO - Processing /home/hp/.local/lib/python3.10/site-packages/airflow/example_dags/tutorial.py took 0.734 seconds
[2023-12-20T00:08:56.716+0300] {processor.py:161} INFO - Started process (PID=19732) to work on /home/hp/.local/lib/python3.10/site-packages/airflow/example_dags/tutorial.py
[2023-12-20T00:08:56.743+0300] {processor.py:830} INFO - Processing file /home/hp/.local/lib/python3.10/site-packages/airflow/example_dags/tutorial.py for tasks to queue
[2023-12-20T00:08:56.745+0300] {logging_mixin.py:188} INFO - [2023-12-20T00:08:56.744+0300] {dagbag.py:538} INFO - Filling up the DagBag from /home/hp/.local/lib/python3.10/site-packages/airflow/example_dags/tutorial.py
[2023-12-20T00:08:56.754+0300] {processor.py:840} INFO - DAG(s) 'tutorial' retrieved from /home/hp/.local/lib/python3.10/site-packages/airflow/example_dags/tutorial.py
[2023-12-20T00:08:56.773+0300] {logging_mixin.py:188} INFO - [2023-12-20T00:08:56.773+0300] {dag.py:3033} INFO - Sync 1 DAGs
[2023-12-20T00:08:56.793+0300] {logging_mixin.py:188} INFO - [2023-12-20T00:08:56.793+0300] {dag.py:3820} INFO - Setting next_dagrun for tutorial to 2023-12-18T00:00:00+00:00, run_after=2023-12-19T00:00:00+00:00
[2023-12-20T00:08:56.925+0300] {processor.py:183} INFO - Processing /home/hp/.local/lib/python3.10/site-packages/airflow/example_dags/tutorial.py took 0.213 seconds
[2023-12-20T00:09:27.883+0300] {processor.py:161} INFO - Started process (PID=19764) to work on /home/hp/.local/lib/python3.10/site-packages/airflow/example_dags/tutorial.py
[2023-12-20T00:09:27.884+0300] {processor.py:830} INFO - Processing file /home/hp/.local/lib/python3.10/site-packages/airflow/example_dags/tutorial.py for tasks to queue
[2023-12-20T00:09:27.885+0300] {logging_mixin.py:188} INFO - [2023-12-20T00:09:27.884+0300] {dagbag.py:538} INFO - Filling up the DagBag from /home/hp/.local/lib/python3.10/site-packages/airflow/example_dags/tutorial.py
[2023-12-20T00:09:27.894+0300] {processor.py:840} INFO - DAG(s) 'tutorial' retrieved from /home/hp/.local/lib/python3.10/site-packages/airflow/example_dags/tutorial.py
[2023-12-20T00:09:27.911+0300] {logging_mixin.py:188} INFO - [2023-12-20T00:09:27.911+0300] {dag.py:3033} INFO - Sync 1 DAGs
[2023-12-20T00:09:27.930+0300] {logging_mixin.py:188} INFO - [2023-12-20T00:09:27.930+0300] {dag.py:3820} INFO - Setting next_dagrun for tutorial to 2023-12-18T00:00:00+00:00, run_after=2023-12-19T00:00:00+00:00
[2023-12-20T00:09:28.076+0300] {processor.py:183} INFO - Processing /home/hp/.local/lib/python3.10/site-packages/airflow/example_dags/tutorial.py took 0.197 seconds
[2023-12-20T00:10:28.166+0300] {processor.py:161} INFO - Started process (PID=19831) to work on /home/hp/.local/lib/python3.10/site-packages/airflow/example_dags/tutorial.py
[2023-12-20T00:10:28.203+0300] {processor.py:830} INFO - Processing file /home/hp/.local/lib/python3.10/site-packages/airflow/example_dags/tutorial.py for tasks to queue
[2023-12-20T00:10:28.205+0300] {logging_mixin.py:188} INFO - [2023-12-20T00:10:28.204+0300] {dagbag.py:538} INFO - Filling up the DagBag from /home/hp/.local/lib/python3.10/site-packages/airflow/example_dags/tutorial.py
[2023-12-20T00:10:28.236+0300] {processor.py:840} INFO - DAG(s) 'tutorial' retrieved from /home/hp/.local/lib/python3.10/site-packages/airflow/example_dags/tutorial.py
[2023-12-20T00:10:28.256+0300] {logging_mixin.py:188} INFO - [2023-12-20T00:10:28.256+0300] {dag.py:3033} INFO - Sync 1 DAGs
[2023-12-20T00:10:28.275+0300] {logging_mixin.py:188} INFO - [2023-12-20T00:10:28.275+0300] {dag.py:3820} INFO - Setting next_dagrun for tutorial to 2023-12-18T00:00:00+00:00, run_after=2023-12-19T00:00:00+00:00
[2023-12-20T00:10:28.413+0300] {processor.py:183} INFO - Processing /home/hp/.local/lib/python3.10/site-packages/airflow/example_dags/tutorial.py took 0.251 seconds
[2023-12-20T00:11:27.243+0300] {processor.py:161} INFO - Started process (PID=19890) to work on /home/hp/.local/lib/python3.10/site-packages/airflow/example_dags/tutorial.py
[2023-12-20T00:11:27.244+0300] {processor.py:830} INFO - Processing file /home/hp/.local/lib/python3.10/site-packages/airflow/example_dags/tutorial.py for tasks to queue
[2023-12-20T00:11:27.245+0300] {logging_mixin.py:188} INFO - [2023-12-20T00:11:27.244+0300] {dagbag.py:538} INFO - Filling up the DagBag from /home/hp/.local/lib/python3.10/site-packages/airflow/example_dags/tutorial.py
[2023-12-20T00:11:27.252+0300] {processor.py:840} INFO - DAG(s) 'tutorial' retrieved from /home/hp/.local/lib/python3.10/site-packages/airflow/example_dags/tutorial.py
[2023-12-20T00:11:27.267+0300] {logging_mixin.py:188} INFO - [2023-12-20T00:11:27.266+0300] {dag.py:3033} INFO - Sync 1 DAGs
[2023-12-20T00:11:27.286+0300] {logging_mixin.py:188} INFO - [2023-12-20T00:11:27.286+0300] {dag.py:3820} INFO - Setting next_dagrun for tutorial to 2023-12-18T00:00:00+00:00, run_after=2023-12-19T00:00:00+00:00
[2023-12-20T00:11:27.437+0300] {processor.py:183} INFO - Processing /home/hp/.local/lib/python3.10/site-packages/airflow/example_dags/tutorial.py took 0.197 seconds
[2023-12-20T00:11:59.371+0300] {processor.py:161} INFO - Started process (PID=19921) to work on /home/hp/.local/lib/python3.10/site-packages/airflow/example_dags/tutorial.py
[2023-12-20T00:11:59.372+0300] {processor.py:830} INFO - Processing file /home/hp/.local/lib/python3.10/site-packages/airflow/example_dags/tutorial.py for tasks to queue
[2023-12-20T00:11:59.373+0300] {logging_mixin.py:188} INFO - [2023-12-20T00:11:59.373+0300] {dagbag.py:538} INFO - Filling up the DagBag from /home/hp/.local/lib/python3.10/site-packages/airflow/example_dags/tutorial.py
[2023-12-20T00:11:59.381+0300] {processor.py:840} INFO - DAG(s) 'tutorial' retrieved from /home/hp/.local/lib/python3.10/site-packages/airflow/example_dags/tutorial.py
[2023-12-20T00:11:59.398+0300] {logging_mixin.py:188} INFO - [2023-12-20T00:11:59.398+0300] {dag.py:3033} INFO - Sync 1 DAGs
[2023-12-20T00:11:59.416+0300] {logging_mixin.py:188} INFO - [2023-12-20T00:11:59.416+0300] {dag.py:3820} INFO - Setting next_dagrun for tutorial to 2023-12-18T00:00:00+00:00, run_after=2023-12-19T00:00:00+00:00
[2023-12-20T00:11:59.581+0300] {processor.py:183} INFO - Processing /home/hp/.local/lib/python3.10/site-packages/airflow/example_dags/tutorial.py took 0.214 seconds
[2023-12-20T00:12:30.446+0300] {processor.py:161} INFO - Started process (PID=19965) to work on /home/hp/.local/lib/python3.10/site-packages/airflow/example_dags/tutorial.py
[2023-12-20T00:12:30.447+0300] {processor.py:830} INFO - Processing file /home/hp/.local/lib/python3.10/site-packages/airflow/example_dags/tutorial.py for tasks to queue
[2023-12-20T00:12:30.448+0300] {logging_mixin.py:188} INFO - [2023-12-20T00:12:30.448+0300] {dagbag.py:538} INFO - Filling up the DagBag from /home/hp/.local/lib/python3.10/site-packages/airflow/example_dags/tutorial.py
[2023-12-20T00:12:30.457+0300] {processor.py:840} INFO - DAG(s) 'tutorial' retrieved from /home/hp/.local/lib/python3.10/site-packages/airflow/example_dags/tutorial.py
[2023-12-20T00:12:30.474+0300] {logging_mixin.py:188} INFO - [2023-12-20T00:12:30.474+0300] {dag.py:3033} INFO - Sync 1 DAGs
[2023-12-20T00:12:30.493+0300] {logging_mixin.py:188} INFO - [2023-12-20T00:12:30.493+0300] {dag.py:3820} INFO - Setting next_dagrun for tutorial to 2023-12-18T00:00:00+00:00, run_after=2023-12-19T00:00:00+00:00
[2023-12-20T00:12:30.614+0300] {processor.py:183} INFO - Processing /home/hp/.local/lib/python3.10/site-packages/airflow/example_dags/tutorial.py took 0.172 seconds
