[2023-12-19T17:31:14.607+0300] {processor.py:161} INFO - Started process (PID=3973) to work on /home/hp/.local/lib/python3.10/site-packages/airflow/example_dags/tutorial_taskflow_api.py
[2023-12-19T17:31:14.608+0300] {processor.py:830} INFO - Processing file /home/hp/.local/lib/python3.10/site-packages/airflow/example_dags/tutorial_taskflow_api.py for tasks to queue
[2023-12-19T17:31:14.609+0300] {logging_mixin.py:188} INFO - [2023-12-19T17:31:14.609+0300] {dagbag.py:538} INFO - Filling up the DagBag from /home/hp/.local/lib/python3.10/site-packages/airflow/example_dags/tutorial_taskflow_api.py
[2023-12-19T17:31:14.619+0300] {processor.py:840} INFO - DAG(s) 'tutorial_taskflow_api' retrieved from /home/hp/.local/lib/python3.10/site-packages/airflow/example_dags/tutorial_taskflow_api.py
[2023-12-19T17:31:14.952+0300] {logging_mixin.py:188} INFO - [2023-12-19T17:31:14.949+0300] {override.py:1769} INFO - Created Permission View: can read on DAG:tutorial_taskflow_api
[2023-12-19T17:31:15.073+0300] {logging_mixin.py:188} INFO - [2023-12-19T17:31:15.071+0300] {override.py:1769} INFO - Created Permission View: can delete on DAG:tutorial_taskflow_api
[2023-12-19T17:31:15.184+0300] {logging_mixin.py:188} INFO - [2023-12-19T17:31:15.183+0300] {override.py:1769} INFO - Created Permission View: can edit on DAG:tutorial_taskflow_api
[2023-12-19T17:31:15.185+0300] {logging_mixin.py:188} INFO - [2023-12-19T17:31:15.185+0300] {dag.py:3033} INFO - Sync 1 DAGs
[2023-12-19T17:31:15.223+0300] {logging_mixin.py:188} INFO - [2023-12-19T17:31:15.223+0300] {dag.py:3055} INFO - Creating ORM DAG for tutorial_taskflow_api
[2023-12-19T17:31:15.224+0300] {logging_mixin.py:188} INFO - [2023-12-19T17:31:15.224+0300] {dag.py:3820} INFO - Setting next_dagrun for tutorial_taskflow_api to None, run_after=None
[2023-12-19T17:31:15.483+0300] {processor.py:183} INFO - Processing /home/hp/.local/lib/python3.10/site-packages/airflow/example_dags/tutorial_taskflow_api.py took 0.881 seconds
[2023-12-19T17:32:47.140+0300] {processor.py:161} INFO - Started process (PID=4040) to work on /home/hp/.local/lib/python3.10/site-packages/airflow/example_dags/tutorial_taskflow_api.py
[2023-12-19T17:32:47.164+0300] {processor.py:830} INFO - Processing file /home/hp/.local/lib/python3.10/site-packages/airflow/example_dags/tutorial_taskflow_api.py for tasks to queue
[2023-12-19T17:32:47.165+0300] {logging_mixin.py:188} INFO - [2023-12-19T17:32:47.165+0300] {dagbag.py:538} INFO - Filling up the DagBag from /home/hp/.local/lib/python3.10/site-packages/airflow/example_dags/tutorial_taskflow_api.py
[2023-12-19T17:32:47.174+0300] {processor.py:840} INFO - DAG(s) 'tutorial_taskflow_api' retrieved from /home/hp/.local/lib/python3.10/site-packages/airflow/example_dags/tutorial_taskflow_api.py
[2023-12-19T17:32:47.194+0300] {logging_mixin.py:188} INFO - [2023-12-19T17:32:47.193+0300] {dag.py:3033} INFO - Sync 1 DAGs
[2023-12-19T17:32:47.205+0300] {logging_mixin.py:188} INFO - [2023-12-19T17:32:47.205+0300] {dag.py:3820} INFO - Setting next_dagrun for tutorial_taskflow_api to None, run_after=None
[2023-12-19T17:32:47.337+0300] {processor.py:183} INFO - Processing /home/hp/.local/lib/python3.10/site-packages/airflow/example_dags/tutorial_taskflow_api.py took 0.201 seconds
[2023-12-19T17:33:28.289+0300] {processor.py:161} INFO - Started process (PID=4223) to work on /home/hp/.local/lib/python3.10/site-packages/airflow/example_dags/tutorial_taskflow_api.py
[2023-12-19T17:33:28.310+0300] {processor.py:830} INFO - Processing file /home/hp/.local/lib/python3.10/site-packages/airflow/example_dags/tutorial_taskflow_api.py for tasks to queue
[2023-12-19T17:33:28.312+0300] {logging_mixin.py:188} INFO - [2023-12-19T17:33:28.311+0300] {dagbag.py:538} INFO - Filling up the DagBag from /home/hp/.local/lib/python3.10/site-packages/airflow/example_dags/tutorial_taskflow_api.py
[2023-12-19T17:33:28.319+0300] {processor.py:840} INFO - DAG(s) 'tutorial_taskflow_api' retrieved from /home/hp/.local/lib/python3.10/site-packages/airflow/example_dags/tutorial_taskflow_api.py
[2023-12-19T17:33:28.338+0300] {logging_mixin.py:188} INFO - [2023-12-19T17:33:28.338+0300] {dag.py:3033} INFO - Sync 1 DAGs
[2023-12-19T17:33:28.351+0300] {logging_mixin.py:188} INFO - [2023-12-19T17:33:28.351+0300] {dag.py:3820} INFO - Setting next_dagrun for tutorial_taskflow_api to None, run_after=None
[2023-12-19T17:33:28.504+0300] {processor.py:183} INFO - Processing /home/hp/.local/lib/python3.10/site-packages/airflow/example_dags/tutorial_taskflow_api.py took 0.219 seconds
[2023-12-19T17:34:27.773+0300] {processor.py:161} INFO - Started process (PID=4320) to work on /home/hp/.local/lib/python3.10/site-packages/airflow/example_dags/tutorial_taskflow_api.py
[2023-12-19T17:34:27.796+0300] {processor.py:830} INFO - Processing file /home/hp/.local/lib/python3.10/site-packages/airflow/example_dags/tutorial_taskflow_api.py for tasks to queue
[2023-12-19T17:34:27.801+0300] {logging_mixin.py:188} INFO - [2023-12-19T17:34:27.799+0300] {dagbag.py:538} INFO - Filling up the DagBag from /home/hp/.local/lib/python3.10/site-packages/airflow/example_dags/tutorial_taskflow_api.py
[2023-12-19T17:34:27.827+0300] {processor.py:840} INFO - DAG(s) 'tutorial_taskflow_api' retrieved from /home/hp/.local/lib/python3.10/site-packages/airflow/example_dags/tutorial_taskflow_api.py
[2023-12-19T17:34:27.846+0300] {logging_mixin.py:188} INFO - [2023-12-19T17:34:27.846+0300] {dag.py:3033} INFO - Sync 1 DAGs
[2023-12-19T17:34:27.857+0300] {logging_mixin.py:188} INFO - [2023-12-19T17:34:27.857+0300] {dag.py:3820} INFO - Setting next_dagrun for tutorial_taskflow_api to None, run_after=None
[2023-12-19T17:34:27.998+0300] {processor.py:183} INFO - Processing /home/hp/.local/lib/python3.10/site-packages/airflow/example_dags/tutorial_taskflow_api.py took 0.230 seconds
[2023-12-19T17:35:27.016+0300] {processor.py:161} INFO - Started process (PID=4384) to work on /home/hp/.local/lib/python3.10/site-packages/airflow/example_dags/tutorial_taskflow_api.py
[2023-12-19T17:35:27.042+0300] {processor.py:830} INFO - Processing file /home/hp/.local/lib/python3.10/site-packages/airflow/example_dags/tutorial_taskflow_api.py for tasks to queue
[2023-12-19T17:35:27.044+0300] {logging_mixin.py:188} INFO - [2023-12-19T17:35:27.043+0300] {dagbag.py:538} INFO - Filling up the DagBag from /home/hp/.local/lib/python3.10/site-packages/airflow/example_dags/tutorial_taskflow_api.py
[2023-12-19T17:35:27.056+0300] {processor.py:840} INFO - DAG(s) 'tutorial_taskflow_api' retrieved from /home/hp/.local/lib/python3.10/site-packages/airflow/example_dags/tutorial_taskflow_api.py
[2023-12-19T17:35:27.078+0300] {logging_mixin.py:188} INFO - [2023-12-19T17:35:27.078+0300] {dag.py:3033} INFO - Sync 1 DAGs
[2023-12-19T17:35:27.090+0300] {logging_mixin.py:188} INFO - [2023-12-19T17:35:27.089+0300] {dag.py:3820} INFO - Setting next_dagrun for tutorial_taskflow_api to None, run_after=None
[2023-12-19T17:35:27.223+0300] {processor.py:183} INFO - Processing /home/hp/.local/lib/python3.10/site-packages/airflow/example_dags/tutorial_taskflow_api.py took 0.211 seconds
[2023-12-19T17:36:26.306+0300] {processor.py:161} INFO - Started process (PID=4477) to work on /home/hp/.local/lib/python3.10/site-packages/airflow/example_dags/tutorial_taskflow_api.py
[2023-12-19T17:36:26.322+0300] {processor.py:830} INFO - Processing file /home/hp/.local/lib/python3.10/site-packages/airflow/example_dags/tutorial_taskflow_api.py for tasks to queue
[2023-12-19T17:36:26.323+0300] {logging_mixin.py:188} INFO - [2023-12-19T17:36:26.323+0300] {dagbag.py:538} INFO - Filling up the DagBag from /home/hp/.local/lib/python3.10/site-packages/airflow/example_dags/tutorial_taskflow_api.py
[2023-12-19T17:36:26.330+0300] {processor.py:840} INFO - DAG(s) 'tutorial_taskflow_api' retrieved from /home/hp/.local/lib/python3.10/site-packages/airflow/example_dags/tutorial_taskflow_api.py
[2023-12-19T17:36:26.346+0300] {logging_mixin.py:188} INFO - [2023-12-19T17:36:26.346+0300] {dag.py:3033} INFO - Sync 1 DAGs
[2023-12-19T17:36:26.357+0300] {logging_mixin.py:188} INFO - [2023-12-19T17:36:26.357+0300] {dag.py:3820} INFO - Setting next_dagrun for tutorial_taskflow_api to None, run_after=None
[2023-12-19T17:36:26.492+0300] {processor.py:183} INFO - Processing /home/hp/.local/lib/python3.10/site-packages/airflow/example_dags/tutorial_taskflow_api.py took 0.190 seconds
[2023-12-19T17:37:24.242+0300] {processor.py:161} INFO - Started process (PID=4540) to work on /home/hp/.local/lib/python3.10/site-packages/airflow/example_dags/tutorial_taskflow_api.py
[2023-12-19T17:37:24.248+0300] {processor.py:830} INFO - Processing file /home/hp/.local/lib/python3.10/site-packages/airflow/example_dags/tutorial_taskflow_api.py for tasks to queue
[2023-12-19T17:37:24.250+0300] {logging_mixin.py:188} INFO - [2023-12-19T17:37:24.249+0300] {dagbag.py:538} INFO - Filling up the DagBag from /home/hp/.local/lib/python3.10/site-packages/airflow/example_dags/tutorial_taskflow_api.py
[2023-12-19T17:37:24.266+0300] {processor.py:840} INFO - DAG(s) 'tutorial_taskflow_api' retrieved from /home/hp/.local/lib/python3.10/site-packages/airflow/example_dags/tutorial_taskflow_api.py
[2023-12-19T17:37:24.285+0300] {logging_mixin.py:188} INFO - [2023-12-19T17:37:24.285+0300] {dag.py:3033} INFO - Sync 1 DAGs
[2023-12-19T17:37:24.296+0300] {logging_mixin.py:188} INFO - [2023-12-19T17:37:24.296+0300] {dag.py:3820} INFO - Setting next_dagrun for tutorial_taskflow_api to None, run_after=None
[2023-12-19T17:37:24.431+0300] {processor.py:183} INFO - Processing /home/hp/.local/lib/python3.10/site-packages/airflow/example_dags/tutorial_taskflow_api.py took 0.198 seconds
[2023-12-19T17:38:19.492+0300] {processor.py:161} INFO - Started process (PID=4597) to work on /home/hp/.local/lib/python3.10/site-packages/airflow/example_dags/tutorial_taskflow_api.py
[2023-12-19T17:38:19.499+0300] {processor.py:830} INFO - Processing file /home/hp/.local/lib/python3.10/site-packages/airflow/example_dags/tutorial_taskflow_api.py for tasks to queue
[2023-12-19T17:38:19.500+0300] {logging_mixin.py:188} INFO - [2023-12-19T17:38:19.499+0300] {dagbag.py:538} INFO - Filling up the DagBag from /home/hp/.local/lib/python3.10/site-packages/airflow/example_dags/tutorial_taskflow_api.py
[2023-12-19T17:38:19.507+0300] {processor.py:840} INFO - DAG(s) 'tutorial_taskflow_api' retrieved from /home/hp/.local/lib/python3.10/site-packages/airflow/example_dags/tutorial_taskflow_api.py
[2023-12-19T17:38:19.522+0300] {logging_mixin.py:188} INFO - [2023-12-19T17:38:19.522+0300] {dag.py:3033} INFO - Sync 1 DAGs
[2023-12-19T17:38:19.533+0300] {logging_mixin.py:188} INFO - [2023-12-19T17:38:19.533+0300] {dag.py:3820} INFO - Setting next_dagrun for tutorial_taskflow_api to None, run_after=None
[2023-12-19T17:38:19.639+0300] {processor.py:183} INFO - Processing /home/hp/.local/lib/python3.10/site-packages/airflow/example_dags/tutorial_taskflow_api.py took 0.150 seconds
[2023-12-20T00:07:57.321+0300] {processor.py:161} INFO - Started process (PID=19671) to work on /home/hp/.local/lib/python3.10/site-packages/airflow/example_dags/tutorial_taskflow_api.py
[2023-12-20T00:07:57.334+0300] {processor.py:830} INFO - Processing file /home/hp/.local/lib/python3.10/site-packages/airflow/example_dags/tutorial_taskflow_api.py for tasks to queue
[2023-12-20T00:07:57.335+0300] {logging_mixin.py:188} INFO - [2023-12-20T00:07:57.334+0300] {dagbag.py:538} INFO - Filling up the DagBag from /home/hp/.local/lib/python3.10/site-packages/airflow/example_dags/tutorial_taskflow_api.py
[2023-12-20T00:07:57.345+0300] {processor.py:840} INFO - DAG(s) 'tutorial_taskflow_api' retrieved from /home/hp/.local/lib/python3.10/site-packages/airflow/example_dags/tutorial_taskflow_api.py
[2023-12-20T00:07:57.369+0300] {logging_mixin.py:188} INFO - [2023-12-20T00:07:57.369+0300] {dag.py:3033} INFO - Sync 1 DAGs
[2023-12-20T00:07:57.380+0300] {logging_mixin.py:188} INFO - [2023-12-20T00:07:57.380+0300] {dag.py:3820} INFO - Setting next_dagrun for tutorial_taskflow_api to None, run_after=None
[2023-12-20T00:07:57.623+0300] {processor.py:183} INFO - Processing /home/hp/.local/lib/python3.10/site-packages/airflow/example_dags/tutorial_taskflow_api.py took 0.306 seconds
[2023-12-20T00:09:05.043+0300] {processor.py:161} INFO - Started process (PID=19740) to work on /home/hp/.local/lib/python3.10/site-packages/airflow/example_dags/tutorial_taskflow_api.py
[2023-12-20T00:09:05.080+0300] {processor.py:830} INFO - Processing file /home/hp/.local/lib/python3.10/site-packages/airflow/example_dags/tutorial_taskflow_api.py for tasks to queue
[2023-12-20T00:09:05.084+0300] {logging_mixin.py:188} INFO - [2023-12-20T00:09:05.082+0300] {dagbag.py:538} INFO - Filling up the DagBag from /home/hp/.local/lib/python3.10/site-packages/airflow/example_dags/tutorial_taskflow_api.py
[2023-12-20T00:09:05.114+0300] {processor.py:840} INFO - DAG(s) 'tutorial_taskflow_api' retrieved from /home/hp/.local/lib/python3.10/site-packages/airflow/example_dags/tutorial_taskflow_api.py
[2023-12-20T00:09:05.135+0300] {logging_mixin.py:188} INFO - [2023-12-20T00:09:05.135+0300] {dag.py:3033} INFO - Sync 1 DAGs
[2023-12-20T00:09:05.147+0300] {logging_mixin.py:188} INFO - [2023-12-20T00:09:05.147+0300] {dag.py:3820} INFO - Setting next_dagrun for tutorial_taskflow_api to None, run_after=None
[2023-12-20T00:09:05.281+0300] {processor.py:183} INFO - Processing /home/hp/.local/lib/python3.10/site-packages/airflow/example_dags/tutorial_taskflow_api.py took 0.242 seconds
[2023-12-20T00:10:05.579+0300] {processor.py:161} INFO - Started process (PID=19806) to work on /home/hp/.local/lib/python3.10/site-packages/airflow/example_dags/tutorial_taskflow_api.py
[2023-12-20T00:10:05.615+0300] {processor.py:830} INFO - Processing file /home/hp/.local/lib/python3.10/site-packages/airflow/example_dags/tutorial_taskflow_api.py for tasks to queue
[2023-12-20T00:10:05.617+0300] {logging_mixin.py:188} INFO - [2023-12-20T00:10:05.616+0300] {dagbag.py:538} INFO - Filling up the DagBag from /home/hp/.local/lib/python3.10/site-packages/airflow/example_dags/tutorial_taskflow_api.py
[2023-12-20T00:10:05.631+0300] {processor.py:840} INFO - DAG(s) 'tutorial_taskflow_api' retrieved from /home/hp/.local/lib/python3.10/site-packages/airflow/example_dags/tutorial_taskflow_api.py
[2023-12-20T00:10:05.657+0300] {logging_mixin.py:188} INFO - [2023-12-20T00:10:05.657+0300] {dag.py:3033} INFO - Sync 1 DAGs
[2023-12-20T00:10:05.668+0300] {logging_mixin.py:188} INFO - [2023-12-20T00:10:05.668+0300] {dag.py:3820} INFO - Setting next_dagrun for tutorial_taskflow_api to None, run_after=None
[2023-12-20T00:10:05.814+0300] {processor.py:183} INFO - Processing /home/hp/.local/lib/python3.10/site-packages/airflow/example_dags/tutorial_taskflow_api.py took 0.238 seconds
[2023-12-20T00:11:04.083+0300] {processor.py:161} INFO - Started process (PID=19866) to work on /home/hp/.local/lib/python3.10/site-packages/airflow/example_dags/tutorial_taskflow_api.py
[2023-12-20T00:11:04.139+0300] {processor.py:830} INFO - Processing file /home/hp/.local/lib/python3.10/site-packages/airflow/example_dags/tutorial_taskflow_api.py for tasks to queue
[2023-12-20T00:11:04.143+0300] {logging_mixin.py:188} INFO - [2023-12-20T00:11:04.141+0300] {dagbag.py:538} INFO - Filling up the DagBag from /home/hp/.local/lib/python3.10/site-packages/airflow/example_dags/tutorial_taskflow_api.py
[2023-12-20T00:11:04.174+0300] {processor.py:840} INFO - DAG(s) 'tutorial_taskflow_api' retrieved from /home/hp/.local/lib/python3.10/site-packages/airflow/example_dags/tutorial_taskflow_api.py
[2023-12-20T00:11:04.197+0300] {logging_mixin.py:188} INFO - [2023-12-20T00:11:04.196+0300] {dag.py:3033} INFO - Sync 1 DAGs
[2023-12-20T00:11:04.208+0300] {logging_mixin.py:188} INFO - [2023-12-20T00:11:04.207+0300] {dag.py:3820} INFO - Setting next_dagrun for tutorial_taskflow_api to None, run_after=None
[2023-12-20T00:11:04.335+0300] {processor.py:183} INFO - Processing /home/hp/.local/lib/python3.10/site-packages/airflow/example_dags/tutorial_taskflow_api.py took 0.255 seconds
[2023-12-20T00:12:08.075+0300] {processor.py:161} INFO - Started process (PID=19932) to work on /home/hp/.local/lib/python3.10/site-packages/airflow/example_dags/tutorial_taskflow_api.py
[2023-12-20T00:12:08.076+0300] {processor.py:830} INFO - Processing file /home/hp/.local/lib/python3.10/site-packages/airflow/example_dags/tutorial_taskflow_api.py for tasks to queue
[2023-12-20T00:12:08.077+0300] {logging_mixin.py:188} INFO - [2023-12-20T00:12:08.077+0300] {dagbag.py:538} INFO - Filling up the DagBag from /home/hp/.local/lib/python3.10/site-packages/airflow/example_dags/tutorial_taskflow_api.py
[2023-12-20T00:12:08.085+0300] {processor.py:840} INFO - DAG(s) 'tutorial_taskflow_api' retrieved from /home/hp/.local/lib/python3.10/site-packages/airflow/example_dags/tutorial_taskflow_api.py
[2023-12-20T00:12:08.104+0300] {logging_mixin.py:188} INFO - [2023-12-20T00:12:08.103+0300] {dag.py:3033} INFO - Sync 1 DAGs
[2023-12-20T00:12:08.117+0300] {logging_mixin.py:188} INFO - [2023-12-20T00:12:08.117+0300] {dag.py:3820} INFO - Setting next_dagrun for tutorial_taskflow_api to None, run_after=None
[2023-12-20T00:12:08.271+0300] {processor.py:183} INFO - Processing /home/hp/.local/lib/python3.10/site-packages/airflow/example_dags/tutorial_taskflow_api.py took 0.200 seconds
[2023-12-20T00:13:06.519+0300] {processor.py:161} INFO - Started process (PID=20011) to work on /home/hp/.local/lib/python3.10/site-packages/airflow/example_dags/tutorial_taskflow_api.py
[2023-12-20T00:13:06.521+0300] {processor.py:830} INFO - Processing file /home/hp/.local/lib/python3.10/site-packages/airflow/example_dags/tutorial_taskflow_api.py for tasks to queue
[2023-12-20T00:13:06.521+0300] {logging_mixin.py:188} INFO - [2023-12-20T00:13:06.521+0300] {dagbag.py:538} INFO - Filling up the DagBag from /home/hp/.local/lib/python3.10/site-packages/airflow/example_dags/tutorial_taskflow_api.py
[2023-12-20T00:13:06.529+0300] {processor.py:840} INFO - DAG(s) 'tutorial_taskflow_api' retrieved from /home/hp/.local/lib/python3.10/site-packages/airflow/example_dags/tutorial_taskflow_api.py
[2023-12-20T00:13:06.545+0300] {logging_mixin.py:188} INFO - [2023-12-20T00:13:06.545+0300] {dag.py:3033} INFO - Sync 1 DAGs
[2023-12-20T00:13:06.556+0300] {logging_mixin.py:188} INFO - [2023-12-20T00:13:06.556+0300] {dag.py:3820} INFO - Setting next_dagrun for tutorial_taskflow_api to None, run_after=None
[2023-12-20T00:13:06.706+0300] {processor.py:183} INFO - Processing /home/hp/.local/lib/python3.10/site-packages/airflow/example_dags/tutorial_taskflow_api.py took 0.190 seconds
