[2023-12-25T03:25:50.210+0000] {processor.py:161} INFO - Started process (PID=163) to work on /opt/airflow/dags/main.py
[2023-12-25T03:25:50.211+0000] {processor.py:830} INFO - Processing file /opt/airflow/dags/main.py for tasks to queue
[2023-12-25T03:25:50.212+0000] {logging_mixin.py:188} INFO - [2023-12-25T03:25:50.212+0000] {dagbag.py:538} INFO - Filling up the DagBag from /opt/airflow/dags/main.py
[2023-12-25T03:25:50.302+0000] {processor.py:840} INFO - DAG(s) 'example_dag' retrieved from /opt/airflow/dags/main.py
[2023-12-25T03:25:50.344+0000] {logging_mixin.py:188} INFO - [2023-12-25T03:25:50.344+0000] {dag.py:3033} INFO - Sync 1 DAGs
[2023-12-25T03:25:50.372+0000] {logging_mixin.py:188} INFO - [2023-12-25T03:25:50.372+0000] {dag.py:3820} INFO - Setting next_dagrun for example_dag to 2023-01-01T00:00:00+00:00, run_after=2023-01-02T00:00:00+00:00
[2023-12-25T03:25:50.415+0000] {processor.py:183} INFO - Processing /opt/airflow/dags/main.py took 0.211 seconds
[2023-12-25T03:26:20.975+0000] {processor.py:161} INFO - Started process (PID=168) to work on /opt/airflow/dags/main.py
[2023-12-25T03:26:20.986+0000] {processor.py:830} INFO - Processing file /opt/airflow/dags/main.py for tasks to queue
[2023-12-25T03:26:20.988+0000] {logging_mixin.py:188} INFO - [2023-12-25T03:26:20.987+0000] {dagbag.py:538} INFO - Filling up the DagBag from /opt/airflow/dags/main.py
[2023-12-25T03:26:21.034+0000] {processor.py:840} INFO - DAG(s) 'example_dag' retrieved from /opt/airflow/dags/main.py
[2023-12-25T03:26:22.395+0000] {logging_mixin.py:188} INFO - [2023-12-25T03:26:22.394+0000] {dag.py:3033} INFO - Sync 1 DAGs
[2023-12-25T03:26:22.454+0000] {logging_mixin.py:188} INFO - [2023-12-25T03:26:22.454+0000] {dag.py:3820} INFO - Setting next_dagrun for example_dag to 2023-01-01T00:00:00+00:00, run_after=2023-01-02T00:00:00+00:00
[2023-12-25T03:26:22.510+0000] {processor.py:183} INFO - Processing /opt/airflow/dags/main.py took 1.540 seconds
[2023-12-25T03:26:48.805+0000] {processor.py:161} INFO - Started process (PID=173) to work on /opt/airflow/dags/main.py
[2023-12-25T03:26:48.809+0000] {processor.py:830} INFO - Processing file /opt/airflow/dags/main.py for tasks to queue
[2023-12-25T03:26:48.810+0000] {logging_mixin.py:188} INFO - [2023-12-25T03:26:48.810+0000] {dagbag.py:538} INFO - Filling up the DagBag from /opt/airflow/dags/main.py
[2023-12-25T03:26:55.750+0000] {processor.py:840} INFO - DAG(s) 'traffic_flow' retrieved from /opt/airflow/dags/main.py
[2023-12-25T03:26:56.396+0000] {logging_mixin.py:188} INFO - [2023-12-25T03:26:56.395+0000] {override.py:1769} INFO - Created Permission View: can read on DAG:traffic_flow
[2023-12-25T03:26:56.429+0000] {logging_mixin.py:188} INFO - [2023-12-25T03:26:56.428+0000] {override.py:1769} INFO - Created Permission View: can delete on DAG:traffic_flow
[2023-12-25T03:26:56.451+0000] {logging_mixin.py:188} INFO - [2023-12-25T03:26:56.450+0000] {override.py:1769} INFO - Created Permission View: can edit on DAG:traffic_flow
[2023-12-25T03:26:56.453+0000] {logging_mixin.py:188} INFO - [2023-12-25T03:26:56.452+0000] {dag.py:3033} INFO - Sync 1 DAGs
[2023-12-25T03:26:56.499+0000] {logging_mixin.py:188} INFO - [2023-12-25T03:26:56.497+0000] {dag.py:3055} INFO - Creating ORM DAG for traffic_flow
[2023-12-25T03:26:56.607+0000] {logging_mixin.py:188} INFO - [2023-12-25T03:26:56.606+0000] {dag.py:3820} INFO - Setting next_dagrun for traffic_flow to 2023-01-01T00:00:00+00:00, run_after=2023-01-02T00:00:00+00:00
[2023-12-25T03:26:57.136+0000] {processor.py:183} INFO - Processing /opt/airflow/dags/main.py took 8.350 seconds
[2023-12-25T03:27:27.504+0000] {processor.py:161} INFO - Started process (PID=179) to work on /opt/airflow/dags/main.py
[2023-12-25T03:27:27.567+0000] {processor.py:830} INFO - Processing file /opt/airflow/dags/main.py for tasks to queue
[2023-12-25T03:27:27.574+0000] {logging_mixin.py:188} INFO - [2023-12-25T03:27:27.572+0000] {dagbag.py:538} INFO - Filling up the DagBag from /opt/airflow/dags/main.py
[2023-12-25T03:27:28.807+0000] {processor.py:840} INFO - DAG(s) 'traffic_flow' retrieved from /opt/airflow/dags/main.py
[2023-12-25T03:27:28.868+0000] {logging_mixin.py:188} INFO - [2023-12-25T03:27:28.867+0000] {dag.py:3033} INFO - Sync 1 DAGs
[2023-12-25T03:27:29.004+0000] {logging_mixin.py:188} INFO - [2023-12-25T03:27:29.003+0000] {dag.py:3820} INFO - Setting next_dagrun for traffic_flow to 2023-01-01T00:00:00+00:00, run_after=2023-01-02T00:00:00+00:00
[2023-12-25T03:28:14.371+0000] {processor.py:161} INFO - Started process (PID=162) to work on /opt/airflow/dags/main.py
[2023-12-25T03:28:14.372+0000] {processor.py:830} INFO - Processing file /opt/airflow/dags/main.py for tasks to queue
[2023-12-25T03:28:14.374+0000] {logging_mixin.py:188} INFO - [2023-12-25T03:28:14.373+0000] {dagbag.py:538} INFO - Filling up the DagBag from /opt/airflow/dags/main.py
[2023-12-25T03:28:14.762+0000] {processor.py:840} INFO - DAG(s) 'traffic_flow' retrieved from /opt/airflow/dags/main.py
[2023-12-25T03:28:14.802+0000] {logging_mixin.py:188} INFO - [2023-12-25T03:28:14.801+0000] {dag.py:3033} INFO - Sync 1 DAGs
[2023-12-25T03:28:14.836+0000] {logging_mixin.py:188} INFO - [2023-12-25T03:28:14.835+0000] {dag.py:3820} INFO - Setting next_dagrun for traffic_flow to 2023-01-01T00:00:00+00:00, run_after=2023-01-02T00:00:00+00:00
[2023-12-25T03:28:14.869+0000] {processor.py:183} INFO - Processing /opt/airflow/dags/main.py took 0.504 seconds
[2023-12-25T03:28:45.154+0000] {processor.py:161} INFO - Started process (PID=169) to work on /opt/airflow/dags/main.py
[2023-12-25T03:28:45.161+0000] {processor.py:830} INFO - Processing file /opt/airflow/dags/main.py for tasks to queue
[2023-12-25T03:28:45.166+0000] {logging_mixin.py:188} INFO - [2023-12-25T03:28:45.164+0000] {dagbag.py:538} INFO - Filling up the DagBag from /opt/airflow/dags/main.py
[2023-12-25T03:28:45.697+0000] {processor.py:840} INFO - DAG(s) 'traffic_flow' retrieved from /opt/airflow/dags/main.py
[2023-12-25T03:28:45.911+0000] {logging_mixin.py:188} INFO - [2023-12-25T03:28:45.910+0000] {dag.py:3033} INFO - Sync 1 DAGs
[2023-12-25T03:28:46.176+0000] {logging_mixin.py:188} INFO - [2023-12-25T03:28:46.176+0000] {dag.py:3820} INFO - Setting next_dagrun for traffic_flow to 2023-01-01T00:00:00+00:00, run_after=2023-01-02T00:00:00+00:00
[2023-12-25T03:28:46.276+0000] {processor.py:183} INFO - Processing /opt/airflow/dags/main.py took 1.146 seconds
[2023-12-25T03:29:16.479+0000] {processor.py:161} INFO - Started process (PID=175) to work on /opt/airflow/dags/main.py
[2023-12-25T03:29:16.503+0000] {processor.py:830} INFO - Processing file /opt/airflow/dags/main.py for tasks to queue
[2023-12-25T03:29:16.506+0000] {logging_mixin.py:188} INFO - [2023-12-25T03:29:16.505+0000] {dagbag.py:538} INFO - Filling up the DagBag from /opt/airflow/dags/main.py
[2023-12-25T03:29:17.492+0000] {processor.py:840} INFO - DAG(s) 'traffic_flow' retrieved from /opt/airflow/dags/main.py
[2023-12-25T03:29:17.531+0000] {logging_mixin.py:188} INFO - [2023-12-25T03:29:17.529+0000] {dag.py:3033} INFO - Sync 1 DAGs
[2023-12-25T03:29:17.556+0000] {logging_mixin.py:188} INFO - [2023-12-25T03:29:17.556+0000] {dag.py:3820} INFO - Setting next_dagrun for traffic_flow to 2023-01-01T00:00:00+00:00, run_after=2023-01-02T00:00:00+00:00
[2023-12-25T03:29:17.602+0000] {processor.py:183} INFO - Processing /opt/airflow/dags/main.py took 1.143 seconds
[2023-12-25T03:29:47.860+0000] {processor.py:161} INFO - Started process (PID=181) to work on /opt/airflow/dags/main.py
[2023-12-25T03:29:47.861+0000] {processor.py:830} INFO - Processing file /opt/airflow/dags/main.py for tasks to queue
[2023-12-25T03:29:47.862+0000] {logging_mixin.py:188} INFO - [2023-12-25T03:29:47.862+0000] {dagbag.py:538} INFO - Filling up the DagBag from /opt/airflow/dags/main.py
[2023-12-25T03:29:48.218+0000] {processor.py:840} INFO - DAG(s) 'traffic_flow' retrieved from /opt/airflow/dags/main.py
[2023-12-25T03:29:48.258+0000] {logging_mixin.py:188} INFO - [2023-12-25T03:29:48.257+0000] {dag.py:3033} INFO - Sync 1 DAGs
[2023-12-25T03:29:48.283+0000] {logging_mixin.py:188} INFO - [2023-12-25T03:29:48.282+0000] {dag.py:3820} INFO - Setting next_dagrun for traffic_flow to 2023-01-01T00:00:00+00:00, run_after=2023-01-02T00:00:00+00:00
[2023-12-25T03:29:48.389+0000] {processor.py:183} INFO - Processing /opt/airflow/dags/main.py took 0.534 seconds
[2023-12-25T03:30:18.723+0000] {processor.py:161} INFO - Started process (PID=187) to work on /opt/airflow/dags/main.py
[2023-12-25T03:30:18.750+0000] {processor.py:830} INFO - Processing file /opt/airflow/dags/main.py for tasks to queue
[2023-12-25T03:30:18.751+0000] {logging_mixin.py:188} INFO - [2023-12-25T03:30:18.751+0000] {dagbag.py:538} INFO - Filling up the DagBag from /opt/airflow/dags/main.py
[2023-12-25T03:30:19.139+0000] {processor.py:840} INFO - DAG(s) 'traffic_flow' retrieved from /opt/airflow/dags/main.py
[2023-12-25T03:30:19.178+0000] {logging_mixin.py:188} INFO - [2023-12-25T03:30:19.177+0000] {dag.py:3033} INFO - Sync 1 DAGs
[2023-12-25T03:30:19.203+0000] {logging_mixin.py:188} INFO - [2023-12-25T03:30:19.203+0000] {dag.py:3820} INFO - Setting next_dagrun for traffic_flow to 2023-01-01T00:00:00+00:00, run_after=2023-01-02T00:00:00+00:00
[2023-12-25T03:30:19.238+0000] {processor.py:183} INFO - Processing /opt/airflow/dags/main.py took 0.521 seconds
[2023-12-25T03:30:49.484+0000] {processor.py:161} INFO - Started process (PID=193) to work on /opt/airflow/dags/main.py
[2023-12-25T03:30:49.506+0000] {processor.py:830} INFO - Processing file /opt/airflow/dags/main.py for tasks to queue
[2023-12-25T03:30:49.508+0000] {logging_mixin.py:188} INFO - [2023-12-25T03:30:49.508+0000] {dagbag.py:538} INFO - Filling up the DagBag from /opt/airflow/dags/main.py
[2023-12-25T03:30:49.905+0000] {processor.py:840} INFO - DAG(s) 'traffic_flow' retrieved from /opt/airflow/dags/main.py
[2023-12-25T03:30:49.941+0000] {logging_mixin.py:188} INFO - [2023-12-25T03:30:49.940+0000] {dag.py:3033} INFO - Sync 1 DAGs
[2023-12-25T03:30:49.970+0000] {logging_mixin.py:188} INFO - [2023-12-25T03:30:49.970+0000] {dag.py:3820} INFO - Setting next_dagrun for traffic_flow to 2023-01-01T00:00:00+00:00, run_after=2023-01-02T00:00:00+00:00
[2023-12-25T03:30:49.999+0000] {processor.py:183} INFO - Processing /opt/airflow/dags/main.py took 0.531 seconds
[2023-12-25T03:31:20.324+0000] {processor.py:161} INFO - Started process (PID=199) to work on /opt/airflow/dags/main.py
[2023-12-25T03:31:20.351+0000] {processor.py:830} INFO - Processing file /opt/airflow/dags/main.py for tasks to queue
[2023-12-25T03:31:20.352+0000] {logging_mixin.py:188} INFO - [2023-12-25T03:31:20.352+0000] {dagbag.py:538} INFO - Filling up the DagBag from /opt/airflow/dags/main.py
[2023-12-25T03:31:20.805+0000] {processor.py:840} INFO - DAG(s) 'traffic_flow' retrieved from /opt/airflow/dags/main.py
[2023-12-25T03:31:20.841+0000] {logging_mixin.py:188} INFO - [2023-12-25T03:31:20.841+0000] {dag.py:3033} INFO - Sync 1 DAGs
[2023-12-25T03:31:20.965+0000] {logging_mixin.py:188} INFO - [2023-12-25T03:31:20.963+0000] {dag.py:3820} INFO - Setting next_dagrun for traffic_flow to 2023-01-01T00:00:00+00:00, run_after=2023-01-02T00:00:00+00:00
[2023-12-25T03:31:21.082+0000] {processor.py:183} INFO - Processing /opt/airflow/dags/main.py took 0.765 seconds
[2023-12-25T03:31:51.176+0000] {processor.py:161} INFO - Started process (PID=205) to work on /opt/airflow/dags/main.py
[2023-12-25T03:31:51.177+0000] {processor.py:830} INFO - Processing file /opt/airflow/dags/main.py for tasks to queue
[2023-12-25T03:31:51.178+0000] {logging_mixin.py:188} INFO - [2023-12-25T03:31:51.177+0000] {dagbag.py:538} INFO - Filling up the DagBag from /opt/airflow/dags/main.py
[2023-12-25T03:31:51.601+0000] {processor.py:840} INFO - DAG(s) 'traffic_flow' retrieved from /opt/airflow/dags/main.py
[2023-12-25T03:31:51.659+0000] {logging_mixin.py:188} INFO - [2023-12-25T03:31:51.658+0000] {dag.py:3033} INFO - Sync 1 DAGs
[2023-12-25T03:31:51.696+0000] {logging_mixin.py:188} INFO - [2023-12-25T03:31:51.695+0000] {dag.py:3820} INFO - Setting next_dagrun for traffic_flow to 2023-01-01T00:00:00+00:00, run_after=2023-01-02T00:00:00+00:00
[2023-12-25T03:31:51.830+0000] {processor.py:183} INFO - Processing /opt/airflow/dags/main.py took 0.659 seconds
[2023-12-25T03:32:22.182+0000] {processor.py:161} INFO - Started process (PID=211) to work on /opt/airflow/dags/main.py
[2023-12-25T03:32:22.187+0000] {processor.py:830} INFO - Processing file /opt/airflow/dags/main.py for tasks to queue
[2023-12-25T03:32:22.188+0000] {logging_mixin.py:188} INFO - [2023-12-25T03:32:22.188+0000] {dagbag.py:538} INFO - Filling up the DagBag from /opt/airflow/dags/main.py
[2023-12-25T03:32:22.812+0000] {processor.py:840} INFO - DAG(s) 'traffic_flow' retrieved from /opt/airflow/dags/main.py
[2023-12-25T03:32:23.102+0000] {logging_mixin.py:188} INFO - [2023-12-25T03:32:23.099+0000] {dag.py:3033} INFO - Sync 1 DAGs
[2023-12-25T03:32:23.141+0000] {logging_mixin.py:188} INFO - [2023-12-25T03:32:23.141+0000] {dag.py:3820} INFO - Setting next_dagrun for traffic_flow to 2023-01-01T00:00:00+00:00, run_after=2023-01-02T00:00:00+00:00
[2023-12-25T03:32:23.203+0000] {processor.py:183} INFO - Processing /opt/airflow/dags/main.py took 1.037 seconds
[2023-12-25T03:32:53.429+0000] {processor.py:161} INFO - Started process (PID=217) to work on /opt/airflow/dags/main.py
[2023-12-25T03:32:53.431+0000] {processor.py:830} INFO - Processing file /opt/airflow/dags/main.py for tasks to queue
[2023-12-25T03:32:53.433+0000] {logging_mixin.py:188} INFO - [2023-12-25T03:32:53.433+0000] {dagbag.py:538} INFO - Filling up the DagBag from /opt/airflow/dags/main.py
[2023-12-25T03:32:54.492+0000] {processor.py:840} INFO - DAG(s) 'traffic_flow' retrieved from /opt/airflow/dags/main.py
[2023-12-25T03:32:54.540+0000] {logging_mixin.py:188} INFO - [2023-12-25T03:32:54.538+0000] {dag.py:3033} INFO - Sync 1 DAGs
[2023-12-25T03:32:54.589+0000] {logging_mixin.py:188} INFO - [2023-12-25T03:32:54.589+0000] {dag.py:3820} INFO - Setting next_dagrun for traffic_flow to 2023-01-01T00:00:00+00:00, run_after=2023-01-02T00:00:00+00:00
[2023-12-25T03:32:54.653+0000] {processor.py:183} INFO - Processing /opt/airflow/dags/main.py took 1.229 seconds
[2023-12-25T03:33:24.939+0000] {processor.py:161} INFO - Started process (PID=223) to work on /opt/airflow/dags/main.py
[2023-12-25T03:33:24.959+0000] {processor.py:830} INFO - Processing file /opt/airflow/dags/main.py for tasks to queue
[2023-12-25T03:33:24.961+0000] {logging_mixin.py:188} INFO - [2023-12-25T03:33:24.960+0000] {dagbag.py:538} INFO - Filling up the DagBag from /opt/airflow/dags/main.py
[2023-12-25T03:33:25.346+0000] {processor.py:840} INFO - DAG(s) 'traffic_flow' retrieved from /opt/airflow/dags/main.py
[2023-12-25T03:33:25.381+0000] {logging_mixin.py:188} INFO - [2023-12-25T03:33:25.380+0000] {dag.py:3033} INFO - Sync 1 DAGs
[2023-12-25T03:33:25.406+0000] {logging_mixin.py:188} INFO - [2023-12-25T03:33:25.406+0000] {dag.py:3820} INFO - Setting next_dagrun for traffic_flow to 2023-01-01T00:00:00+00:00, run_after=2023-01-02T00:00:00+00:00
[2023-12-25T03:33:25.445+0000] {processor.py:183} INFO - Processing /opt/airflow/dags/main.py took 0.511 seconds
[2023-12-25T03:33:55.802+0000] {processor.py:161} INFO - Started process (PID=229) to work on /opt/airflow/dags/main.py
[2023-12-25T03:33:55.826+0000] {processor.py:830} INFO - Processing file /opt/airflow/dags/main.py for tasks to queue
[2023-12-25T03:33:55.828+0000] {logging_mixin.py:188} INFO - [2023-12-25T03:33:55.827+0000] {dagbag.py:538} INFO - Filling up the DagBag from /opt/airflow/dags/main.py
[2023-12-25T03:33:56.250+0000] {processor.py:840} INFO - DAG(s) 'traffic_flow' retrieved from /opt/airflow/dags/main.py
[2023-12-25T03:33:56.305+0000] {logging_mixin.py:188} INFO - [2023-12-25T03:33:56.304+0000] {dag.py:3033} INFO - Sync 1 DAGs
[2023-12-25T03:33:56.339+0000] {logging_mixin.py:188} INFO - [2023-12-25T03:33:56.338+0000] {dag.py:3820} INFO - Setting next_dagrun for traffic_flow to 2023-01-01T00:00:00+00:00, run_after=2023-01-02T00:00:00+00:00
[2023-12-25T03:33:56.385+0000] {processor.py:183} INFO - Processing /opt/airflow/dags/main.py took 0.596 seconds
[2023-12-25T03:34:26.932+0000] {processor.py:161} INFO - Started process (PID=235) to work on /opt/airflow/dags/main.py
[2023-12-25T03:34:26.949+0000] {processor.py:830} INFO - Processing file /opt/airflow/dags/main.py for tasks to queue
[2023-12-25T03:34:26.950+0000] {logging_mixin.py:188} INFO - [2023-12-25T03:34:26.950+0000] {dagbag.py:538} INFO - Filling up the DagBag from /opt/airflow/dags/main.py
[2023-12-25T03:34:27.902+0000] {processor.py:840} INFO - DAG(s) 'traffic_flow' retrieved from /opt/airflow/dags/main.py
[2023-12-25T03:34:28.098+0000] {logging_mixin.py:188} INFO - [2023-12-25T03:34:28.097+0000] {dag.py:3033} INFO - Sync 1 DAGs
[2023-12-25T03:34:28.131+0000] {logging_mixin.py:188} INFO - [2023-12-25T03:34:28.130+0000] {dag.py:3820} INFO - Setting next_dagrun for traffic_flow to 2023-01-01T00:00:00+00:00, run_after=2023-01-02T00:00:00+00:00
[2023-12-25T03:34:28.190+0000] {processor.py:183} INFO - Processing /opt/airflow/dags/main.py took 1.270 seconds
