[2023-12-19T17:31:18.571+0300] {processor.py:161} INFO - Started process (PID=3976) to work on /home/hp/.local/lib/python3.10/site-packages/airflow/example_dags/plugins/listener_plugin.py
[2023-12-19T17:31:18.572+0300] {processor.py:830} INFO - Processing file /home/hp/.local/lib/python3.10/site-packages/airflow/example_dags/plugins/listener_plugin.py for tasks to queue
[2023-12-19T17:31:18.572+0300] {logging_mixin.py:188} INFO - [2023-12-19T17:31:18.572+0300] {dagbag.py:538} INFO - Filling up the DagBag from /home/hp/.local/lib/python3.10/site-packages/airflow/example_dags/plugins/listener_plugin.py
[2023-12-19T17:31:18.576+0300] {processor.py:842} WARNING - No viable dags retrieved from /home/hp/.local/lib/python3.10/site-packages/airflow/example_dags/plugins/listener_plugin.py
[2023-12-19T17:31:18.587+0300] {processor.py:183} INFO - Processing /home/hp/.local/lib/python3.10/site-packages/airflow/example_dags/plugins/listener_plugin.py took 0.019 seconds
[2023-12-19T17:32:50.339+0300] {processor.py:161} INFO - Started process (PID=4043) to work on /home/hp/.local/lib/python3.10/site-packages/airflow/example_dags/plugins/listener_plugin.py
[2023-12-19T17:32:50.353+0300] {processor.py:830} INFO - Processing file /home/hp/.local/lib/python3.10/site-packages/airflow/example_dags/plugins/listener_plugin.py for tasks to queue
[2023-12-19T17:32:50.354+0300] {logging_mixin.py:188} INFO - [2023-12-19T17:32:50.354+0300] {dagbag.py:538} INFO - Filling up the DagBag from /home/hp/.local/lib/python3.10/site-packages/airflow/example_dags/plugins/listener_plugin.py
[2023-12-19T17:32:50.357+0300] {processor.py:842} WARNING - No viable dags retrieved from /home/hp/.local/lib/python3.10/site-packages/airflow/example_dags/plugins/listener_plugin.py
[2023-12-19T17:32:50.368+0300] {processor.py:183} INFO - Processing /home/hp/.local/lib/python3.10/site-packages/airflow/example_dags/plugins/listener_plugin.py took 0.033 seconds
[2023-12-19T17:33:48.752+0300] {processor.py:161} INFO - Started process (PID=4241) to work on /home/hp/.local/lib/python3.10/site-packages/airflow/example_dags/plugins/listener_plugin.py
[2023-12-19T17:33:48.767+0300] {processor.py:830} INFO - Processing file /home/hp/.local/lib/python3.10/site-packages/airflow/example_dags/plugins/listener_plugin.py for tasks to queue
[2023-12-19T17:33:48.769+0300] {logging_mixin.py:188} INFO - [2023-12-19T17:33:48.768+0300] {dagbag.py:538} INFO - Filling up the DagBag from /home/hp/.local/lib/python3.10/site-packages/airflow/example_dags/plugins/listener_plugin.py
[2023-12-19T17:33:48.772+0300] {processor.py:842} WARNING - No viable dags retrieved from /home/hp/.local/lib/python3.10/site-packages/airflow/example_dags/plugins/listener_plugin.py
[2023-12-19T17:33:48.785+0300] {processor.py:183} INFO - Processing /home/hp/.local/lib/python3.10/site-packages/airflow/example_dags/plugins/listener_plugin.py took 0.037 seconds
[2023-12-19T17:34:48.278+0300] {processor.py:161} INFO - Started process (PID=4341) to work on /home/hp/.local/lib/python3.10/site-packages/airflow/example_dags/plugins/listener_plugin.py
[2023-12-19T17:34:48.304+0300] {processor.py:830} INFO - Processing file /home/hp/.local/lib/python3.10/site-packages/airflow/example_dags/plugins/listener_plugin.py for tasks to queue
[2023-12-19T17:34:48.307+0300] {logging_mixin.py:188} INFO - [2023-12-19T17:34:48.306+0300] {dagbag.py:538} INFO - Filling up the DagBag from /home/hp/.local/lib/python3.10/site-packages/airflow/example_dags/plugins/listener_plugin.py
[2023-12-19T17:34:48.318+0300] {processor.py:842} WARNING - No viable dags retrieved from /home/hp/.local/lib/python3.10/site-packages/airflow/example_dags/plugins/listener_plugin.py
[2023-12-19T17:34:48.343+0300] {processor.py:183} INFO - Processing /home/hp/.local/lib/python3.10/site-packages/airflow/example_dags/plugins/listener_plugin.py took 0.068 seconds
[2023-12-19T17:35:30.870+0300] {processor.py:161} INFO - Started process (PID=4387) to work on /home/hp/.local/lib/python3.10/site-packages/airflow/example_dags/plugins/listener_plugin.py
[2023-12-19T17:35:30.893+0300] {processor.py:830} INFO - Processing file /home/hp/.local/lib/python3.10/site-packages/airflow/example_dags/plugins/listener_plugin.py for tasks to queue
[2023-12-19T17:35:30.894+0300] {logging_mixin.py:188} INFO - [2023-12-19T17:35:30.894+0300] {dagbag.py:538} INFO - Filling up the DagBag from /home/hp/.local/lib/python3.10/site-packages/airflow/example_dags/plugins/listener_plugin.py
[2023-12-19T17:35:30.897+0300] {processor.py:842} WARNING - No viable dags retrieved from /home/hp/.local/lib/python3.10/site-packages/airflow/example_dags/plugins/listener_plugin.py
[2023-12-19T17:35:30.908+0300] {processor.py:183} INFO - Processing /home/hp/.local/lib/python3.10/site-packages/airflow/example_dags/plugins/listener_plugin.py took 0.042 seconds
[2023-12-19T17:36:29.266+0300] {processor.py:161} INFO - Started process (PID=4481) to work on /home/hp/.local/lib/python3.10/site-packages/airflow/example_dags/plugins/listener_plugin.py
[2023-12-19T17:36:29.286+0300] {processor.py:830} INFO - Processing file /home/hp/.local/lib/python3.10/site-packages/airflow/example_dags/plugins/listener_plugin.py for tasks to queue
[2023-12-19T17:36:29.288+0300] {logging_mixin.py:188} INFO - [2023-12-19T17:36:29.287+0300] {dagbag.py:538} INFO - Filling up the DagBag from /home/hp/.local/lib/python3.10/site-packages/airflow/example_dags/plugins/listener_plugin.py
[2023-12-19T17:36:29.293+0300] {processor.py:842} WARNING - No viable dags retrieved from /home/hp/.local/lib/python3.10/site-packages/airflow/example_dags/plugins/listener_plugin.py
[2023-12-19T17:36:29.314+0300] {processor.py:183} INFO - Processing /home/hp/.local/lib/python3.10/site-packages/airflow/example_dags/plugins/listener_plugin.py took 0.051 seconds
[2023-12-19T17:37:27.147+0300] {processor.py:161} INFO - Started process (PID=4543) to work on /home/hp/.local/lib/python3.10/site-packages/airflow/example_dags/plugins/listener_plugin.py
[2023-12-19T17:37:27.169+0300] {processor.py:830} INFO - Processing file /home/hp/.local/lib/python3.10/site-packages/airflow/example_dags/plugins/listener_plugin.py for tasks to queue
[2023-12-19T17:37:27.170+0300] {logging_mixin.py:188} INFO - [2023-12-19T17:37:27.170+0300] {dagbag.py:538} INFO - Filling up the DagBag from /home/hp/.local/lib/python3.10/site-packages/airflow/example_dags/plugins/listener_plugin.py
[2023-12-19T17:37:27.173+0300] {processor.py:842} WARNING - No viable dags retrieved from /home/hp/.local/lib/python3.10/site-packages/airflow/example_dags/plugins/listener_plugin.py
[2023-12-19T17:37:27.184+0300] {processor.py:183} INFO - Processing /home/hp/.local/lib/python3.10/site-packages/airflow/example_dags/plugins/listener_plugin.py took 0.040 seconds
[2023-12-19T17:38:22.957+0300] {processor.py:161} INFO - Started process (PID=4601) to work on /home/hp/.local/lib/python3.10/site-packages/airflow/example_dags/plugins/listener_plugin.py
[2023-12-19T17:38:22.976+0300] {processor.py:830} INFO - Processing file /home/hp/.local/lib/python3.10/site-packages/airflow/example_dags/plugins/listener_plugin.py for tasks to queue
[2023-12-19T17:38:22.977+0300] {logging_mixin.py:188} INFO - [2023-12-19T17:38:22.977+0300] {dagbag.py:538} INFO - Filling up the DagBag from /home/hp/.local/lib/python3.10/site-packages/airflow/example_dags/plugins/listener_plugin.py
[2023-12-19T17:38:22.981+0300] {processor.py:842} WARNING - No viable dags retrieved from /home/hp/.local/lib/python3.10/site-packages/airflow/example_dags/plugins/listener_plugin.py
[2023-12-19T17:38:22.994+0300] {processor.py:183} INFO - Processing /home/hp/.local/lib/python3.10/site-packages/airflow/example_dags/plugins/listener_plugin.py took 0.041 seconds
[2023-12-20T00:08:00.726+0300] {processor.py:161} INFO - Started process (PID=19674) to work on /home/hp/.local/lib/python3.10/site-packages/airflow/example_dags/plugins/listener_plugin.py
[2023-12-20T00:08:00.727+0300] {processor.py:830} INFO - Processing file /home/hp/.local/lib/python3.10/site-packages/airflow/example_dags/plugins/listener_plugin.py for tasks to queue
[2023-12-20T00:08:00.728+0300] {logging_mixin.py:188} INFO - [2023-12-20T00:08:00.728+0300] {dagbag.py:538} INFO - Filling up the DagBag from /home/hp/.local/lib/python3.10/site-packages/airflow/example_dags/plugins/listener_plugin.py
[2023-12-20T00:08:00.731+0300] {processor.py:842} WARNING - No viable dags retrieved from /home/hp/.local/lib/python3.10/site-packages/airflow/example_dags/plugins/listener_plugin.py
[2023-12-20T00:08:00.741+0300] {processor.py:183} INFO - Processing /home/hp/.local/lib/python3.10/site-packages/airflow/example_dags/plugins/listener_plugin.py took 0.019 seconds
[2023-12-20T00:09:08.827+0300] {processor.py:161} INFO - Started process (PID=19744) to work on /home/hp/.local/lib/python3.10/site-packages/airflow/example_dags/plugins/listener_plugin.py
[2023-12-20T00:09:08.828+0300] {processor.py:830} INFO - Processing file /home/hp/.local/lib/python3.10/site-packages/airflow/example_dags/plugins/listener_plugin.py for tasks to queue
[2023-12-20T00:09:08.829+0300] {logging_mixin.py:188} INFO - [2023-12-20T00:09:08.828+0300] {dagbag.py:538} INFO - Filling up the DagBag from /home/hp/.local/lib/python3.10/site-packages/airflow/example_dags/plugins/listener_plugin.py
[2023-12-20T00:09:08.832+0300] {processor.py:842} WARNING - No viable dags retrieved from /home/hp/.local/lib/python3.10/site-packages/airflow/example_dags/plugins/listener_plugin.py
[2023-12-20T00:09:08.841+0300] {processor.py:183} INFO - Processing /home/hp/.local/lib/python3.10/site-packages/airflow/example_dags/plugins/listener_plugin.py took 0.018 seconds
[2023-12-20T00:10:09.350+0300] {processor.py:161} INFO - Started process (PID=19809) to work on /home/hp/.local/lib/python3.10/site-packages/airflow/example_dags/plugins/listener_plugin.py
[2023-12-20T00:10:09.351+0300] {processor.py:830} INFO - Processing file /home/hp/.local/lib/python3.10/site-packages/airflow/example_dags/plugins/listener_plugin.py for tasks to queue
[2023-12-20T00:10:09.352+0300] {logging_mixin.py:188} INFO - [2023-12-20T00:10:09.352+0300] {dagbag.py:538} INFO - Filling up the DagBag from /home/hp/.local/lib/python3.10/site-packages/airflow/example_dags/plugins/listener_plugin.py
[2023-12-20T00:10:09.355+0300] {processor.py:842} WARNING - No viable dags retrieved from /home/hp/.local/lib/python3.10/site-packages/airflow/example_dags/plugins/listener_plugin.py
[2023-12-20T00:10:09.365+0300] {processor.py:183} INFO - Processing /home/hp/.local/lib/python3.10/site-packages/airflow/example_dags/plugins/listener_plugin.py took 0.018 seconds
[2023-12-20T00:11:07.413+0300] {processor.py:161} INFO - Started process (PID=19870) to work on /home/hp/.local/lib/python3.10/site-packages/airflow/example_dags/plugins/listener_plugin.py
[2023-12-20T00:11:07.462+0300] {processor.py:830} INFO - Processing file /home/hp/.local/lib/python3.10/site-packages/airflow/example_dags/plugins/listener_plugin.py for tasks to queue
[2023-12-20T00:11:07.466+0300] {logging_mixin.py:188} INFO - [2023-12-20T00:11:07.464+0300] {dagbag.py:538} INFO - Filling up the DagBag from /home/hp/.local/lib/python3.10/site-packages/airflow/example_dags/plugins/listener_plugin.py
[2023-12-20T00:11:07.480+0300] {processor.py:842} WARNING - No viable dags retrieved from /home/hp/.local/lib/python3.10/site-packages/airflow/example_dags/plugins/listener_plugin.py
[2023-12-20T00:11:07.506+0300] {processor.py:183} INFO - Processing /home/hp/.local/lib/python3.10/site-packages/airflow/example_dags/plugins/listener_plugin.py took 0.096 seconds
[2023-12-20T00:12:11.645+0300] {processor.py:161} INFO - Started process (PID=19935) to work on /home/hp/.local/lib/python3.10/site-packages/airflow/example_dags/plugins/listener_plugin.py
[2023-12-20T00:12:11.646+0300] {processor.py:830} INFO - Processing file /home/hp/.local/lib/python3.10/site-packages/airflow/example_dags/plugins/listener_plugin.py for tasks to queue
[2023-12-20T00:12:11.648+0300] {logging_mixin.py:188} INFO - [2023-12-20T00:12:11.647+0300] {dagbag.py:538} INFO - Filling up the DagBag from /home/hp/.local/lib/python3.10/site-packages/airflow/example_dags/plugins/listener_plugin.py
[2023-12-20T00:12:11.652+0300] {processor.py:842} WARNING - No viable dags retrieved from /home/hp/.local/lib/python3.10/site-packages/airflow/example_dags/plugins/listener_plugin.py
[2023-12-20T00:12:11.666+0300] {processor.py:183} INFO - Processing /home/hp/.local/lib/python3.10/site-packages/airflow/example_dags/plugins/listener_plugin.py took 0.026 seconds
[2023-12-20T00:13:09.257+0300] {processor.py:161} INFO - Started process (PID=20015) to work on /home/hp/.local/lib/python3.10/site-packages/airflow/example_dags/plugins/listener_plugin.py
[2023-12-20T00:13:09.258+0300] {processor.py:830} INFO - Processing file /home/hp/.local/lib/python3.10/site-packages/airflow/example_dags/plugins/listener_plugin.py for tasks to queue
[2023-12-20T00:13:09.259+0300] {logging_mixin.py:188} INFO - [2023-12-20T00:13:09.259+0300] {dagbag.py:538} INFO - Filling up the DagBag from /home/hp/.local/lib/python3.10/site-packages/airflow/example_dags/plugins/listener_plugin.py
[2023-12-20T00:13:09.262+0300] {processor.py:842} WARNING - No viable dags retrieved from /home/hp/.local/lib/python3.10/site-packages/airflow/example_dags/plugins/listener_plugin.py
[2023-12-20T00:13:09.273+0300] {processor.py:183} INFO - Processing /home/hp/.local/lib/python3.10/site-packages/airflow/example_dags/plugins/listener_plugin.py took 0.020 seconds
